<?xml version="1.0" encoding="utf-8"?><testsuites name="pytest tests"><testsuite name="pytest" errors="0" failures="0" skipped="3" tests="2159" time="168.626" timestamp="2025-10-19T15:05:19.544863-04:00" hostname="Stickybeatz.local"><testcase classname="" name="unit.models.discovery.test_unified_discovery_system" time="0.000"><skipped message="collection skipped">('/Volumes/PRO-G40/Code/omnibase_core/tests/unit/models/discovery/test_unified_discovery_system.py', 48, 'Skipped: Tools not yet implemented: ToolDiscoveryCoordinator, ToolUnifiedDiscovery')</skipped></testcase><testcase classname="" name="unit.validation.test_validation_performance" time="0.000"><skipped message="collection skipped">('/Volumes/PRO-G40/Code/omnibase_core/tests/unit/validation/test_validation_performance.py', 36, "Skipped: Could not import validation modules: No module named 'validate_contracts'")</skipped></testcase><testcase classname="unit.mixins.test_mixin_service_registry.TestMixinServiceRegistry" name="test_initialization_with_custom_config" time="0.002" /><testcase classname="unit.mixins.test_mixin_service_registry.TestMixinServiceRegistry" name="test_start_service_registry" time="0.005" /><testcase classname="unit.models.cli.test_model_cli_command_option.TestModelCliCommandOptionMethods" name="test_get_string_value_from_boolean" time="0.002" /><testcase classname="unit.models.cli.test_model_cli_command_option.TestModelCliCommandOptionMethods" name="test_get_string_value_from_list" time="0.002" /><testcase classname="unit.models.cli.test_model_cli_command_option.TestModelCliCommandOptionMethods" name="test_get_typed_value" time="0.001" /><testcase classname="unit.models.cli.test_model_cli_execution_config.TestModelCliExecutionConfigMethods" name="test_is_debug_mode_all_disabled" time="0.001" /><testcase classname="unit.models.cli.test_model_cli_execution_config.TestModelCliExecutionConfigMethods" name="test_is_debug_mode_debug_enabled" time="0.000" /><testcase classname="unit.models.cli.test_model_cli_execution_config.TestModelCliExecutionConfigMethods" name="test_is_debug_mode_trace_enabled" time="0.001" /><testcase classname="unit.models.cli.test_model_cli_execution_config.TestModelCliExecutionConfigMethods" name="test_is_debug_mode_verbose_enabled" time="0.000" /><testcase classname="unit.mixins.test_mixin_lazy_evaluation.TestLazyStringConversion" name="test_lazy_string_conversion_without_model_dump" time="0.002" /><testcase classname="unit.mixins.test_mixin_lazy_evaluation.TestCacheInvalidation" name="test_invalidate_all_cache" time="0.000" /><testcase classname="unit.models.cli.test_model_cli_advanced_params.TestModelCliAdvancedParams" name="test_max_parallel_tasks_validation" time="0.005" /><testcase classname="unit.models.cli.test_model_cli_advanced_params.TestModelCliAdvancedParams" name="test_cache_ttl_validation" time="0.005" /><testcase classname="unit.models.cli.test_model_cli_execution_config.TestModelCliExecutionConfigFactoryMethods" name="test_create_production" time="0.000" /><testcase classname="unit.models.cli.test_model_cli_execution_config.TestModelCliExecutionConfigFactoryMethods" name="test_create_debug" time="0.000" /><testcase classname="unit.models.cli.test_model_cli_execution_config.TestModelCliExecutionConfigFactoryMethods" name="test_create_test" time="0.000" /><testcase classname="unit.models.cli.test_model_cli_execution_config.TestModelCliExecutionConfigProtocols" name="test_serialize" time="0.014" /><testcase classname="unit.models.cli.test_model_cli_advanced_params.TestModelCliAdvancedParams" name="test_debug_level_validation" time="0.002" /><testcase classname="unit.mixins.test_mixin_service_registry.TestMixinServiceRegistry" name="test_start_service_registry_with_domain_filter" time="0.001" /><testcase classname="unit.mixins.test_mixin_service_registry.TestMixinServiceRegistry" name="test_start_service_registry_already_started" time="0.001" /><testcase classname="unit.mixins.test_mixin_service_registry.TestMixinServiceRegistry" name="test_stop_service_registry" time="0.001" /><testcase classname="unit.mixins.test_mixin_introspection_publisher.TestMixinIntrospectionPublisher" name="test_extract_node_version_from_metadata" time="0.006" /><testcase classname="unit.mixins.test_mixin_introspection_publisher.TestMixinIntrospectionPublisher" name="test_extract_node_version_invalid_format" time="0.000" /><testcase classname="unit.mixins.test_mixin_introspection_publisher.TestMixinIntrospectionPublisher" name="test_extract_node_capabilities_basic" time="0.009" /><testcase classname="unit.mixins.test_mixin_introspection_publisher.TestMixinIntrospectionPublisher" name="test_extract_node_capabilities_with_metadata" time="0.000" /><testcase classname="unit.mixins.test_mixin_introspection_publisher.TestMixinIntrospectionPublisher" name="test_extract_node_actions_from_methods" time="0.000" /><testcase classname="unit.mixins.test_mixin_introspection_publisher.TestMixinIntrospectionPublisher" name="test_extract_node_actions_default" time="0.000" /><testcase classname="unit.mixins.test_mixin_introspection_publisher.TestMixinIntrospectionPublisher" name="test_detect_supported_protocols_basic" time="0.001" /><testcase classname="unit.mixins.test_mixin_introspection_publisher.TestMixinIntrospectionPublisher" name="test_detect_supported_protocols_with_mcp" time="0.000" /><testcase classname="unit.mixins.test_mixin_introspection_publisher.TestMixinIntrospectionPublisher" name="test_detect_supported_protocols_with_http" time="0.000" /><testcase classname="unit.mixins.test_mixin_introspection_publisher.TestMixinIntrospectionPublisher" name="test_generate_discovery_tags_basic" time="0.000" /><testcase classname="unit.mixins.test_mixin_introspection_publisher.TestMixinIntrospectionPublisher" name="test_generate_discovery_tags_from_class_name" time="0.000" /><testcase classname="unit.mixins.test_mixin_introspection_publisher.TestMixinIntrospectionPublisher" name="test_generate_discovery_tags_with_mcp" time="0.000" /><testcase classname="unit.mixins.test_mixin_introspection_publisher.TestMixinIntrospectionPublisher" name="test_detect_health_endpoint_with_method" time="0.001" /><testcase classname="unit.mixins.test_mixin_introspection_publisher.TestMixinIntrospectionPublisher" name="test_detect_health_endpoint_without_method" time="0.000" /><testcase classname="unit.models.cli.test_model_cli_execution_config.TestModelCliExecutionConfigProtocols" name="test_get_name" time="0.001" /><testcase classname="unit.models.cli.test_model_cli_execution_config.TestModelCliExecutionConfigProtocols" name="test_set_name" time="0.000" /><testcase classname="unit.mixins.test_mixin_hybrid_execution.TestExecuteWithModeSelection" name="test_execute_with_auto_mode_calls_determine" time="0.007" /><testcase classname="unit.mixins.test_mixin_hybrid_execution.TestExecuteWithModeSelection" name="test_execute_without_mode_calls_determine" time="0.001" /><testcase classname="unit.mixins.test_mixin_hybrid_execution.TestExecuteWithModeSelection" name="test_execute_with_orchestrated_mode" time="3.234" /><testcase classname="unit.models.cli.test_model_cli_execution_core.TestModelCliExecutionCoreStatus" name="test_is_successful_false" time="0.003" /><testcase classname="unit.models.cli.test_model_cli_execution_core.TestModelCliExecutionCoreStateManagement" name="test_mark_started" time="0.001" /><testcase classname="unit.models.cli.test_model_cli_execution_core.TestModelCliExecutionCoreStateManagement" name="test_mark_completed" time="0.004" /><testcase classname="unit.models.cli.test_model_cli_execution_core.TestModelCliExecutionCoreStateManagement" name="test_mark_completed_does_not_change_non_running_status" time="0.000" /><testcase classname="unit.models.cli.test_model_cli_execution_core.TestModelCliExecutionCoreStateManagement" name="test_mark_failed" time="0.000" /><testcase classname="unit.models.cli.test_model_cli_execution_core.TestModelCliExecutionCoreStateManagement" name="test_mark_cancelled" time="0.000" /><testcase classname="unit.models.cli.test_model_cli_execution_core.TestModelCliExecutionCoreStateManagement" name="test_set_phase" time="0.000" /><testcase classname="unit.models.cli.test_model_cli_execution_core.TestModelCliExecutionCoreStateManagement" name="test_set_progress" time="0.000" /><testcase classname="unit.models.cli.test_model_cli_execution_core.TestModelCliExecutionCoreStateManagement" name="test_set_progress_clamps_to_minimum" time="0.000" /><testcase classname="unit.models.cli.test_model_cli_execution_core.TestModelCliExecutionCoreStateManagement" name="test_set_progress_clamps_to_maximum" time="0.000" /><testcase classname="unit.models.cli.test_model_cli_execution_core.TestModelCliExecutionCoreFactoryMethods" name="test_create_simple_minimal" time="0.001" /><testcase classname="unit.models.cli.test_model_cli_execution_core.TestModelCliExecutionCoreFactoryMethods" name="test_create_simple_with_target" time="0.000" /><testcase classname="unit.models.cli.test_model_cli_execution_core.TestModelCliExecutionCoreFactoryMethods" name="test_create_simple_generates_consistent_uuid" time="0.000" /><testcase classname="unit.models.cli.test_model_cli_execution_core.TestModelCliExecutionCoreProtocols" name="test_serialize" time="0.000" /><testcase classname="unit.mixins.test_mixin_lazy_evaluation.TestCacheInvalidation" name="test_invalidate_cache_by_pattern" time="0.000" /><testcase classname="unit.mixins.test_mixin_lazy_evaluation.TestCacheStatistics" name="test_get_cache_stats_empty" time="0.000" /><testcase classname="unit.mixins.test_mixin_lazy_evaluation.TestCacheStatistics" name="test_get_cache_stats_partial" time="0.000" /><testcase classname="unit.mixins.test_mixin_lazy_evaluation.TestCacheStatistics" name="test_get_cache_stats_all_computed" time="0.000" /><testcase classname="unit.mixins.test_mixin_lazy_evaluation.TestLazyCachedDecorator" name="test_lazy_cached_decorator_basic" time="0.000" /><testcase classname="unit.mixins.test_mixin_lazy_evaluation.TestLazyCachedDecorator" name="test_lazy_cached_decorator_with_custom_key" time="0.000" /><testcase classname="unit.mixins.test_mixin_lazy_evaluation.TestLazyCachedDecorator" name="test_lazy_cached_decorator_with_arguments" time="0.000" /><testcase classname="unit.mixins.test_mixin_lazy_evaluation.TestMemoryEfficiency" name="test_lazy_evaluation_defers_computation" time="0.000" /><testcase classname="unit.mixins.test_mixin_lazy_evaluation.TestMemoryEfficiency" name="test_memory_efficiency_reporting" time="0.001" /><testcase classname="unit.mixins.test_mixin_lazy_evaluation.TestIntegrationScenarios" name="test_combined_lazy_operations" time="0.001" /><testcase classname="unit.mixins.test_mixin_workflow_support.TestSetWorkflowContext" name="test_set_workflow_context_enables_dag" time="0.003" /><testcase classname="unit.mixins.test_mixin_workflow_support.TestSetWorkflowContext" name="test_set_workflow_context_updates_existing" time="0.000" /><testcase classname="unit.mixins.test_mixin_workflow_support.TestEmitDagCompletionEvent" name="test_emit_completion_without_event_bus" time="0.003" /><testcase classname="unit.mixins.test_mixin_workflow_support.TestEmitDagCompletionEvent" name="test_emit_completion_dag_not_enabled" time="0.000" /><testcase classname="unit.mixins.test_mixin_workflow_support.TestEmitDagCompletionEvent" name="test_emit_completion_success" time="0.029" /><testcase classname="unit.mixins.test_mixin_workflow_support.TestEmitDagCompletionEvent" name="test_emit_completion_with_error_message" time="0.001" /><testcase classname="unit.models.cli.test_model_cli_advanced_params.TestModelCliAdvancedParams" name="test_security_level_validation" time="0.001" /><testcase classname="unit.models.cli.test_model_cli_advanced_params.TestModelCliAdvancedParams" name="test_set_timeout_method" time="0.026" /><testcase classname="unit.mixins.test_mixin_introspection_publisher.TestMixinIntrospectionPublisher" name="test_gather_introspection_data_basic" time="0.000" /><testcase classname="unit.mixins.test_mixin_workflow_support.TestEmitDagCompletionEvent" name="test_emit_completion_status_mapping" time="0.008" /><testcase classname="unit.models.cli.test_model_cli_execution_core.TestModelCliExecutionCoreProtocols" name="test_get_name" time="0.000" /><testcase classname="unit.models.cli.test_model_cli_execution_core.TestModelCliExecutionCoreProtocols" name="test_set_name" time="0.001" /><testcase classname="unit.models.cli.test_model_cli_execution_core.TestModelCliExecutionCoreProtocols" name="test_validate_instance" time="0.000" /><testcase classname="unit.models.cli.test_model_cli_execution_core.TestModelCliExecutionCoreSerialization" name="test_model_dump" time="0.000" /><testcase classname="unit.models.cli.test_model_cli_execution_core.TestModelCliExecutionCoreSerialization" name="test_round_trip_serialization" time="0.000" /><testcase classname="unit.models.cli.test_model_cli_execution_core.TestModelCliExecutionCoreEdgeCases" name="test_empty_command_args" time="0.001" /><testcase classname="unit.mixins.test_mixin_service_registry.TestMixinServiceRegistry" name="test_send_discovery_request_without_event_bus" time="0.000" /><testcase classname="unit.mixins.test_mixin_service_registry.TestMixinServiceRegistry" name="test_send_discovery_request_with_event_bus" time="0.000" /><testcase classname="unit.mixins.test_mixin_service_registry.TestMixinServiceRegistry" name="test_handle_node_start_basic" time="0.000" /><testcase classname="unit.mixins.test_mixin_service_registry.TestMixinServiceRegistry" name="test_handle_node_start_skip_own_event" time="0.001" /><testcase classname="unit.mixins.test_mixin_introspection_publisher.TestMixinIntrospectionPublisher" name="test_gather_introspection_data_with_error" time="0.014" /><testcase classname="unit.models.cli.test_model_cli_execution_core.TestModelCliExecutionCoreEdgeCases" name="test_many_command_args" time="0.000" /><testcase classname="unit.models.cli.test_model_cli_execution_core.TestModelCliExecutionCoreEdgeCases" name="test_empty_command_options" time="0.001" /><testcase classname="unit.models.cli.test_model_cli_execution_core.TestModelCliExecutionCoreEdgeCases" name="test_progress_boundary_values" time="0.001" /><testcase classname="unit.models.cli.test_model_cli_execution_core.TestModelCliExecutionCoreEdgeCases" name="test_multiple_status_changes" time="0.000" /><testcase classname="unit.models.cli.test_model_cli_execution_core.TestModelCliExecutionCoreEdgeCases" name="test_status_change_from_pending_to_failed" time="0.000" /><testcase classname="unit.models.cli.test_model_cli_execution_core.TestModelCliExecutionCoreEdgeCases" name="test_all_execution_phases" time="0.000" /><testcase classname="unit.mixins.test_mixin_workflow_support.TestEmitDagCompletionEvent" name="test_emit_completion_uses_env_correlation_id" time="0.002" /><testcase classname="unit.models.cli.test_model_cli_execution_config.TestModelCliExecutionConfigProtocols" name="test_validate_instance" time="0.008" /><testcase classname="unit.models.cli.test_model_cli_command_option.TestModelCliCommandOptionMethods" name="test_is_boolean_flag_true" time="0.016" /><testcase classname="unit.models.cli.test_model_cli_command_option.TestModelCliCommandOptionMethods" name="test_is_boolean_flag_false_not_flag" time="0.000" /><testcase classname="unit.models.cli.test_model_cli_command_option.TestModelCliCommandOptionMethods" name="test_is_boolean_flag_false_not_boolean" time="0.000" /><testcase classname="unit.models.cli.test_model_cli_command_option.TestModelCliCommandOptionMethods" name="test_option_name_with_display_name" time="0.000" /><testcase classname="unit.models.cli.test_model_cli_command_option.TestModelCliCommandOptionMethods" name="test_option_name_without_display_name" time="0.000" /><testcase classname="unit.models.cli.test_model_cli_command_option.TestModelCliCommandOptionProtocols" name="test_serialize" time="0.000" /><testcase classname="unit.models.cli.test_model_cli_command_option.TestModelCliCommandOptionProtocols" name="test_get_name" time="0.000" /><testcase classname="unit.models.cli.test_model_cli_command_option.TestModelCliCommandOptionProtocols" name="test_set_name" time="0.001" /><testcase classname="unit.models.cli.test_model_cli_command_option.TestModelCliCommandOptionProtocols" name="test_validate_instance" time="0.000" /><testcase classname="unit.models.cli.test_model_cli_command_option.TestModelCliCommandOptionEdgeCases" name="test_round_trip_serialization" time="0.000" /><testcase classname="unit.models.cli.test_model_cli_command_option.TestModelCliCommandOptionEdgeCases" name="test_empty_description_and_choices" time="0.000" /><testcase classname="unit.models.cli.test_model_cli_command_option.TestModelCliCommandOptionEdgeCases" name="test_multiple_options_same_display_name" time="0.000" /><testcase classname="unit.models.cli.test_model_cli_command_option.TestModelCliCommandOptionEdgeCases" name="test_complex_metadata_combination" time="0.000" /><testcase classname="unit.models.cli.test_model_cli_debug_info.TestModelCliDebugInfo" name="test_initialization_empty" time="0.011" /><testcase classname="unit.models.cli.test_model_cli_debug_info.TestModelCliDebugInfo" name="test_initialization_with_values" time="0.000" /><testcase classname="unit.models.cli.test_model_cli_debug_info.TestModelCliDebugInfo" name="test_timestamp_default_utc" time="0.001" /><testcase classname="unit.models.cli.test_model_cli_debug_info.TestModelCliDebugInfo" name="test_add_debug_message" time="0.000" /><testcase classname="unit.models.cli.test_model_cli_debug_info.TestModelCliDebugInfo" name="test_add_timing_info" time="0.001" /><testcase classname="unit.models.cli.test_model_cli_debug_info.TestModelCliDebugInfo" name="test_add_memory_info" time="0.000" /><testcase classname="unit.models.cli.test_model_cli_debug_info.TestModelCliDebugInfo" name="test_add_system_info" time="0.000" /><testcase classname="unit.models.cli.test_model_cli_debug_info.TestModelCliDebugInfo" name="test_add_error_detail" time="0.000" /><testcase classname="unit.models.cli.test_model_cli_debug_info.TestModelCliDebugInfo" name="test_add_stack_trace" time="0.000" /><testcase classname="unit.models.cli.test_model_cli_debug_info.TestModelCliDebugInfo" name="test_custom_field_operations" time="0.000" /><testcase classname="unit.models.cli.test_model_cli_debug_info.TestModelCliDebugInfo" name="test_complex_debug_scenario" time="0.000" /><testcase classname="unit.models.cli.test_model_cli_debug_info.TestModelCliDebugInfo" name="test_debug_modes" time="0.000" /><testcase classname="unit.models.cli.test_model_cli_debug_info.TestModelCliDebugInfo" name="test_pydantic_serialization" time="0.024" /><testcase classname="unit.mixins.test_mixin_lazy_evaluation.TestIntegrationScenarios" name="test_lazy_evaluation_workflow" time="0.004" /><testcase classname="unit.mixins.test_mixin_redaction.TestMixinSensitiveFieldRedactionBasicBehavior" name="test_mixin_with_pydantic_model" time="0.000" /><testcase classname="unit.mixins.test_mixin_workflow_support.TestEmitDagStartEvent" name="test_emit_start_without_event_bus" time="0.000" /><testcase classname="unit.mixins.test_mixin_workflow_support.TestEmitDagStartEvent" name="test_emit_start_dag_not_enabled" time="0.000" /><testcase classname="unit.mixins.test_mixin_workflow_support.TestEmitDagStartEvent" name="test_emit_start_success" time="0.000" /><testcase classname="unit.mixins.test_mixin_workflow_support.TestEmitDagStartEvent" name="test_emit_start_uses_env_correlation_id" time="0.001" /><testcase classname="unit.models.cli.test_model_cli_execution_config.TestModelCliExecutionConfigSerialization" name="test_model_dump" time="0.000" /><testcase classname="unit.models.cli.test_model_cli_execution_config.TestModelCliExecutionConfigSerialization" name="test_round_trip_serialization" time="0.001" /><testcase classname="unit.mixins.test_mixin_service_registry.TestMixinServiceRegistry" name="test_handle_node_start_with_domain_filter" time="0.000" /><testcase classname="unit.mixins.test_mixin_service_registry.TestMixinServiceRegistry" name="test_handle_node_start_with_non_matching_domain" time="0.000" /><testcase classname="unit.mixins.test_mixin_service_registry.TestMixinServiceRegistry" name="test_handle_node_start_update_existing" time="0.104" /><testcase classname="unit.mixins.test_mixin_redaction.TestMixinSensitiveFieldRedactionBasicBehavior" name="test_get_sensitive_field_patterns" time="0.001" /><testcase classname="unit.mixins.test_mixin_redaction.TestMixinSensitiveFieldRedactionBasicBehavior" name="test_get_redaction_values" time="0.000" /><testcase classname="unit.mixins.test_mixin_redaction.TestSensitiveFieldDetection" name="test_is_sensitive_field_with_password" time="0.000" /><testcase classname="unit.mixins.test_mixin_redaction.TestSensitiveFieldDetection" name="test_is_sensitive_field_with_token" time="0.000" /><testcase classname="unit.mixins.test_mixin_redaction.TestSensitiveFieldDetection" name="test_is_sensitive_field_with_secret" time="0.001" /><testcase classname="unit.mixins.test_mixin_redaction.TestSensitiveFieldDetection" name="test_is_sensitive_field_with_key" time="0.000" /><testcase classname="unit.mixins.test_mixin_redaction.TestSensitiveFieldDetection" name="test_is_sensitive_field_with_non_sensitive" time="0.000" /><testcase classname="unit.mixins.test_mixin_redaction.TestRedactionValueSelection" name="test_redaction_value_for_password" time="0.000" /><testcase classname="unit.mixins.test_mixin_redaction.TestRedactionValueSelection" name="test_redaction_value_for_token" time="0.000" /><testcase classname="unit.mixins.test_mixin_redaction.TestRedactionValueSelection" name="test_redaction_value_for_secret" time="0.000" /><testcase classname="unit.mixins.test_mixin_redaction.TestRedactionValueSelection" name="test_redaction_value_for_key" time="0.000" /><testcase classname="unit.models.cli.test_model_cli_execution_context.TestModelCliExecutionContextProtocols" name="test_serialize" time="0.015" /><testcase classname="unit.models.cli.test_model_cli_execution_context.TestModelCliExecutionContextProtocols" name="test_get_name" time="0.000" /><testcase classname="unit.models.cli.test_model_cli_execution_context.TestModelCliExecutionContextProtocols" name="test_set_name" time="0.002" /><testcase classname="unit.mixins.test_mixin_redaction.TestRedactSensitiveFields" name="test_redact_basic_sensitive_fields" time="0.000" /><testcase classname="unit.mixins.test_mixin_workflow_support.TestStatusMapping" name="test_map_success_status" time="0.000" /><testcase classname="unit.models.cli.test_model_cli_execution_input_data.TestModelCliExecutionInputDataValueValidation" name="test_validate_boolean_value_type_valid" time="0.022" /><testcase classname="unit.models.cli.test_model_cli_execution_input_data.TestModelCliExecutionInputDataValueValidation" name="test_validate_boolean_value_type_invalid" time="0.019" /><testcase classname="unit.models.cli.test_model_cli_execution_input_data.TestModelCliExecutionInputDataValueValidation" name="test_validate_path_value_type_valid" time="0.001" /><testcase classname="unit.models.cli.test_model_cli_execution_input_data.TestModelCliExecutionInputDataValueValidation" name="test_validate_path_value_type_invalid" time="0.001" /><testcase classname="unit.models.cli.test_model_cli_execution_input_data.TestModelCliExecutionInputDataValueValidation" name="test_validate_uuid_value_type_valid" time="0.001" /><testcase classname="unit.models.cli.test_model_cli_execution_input_data.TestModelCliExecutionInputDataValueValidation" name="test_validate_uuid_value_type_invalid" time="0.000" /><testcase classname="unit.models.cli.test_model_cli_execution_input_data.TestModelCliExecutionInputDataValueValidation" name="test_validate_string_list_value_type_valid" time="0.000" /><testcase classname="unit.models.cli.test_model_cli_execution_input_data.TestModelCliExecutionInputDataValueValidation" name="test_validate_string_list_value_type_invalid_not_list" time="0.000" /><testcase classname="unit.models.cli.test_model_cli_execution_input_data.TestModelCliExecutionInputDataValueValidation" name="test_validate_string_list_value_type_invalid_non_string_items" time="0.000" /><testcase classname="unit.models.cli.test_model_cli_execution_input_data.TestModelCliExecutionInputDataFactoryMethods" name="test_from_string_minimal" time="0.000" /><testcase classname="unit.models.cli.test_model_cli_execution_input_data.TestModelCliExecutionInputDataFactoryMethods" name="test_from_string_with_kwargs" time="0.000" /><testcase classname="unit.models.cli.test_model_cli_execution_input_data.TestModelCliExecutionInputDataFactoryMethods" name="test_from_string_kwargs_type_validation" time="0.000" /><testcase classname="unit.models.cli.test_model_cli_execution_input_data.TestModelCliExecutionInputDataFactoryMethods" name="test_from_integer_minimal" time="0.000" /><testcase classname="unit.models.cli.test_model_cli_execution_input_data.TestModelCliExecutionInputDataFactoryMethods" name="test_from_integer_with_kwargs" time="0.000" /><testcase classname="unit.mixins.test_mixin_introspection_publisher.TestMixinIntrospectionPublisher" name="test_publish_introspection_event_without_event_bus" time="0.000" /><testcase classname="unit.mixins.test_mixin_introspection_publisher.TestMixinIntrospectionPublisher" name="test_publish_introspection_event_with_event_bus" time="0.005" /><testcase classname="unit.mixins.test_mixin_introspection_publisher.TestMixinIntrospectionPublisher" name="test_publish_with_retry_basic" time="0.000" /><testcase classname="unit.mixins.test_mixin_introspection_publisher.TestMixinIntrospectionPublisher" name="test_publish_with_retry_on_failure" time="0.000" /><testcase classname="unit.mixins.test_mixin_introspection_publisher.TestMixinIntrospectionPublisher" name="test_publish_with_retry_max_retries_exceeded" time="0.000" /><testcase classname="unit.mixins.test_mixin_introspection_publisher.TestMixinIntrospectionPublisher" name="test_publish_with_retry_without_event_bus" time="0.000" /><testcase classname="unit.mixins.test_mixin_introspection_publisher.TestMixinIntrospectionPublisher" name="test_extract_node_name_exception_handling" time="0.000" /><testcase classname="unit.mixins.test_mixin_introspection_publisher.TestMixinIntrospectionPublisher" name="test_extract_node_version_exception_handling" time="0.000" /><testcase classname="unit.mixins.test_mixin_introspection_publisher.TestMixinIntrospectionPublisher" name="test_publish_introspection_event_with_validation_error" time="0.001" /><testcase classname="unit.mixins.test_mixin_introspection_publisher.TestMixinIntrospectionPublisher" name="test_publish_introspection_event_with_generic_exception" time="0.000" /><testcase classname="unit.mixins.test_mixin_introspection_publisher.TestMixinIntrospectionPublisher" name="test_extract_node_capabilities_exception_handling" time="0.000" /><testcase classname="unit.mixins.test_mixin_introspection_publisher.TestMixinIntrospectionPublisher" name="test_node_id_as_string" time="0.000" /><testcase classname="unit.mixins.test_mixin_introspection_publisher.TestMixinIntrospectionPublisher" name="test_node_id_as_uuid" time="0.000" /><testcase classname="unit.mixins.test_mixin_introspection_publisher.TestMixinIntrospectionPublisher" name="test_generate_discovery_tags_uniqueness" time="0.000" /><testcase classname="unit.mixins.test_mixin_lazy_evaluation.TestMixinLazyEvaluationBasicBehavior" name="test_mixin_initialization" time="0.000" /><testcase classname="unit.mixins.test_mixin_lazy_evaluation.TestMixinLazyEvaluationBasicBehavior" name="test_mixin_in_multiple_inheritance" time="0.000" /><testcase classname="unit.mixins.test_mixin_lazy_evaluation.TestLazyProperty" name="test_lazy_property_creation" time="0.000" /><testcase classname="unit.mixins.test_mixin_lazy_evaluation.TestLazyProperty" name="test_lazy_property_caching" time="0.000" /><testcase classname="unit.mixins.test_mixin_redaction.TestRedactSensitiveFields" name="test_redact_multiple_sensitive_fields" time="0.000" /><testcase classname="unit.mixins.test_mixin_redaction.TestRedactSensitiveFields" name="test_redact_with_none_values" time="0.000" /><testcase classname="unit.mixins.test_mixin_redaction.TestRedactSensitiveFields" name="test_redact_flat_dict_only" time="0.000" /><testcase classname="unit.mixins.test_mixin_redaction.TestRedactSensitiveFields" name="test_redact_lists_with_simple_values" time="0.000" /><testcase classname="unit.mixins.test_mixin_redaction.TestRedactSensitiveFields" name="test_redact_with_additional_sensitive_fields_basic" time="0.000" /><testcase classname="unit.mixins.test_mixin_redaction.TestRedactMethod" name="test_redact_model_data" time="0.000" /><testcase classname="unit.mixins.test_mixin_redaction.TestRedactMethod" name="test_redact_without_additional_fields" time="0.000" /><testcase classname="unit.mixins.test_mixin_redaction.TestRedactMethod" name="test_redact_with_model_dump_kwargs" time="0.000" /><testcase classname="unit.mixins.test_mixin_redaction.TestModelDumpRedacted" name="test_model_dump_redacted_basic" time="0.000" /><testcase classname="unit.mixins.test_mixin_redaction.TestModelDumpRedacted" name="test_model_dump_redacted_is_alias_for_redact" time="0.000" /><testcase classname="unit.mixins.test_mixin_redaction.TestCustomPatterns" name="test_get_sensitive_field_patterns_can_be_overridden" time="0.000" /><testcase classname="unit.mixins.test_mixin_redaction.TestCustomPatterns" name="test_custom_redaction_values" time="0.000" /><testcase classname="unit.mixins.test_mixin_redaction.TestEdgeCases" name="test_redact_empty_dict" time="0.000" /><testcase classname="unit.mixins.test_mixin_redaction.TestEdgeCases" name="test_redact_deeply_nested_structures" time="0.000" /><testcase classname="unit.mixins.test_mixin_redaction.TestEdgeCases" name="test_redact_mixed_list_types" time="0.000" /><testcase classname="unit.mixins.test_mixin_redaction.TestIntegrationScenarios" name="test_simple_user_model_redaction" time="0.000" /><testcase classname="unit.mixins.test_mixin_redaction.TestIntegrationScenarios" name="test_configuration_model_basic_redaction" time="0.001" /><testcase classname="unit.models.cli.test_model_cli_advanced_params.TestModelCliAdvancedParams" name="test_set_memory_limit_method" time="0.000" /><testcase classname="unit.models.cli.test_model_cli_advanced_params.TestModelCliAdvancedParams" name="test_set_cpu_limit_method" time="0.000" /><testcase classname="unit.models.cli.test_model_cli_advanced_params.TestModelCliAdvancedParams" name="test_environment_variables_management" time="0.000" /><testcase classname="unit.models.cli.test_model_cli_advanced_params.TestModelCliAdvancedParams" name="test_config_override_management" time="0.000" /><testcase classname="unit.models.cli.test_model_cli_advanced_params.TestModelCliAdvancedParams" name="test_custom_parameters_management" time="0.000" /><testcase classname="unit.models.cli.test_model_cli_advanced_params.TestModelCliAdvancedParams" name="test_enable_debug_mode" time="0.000" /><testcase classname="unit.models.cli.test_model_cli_advanced_params.TestModelCliAdvancedParams" name="test_enable_performance_mode" time="0.000" /><testcase classname="unit.models.cli.test_model_cli_advanced_params.TestModelCliAdvancedParams" name="test_enable_security_mode" time="0.000" /><testcase classname="unit.models.cli.test_model_cli_advanced_params.TestModelCliAdvancedParams" name="test_complex_configuration_scenario" time="0.000" /><testcase classname="unit.models.cli.test_model_cli_advanced_params.TestModelCliAdvancedParams" name="test_output_format_options" time="0.000" /><testcase classname="unit.models.cli.test_model_cli_execution_input_data.TestModelCliExecutionInputDataFactoryMethods" name="test_from_float_minimal" time="0.000" /><testcase classname="unit.models.cli.test_model_cli_execution_input_data.TestModelCliExecutionInputDataFactoryMethods" name="test_from_float_with_kwargs" time="0.000" /><testcase classname="unit.models.cli.test_model_cli_execution_input_data.TestModelCliExecutionInputDataFactoryMethods" name="test_from_boolean_minimal" time="0.000" /><testcase classname="unit.models.cli.test_model_cli_execution_input_data.TestModelCliExecutionInputDataFactoryMethods" name="test_from_boolean_with_kwargs" time="0.000" /><testcase classname="unit.models.cli.test_model_cli_execution_input_data.TestModelCliExecutionInputDataFactoryMethods" name="test_from_path_minimal" time="0.001" /><testcase classname="unit.models.cli.test_model_cli_execution_input_data.TestModelCliExecutionInputDataFactoryMethods" name="test_from_path_with_kwargs" time="0.000" /><testcase classname="unit.models.cli.test_model_cli_execution_input_data.TestModelCliExecutionInputDataFactoryMethods" name="test_from_uuid_minimal" time="0.000" /><testcase classname="unit.models.cli.test_model_cli_execution_input_data.TestModelCliExecutionInputDataFactoryMethods" name="test_from_uuid_with_kwargs" time="0.000" /><testcase classname="unit.models.cli.test_model_cli_execution_input_data.TestModelCliExecutionInputDataFactoryMethods" name="test_from_string_list_minimal" time="0.000" /><testcase classname="unit.models.cli.test_model_cli_execution_input_data.TestModelCliExecutionInputDataFactoryMethods" name="test_from_string_list_with_kwargs" time="0.000" /><testcase classname="unit.models.cli.test_model_cli_execution_input_data.TestModelCliExecutionInputDataFactoryMethods" name="test_from_string_list_empty" time="0.000" /><testcase classname="unit.models.cli.test_model_cli_execution_input_data.TestModelCliExecutionInputDataHelperMethods" name="test_get_string_value_from_string" time="0.000" /><testcase classname="unit.models.cli.test_model_cli_execution_input_data.TestModelCliExecutionInputDataHelperMethods" name="test_get_string_value_from_integer" time="0.000" /><testcase classname="unit.models.cli.test_model_cli_execution_input_data.TestModelCliExecutionInputDataHelperMethods" name="test_get_string_value_from_float" time="0.000" /><testcase classname="unit.models.cli.test_model_cli_execution_input_data.TestModelCliExecutionInputDataHelperMethods" name="test_get_string_value_from_boolean" time="0.000" /><testcase classname="unit.models.cli.test_model_cli_execution_input_data.TestModelCliExecutionInputDataHelperMethods" name="test_get_string_value_from_path" time="0.000" /><testcase classname="unit.models.cli.test_model_cli_execution_input_data.TestModelCliExecutionInputDataHelperMethods" name="test_get_string_value_from_uuid" time="0.000" /><testcase classname="unit.models.cli.test_model_cli_execution_input_data.TestModelCliExecutionInputDataHelperMethods" name="test_get_string_value_from_string_list" time="0.000" /><testcase classname="unit.models.cli.test_model_cli_execution_input_data.TestModelCliExecutionInputDataHelperMethods" name="test_get_string_value_from_empty_list" time="0.000" /><testcase classname="unit.models.cli.test_model_cli_execution_input_data.TestModelCliExecutionInputDataHelperMethods" name="test_get_typed_value" time="0.000" /><testcase classname="unit.models.cli.test_model_cli_execution_input_data.TestModelCliExecutionInputDataHelperMethods" name="test_is_path_value_true" time="0.000" /><testcase classname="unit.models.cli.test_model_cli_execution_input_data.TestModelCliExecutionInputDataHelperMethods" name="test_is_path_value_false" time="0.000" /><testcase classname="unit.models.cli.test_model_cli_execution_input_data.TestModelCliExecutionInputDataHelperMethods" name="test_is_uuid_value_true" time="0.000" /><testcase classname="unit.models.cli.test_model_cli_execution_input_data.TestModelCliExecutionInputDataHelperMethods" name="test_is_uuid_value_false" time="0.000" /><testcase classname="unit.models.cli.test_model_cli_execution_input_data.TestModelCliExecutionInputDataProtocols" name="test_serialize" time="0.000" /><testcase classname="unit.models.cli.test_model_cli_execution_input_data.TestModelCliExecutionInputDataProtocols" name="test_get_name_default" time="0.000" /><testcase classname="unit.mixins.test_mixin_workflow_support.TestStatusMapping" name="test_map_completed_status" time="0.001" /><testcase classname="unit.mixins.test_mixin_workflow_support.TestStatusMapping" name="test_map_failed_status" time="0.000" /><testcase classname="unit.mixins.test_mixin_workflow_support.TestStatusMapping" name="test_map_error_status" time="0.000" /><testcase classname="unit.mixins.test_mixin_workflow_support.TestStatusMapping" name="test_map_case_insensitive" time="0.000" /><testcase classname="unit.mixins.test_mixin_workflow_support.TestStatusMapping" name="test_map_all_status_types" time="0.000" /><testcase classname="unit.mixins.test_mixin_workflow_support.TestStatusMapping" name="test_map_unknown_status_defaults_to_completed" time="0.000" /><testcase classname="unit.mixins.test_mixin_workflow_support.TestResultSerialization" name="test_serialize_pydantic_model" time="0.008" /><testcase classname="unit.models.cli.test_model_cli_debug_info.TestModelCliDebugInfo" name="test_pydantic_deserialization" time="0.000" /><testcase classname="unit.models.cli.test_model_cli_debug_info.TestModelCliDebugInfo" name="test_model_round_trip" time="0.000" /><testcase classname="unit.models.cli.test_model_cli_debug_info.TestModelCliDebugInfo" name="test_edge_cases_empty_collections" time="0.000" /><testcase classname="unit.models.cli.test_model_cli_debug_info.TestModelCliDebugInfo" name="test_method_side_effects" time="0.000" /><testcase classname="unit.models.cli.test_model_cli_debug_info.TestModelCliDebugInfo" name="test_json_serialization" time="0.000" /><testcase classname="unit.models.cli.test_model_cli_debug_info.TestModelCliDebugInfo" name="test_custom_field_type_validation" time="0.000" /><testcase classname="unit.models.cli.test_model_cli_debug_info.TestModelCliDebugInfo" name="test_timestamp_handling" time="0.000" /><testcase classname="unit.models.cli.test_model_cli_execution_config.TestModelCliExecutionConfigBasic" name="test_default_configuration" time="0.000" /><testcase classname="unit.models.cli.test_model_cli_execution_config.TestModelCliExecutionConfigBasic" name="test_custom_configuration" time="0.001" /><testcase classname="unit.models.cli.test_model_cli_execution_config.TestModelCliExecutionConfigMethods" name="test_add_input_data" time="0.000" /><testcase classname="unit.models.cli.test_model_cli_execution_config.TestModelCliExecutionConfigMethods" name="test_get_input_data" time="0.000" /><testcase classname="unit.models.cli.test_model_cli_execution_config.TestModelCliExecutionConfigMethods" name="test_get_input_data_with_default" time="0.000" /><testcase classname="unit.models.cli.test_model_cli_execution_config.TestModelCliExecutionConfigMethods" name="test_add_environment_var" time="0.001" /><testcase classname="unit.models.cli.test_model_cli_execution_config.TestModelCliExecutionConfigMethods" name="test_get_environment_var" time="0.000" /><testcase classname="unit.models.cli.test_model_cli_advanced_params.TestModelCliAdvancedParams" name="test_pydantic_serialization" time="0.000" /><testcase classname="unit.models.cli.test_model_cli_advanced_params.TestModelCliAdvancedParams" name="test_pydantic_deserialization" time="0.000" /><testcase classname="unit.models.cli.test_model_cli_advanced_params.TestModelCliAdvancedParams" name="test_model_round_trip" time="0.000" /><testcase classname="unit.models.cli.test_model_cli_advanced_params.TestModelCliAdvancedParams" name="test_json_serialization" time="0.001" /><testcase classname="unit.models.cli.test_model_cli_advanced_params.TestModelCliAdvancedParams" name="test_edge_cases_empty_collections" time="0.000" /><testcase classname="unit.models.cli.test_model_cli_advanced_params.TestModelCliAdvancedParams" name="test_mixed_type_config_overrides" time="0.000" /><testcase classname="unit.mixins.test_mixin_lazy_evaluation.TestLazyProperty" name="test_lazy_property_no_caching" time="0.000" /><testcase classname="unit.mixins.test_mixin_lazy_evaluation.TestLazyProperty" name="test_lazy_property_reuse" time="0.000" /><testcase classname="unit.mixins.test_mixin_lazy_evaluation.TestLazyModelDump" name="test_lazy_model_dump_basic" time="0.001" /><testcase classname="unit.mixins.test_mixin_lazy_evaluation.TestLazyModelDump" name="test_lazy_model_dump_with_exclude" time="0.000" /><testcase classname="unit.mixins.test_mixin_lazy_evaluation.TestLazyModelDump" name="test_lazy_model_dump_with_alias" time="0.001" /><testcase classname="unit.mixins.test_mixin_lazy_evaluation.TestLazyModelDump" name="test_lazy_model_dump_non_basemodel_raises_error" time="0.002" /><testcase classname="unit.mixins.test_mixin_lazy_evaluation.TestLazySerializeNested" name="test_lazy_serialize_nested_with_object" time="0.005" /><testcase classname="unit.mixins.test_mixin_lazy_evaluation.TestLazySerializeNested" name="test_lazy_serialize_nested_with_none" time="0.000" /><testcase classname="unit.mixins.test_mixin_lazy_evaluation.TestLazyStringConversion" name="test_lazy_string_conversion_with_basemodel" time="0.000" /><testcase classname="unit.models.cli.test_model_cli_execution_input_data.TestModelCliExecutionInputDataProtocols" name="test_validate_instance" time="0.000" /><testcase classname="unit.models.cli.test_model_cli_execution_input_data.TestModelCliExecutionInputDataEdgeCases" name="test_sensitive_data_flag" time="0.000" /><testcase classname="unit.models.cli.test_model_cli_execution_input_data.TestModelCliExecutionInputDataEdgeCases" name="test_required_data_flag" time="0.000" /><testcase classname="unit.models.cli.test_model_cli_execution_config.TestModelCliExecutionConfigEdgeCases" name="test_empty_environment_vars" time="0.002" /><testcase classname="unit.models.cli.test_model_cli_execution_config.TestModelCliExecutionConfigEdgeCases" name="test_large_environment_vars" time="0.000" /><testcase classname="unit.models.cli.test_model_cli_execution_config.TestModelCliExecutionConfigEdgeCases" name="test_all_debug_modes_enabled" time="0.000" /><testcase classname="unit.models.cli.test_model_cli_execution_config.TestModelCliExecutionConfigEdgeCases" name="test_output_format_enum" time="0.000" /><testcase classname="unit.models.cli.test_model_cli_execution_context.TestModelCliExecutionContextBasic" name="test_minimal_context_creation" time="0.000" /><testcase classname="unit.models.cli.test_model_cli_execution_context.TestModelCliExecutionContextBasic" name="test_full_context_creation" time="0.000" /><testcase classname="unit.models.cli.test_model_cli_execution_context.TestModelCliExecutionContextBasic" name="test_context_with_string_value" time="0.000" /><testcase classname="unit.models.cli.test_model_cli_execution_context.TestModelCliExecutionContextBasic" name="test_context_with_integer_value" time="0.000" /><testcase classname="unit.models.cli.test_model_cli_execution_context.TestModelCliExecutionContextBasic" name="test_context_with_float_value" time="0.000" /><testcase classname="unit.models.cli.test_model_cli_execution_context.TestModelCliExecutionContextBasic" name="test_context_with_boolean_value" time="0.000" /><testcase classname="unit.models.cli.test_model_cli_execution_context.TestModelCliExecutionContextBasic" name="test_context_with_path_value" time="0.000" /><testcase classname="unit.models.cli.test_model_cli_execution_context.TestModelCliExecutionContextBasic" name="test_context_with_uuid_value" time="0.000" /><testcase classname="unit.models.cli.test_model_cli_execution_context.TestModelCliExecutionContextBasic" name="test_context_with_datetime_value" time="0.000" /><testcase classname="unit.models.cli.test_model_cli_execution_context.TestModelCliExecutionContextBasic" name="test_context_with_list_value" time="0.000" /><testcase classname="unit.models.cli.test_model_cli_execution_context.TestModelCliExecutionContextMethods" name="test_get_string_value_from_string" time="0.000" /><testcase classname="unit.models.cli.test_model_cli_execution_context.TestModelCliExecutionContextMethods" name="test_get_string_value_from_integer" time="0.000" /><testcase classname="unit.models.cli.test_model_cli_execution_context.TestModelCliExecutionContextMethods" name="test_get_string_value_from_path" time="0.000" /><testcase classname="unit.models.cli.test_model_cli_execution_context.TestModelCliExecutionContextMethods" name="test_get_string_value_from_datetime" time="0.000" /><testcase classname="unit.models.cli.test_model_cli_execution_context.TestModelCliExecutionContextMethods" name="test_get_string_value_from_list" time="0.000" /><testcase classname="unit.models.cli.test_model_cli_execution_context.TestModelCliExecutionContextMethods" name="test_get_typed_value" time="0.000" /><testcase classname="unit.models.cli.test_model_cli_execution_context.TestModelCliExecutionContextMethods" name="test_is_datetime_value_true" time="0.000" /><testcase classname="unit.models.cli.test_model_cli_execution_context.TestModelCliExecutionContextMethods" name="test_is_datetime_value_false" time="0.000" /><testcase classname="unit.models.cli.test_model_cli_execution_context.TestModelCliExecutionContextMethods" name="test_is_path_value_true" time="0.000" /><testcase classname="unit.models.cli.test_model_cli_advanced_params.TestModelCliAdvancedParams" name="test_convenience_methods_interaction" time="0.000" /><testcase classname="unit.models.cli.test_model_cli_command_option.TestModelCliCommandOptionBasic" name="test_create_string_option_direct" time="0.000" /><testcase classname="unit.models.cli.test_model_cli_command_option.TestModelCliCommandOptionBasic" name="test_create_integer_option_direct" time="0.000" /><testcase classname="unit.models.cli.test_model_cli_command_option.TestModelCliCommandOptionBasic" name="test_create_boolean_option_direct" time="0.000" /><testcase classname="unit.models.cli.test_model_cli_command_option.TestModelCliCommandOptionBasic" name="test_create_float_option_direct" time="0.000" /><testcase classname="unit.models.cli.test_model_cli_command_option.TestModelCliCommandOptionBasic" name="test_create_uuid_option_direct" time="0.000" /><testcase classname="unit.models.cli.test_model_cli_command_option.TestModelCliCommandOptionBasic" name="test_create_string_list_option_direct" time="0.000" /><testcase classname="unit.models.cli.test_model_cli_command_option.TestModelCliCommandOptionFactoryMethods" name="test_from_string" time="0.000" /><testcase classname="unit.models.cli.test_model_cli_command_option.TestModelCliCommandOptionFactoryMethods" name="test_from_integer" time="0.000" /><testcase classname="unit.models.cli.test_model_cli_command_option.TestModelCliCommandOptionFactoryMethods" name="test_from_float" time="0.001" /><testcase classname="unit.models.cli.test_model_cli_command_option.TestModelCliCommandOptionFactoryMethods" name="test_from_boolean" time="0.000" /><testcase classname="unit.models.cli.test_model_cli_command_option.TestModelCliCommandOptionFactoryMethods" name="test_from_uuid" time="0.000" /><testcase classname="unit.models.cli.test_model_cli_command_option.TestModelCliCommandOptionFactoryMethods" name="test_from_string_list" time="0.000" /><testcase classname="unit.models.cli.test_model_cli_command_option.TestModelCliCommandOptionFactoryMethods" name="test_factory_with_all_metadata" time="0.000" /><testcase classname="unit.models.cli.test_model_cli_command_option.TestModelCliCommandOptionFactoryMethods" name="test_factory_with_invalid_kwarg_types" time="0.000" /><testcase classname="unit.models.cli.test_model_cli_command_option.TestModelCliCommandOptionValueValidation" name="test_value_accepts_any_type_with_discriminator" time="0.000" /><testcase classname="unit.models.cli.test_model_cli_command_option.TestModelCliCommandOptionValueValidation" name="test_validate_float_type_accepts_int_and_float" time="0.001" /><testcase classname="unit.models.cli.test_model_cli_command_option.TestModelCliCommandOptionValueValidation" name="test_value_type_discriminator_pattern" time="0.001" /><testcase classname="unit.models.cli.test_model_cli_command_option.TestModelCliCommandOptionValueValidation" name="test_string_list_value_type" time="0.000" /><testcase classname="unit.models.cli.test_model_cli_command_option.TestModelCliCommandOptionValueValidation" name="test_uuid_value_type" time="0.000" /><testcase classname="unit.models.cli.test_model_cli_command_option.TestModelCliCommandOptionMethods" name="test_get_string_value_from_string" time="0.001" /><testcase classname="unit.models.cli.test_model_cli_command_option.TestModelCliCommandOptionMethods" name="test_get_string_value_from_integer" time="0.000" /><testcase classname="unit.models.cli.test_model_cli_execution_input_data.TestModelCliExecutionInputDataEdgeCases" name="test_description_field" time="0.017" /><testcase classname="unit.models.cli.test_model_cli_execution_input_data.TestModelCliExecutionInputDataEdgeCases" name="test_integer_negative_value" time="0.000" /><testcase classname="unit.models.cli.test_model_cli_execution_input_data.TestModelCliExecutionInputDataEdgeCases" name="test_float_negative_value" time="0.000" /><testcase classname="unit.models.cli.test_model_cli_execution_input_data.TestModelCliExecutionInputDataEdgeCases" name="test_float_zero_value" time="0.000" /><testcase classname="unit.models.cli.test_model_cli_execution_input_data.TestModelCliExecutionInputDataEdgeCases" name="test_string_list_single_item" time="0.000" /><testcase classname="unit.models.cli.test_model_cli_execution_input_data.TestModelCliExecutionInputDataEdgeCases" name="test_path_relative" time="0.000" /><testcase classname="unit.models.cli.test_model_cli_execution_input_data.TestModelCliExecutionInputDataEdgeCases" name="test_path_absolute" time="0.000" /><testcase classname="unit.models.cli.test_model_cli_execution_input_data.TestModelCliExecutionInputDataEdgeCases" name="test_all_data_types_enum" time="0.002" /><testcase classname="unit.models.cli.test_model_cli_execution_input_data.TestModelCliExecutionInputDataEdgeCases" name="test_model_config_extra_ignore" time="0.000" /><testcase classname="unit.models.cli.test_model_cli_execution_input_data.TestModelCliExecutionInputDataEdgeCases" name="test_string_with_special_characters" time="0.000" /><testcase classname="unit.models.cli.test_model_cli_execution_input_data.TestModelCliExecutionInputDataEdgeCases" name="test_string_with_unicode" time="0.001" /><testcase classname="unit.models.cli.test_model_cli_execution_input_data.TestModelCliExecutionInputDataEdgeCases" name="test_empty_string_value" time="0.000" /><testcase classname="unit.models.cli.test_model_cli_execution_input_data.TestModelCliExecutionInputDataEdgeCases" name="test_string_list_with_empty_strings" time="0.001" /><testcase classname="unit.models.cli.test_model_cli_execution_metadata.TestModelCliExecutionMetadataBasic" name="test_default_metadata_creation" time="0.001" /><testcase classname="unit.models.cli.test_model_cli_execution_metadata.TestModelCliExecutionMetadataBasic" name="test_metadata_with_tags" time="0.000" /><testcase classname="unit.models.cli.test_model_cli_execution_metadata.TestModelCliExecutionMetadataBasic" name="test_metadata_with_custom_context" time="0.000" /><testcase classname="unit.models.cli.test_model_cli_execution_metadata.TestModelCliExecutionMetadataTagManagement" name="test_add_tag" time="0.000" /><testcase classname="unit.models.cli.test_model_cli_execution_metadata.TestModelCliExecutionMetadataTagManagement" name="test_add_multiple_tags" time="0.000" /><testcase classname="unit.models.cli.test_model_cli_execution_metadata.TestModelCliExecutionMetadataTagManagement" name="test_add_duplicate_tag" time="0.000" /><testcase classname="unit.models.cli.test_model_cli_execution_metadata.TestModelCliExecutionMetadataTagManagement" name="test_remove_tag" time="0.000" /><testcase classname="unit.models.cli.test_model_cli_execution_metadata.TestModelCliExecutionMetadataTagManagement" name="test_remove_nonexistent_tag" time="0.001" /><testcase classname="unit.models.cli.test_model_cli_execution_metadata.TestModelCliExecutionMetadataTagManagement" name="test_has_tag_true" time="0.000" /><testcase classname="unit.models.cli.test_model_cli_execution_context.TestModelCliExecutionContextMethods" name="test_is_path_value_false" time="0.001" /><testcase classname="unit.models.cli.test_model_cli_execution_context.TestModelCliExecutionContextMethods" name="test_is_uuid_value_true" time="0.001" /><testcase classname="unit.models.cli.test_model_cli_execution_context.TestModelCliExecutionContextMethods" name="test_is_uuid_value_false" time="0.001" /><testcase classname="unit.models.cli.test_model_cli_execution_core.TestModelCliExecutionCoreEdgeCases" name="test_target_path_with_absolute_path" time="0.000" /><testcase classname="unit.models.cli.test_model_cli_execution_core.TestModelCliExecutionCoreEdgeCases" name="test_target_path_with_relative_path" time="0.020" /><testcase classname="unit.mixins.test_mixin_workflow_support.TestResultSerialization" name="test_serialize_regular_object" time="0.000" /><testcase classname="unit.mixins.test_mixin_workflow_support.TestResultSerialization" name="test_serialize_simple_value" time="0.000" /><testcase classname="unit.mixins.test_mixin_workflow_support.TestResultSerialization" name="test_serialize_handles_error" time="0.000" /><testcase classname="unit.mixins.test_mixin_workflow_support.TestTimestampGeneration" name="test_get_current_timestamp_format" time="0.000" /><testcase classname="unit.mixins.test_mixin_workflow_support.TestTimestampGeneration" name="test_timestamps_are_unique" time="0.000" /><testcase classname="unit.mixins.test_mixin_workflow_support.TestErrorLogging" name="test_safe_log_without_logger" time="0.001" /><testcase classname="unit.mixins.test_mixin_workflow_support.TestErrorLogging" name="test_safe_log_with_logger" time="0.002" /><testcase classname="unit.mixins.test_mixin_workflow_support.TestErrorLogging" name="test_safe_log_handles_logger_error" time="0.001" /><testcase classname="unit.mixins.test_mixin_workflow_support.TestWorkflowIntegration" name="test_complete_workflow_lifecycle" time="0.001" /><testcase classname="unit.mixins.test_mixin_workflow_support.TestWorkflowIntegration" name="test_workflow_without_explicit_context" time="0.001" /><testcase classname="unit.mixins.test_mixin_workflow_support.TestWorkflowIntegration" name="test_non_workflow_execution" time="0.001" /><testcase classname="unit.mixins.test_mixin_workflow_support.TestEventEmissionFailureHandling" name="test_completion_event_emission_failure_handled" time="0.000" /><testcase classname="unit.mixins.test_mixin_workflow_support.TestEventEmissionFailureHandling" name="test_start_event_emission_failure_handled" time="0.000" /><testcase classname="unit.mixins.test_mixin_workflow_support.TestEdgeCases" name="test_multiple_context_updates" time="0.000" /><testcase classname="unit.mixins.test_mixin_workflow_support.TestEdgeCases" name="test_mixed_environment_and_explicit_context" time="0.000" /><testcase classname="unit.mixins.test_mixin_workflow_support.TestEdgeCases" name="test_empty_result_serialization" time="0.000" /><testcase classname="unit.models.cli.test_model_cli_advanced_params.TestModelCliAdvancedParams" name="test_initialization_empty" time="0.000" /><testcase classname="unit.models.cli.test_model_cli_execution_context.TestModelCliExecutionContextMethods" name="test_update_value" time="0.001" /><testcase classname="unit.models.cli.test_model_cli_execution_metadata.TestModelCliExecutionMetadataTagManagement" name="test_has_tag_false" time="0.000" /><testcase classname="unit.models.cli.test_model_cli_advanced_params.TestModelCliAdvancedParams" name="test_initialization_with_values" time="0.000" /><testcase classname="unit.models.cli.test_model_cli_execution_context.TestModelCliExecutionContextProtocols" name="test_validate_instance" time="0.001" /><testcase classname="unit.models.cli.test_model_cli_execution_context.TestModelCliExecutionContextSerialization" name="test_model_dump" time="0.000" /><testcase classname="unit.models.cli.test_model_cli_execution_context.TestModelCliExecutionContextSerialization" name="test_round_trip_serialization_with_string" time="0.001" /><testcase classname="unit.models.cli.test_model_cli_execution_context.TestModelCliExecutionContextSerialization" name="test_round_trip_serialization_with_integer" time="0.000" /><testcase classname="unit.models.cli.test_model_cli_execution_context.TestModelCliExecutionContextEdgeCases" name="test_empty_description" time="0.000" /><testcase classname="unit.models.cli.test_model_cli_execution_metadata.TestModelCliExecutionMetadataTagManagement" name="test_clear_tags" time="0.000" /><testcase classname="unit.models.cli.test_model_cli_execution_metadata.TestModelCliExecutionMetadataContextManagement" name="test_add_context" time="0.000" /><testcase classname="unit.models.cli.test_model_cli_execution_metadata.TestModelCliExecutionMetadataContextManagement" name="test_add_multiple_contexts" time="0.000" /><testcase classname="unit.models.cli.test_model_cli_execution_metadata.TestModelCliExecutionMetadataContextManagement" name="test_get_context" time="0.000" /><testcase classname="unit.models.cli.test_model_cli_execution_metadata.TestModelCliExecutionMetadataContextManagement" name="test_get_context_nonexistent" time="0.000" /><testcase classname="unit.models.cli.test_model_cli_execution_metadata.TestModelCliExecutionMetadataContextManagement" name="test_get_context_with_default" time="0.000" /><testcase classname="unit.models.cli.test_model_cli_execution_metadata.TestModelCliExecutionMetadataContextManagement" name="test_remove_context" time="0.000" /><testcase classname="unit.models.cli.test_model_cli_execution_metadata.TestModelCliExecutionMetadataContextManagement" name="test_remove_nonexistent_context" time="0.000" /><testcase classname="unit.models.cli.test_model_cli_execution_metadata.TestModelCliExecutionMetadataContextManagement" name="test_has_context_true" time="0.000" /><testcase classname="unit.models.cli.test_model_cli_execution_metadata.TestModelCliExecutionMetadataContextManagement" name="test_has_context_false" time="0.000" /><testcase classname="unit.models.cli.test_model_cli_execution_context.TestModelCliExecutionContextValidation" name="test_priority_minimum_boundary" time="0.000" /><testcase classname="unit.models.cli.test_model_cli_execution_context.TestModelCliExecutionContextValidation" name="test_priority_maximum_boundary" time="0.000" /><testcase classname="unit.models.cli.test_model_cli_execution_context.TestModelCliExecutionContextValidation" name="test_priority_below_minimum_raises_error" time="0.000" /><testcase classname="unit.models.cli.test_model_cli_execution_context.TestModelCliExecutionContextEdgeCases" name="test_long_description" time="0.000" /><testcase classname="unit.models.cli.test_model_cli_execution_context.TestModelCliExecutionContextEdgeCases" name="test_empty_key" time="0.000" /><testcase classname="unit.models.cli.test_model_cli_execution_context.TestModelCliExecutionContextEdgeCases" name="test_none_value_is_valid" time="0.000" /><testcase classname="unit.models.cli.test_model_cli_execution_context.TestModelCliExecutionContextEdgeCases" name="test_complex_nested_list_value" time="0.000" /><testcase classname="unit.models.cli.test_model_cli_execution_context.TestModelCliExecutionContextEdgeCases" name="test_dict_value" time="0.000" /><testcase classname="unit.models.cli.test_model_cli_execution_context.TestModelCliExecutionContextEdgeCases" name="test_all_context_types" time="0.001" /><testcase classname="unit.models.cli.test_model_cli_execution_context.TestModelCliExecutionContextEdgeCases" name="test_all_context_sources" time="0.000" /><testcase classname="unit.models.cli.test_model_cli_execution_context.TestModelCliExecutionContextEdgeCases" name="test_priority_middle_values" time="0.000" /><testcase classname="unit.models.cli.test_model_cli_execution_context.TestModelCliExecutionContextEdgeCases" name="test_update_value_multiple_times" time="0.002" /><testcase classname="unit.models.cli.test_model_cli_execution_context.TestModelCliExecutionContextTypeHandling" name="test_get_string_value_from_boolean" time="0.000" /><testcase classname="unit.models.cli.test_model_cli_execution_context.TestModelCliExecutionContextTypeHandling" name="test_get_string_value_from_float" time="0.000" /><testcase classname="unit.models.cli.test_model_cli_execution_context.TestModelCliExecutionContextTypeHandling" name="test_get_string_value_from_uuid" time="0.000" /><testcase classname="unit.models.cli.test_model_cli_execution_context.TestModelCliExecutionContextTypeHandling" name="test_get_string_value_from_empty_list" time="0.000" /><testcase classname="unit.models.cli.test_model_cli_execution_context.TestModelCliExecutionContextTypeHandling" name="test_get_string_value_from_single_item_list" time="0.000" /><testcase classname="unit.models.cli.test_model_cli_execution_core.TestModelCliExecutionCoreBasic" name="test_minimal_core_creation" time="0.001" /><testcase classname="unit.models.cli.test_model_cli_execution_core.TestModelCliExecutionCoreBasic" name="test_full_core_creation" time="0.001" /><testcase classname="unit.models.cli.test_model_cli_execution_core.TestModelCliExecutionCoreGetters" name="test_get_command_name_with_display_name" time="0.000" /><testcase classname="unit.models.cli.test_model_cli_execution_core.TestModelCliExecutionCoreGetters" name="test_get_command_name_without_display_name" time="0.000" /><testcase classname="unit.models.cli.test_model_cli_execution_core.TestModelCliExecutionCoreGetters" name="test_get_target_node_id" time="0.000" /><testcase classname="unit.models.cli.test_model_cli_execution_core.TestModelCliExecutionCoreGetters" name="test_get_target_node_id_none" time="0.000" /><testcase classname="unit.models.cli.test_model_cli_execution_core.TestModelCliExecutionCoreGetters" name="test_get_target_node_name" time="0.001" /><testcase classname="unit.models.cli.test_model_cli_advanced_params.TestModelCliAdvancedParams" name="test_timeout_validation_positive" time="0.000" /><testcase classname="unit.models.cli.test_model_cli_advanced_params.TestModelCliAdvancedParams" name="test_timeout_validation_invalid" time="0.000" /><testcase classname="unit.models.cli.test_model_cli_advanced_params.TestModelCliAdvancedParams" name="test_max_retries_validation" time="0.000" /><testcase classname="unit.models.cli.test_model_cli_advanced_params.TestModelCliAdvancedParams" name="test_retry_delay_validation" time="0.000" /><testcase classname="unit.models.cli.test_model_cli_advanced_params.TestModelCliAdvancedParams" name="test_memory_limit_validation" time="0.000" /><testcase classname="unit.models.cli.test_model_cli_execution_core.TestModelCliExecutionCoreGetters" name="test_get_target_node_name_none" time="0.000" /><testcase classname="unit.models.cli.test_model_cli_execution_core.TestModelCliExecutionCoreTiming" name="test_get_elapsed_ms_with_end_time" time="0.000" /><testcase classname="unit.models.cli.test_model_cli_execution_core.TestModelCliExecutionCoreTiming" name="test_get_elapsed_ms_without_end_time" time="0.000" /><testcase classname="unit.models.cli.test_model_cli_execution_metadata.TestModelCliExecutionMetadataContextManagement" name="test_clear_context" time="0.000" /><testcase classname="unit.models.cli.test_model_cli_execution_core.TestModelCliExecutionCoreTiming" name="test_get_elapsed_seconds" time="0.000" /><testcase classname="unit.models.cli.test_model_cli_execution_core.TestModelCliExecutionCoreStatus" name="test_is_completed_true" time="0.000" /><testcase classname="unit.models.cli.test_model_cli_execution_core.TestModelCliExecutionCoreStatus" name="test_is_completed_false" time="0.000" /><testcase classname="unit.models.cli.test_model_cli_execution_core.TestModelCliExecutionCoreStatus" name="test_is_running_true" time="0.000" /><testcase classname="unit.models.cli.test_model_cli_execution_metadata.TestModelCliExecutionMetadataFailureHandling" name="test_add_failure_reason" time="0.000" /><testcase classname="unit.models.cli.test_model_cli_execution_core.TestModelCliExecutionCoreStatus" name="test_is_running_false_with_end_time" time="0.000" /><testcase classname="unit.models.cli.test_model_cli_execution_core.TestModelCliExecutionCoreStatus" name="test_is_running_false_different_status" time="0.000" /><testcase classname="unit.models.cli.test_model_cli_execution_core.TestModelCliExecutionCoreStatus" name="test_is_pending_true" time="0.000" /><testcase classname="unit.mixins.test_mixin_lazy_evaluation.TestLazyStringConversion" name="test_lazy_string_conversion_with_none" time="0.000" /><testcase classname="unit.models.cli.test_model_cli_execution_core.TestModelCliExecutionCoreStatus" name="test_is_pending_false" time="0.000" /><testcase classname="unit.models.cli.test_model_cli_execution_core.TestModelCliExecutionCoreStatus" name="test_is_failed_true" time="0.000" /><testcase classname="unit.models.cli.test_model_cli_execution_core.TestModelCliExecutionCoreStatus" name="test_is_failed_false" time="0.000" /><testcase classname="unit.models.cli.test_model_cli_execution_core.TestModelCliExecutionCoreStatus" name="test_is_successful_with_success_status" time="0.000" /><testcase classname="unit.models.cli.test_model_cli_execution_metadata.TestModelCliExecutionMetadataProtocols" name="test_get_name" time="0.000" /><testcase classname="unit.mixins.test_mixin_service_registry.TestMixinServiceRegistry" name="test_handle_node_start_with_discovery_callback" time="0.001" /><testcase classname="unit.models.cli.test_model_cli_execution_metadata.TestModelCliExecutionMetadataProtocols" name="test_set_name" time="0.000" /><testcase classname="unit.models.cli.test_model_cli_execution_metadata.TestModelCliExecutionMetadataProtocols" name="test_validate_instance" time="0.000" /><testcase classname="unit.models.cli.test_model_cli_execution_metadata.TestModelCliExecutionMetadataSerialization" name="test_model_dump" time="0.000" /><testcase classname="unit.models.cli.test_model_cli_execution_metadata.TestModelCliExecutionMetadataSerialization" name="test_round_trip_serialization_with_tags" time="0.000" /><testcase classname="unit.models.cli.test_model_cli_execution_metadata.TestModelCliExecutionMetadataSerialization" name="test_round_trip_serialization_with_context" time="0.000" /><testcase classname="unit.models.cli.test_model_cli_execution_metadata.TestModelCliExecutionMetadataEdgeCases" name="test_empty_tags_and_context" time="0.000" /><testcase classname="unit.models.cli.test_model_cli_execution_metadata.TestModelCliExecutionMetadataFailureHandling" name="test_get_failure_reason" time="0.014" /><testcase classname="unit.mixins.test_mixin_service_registry.TestMixinServiceRegistry" name="test_handle_node_stop_basic" time="0.002" /><testcase classname="unit.mixins.test_mixin_service_registry.TestMixinServiceRegistry" name="test_handle_node_stop_nonexistent_node" time="0.001" /><testcase classname="unit.mixins.test_mixin_service_registry.TestMixinServiceRegistry" name="test_handle_node_failure" time="0.000" /><testcase classname="unit.mixins.test_mixin_service_registry.TestMixinServiceRegistry" name="test_send_introspection_request" time="0.002" /><testcase classname="unit.mixins.test_mixin_service_registry.TestMixinServiceRegistry" name="test_send_introspection_request_without_event_bus" time="0.001" /><testcase classname="unit.mixins.test_mixin_service_registry.TestMixinServiceRegistry" name="test_handle_introspection_response" time="0.000" /><testcase classname="unit.models.cli.test_model_cli_execution_metadata.TestModelCliExecutionMetadataEdgeCases" name="test_many_tags" time="0.001" /><testcase classname="unit.models.cli.test_model_cli_execution_metadata.TestModelCliExecutionMetadataEdgeCases" name="test_many_contexts" time="0.001" /><testcase classname="unit.models.cli.test_model_cli_execution_metadata.TestModelCliExecutionMetadataEdgeCases" name="test_long_tag_names" time="0.001" /><testcase classname="unit.models.cli.test_model_cli_execution_metadata.TestModelCliExecutionMetadataEdgeCases" name="test_special_characters_in_tags" time="0.001" /><testcase classname="unit.models.cli.test_model_cli_execution_metadata.TestModelCliExecutionMetadataEdgeCases" name="test_context_key_with_special_characters" time="0.000" /><testcase classname="unit.models.cli.test_model_cli_execution_metadata.TestModelCliExecutionMetadataEdgeCases" name="test_add_and_remove_same_tag_multiple_times" time="0.000" /><testcase classname="unit.models.cli.test_model_cli_execution_metadata.TestModelCliExecutionMetadataEdgeCases" name="test_add_and_remove_same_context_multiple_times" time="0.000" /><testcase classname="unit.models.cli.test_model_cli_execution_metadata.TestModelCliExecutionMetadataEdgeCases" name="test_clear_operations_on_empty_metadata" time="0.000" /><testcase classname="unit.models.cli.test_model_cli_execution_metadata.TestModelCliExecutionMetadataEdgeCases" name="test_update_context_with_same_key" time="0.000" /><testcase classname="unit.models.cli.test_model_cli_execution_metadata.TestModelCliExecutionMetadataEdgeCases" name="test_combined_operations" time="0.000" /><testcase classname="unit.models.cli.test_model_cli_execution_resources.TestModelCliExecutionResourcesBasic" name="test_create_unlimited_resources" time="0.000" /><testcase classname="unit.models.cli.test_model_cli_execution_resources.TestModelCliExecutionResourcesBasic" name="test_create_limited_resources" time="0.000" /><testcase classname="unit.models.cli.test_model_cli_execution_resources.TestModelCliExecutionResourcesBasic" name="test_create_quick_resources" time="0.000" /><testcase classname="unit.models.cli.test_model_cli_execution_resources.TestModelCliExecutionResourcesBasic" name="test_default_construction" time="0.000" /><testcase classname="unit.mixins.test_mixin_service_registry.TestMixinServiceRegistry" name="test_handle_discovery_request" time="0.001" /><testcase classname="unit.mixins.test_mixin_service_registry.TestMixinServiceRegistry" name="test_handle_discovery_request_with_domain_filter_match" time="0.001" /><testcase classname="unit.mixins.test_mixin_service_registry.TestMixinServiceRegistry" name="test_handle_discovery_request_with_domain_filter_mismatch" time="0.000" /><testcase classname="unit.mixins.test_mixin_service_registry.TestMixinServiceRegistry" name="test_get_registered_tools" time="0.000" /><testcase classname="unit.mixins.test_mixin_service_registry.TestMixinServiceRegistry" name="test_get_registered_tools_with_status_filter" time="0.000" /><testcase classname="unit.mixins.test_mixin_service_registry.TestMixinServiceRegistry" name="test_get_tool_by_name" time="0.000" /><testcase classname="unit.mixins.test_mixin_service_registry.TestMixinServiceRegistry" name="test_get_tool_by_name_not_found" time="0.000" /><testcase classname="unit.mixins.test_mixin_service_registry.TestMixinServiceRegistry" name="test_get_tools_by_capability" time="0.000" /><testcase classname="unit.mixins.test_mixin_service_registry.TestMixinServiceRegistry" name="test_get_tools_by_capability_only_online" time="0.000" /><testcase classname="unit.mixins.test_mixin_service_registry.TestMixinServiceRegistry" name="test_add_discovery_callback" time="0.000" /><testcase classname="unit.mixins.test_mixin_service_registry.TestMixinServiceRegistry" name="test_cleanup_stale_entries" time="0.000" /><testcase classname="unit.mixins.test_mixin_service_registry.TestMixinServiceRegistry" name="test_cleanup_stale_entries_no_stale" time="0.000" /><testcase classname="unit.mixins.test_mixin_service_registry.TestMixinServiceRegistry" name="test_get_registry_stats" time="0.000" /><testcase classname="unit.mixins.test_mixin_service_registry.TestMixinServiceRegistry" name="test_setup_registry_event_handlers" time="0.000" /><testcase classname="unit.mixins.test_mixin_service_registry.TestMixinServiceRegistry" name="test_handle_node_start_with_string_node_id" time="0.011" /><testcase classname="unit.models.cli.test_model_cli_execution_metadata.TestModelCliExecutionMetadataFailureHandling" name="test_get_failure_reason_none" time="0.008" /><testcase classname="unit.models.cli.test_model_cli_execution_metadata.TestModelCliExecutionMetadataFailureHandling" name="test_failure_reason_overwrites_previous" time="0.000" /><testcase classname="unit.models.cli.test_model_cli_execution_metadata.TestModelCliExecutionMetadataFailureHandling" name="test_failure_reason_context_properties" time="0.009" /><testcase classname="unit.models.cli.test_model_cli_execution_resources.TestModelCliExecutionResourcesBasic" name="test_custom_configuration" time="0.000" /><testcase classname="unit.mixins.test_mixin_workflow_support.TestMixinInitialization" name="test_initialization_without_event_bus" time="0.000" /><testcase classname="unit.mixins.test_mixin_workflow_support.TestMixinInitialization" name="test_initialization_with_event_bus" time="0.001" /><testcase classname="unit.mixins.test_mixin_workflow_support.TestMixinInitialization" name="test_initialization_sets_node_id" time="0.002" /><testcase classname="unit.mixins.test_mixin_workflow_support.TestDagContextDetection" name="test_dag_not_enabled_by_default" time="0.000" /><testcase classname="unit.mixins.test_mixin_workflow_support.TestDagContextDetection" name="test_dag_enabled_via_environment" time="0.000" /><testcase classname="unit.mixins.test_mixin_workflow_support.TestDagContextDetection" name="test_dag_not_enabled_when_env_false" time="0.001" /><testcase classname="unit.mixins.test_mixin_workflow_support.TestDagContextDetection" name="test_dag_enabled_via_correlation_id_env" time="0.001" /><testcase classname="unit.mixins.test_mixin_workflow_support.TestDagContextDetection" name="test_dag_enabled_via_set_context" time="0.000" /><testcase classname="unit.mixins.test_mixin_workflow_support.TestDagContextDetection" name="test_dag_enabled_case_insensitive" time="0.000" /><testcase classname="unit.models.cli.test_model_cli_execution_config.TestModelCliExecutionConfigMethods" name="test_get_environment_var_with_default" time="0.000" /><testcase classname="unit.models.cli.test_model_cli_output_data.TestModelCliOutputDataValueAccessors" name="test_get_field_value_with_default" time="0.000" /><testcase classname="unit.mixins.test_mixin_service_registry.TestMixinServiceRegistry" name="test_initialization" time="0.000" /><testcase classname="unit.models.cli.test_model_cli_result.TestModelCliResultFactoryMethods" name="test_create_failure_with_details" time="0.004" /><testcase classname="unit.models.cli.test_model_cli_result.TestModelCliResultFactoryMethods" name="test_create_validation_failure" time="0.000" /><testcase classname="unit.models.cli.test_model_cli_result.TestModelCliResultFactoryMethods" name="test_create_validation_failure_empty_errors" time="0.000" /><testcase classname="unit.models.cli.test_model_cli_result.TestModelCliResultStatusMethods" name="test_is_success_true" time="0.000" /><testcase classname="unit.models.cli.test_model_cli_result.TestModelCliResultStatusMethods" name="test_is_success_false_with_exit_code" time="0.000" /><testcase classname="unit.models.cli.test_model_cli_output_data.TestModelCliOutputDataValueAccessors" name="test_get_field_value_default_empty_string" time="0.001" /><testcase classname="unit.models.cli.test_model_cli_execution_metadata.TestModelCliExecutionMetadataFactoryMethods" name="test_create_tagged" time="0.023" /><testcase classname="unit.models.cli.test_model_cli_execution_metadata.TestModelCliExecutionMetadataFactoryMethods" name="test_create_tagged_empty_list" time="0.000" /><testcase classname="unit.models.cli.test_model_cli_execution_metadata.TestModelCliExecutionMetadataFactoryMethods" name="test_create_with_context" time="0.000" /><testcase classname="unit.models.cli.test_model_cli_execution_metadata.TestModelCliExecutionMetadataFactoryMethods" name="test_create_with_context_empty_dict" time="0.000" /><testcase classname="unit.models.cli.test_model_cli_output_data.TestModelCliOutputDataValueAccessors" name="test_set_field_value" time="0.000" /><testcase classname="unit.models.cli.test_model_cli_output_data.TestModelCliOutputDataValueAccessors" name="test_set_field_value_overwrites" time="0.001" /><testcase classname="unit.models.cli.test_model_cli_output_data.TestModelCliOutputDataFactoryMethods" name="test_create_simple_minimal" time="0.000" /><testcase classname="unit.models.cli.test_model_cli_output_data.TestModelCliOutputDataFactoryMethods" name="test_create_simple_with_stdout" time="0.000" /><testcase classname="unit.models.cli.test_model_cli_output_data.TestModelCliOutputDataFactoryMethods" name="test_create_simple_with_stderr" time="0.000" /><testcase classname="unit.models.cli.test_model_cli_output_data.TestModelCliOutputDataFactoryMethods" name="test_create_simple_with_error_status" time="0.002" /><testcase classname="unit.models.cli.test_model_cli_output_data.TestModelCliOutputDataFactoryMethods" name="test_create_with_results_empty" time="0.000" /><testcase classname="unit.models.cli.test_model_cli_output_data.TestModelCliOutputDataFactoryMethods" name="test_create_with_results_single" time="0.000" /><testcase classname="unit.models.cli.test_model_cli_output_data.TestModelCliOutputDataFactoryMethods" name="test_create_with_results_multiple" time="0.000" /><testcase classname="unit.models.cli.test_model_cli_output_data.TestModelCliOutputDataFactoryMethods" name="test_create_with_results_and_error_status" time="0.000" /><testcase classname="unit.models.cli.test_model_cli_output_data.TestModelCliOutputDataProtocols" name="test_serialize" time="0.000" /><testcase classname="unit.models.cli.test_model_cli_output_data.TestModelCliOutputDataProtocols" name="test_serialize_with_results" time="0.000" /><testcase classname="unit.models.cli.test_model_cli_output_data.TestModelCliOutputDataProtocols" name="test_get_name_default" time="0.000" /><testcase classname="unit.models.cli.test_model_cli_output_data.TestModelCliOutputDataProtocols" name="test_validate_instance" time="0.000" /><testcase classname="unit.models.cli.test_model_cli_output_data.TestModelCliOutputDataEdgeCases" name="test_result_with_special_characters" time="0.000" /><testcase classname="unit.models.cli.test_model_cli_output_data.TestModelCliOutputDataEdgeCases" name="test_result_with_unicode" time="0.000" /><testcase classname="unit.models.cli.test_model_cli_output_data.TestModelCliOutputDataEdgeCases" name="test_large_stdout" time="0.000" /><testcase classname="unit.models.cli.test_model_cli_output_data.TestModelCliOutputDataEdgeCases" name="test_negative_execution_time" time="0.000" /><testcase classname="unit.models.cli.test_model_cli_output_data.TestModelCliOutputDataEdgeCases" name="test_zero_execution_time" time="0.000" /><testcase classname="unit.models.cli.test_model_cli_output_data.TestModelCliOutputDataEdgeCases" name="test_large_execution_time" time="0.000" /><testcase classname="unit.models.cli.test_model_cli_output_data.TestModelCliOutputDataEdgeCases" name="test_multiple_file_operations_same_file" time="0.000" /><testcase classname="unit.models.cli.test_model_cli_result.TestModelCliResultStatusMethods" name="test_is_failure_true" time="0.000" /><testcase classname="unit.models.cli.test_model_cli_result.TestModelCliResultStatusMethods" name="test_is_failure_false" time="0.001" /><testcase classname="unit.models.cli.test_model_cli_result.TestModelCliResultStatusMethods" name="test_has_errors_with_error_message" time="0.000" /><testcase classname="unit.models.cli.test_model_cli_result.TestModelCliResultStatusMethods" name="test_has_errors_with_validation_errors" time="0.000" /><testcase classname="unit.models.cli.test_model_cli_result.TestModelCliResult
[...]
l_cli_action.TestModelCliActionEdgeCases" name="test_whitespace_handling" time="0.000" /><testcase classname="unit.models.core.test_model_cli_action.TestModelCliAction" name="test_model_repr" time="0.001" /><testcase classname="unit.models.core.test_model_cli_action.TestModelCliAction" name="test_model_json_serialization" time="0.001" /><testcase classname="unit.models.core.test_model_base_result.TestModelBaseResultBranchCoverage" name="test_model_dump_metadata_exists_and_is_generic_metadata" time="0.000" /><testcase classname="unit.models.core.test_model_cli_action.TestModelCliAction" name="test_category_field_accepts_none_and_enum_values" time="0.001" /><testcase classname="unit.models.core.test_model_cli_action.TestModelCliAction" name="test_get_qualified_name_method" time="0.000" /><testcase classname="unit.models.core.test_model_cli_action.TestModelCliActionEdgeCases" name="test_very_long_strings" time="0.000" /><testcase classname="unit.models.core.test_model_base_result.TestModelBaseResultBranchCoverage" name="test_parse_obj_dict_without_metadata_key" time="0.001" /><testcase classname="unit.models.core.test_model_cli_action.TestModelCliActionEdgeCases" name="test_none_values_for_optional_fields" time="0.002" /><testcase classname="unit.models.core.test_model_cli_action.TestModelCliAction" name="test_required_fields_validation" time="0.001" /><testcase classname="unit.models.core.test_model_cli_adapter.TestExitWithStatus" name="test_exit_with_status_success" time="0.001" /><testcase classname="unit.models.core.test_model_cli_action.TestModelCliAction" name="test_matches_action_id_method" time="0.000" /><testcase classname="unit.models.core.test_model_cli_action.TestModelCliAction" name="test_matches_method" time="0.001" /><testcase classname="unit.models.core.test_model_base_result.TestModelBaseResultBranchCoverage" name="test_parse_obj_dict_with_metadata_dict_needs_conversion" time="0.000" /><testcase classname="unit.models.core.test_model_cli_action.TestModelCliAction" name="test_model_deserialization" time="0.000" /><testcase classname="unit.models.core.test_model_cli_action.TestModelCliAction" name="test_model_equality" time="0.001" /><testcase classname="unit.models.core.test_model_cli_action.TestModelCliActionEdgeCases" name="test_unicode_characters" time="0.001" /><testcase classname="unit.models.core.test_model_cli_action.TestModelCliAction" name="test_optional_fields_defaults" time="0.001" /><testcase classname="unit.mixins.test_mixin_hybrid_execution.TestExecuteWithModeSelection" name="test_execute_with_unknown_mode_falls_back_to_direct" time="0.001" /><testcase classname="unit.mixins.test_mixin_hybrid_execution.TestExecuteDirect" name="test_execute_direct_calls_process" time="0.000" /><testcase classname="unit.mixins.test_mixin_hybrid_execution.TestExecuteDirect" name="test_execute_direct_logging" time="0.001" /><testcase classname="unit.mixins.test_mixin_hybrid_execution.TestExecuteWorkflow" name="test_execute_workflow_success" time="0.001" /><testcase classname="unit.mixins.test_mixin_hybrid_execution.TestExecuteWorkflow" name="test_execute_workflow_without_create_method_falls_back" time="0.001" /><testcase classname="unit.mixins.test_mixin_hybrid_execution.TestExecuteWorkflow" name="test_execute_workflow_without_llama_index_falls_back" time="0.001" /><testcase classname="unit.mixins.test_mixin_hybrid_execution.TestExecuteWorkflow" name="test_execute_workflow_failure_falls_back_to_direct" time="0.001" /><testcase classname="unit.mixins.test_mixin_hybrid_execution.TestExecuteWorkflow" name="test_execute_workflow_records_metrics" time="0.004" /><testcase classname="unit.mixins.test_mixin_hybrid_execution.TestExecuteOrchestrated" name="test_execute_orchestrated_falls_back_to_workflow" time="0.002" /><testcase classname="unit.models.core.test_model_cli_action.TestModelCliActionEdgeCases" name="test_empty_string_fields" time="0.000" /><testcase classname="unit.mixins.test_mixin_hybrid_execution.TestCalculateComplexity" name="test_complexity_zero_for_simple_input" time="0.000" /><testcase classname="unit.mixins.test_mixin_hybrid_execution.TestCalculateComplexity" name="test_complexity_includes_large_data_size" time="0.001" /><testcase classname="unit.models.core.test_model_cli_action.TestModelCliActionEdgeCases" name="test_special_characters_in_allowed_fields" time="0.001" /><testcase classname="unit.models.core.test_model_cli_action.TestModelCliActionEdgeCases" name="test_factory_method_with_invalid_pattern" time="0.001" /><testcase classname="unit.models.core.test_model_cli_adapter.TestExitWithStatus" name="test_exit_with_status_error" time="0.009" /><testcase classname="unit.models.core.test_model_cli_adapter.TestExitWithStatus" name="test_exit_with_status_warning" time="0.004" /><testcase classname="unit.models.core.test_model_cli_adapter.TestExitWithStatus" name="test_exit_with_status_with_message_warning" time="0.006" /><testcase classname="unit.models.core.test_model_cli_adapter.TestExitWithStatus" name="test_exit_with_status_unknown" time="0.004" /><testcase classname="unit.models.core.test_model_cli_adapter.TestExitWithStatus" name="test_exit_with_status_with_message_success" time="0.005" /><testcase classname="unit.models.core.test_model_cli_adapter.TestExitWithStatus" name="test_exit_with_status_empty_message_no_logging" time="0.001" /><testcase classname="unit.models.core.test_model_cli_adapter.TestExitWithStatus" name="test_exit_with_status_with_message_error" time="0.004" /><testcase classname="unit.models.core.test_model_cli_adapter.TestExitWithError" name="test_exit_with_error_basic" time="0.005" /><testcase classname="unit.models.core.test_model_cli_adapter.TestExitWithError" name="test_exit_with_error_logs_exit_code" time="0.001" /><testcase classname="unit.models.core.test_model_cli_adapter.TestExitWithError" name="test_exit_with_error_with_context" time="0.001" /><testcase classname="unit.models.core.test_model_cli_adapter.TestAdapterStaticMethods" name="test_exit_with_status_is_static" time="0.001" /><testcase classname="unit.models.core.test_model_cli_adapter.TestExitWithError" name="test_exit_with_error_logs_error_code" time="0.001" /><testcase classname="unit.models.core.test_model_cli_adapter.TestAdapterExportedSymbols" name="test_adapter_class_exported" time="0.000" /><testcase classname="unit.models.core.test_model_cli_adapter.TestAdapterIntegration" name="test_error_with_all_fields_logs_completely" time="0.001" /><testcase classname="unit.models.core.test_model_cli_adapter.TestAdapterStaticMethods" name="test_exit_with_error_is_static" time="0.001" /><testcase classname="unit.models.core.test_model_cli_adapter.TestExitWithError" name="test_exit_with_error_without_error_code" time="0.001" /><testcase classname="unit.models.core.test_model_cli_adapter.TestAdapterExportedSymbols" name="test_only_expected_symbols_exported" time="0.001" /><testcase classname="unit.models.core.test_model_cli_adapter.TestAdapterIntegration" name="test_multiple_status_types_map_correctly" time="0.001" /><testcase classname="unit.models.core.test_model_cli_adapter.TestAdapterIntegration" name="test_status_and_error_exit_codes_consistent" time="0.002" /><testcase classname="unit.models.core.test_model_cli_command_definition.TestModelCliCommandDefinitionCreation" name="test_category_allows_underscores" time="0.000" /><testcase classname="unit.models.core.test_model_cli_command_definition.TestModelCliCommandDefinitionCreation" name="test_command_name_validation_pattern" time="0.001" /><testcase classname="unit.models.core.test_model_cli_command_definition.TestModelCliCommandDefinitionCreation" name="test_command_definition_creation_full" time="0.001" /><testcase classname="unit.models.core.test_model_cli_command_definition.TestModelCliCommandDefinitionCreation" name="test_command_definition_creation_minimal" time="0.001" /><testcase classname="unit.models.core.test_model_cli_command_definition.TestModelCliCommandDefinitionCreation" name="test_command_name_validation_lowercase_start" time="0.001" /><testcase classname="unit.models.core.test_model_cli_command_definition.TestQualifiedName" name="test_get_qualified_name_local_node" time="0.001" /><testcase classname="unit.models.core.test_model_cli_command_definition.TestModelCliCommandDefinitionCreation" name="test_command_name_allows_hyphens_and_underscores" time="0.001" /><testcase classname="unit.models.core.test_model_cli_command_definition.TestQualifiedName" name="test_get_qualified_name_with_namespace" time="0.001" /><testcase classname="unit.models.core.test_model_cli_command_definition.TestHelpTextGeneration" name="test_get_help_text_with_required_args" time="0.001" /><testcase classname="unit.models.core.test_model_cli_command_definition.TestModelCliCommandDefinitionCreation" name="test_category_validation_pattern" time="0.001" /><testcase classname="unit.models.core.test_model_cli_command_definition.TestQualifiedName" name="test_get_qualified_name_empty_namespace" time="0.000" /><testcase classname="unit.models.core.test_model_cli_command_definition.TestCommandMatching" name="test_matches_command_simple_name" time="0.001" /><testcase classname="unit.models.core.test_model_cli_command_definition.TestHelpTextGeneration" name="test_get_help_text_with_optional_args" time="0.001" /><testcase classname="unit.models.core.test_model_cli_command_definition.TestHelpTextGeneration" name="test_get_help_text_basic" time="0.001" /><testcase classname="unit.models.core.test_model_cli_command_definition.TestHelpTextGeneration" name="test_get_help_text_with_examples" time="0.001" /><testcase classname="unit.models.core.test_model_cli_command_definition.TestHelpTextGeneration" name="test_get_help_text_deprecated_command" time="0.001" /><testcase classname="unit.models.core.test_model_cli_command_definition.TestHelpTextGeneration" name="test_get_help_text_comprehensive" time="0.000" /><testcase classname="unit.models.core.test_model_cli_command_definition.TestHelpTextGeneration" name="test_get_help_text_deprecated_without_message" time="0.001" /><testcase classname="unit.models.core.test_model_cli_command_definition.TestCommandMatching" name="test_matches_command_case_sensitive" time="0.000" /><testcase classname="unit.models.core.test_model_cli_command_definition.TestCommandDefinitionIntegration" name="test_command_with_multiple_optional_args" time="0.000" /><testcase classname="unit.models.core.test_model_cli_command_definition.TestCommandDefinitionIntegration" name="test_command_serialization_deserialization" time="0.000" /><testcase classname="unit.models.core.test_model_cli_command_registry.TestCommandRegistration" name="test_register_single_command" time="0.001" /><testcase classname="unit.models.core.test_model_cli_command_registry.TestModelCliCommandRegistryCreation" name="test_registry_initialization_defaults" time="0.001" /><testcase classname="unit.models.core.test_model_cli_command_definition.TestCommandMatching" name="test_matches_command_qualified_name" time="0.001" /><testcase classname="unit.models.core.test_model_cli_command_definition.TestCommandDefinitionIntegration" name="test_command_with_multiple_required_args" time="0.000" /><testcase classname="unit.models.core.test_model_cli_command_registry.TestCommandRegistration" name="test_register_command_with_qualified_name" time="0.000" /><testcase classname="unit.models.core.test_model_cli_command_registry.TestCommandRegistration" name="test_register_multiple_commands_same_category" time="0.000" /><testcase classname="unit.models.core.test_model_cli_command_registry.TestCommandRegistration" name="test_register_command_no_duplicates_in_node_list" time="0.000" /><testcase classname="unit.models.core.test_model_cli_command_registry.TestModelCliCommandRegistryCreation" name="test_registry_initialization_with_data" time="0.000" /><testcase classname="unit.models.core.test_model_cli_command_registry.TestCommandRegistration" name="test_register_multiple_commands_same_node" time="0.000" /><testcase classname="unit.models.core.test_model_cli_command_registry.TestCommandRetrieval" name="test_get_command_by_simple_name" time="0.000" /><testcase classname="unit.models.core.test_model_cli_command_registry.TestCommandRetrieval" name="test_get_commands_for_node_not_found" time="0.002" /><testcase classname="unit.models.core.test_model_cli_command_registry.TestCommandRegistration" name="test_register_command_no_duplicates_in_category_list" time="0.001" /><testcase classname="unit.models.core.test_model_cli_command_registry.TestCommandRetrieval" name="test_get_command_by_qualified_name" time="0.000" /><testcase classname="unit.models.core.test_model_cli_command_registry.TestCommandRetrieval" name="test_get_command_not_found" time="0.000" /><testcase classname="unit.models.core.test_model_cli_command_registry.TestCommandRetrieval" name="test_get_commands_by_category" time="0.000" /><testcase classname="unit.models.core.test_model_cli_command_registry.TestCommandRetrieval" name="test_get_commands_for_node" time="0.001" /><testcase classname="unit.models.core.test_model_cli_command_registry.TestCommandRetrieval" name="test_get_commands_by_category_not_found" time="0.000" /><testcase classname="unit.models.core.test_model_cli_command_registry.TestCommandRetrieval" name="test_get_all_commands_no_duplicates_with_qualified_names" time="0.001" /><testcase classname="unit.models.core.test_model_cli_command_registry.TestCommandDiscovery" name="test_discover_from_contracts_skips_non_node_dirs" time="0.002" /><testcase classname="unit.models.core.test_model_cli_command_registry.TestCommandDiscovery" name="test_discover_from_contract_file_with_valid_yaml" time="0.006" /><testcase classname="unit.models.core.test_model_cli_command_registry.TestCommandRetrieval" name="test_get_all_commands" time="0.001" /><testcase classname="unit.models.core.test_model_cli_command_registry.TestCommandRetrieval" name="test_get_command_names" time="0.001" /><testcase classname="unit.models.core.test_model_cli_command_registry.TestCommandDiscovery" name="test_discover_from_contracts_path_not_exists" time="0.000" /><testcase classname="unit.models.core.test_model_cli_command_registry.TestCommandDiscovery" name="test_discover_from_contract_file_no_cli_interface" time="0.004" /><testcase classname="unit.models.core.test_model_cli_command_registry.TestCommandDiscovery" name="test_discover_from_contract_file_invalid_yaml" time="0.004" /><testcase classname="unit.models.core.test_model_cli_command_registry.TestCommandDiscovery" name="test_discover_from_contract_file_empty_commands" time="0.003" /><testcase classname="unit.models.core.test_model_cli_command_registry.TestCommandDiscovery" name="test_discover_from_contracts_empty_directory" time="0.001" /><testcase classname="unit.models.core.test_model_cli_command_registry.TestCommandDiscovery" name="test_discover_from_contract_file_with_simple_string_format" time="0.006" /><testcase classname="unit.models.core.test_model_cli_command_registry.TestCommandDiscovery" name="test_create_command_from_contract_dict_uses_name_fallback" time="0.007" /><testcase classname="unit.models.core.test_model_cli_command_registry.TestCommandDiscovery" name="test_create_command_from_contract_dict_format" time="0.001" /><testcase classname="unit.models.core.test_model_cli_command_registry.TestCommandDiscovery" name="test_create_command_from_contract_string_format" time="0.002" /><testcase classname="unit.models.core.test_model_cli_command_registry.TestCommandDiscovery" name="test_create_command_from_contract_dict_missing_name" time="0.000" /><testcase classname="unit.mixins.test_mixin_hybrid_execution.TestCalculateComplexity" name="test_complexity_includes_medium_data_size" time="0.001" /><testcase classname="unit.mixins.test_mixin_hybrid_execution.TestCalculateComplexity" name="test_complexity_includes_many_operations" time="0.001" /><testcase classname="unit.mixins.test_mixin_hybrid_execution.TestCalculateComplexity" name="test_complexity_includes_dependencies" time="0.001" /><testcase classname="unit.mixins.test_mixin_hybrid_execution.TestCalculateComplexity" name="test_complexity_includes_iterations" time="0.001" /><testcase classname="unit.mixins.test_mixin_hybrid_execution.TestCalculateComplexity" name="test_complexity_caps_at_one" time="0.000" /><testcase classname="unit.mixins.test_mixin_hybrid_execution.TestCalculateComplexity" name="test_complexity_without_model_dump" time="0.000" /><testcase classname="unit.mixins.test_mixin_hybrid_execution.TestGetSupportedModes" name="test_supported_modes_from_contract" time="0.000" /><testcase classname="unit.mixins.test_mixin_hybrid_execution.TestGetSupportedModes" name="test_supported_modes_default_when_no_contract" time="0.000" /><testcase classname="unit.mixins.test_mixin_hybrid_execution.TestGetSupportedModes" name="test_supported_modes_empty_contract_uses_default" time="0.000" /><testcase classname="unit.mixins.test_mixin_hybrid_execution.TestGetSupportedModes" name="test_supported_modes_no_contract_data_attribute" time="0.000" /><testcase classname="unit.mixins.test_mixin_hybrid_execution.TestSupportsMode" name="test_supports_mode_direct" time="0.000" /><testcase classname="unit.mixins.test_mixin_hybrid_execution.TestSupportsMode" name="test_supports_mode_workflow" time="0.000" /><testcase classname="unit.mixins.test_mixin_hybrid_execution.TestSupportsMode" name="test_supports_mode_custom_modes" time="0.000" /><testcase classname="unit.mixins.test_mixin_hybrid_execution.TestPropertiesAccessors" name="test_execution_mode_property" time="0.000" /><testcase classname="unit.mixins.test_mixin_hybrid_execution.TestPropertiesAccessors" name="test_workflow_metrics_property" time="0.034" /><testcase classname="unit.mixins.test_mixin_hybrid_execution.TestCreateWorkflowDefault" name="test_create_workflow_returns_none_by_default" time="0.000" /><testcase classname="unit.mixins.test_mixin_hybrid_execution.TestCreateWorkflowDefault" name="test_create_workflow_logs_warning" time="0.000" /><testcase classname="unit.mixins.test_mixin_hybrid_execution.TestProcessNotImplemented" name="test_process_must_be_implemented" time="0.000" /><testcase classname="unit.mixins.test_mixin_hybrid_execution.TestEdgeCases" name="test_execute_with_none_mode" time="0.000" /><testcase classname="unit.mixins.test_mixin_hybrid_execution.TestEdgeCases" name="test_multiple_executions_update_mode" time="0.009" /><testcase classname="unit.mixins.test_mixin_hybrid_execution.TestEdgeCases" name="test_complexity_with_empty_operations_list" time="0.001" /><testcase classname="unit.mixins.test_mixin_hybrid_execution.TestEdgeCases" name="test_complexity_with_exactly_5_operations" time="0.000" /><testcase classname="unit.mixins.test_mixin_hybrid_execution.TestEdgeCases" name="test_complexity_with_exactly_6_operations" time="0.000" /><testcase classname="unit.mixins.test_mixin_hybrid_execution.TestEdgeCases" name="test_workflow_with_failed_event_loop" time="0.000" /><testcase classname="unit.mixins.test_mixin_introspection_publisher.TestMixinIntrospectionPublisher" name="test_initialization" time="0.000" /><testcase classname="unit.mixins.test_mixin_introspection_publisher.TestMixinIntrospectionPublisher" name="test_extract_node_name_from_class" time="0.000" /><testcase classname="unit.mixins.test_mixin_introspection_publisher.TestMixinIntrospectionPublisher" name="test_extract_node_name_with_node_prefix" time="0.000" /><testcase classname="unit.mixins.test_mixin_introspection_publisher.TestMixinIntrospectionPublisher" name="test_extract_node_name_with_metadata_loader" time="0.000" /><testcase classname="unit.mixins.test_mixin_introspection_publisher.TestMixinIntrospectionPublisher" name="test_extract_node_name_with_namespace" time="0.000" /><testcase classname="unit.mixins.test_mixin_introspection_publisher.TestMixinIntrospectionPublisher" name="test_extract_node_version_default" time="0.000" /></testsuite></testsuites>
