<?xml version="1.0" encoding="utf-8"?><testsuites name="pytest tests"><testsuite name="pytest" errors="0" failures="3" skipped="2" tests="1242" time="158.681" timestamp="2025-10-19T15:05:37.501928-04:00" hostname="Stickybeatz.local"><testcase classname="" name="unit.models.discovery.test_unified_discovery_system" time="0.000"><skipped message="collection skipped">('/Volumes/PRO-G40/Code/omnibase_core/tests/unit/models/discovery/test_unified_discovery_system.py', 48, 'Skipped: Tools not yet implemented: ToolDiscoveryCoordinator, ToolUnifiedDiscovery')</skipped></testcase><testcase classname="" name="unit.validation.test_validation_performance" time="0.000"><skipped message="collection skipped">('/Volumes/PRO-G40/Code/omnibase_core/tests/unit/validation/test_validation_performance.py', 36, "Skipped: Could not import validation modules: No module named 'validate_contracts'")</skipped></testcase><testcase classname="unit.types.test_typed_dict_usage_metadata.TestTypedDictUsageMetadata" name="test_typed_dict_usage_metadata_immutability" time="0.002" /><testcase classname="unit.types.test_typed_dict_usage_metadata.TestTypedDictUsageMetadata" name="test_typed_dict_usage_metadata_nested_metadata" time="0.001" /><testcase classname="unit.types.test_typed_dict_validation_metadata_type.TestTypedDictValidationMetadataType" name="test_typed_dict_validation_metadata_type_empty" time="0.001" /><testcase classname="unit.types.test_typed_dict_validation_metadata_type.TestTypedDictValidationMetadataType" name="test_typed_dict_validation_metadata_type_with_protocols_found" time="0.001" /><testcase classname="unit.types.test_util_datetime_parser.TestUtilDatetimeParser" name="test_parse_datetime_with_none" time="0.002" /><testcase classname="unit.types.test_util_datetime_parser.TestUtilDatetimeParser" name="test_parse_datetime_with_non_string_non_datetime" time="0.000" /><testcase classname="unit.types.test_util_datetime_parser.TestUtilDatetimeParser" name="test_parse_datetime_with_different_iso_formats" time="0.000" /><testcase classname="unit.types.test_util_datetime_parser.TestUtilDatetimeParser" name="test_parse_datetime_consistency" time="0.001" /><testcase classname="unit.types.test_util_datetime_parser.TestUtilDatetimeParser" name="test_parse_datetime_with_microseconds" time="0.000" /><testcase classname="unit.types.test_util_datetime_parser.TestUtilDatetimeParser" name="test_parse_datetime_with_timezone_info" time="0.001" /><testcase classname="unit.utils.test_util_contract_loader_part1.TestLoadContract" name="test_load_contract_caching" time="0.012" /><testcase classname="unit.utils.test_safe_yaml_loader.TestExtractExampleFromSchema" name="test_extract_example_file_not_found" time="0.010" /><testcase classname="unit.types.test_typed_dict_validation_metadata_type.TestTypedDictValidationMetadataType" name="test_typed_dict_validation_metadata_type_with_recommendations" time="0.001" /><testcase classname="unit.types.test_typed_dict_validation_metadata_type.TestTypedDictValidationMetadataType" name="test_typed_dict_validation_metadata_type_with_signature_hashes" time="0.000" /><testcase classname="unit.types.test_typed_dict_validation_metadata_type.TestTypedDictValidationMetadataType" name="test_typed_dict_validation_metadata_type_with_file_count" time="0.000" /><testcase classname="unit.types.test_typed_dict_validation_metadata_type.TestTypedDictValidationMetadataType" name="test_typed_dict_validation_metadata_type_with_duplication_count" time="0.000" /><testcase classname="unit.types.test_typed_dict_validation_metadata_type.TestTypedDictValidationMetadataType" name="test_typed_dict_validation_metadata_type_with_suggestions" time="0.000" /><testcase classname="unit.utils.test_util_bootstrap.TestEmitLogEvent" name="test_emit_log_event_get_logging_service_raises_exception" time="0.001" /><testcase classname="unit.utils.test_util_bootstrap.TestEmitLogEvent" name="test_emit_log_event_emit_raises_exception" time="0.000" /><testcase classname="unit.utils.test_util_bootstrap.TestEmitLogEvent" name="test_emit_log_event_all_log_levels" time="0.001" /><testcase classname="unit.utils.test_util_bootstrap.TestEmitLogEvent" name="test_emit_log_event_with_kwargs" time="0.000" /><testcase classname="unit.utils.test_util_bootstrap.TestEmitLogEventSync" name="test_emit_log_event_sync_success" time="0.000" /><testcase classname="unit.utils.test_util_bootstrap.TestEmitLogEventSync" name="test_emit_log_event_sync_with_default_event_type" time="0.000" /><testcase classname="unit.utils.test_util_bootstrap.TestEmitLogEventSync" name="test_emit_log_event_sync_service_missing_method" time="0.000" /><testcase classname="unit.utils.test_util_bootstrap.TestEmitLogEventSync" name="test_emit_log_event_sync_get_logging_service_raises_exception" time="0.000" /><testcase classname="unit.utils.test_util_bootstrap.TestEmitLogEventSync" name="test_emit_log_event_sync_emit_raises_exception" time="0.000" /><testcase classname="unit.utils.test_util_bootstrap.TestEmitLogEventSync" name="test_emit_log_event_sync_with_kwargs" time="0.000" /><testcase classname="unit.utils.test_util_bootstrap.TestGetRegistryNode" name="test_get_registry_node_success" time="0.002" /><testcase classname="unit.utils.test_util_bootstrap.TestGetRegistryNode" name="test_get_registry_node_import_error" time="0.000" /><testcase classname="unit.utils.test_util_bootstrap.TestGetRegistryNode" name="test_get_registry_node_handles_missing_module" time="0.000" /><testcase classname="unit.utils.test_util_bootstrap.TestGetFallbackService" name="test_get_fallback_service_logger_protocol" time="0.000" /><testcase classname="unit.utils.test_util_bootstrap.TestGetFallbackService" name="test_get_fallback_service_logger_in_name" time="0.000" /><testcase classname="unit.utils.test_util_contract_loader_part1.TestValidateYamlContentSecurity" name="test_validate_safe_yaml_content" time="0.003" /><testcase classname="unit.utils.test_util_contract_loader_part1.TestValidateYamlContentSecurity" name="test_validate_yaml_size_limit" time="0.006" /><testcase classname="unit.utils.test_util_contract_loader_part1.TestValidateYamlContentSecurity" name="test_validate_detects_python_object_instantiation" time="0.002" /><testcase classname="unit.utils.test_util_contract_loader_part1.TestValidateYamlContentSecurity" name="test_validate_detects_eval" time="0.001" /><testcase classname="unit.utils.test_safe_yaml_loader.TestLoadAndValidateYamlModel" name="test_load_yaml_custom_validation_fails" time="0.011" /><testcase classname="unit.utils.test_safe_yaml_loader.TestLoadAndValidateYamlModel" name="test_load_yaml_unicode_content" time="0.001" /><testcase classname="unit.utils.test_safe_yaml_loader.TestLoadYamlContentAsModel" name="test_load_simple_yaml_content" time="0.000" /><testcase classname="unit.utils.test_safe_yaml_loader.TestLoadYamlContentAsModel" name="test_load_empty_yaml_content" time="0.000" /><testcase classname="unit.utils.test_safe_yaml_loader.TestLoadYamlContentAsModel" name="test_load_yaml_content_validation_error" time="0.000" /><testcase classname="unit.utils.test_safe_yaml_loader.TestLoadYamlContentAsModel" name="test_load_yaml_content_parsing_error" time="0.001" /><testcase classname="unit.utils.test_safe_yaml_loader.TestLoadYamlContentAsModel" name="test_load_nested_yaml_content" time="0.000" /><testcase classname="unit.utils.test_safe_yaml_loader.TestLoadYamlContentAsModel" name="test_load_yaml_content_unicode" time="0.000" /><testcase classname="unit.utils.test_safe_yaml_loader.TestSerializePydanticModelToYaml" name="test_serialize_simple_model" time="0.002" /><testcase classname="unit.utils.test_decorators.TestDecorators" name="test_allow_any_type_decorator" time="0.004" /><testcase classname="unit.utils.test_decorators.TestDecorators" name="test_allow_any_type_multiple_reasons" time="0.001" /><testcase classname="unit.utils.test_decorators.TestDecorators" name="test_allow_dict_str_any_decorator" time="0.001" /><testcase classname="unit.utils.test_util_contract_loader_part1.TestValidateYamlContentSecurity" name="test_validate_detects_exec" time="0.001" /><testcase classname="unit.utils.test_safe_yaml_loader.TestSerializePydanticModelToYaml" name="test_serialize_nested_model" time="0.012" /><testcase classname="unit.utils.test_util_contract_loader_part1.TestValidateYamlContentSecurity" name="test_validate_detects_import" time="0.001" /><testcase classname="unit.utils.test_util_contract_loader_part1.TestLoadContract" name="test_load_contract_resolves_path" time="0.004" /><testcase classname="unit.utils.test_util_contract_loader_part1.TestLoadContract" name="test_load_malformed_yaml_raises_error" time="0.006" /><testcase classname="unit.utils.test_safe_yaml_loader.TestExtractExampleFromSchema" name="test_extract_example_malformed_yaml" time="0.001" /><testcase classname="unit.utils.test_safe_yaml_loader_branches.TestLoadAndValidateYamlModelExceptionBranches" name="test_load_yaml_file_not_found" time="0.000" /><testcase classname="unit.utils.test_safe_yaml_loader_branches.TestLoadAndValidateYamlModelExceptionBranches" name="test_load_yaml_validation_error" time="0.001" /><testcase classname="unit.utils.test_safe_yaml_loader_branches.TestLoadYamlContentAsModelExceptionBranches" name="test_load_content_validation_error" time="0.000" /><testcase classname="unit.utils.test_safe_yaml_loader_branches.TestSerializePydanticModelToYamlBranches" name="test_serialize_model_without_to_serializable_dict" time="0.002" /><testcase classname="unit.utils.test_safe_yaml_loader_branches.TestSerializePydanticModelToYamlBranches" name="test_serialize_model_with_to_serializable_dict" time="0.002" /><testcase classname="unit.utils.test_safe_yaml_loader_branches.TestSerializePydanticModelToYamlBranches" name="test_serialize_model_with_comment_prefix" time="0.001" /><testcase classname="unit.utils.test_decorators.TestDecorators" name="test_allow_dict_str_any_multiple_reasons" time="0.001" /><testcase classname="unit.types.test_typed_dict_validation_metadata_type.TestTypedDictValidationMetadataType" name="test_typed_dict_validation_metadata_type_with_total_unions" time="0.000" /><testcase classname="unit.types.test_typed_dict_validation_metadata_type.TestTypedDictValidationMetadataType" name="test_typed_dict_validation_metadata_type_with_violations_found" time="0.000" /><testcase classname="unit.types.test_typed_dict_validation_metadata_type.TestTypedDictValidationMetadataType" name="test_typed_dict_validation_metadata_type_with_message" time="0.000" /><testcase classname="unit.types.test_typed_dict_validation_metadata_type.TestTypedDictValidationMetadataType" name="test_typed_dict_validation_metadata_type_with_validation_type" time="0.000" /><testcase classname="unit.types.test_typed_dict_validation_metadata_type.TestTypedDictValidationMetadataType" name="test_typed_dict_validation_metadata_type_with_yaml_files_found" time="0.000" /><testcase classname="unit.types.test_typed_dict_validation_metadata_type.TestTypedDictValidationMetadataType" name="test_typed_dict_validation_metadata_type_with_manual_yaml_violations" time="0.000" /><testcase classname="unit.types.test_typed_dict_validation_metadata_type.TestTypedDictValidationMetadataType" name="test_typed_dict_validation_metadata_type_with_max_violations" time="0.000" /><testcase classname="unit.types.test_typed_dict_validation_metadata_type.TestTypedDictValidationMetadataType" name="test_typed_dict_validation_metadata_type_with_files_with_violations" time="0.000" /><testcase classname="unit.types.test_typed_dict_validation_metadata_type.TestTypedDictValidationMetadataType" name="test_typed_dict_validation_metadata_type_with_strict_mode" time="0.000" /><testcase classname="unit.types.test_typed_dict_validation_metadata_type.TestTypedDictValidationMetadataType" name="test_typed_dict_validation_metadata_type_with_error" time="0.000" /><testcase classname="unit.types.test_typed_dict_validation_metadata_type.TestTypedDictValidationMetadataType" name="test_typed_dict_validation_metadata_type_with_max_unions" time="0.000" /><testcase classname="unit.types.test_typed_dict_validation_metadata_type.TestTypedDictValidationMetadataType" name="test_typed_dict_validation_metadata_type_with_complex_patterns" time="0.000" /><testcase classname="unit.types.test_typed_dict_validation_metadata_type.TestTypedDictValidationMetadataType" name="test_typed_dict_validation_metadata_type_complete" time="0.000" /><testcase classname="unit.types.test_typed_dict_validation_metadata_type.TestTypedDictValidationMetadataType" name="test_typed_dict_validation_metadata_type_partial_fields" time="0.000" /><testcase classname="unit.types.test_typed_dict_validation_metadata_type.TestTypedDictValidationMetadataType" name="test_typed_dict_validation_metadata_type_zero_values" time="0.000" /><testcase classname="unit.utils.test_safe_yaml_loader_branches.TestDumpYamlContentErrorHandling" name="test_dump_yaml_content_yaml_error" time="0.007" /><testcase classname="unit.utils.test_decorators.TestDecorators" name="test_both_decorators_together" time="0.001" /><testcase classname="unit.utils.test_safe_yaml_loader_branches.TestSerializePydanticModelToYamlBranches" name="test_serialize_model_with_empty_comment_prefix" time="0.002" /><testcase classname="unit.utils.test_safe_yaml_loader_branches.TestSerializePydanticModelToYamlBranches" name="test_serialize_model_with_yaml_options" time="0.001" /><testcase classname="unit.types.test_typed_dict_validation_metadata_type.TestTypedDictValidationMetadataType" name="test_typed_dict_validation_metadata_type_large_values" time="0.001" /><testcase classname="unit.types.test_typed_dict_validation_metadata_type.TestTypedDictValidationMetadataType" name="test_typed_dict_validation_metadata_type_empty_lists" time="0.000" /><testcase classname="unit.types.test_typed_dict_validation_metadata_type.TestTypedDictValidationMetadataType" name="test_typed_dict_validation_metadata_type_boolean_values" time="0.004" /><testcase classname="unit.utils.test_util_contract_loader_part1.TestValidateYamlContentSecurity" name="test_validate_nesting_depth_safe" time="0.000" /><testcase classname="unit.utils.test_util_contract_loader_part1.TestValidateYamlContentSecurity" name="test_validate_nesting_depth_excessive" time="0.001" /><testcase classname="unit.utils.test_util_contract_loader_part1.TestLoadContract" name="test_load_empty_contract_raises_error" time="0.002" /><testcase classname="unit.utils.test_util_contract_loader_part1.TestLoadContractFile" name="test_load_contract_file_basic" time="0.001" /><testcase classname="unit.utils.test_field_converter.TestFieldConverter" name="test_field_converter_with_default_on_error" time="0.001" /><testcase classname="unit.utils.test_field_converter.TestFieldConverter" name="test_field_converter_no_default_on_error" time="0.005" /><testcase classname="unit.utils.test_safe_yaml_loader_branches.TestSerializeDataToYamlBranches" name="test_serialize_data_with_comment_prefix" time="0.000" /><testcase classname="unit.utils.test_safe_yaml_loader_branches.TestSerializeDataToYamlBranches" name="test_serialize_data_without_comment_prefix" time="0.000" /><testcase classname="unit.utils.test_safe_yaml_loader_branches.TestSerializeDataToYamlBranches" name="test_serialize_data_with_various_types" time="0.000" /><testcase classname="unit.utils.test_safe_yaml_loader_branches.TestDumpYamlContentValidationBranches" name="test_dump_yaml_content_utf8_validation_success" time="0.000" /><testcase classname="unit.utils.test_safe_yaml_loader_branches.TestDumpYamlContentValidationBranches" name="test_dump_yaml_content_basic_data" time="0.000" /><testcase classname="unit.utils.test_safe_yaml_loader_branches.TestYamlLoaderCommentPrefixEdgeCases" name="test_serialize_model_comment_prefix_empty_lines" time="0.004" /><testcase classname="unit.utils.test_util_bootstrap.TestGetFallbackService" name="test_get_fallback_service_non_logger_protocol" time="0.001" /><testcase classname="unit.utils.test_util_bootstrap.TestGetFallbackService" name="test_get_fallback_service_protocol_without_name" time="0.000" /><testcase classname="unit.utils.test_util_bootstrap.TestGetFallbackService" name="test_get_fallback_service_protocol_name_edge_cases" time="0.000" /><testcase classname="unit.utils.test_util_bootstrap.TestGetMinimalLoggingService" name="test_get_minimal_logging_service_returns_service" time="0.000" /><testcase classname="unit.utils.test_util_bootstrap.TestGetMinimalLoggingService" name="test_get_minimal_logging_service_is_functional" time="0.000" /><testcase classname="unit.utils.test_util_bootstrap.TestGetMinimalLoggingService" name="test_get_minimal_logging_service_returns_new_instance" time="0.000" /><testcase classname="unit.utils.test_util_bootstrap.TestIsServiceAvailable" name="test_is_service_available_service_exists" time="0.000" /><testcase classname="unit.utils.test_util_bootstrap.TestIsServiceAvailable" name="test_is_service_available_service_not_found" time="0.000" /><testcase classname="unit.utils.test_util_bootstrap.TestIsServiceAvailable" name="test_is_service_available_get_service_raises_exception" time="0.000" /><testcase classname="unit.utils.test_util_contract_loader_part1.TestLoadContractFile" name="test_load_contract_file_caching" time="0.001" /><testcase classname="unit.utils.test_util_contract_loader_part1.TestLoadContractFile" name="test_load_contract_file_no_cache" time="0.001" /><testcase classname="unit.utils.test_util_contract_loader_part1.TestLoadContractFile" name="test_load_contract_file_updates_on_modification" time="0.014" /><testcase classname="unit.utils.test_service_logging.TestServiceLoggingInitialization" name="test_service_logging_initialization" time="0.001" /><testcase classname="unit.utils.test_service_logging.TestServiceLoggingEmitMethods" name="test_emit_log_event_delegates_to_protocol" time="0.001" /><testcase classname="unit.utils.test_service_logging.TestServiceLoggingEmitMethods" name="test_emit_log_event_sync_delegates_to_protocol" time="0.001" /><testcase classname="unit.utils.test_service_logging.TestServiceLoggingEmitMethods" name="test_emit_log_event_async_delegates_to_protocol" time="0.000" /><testcase classname="unit.utils.test_service_logging.TestServiceLoggingTraceFunctionLifecycle" name="test_trace_function_lifecycle_delegates_to_protocol" time="0.001" /><testcase classname="unit.utils.test_service_logging.TestServiceLoggingToolLoggerProperties" name="test_tool_logger_code_block_property" time="0.000" /><testcase classname="unit.utils.test_safe_yaml_loader.TestSerializePydanticModelToYaml" name="test_serialize_with_comment_prefix" time="0.002" /><testcase classname="unit.utils.test_safe_yaml_loader.TestSerializePydanticModelToYaml" name="test_serialize_with_yaml_options" time="0.002" /><testcase classname="unit.utils.test_safe_yaml_loader.TestSerializePydanticModelToYaml" name="test_serialize_model_with_to_serializable_dict" time="0.001" /><testcase classname="unit.utils.test_field_converter.TestFieldConverter" name="test_field_converter_frozen_dataclass" time="0.001" /><testcase classname="unit.utils.test_field_converter.TestFieldConverter" name="test_field_converter_complex_validator" time="0.000" /><testcase classname="unit.utils.test_field_converter.TestFieldConverter" name="test_field_converter_none_validator" time="0.001" /><testcase classname="unit.utils.test_field_converter.TestFieldConverter" name="test_field_converter_error_context" time="0.000" /><testcase classname="unit.utils.test_util_bootstrap.TestGetAvailableServices" name="test_get_available_services_with_registry" time="0.001" /><testcase classname="unit.utils.test_util_bootstrap.TestGetAvailableServices" name="test_get_available_services_registry_no_list_services_method" time="0.000" /><testcase classname="unit.utils.test_util_bootstrap.TestGetAvailableServices" name="test_get_available_services_no_registry" time="0.000" /><testcase classname="unit.utils.test_util_bootstrap.TestGetAvailableServices" name="test_get_available_services_registry_raises_exception" time="0.000" /><testcase classname="unit.utils.test_util_bootstrap.TestGetAvailableServices" name="test_get_available_services_get_registry_node_raises_exception" time="0.000" /><testcase classname="unit.utils.test_util_bootstrap.TestGetAvailableServices" name="test_get_available_services_returns_list" time="0.000" /><testcase classname="unit.utils.test_util_bootstrap.TestBootstrapIntegration" name="test_full_bootstrap_with_registry_success" time="0.000" /><testcase classname="unit.utils.test_util_bootstrap.TestBootstrapIntegration" name="test_full_bootstrap_with_fallback_scenario" time="0.000" /><testcase classname="unit.utils.test_util_bootstrap.TestBootstrapIntegration" name="test_logging_workflow_end_to_end" time="0.000" /><testcase classname="unit.utils.test_util_bootstrap.TestBootstrapIntegration" name="test_degraded_mode_workflow" time="0.000" /><testcase classname="unit.utils.test_util_bootstrap.TestBootstrapEdgeCases" name="test_empty_protocol_type" time="0.000" /><testcase classname="unit.utils.test_util_bootstrap.TestBootstrapEdgeCases" name="test_concurrent_service_access" time="0.000" /><testcase classname="unit.utils.test_util_bootstrap.TestBootstrapEdgeCases" name="test_service_logging_with_protocol_variations" time="0.000" /><testcase classname="unit.utils.test_util_bootstrap.TestBootstrapEdgeCases" name="test_fallback_service_case_sensitivity" time="0.000" /><testcase classname="unit.utils.test_util_bootstrap.TestBootstrapEdgeCases" name="test_emit_log_with_special_characters" time="0.000" /><testcase classname="unit.utils.test_util_bootstrap.TestBootstrapEdgeCases" name="test_registry_node_no_caching_behavior" time="0.000" /><testcase classname="unit.utils.test_safe_yaml_loader_branches.TestYamlLoaderCommentPrefixEdgeCases" name="test_serialize_data_comment_prefix_empty_lines" time="0.003" /><testcase classname="unit.utils.test_service_logging.TestServiceLoggingToolLoggerProperties" name="test_tool_logger_performance_metrics_delegates_to_protocol" time="0.001" /><testcase classname="unit.utils.test_service_logging.TestServiceLoggingFullIntegration" name="test_full_protocol_integration" time="0.001" /><testcase classname="unit.utils.test_service_logging.TestServiceLoggingEdgeCases" name="test_service_logging_with_none_protocol" time="0.000" /><testcase classname="unit.utils.test_service_logging.TestServiceLoggingEdgeCases" name="test_service_logging_multiple_args_kwargs" time="0.000" /><testcase classname="unit.utils.test_service_logging.TestServiceLoggingEdgeCases" name="test_service_logging_no_args_no_kwargs" time="0.000" /><testcase classname="unit.utils.test_util_bootstrap.TestGetService" name="test_get_service_success_with_registry" time="0.002" /><testcase classname="unit.utils.test_field_converter.TestFieldConverter" name="test_field_converter_validator_error_context" time="0.001" /><testcase classname="unit.utils.test_model_field_converter.TestFieldConverter" name="test_field_converter_initialization" time="0.000" /><testcase classname="unit.utils.test_model_field_converter.TestFieldConverter" name="test_field_converter_with_validator" time="0.000" /><testcase classname="unit.utils.test_model_field_converter.TestFieldConverter" name="test_field_converter_successful_conversion" time="0.000" /><testcase classname="unit.utils.test_model_field_converter.TestFieldConverter" name="test_field_converter_with_default_on_error" time="0.000" /><testcase classname="unit.utils.test_model_field_converter.TestFieldConverter" name="test_field_converter_raises_onex_error_without_default" time="0.000" /><testcase classname="unit.utils.test_model_field_converter.TestFieldConverter" name="test_field_converter_reraises_onex_error" time="0.000" /><testcase classname="unit.utils.test_model_field_converter.TestModelFieldConverterRegistry" name="test_registry_initialization" time="0.000" /><testcase classname="unit.utils.test_model_field_converter.TestModelFieldConverterRegistry" name="test_register_boolean_field_default_true_values" time="0.001" /><testcase classname="unit.utils.test_util_contract_loader_part1.TestProtocolContractLoaderInit" name="test_init_with_cache_enabled" time="0.001" /><testcase classname="unit.utils.test_util_contract_loader_part1.TestProtocolContractLoaderInit" name="test_init_with_cache_disabled" time="0.000" /><testcase classname="unit.utils.test_util_contract_loader_part1.TestProtocolContractLoaderInit" name="test_init_with_absolute_path" time="0.000" /><testcase classname="unit.utils.test_util_contract_loader_part1.TestProtocolContractLoaderInit" name="test_init_with_relative_path" time="0.000" /><testcase classname="unit.utils.test_util_contract_loader_part1.TestProtocolContractLoaderInit" name="test_init_default_cache_enabled" time="0.000" /><testcase classname="unit.utils.test_safe_yaml_loader.TestSerializeDataToYaml" name="test_serialize_simple_dict" time="0.000" /><testcase classname="unit.utils.test_safe_yaml_loader.TestSerializeDataToYaml" name="test_serialize_list" time="0.000" /><testcase classname="unit.utils.test_safe_yaml_loader.TestSerializeDataToYaml" name="test_serialize_nested_structure" time="0.001" /><testcase classname="unit.utils.test_safe_yaml_loader.TestSerializeDataToYaml" name="test_serialize_with_comment_prefix" time="0.000" /><testcase classname="unit.utils.test_safe_yaml_loader.TestSerializeDataToYaml" name="test_serialize_unicode_data" time="0.000" /><testcase classname="unit.utils.test_safe_yaml_loader.TestSerializeDataToYaml" name="test_serialize_with_allow_unicode" time="0.000" /><testcase classname="unit.utils.test_safe_yaml_loader.TestExtractExampleFromSchema" name="test_extract_first_example" time="0.001" /><testcase classname="unit.utils.test_safe_yaml_loader.TestExtractExampleFromSchema" name="test_extract_second_example" time="0.001" /><testcase classname="unit.utils.test_safe_yaml_loader.TestExtractExampleFromSchema" name="test_extract_example_no_examples_section" time="0.001" /><testcase classname="unit.utils.test_safe_yaml_loader.TestExtractExampleFromSchema" name="test_extract_example_index_out_of_range" time="0.001" /><testcase classname="unit.utils.test_safe_yaml_loader.TestExtractExampleFromSchema" name="test_extract_example_not_dict" time="0.001" /><testcase classname="unit.utils.test_model_field_converter.TestModelFieldConverterRegistry" name="test_register_boolean_field_custom_true_values" time="0.000" /><testcase classname="unit.utils.test_model_field_converter.TestModelFieldConverterRegistry" name="test_register_boolean_field_with_default" time="0.000" /><testcase classname="unit.utils.test_model_field_converter.TestModelFieldConverterRegistry" name="test_register_integer_field_basic" time="0.000" /><testcase classname="unit.utils.test_model_field_converter.TestModelFieldConverterRegistry" name="test_register_integer_field_with_min_value" time="0.000" /><testcase classname="unit.utils.test_model_field_converter.TestModelFieldConverterRegistry" name="test_register_integer_field_with_max_value" time="0.000" /><testcase classname="unit.utils.test_model_field_converter.TestModelFieldConverterRegistry" name="test_register_integer_field_with_bounds" time="0.000" /><testcase classname="unit.utils.test_safe_yaml_loader_branches.TestYamlLoaderYamlOptionsHandling" name="test_serialize_model_with_yaml_options" time="0.001" /><testcase classname="unit.utils.test_safe_yaml_loader_branches.TestYamlLoaderYamlOptionsHandling" name="test_serialize_data_with_yaml_options" time="0.000" /><testcase classname="unit.utils.test_safe_yaml_loader_branches.TestGenericExceptionHandlers" name="test_load_and_validate_yaml_model_generic_exception" time="0.001" /><testcase classname="unit.utils.test_safe_yaml_loader_branches.TestGenericExceptionHandlers" name="test_load_yaml_content_as_model_generic_exception" time="0.000" /><testcase classname="unit.utils.test_safe_yaml_loader_branches.TestGenericExceptionHandlers" name="test_serialize_pydantic_model_to_yaml_generic_exception" time="0.000" /><testcase classname="unit.utils.test_util_contract_loader_part1.TestLoadContract" name="test_load_valid_contract" time="0.002" /><testcase classname="unit.utils.test_util_contract_loader_part1.TestLoadContract" name="test_load_minimal_contract" time="0.003" /><testcase classname="unit.utils.test_util_bootstrap.TestGetService" name="test_get_service_registry_returns_none" time="0.001" /><testcase classname="unit.utils.test_util_bootstrap.TestGetService" name="test_get_service_no_registry_uses_fallback" time="0.001" /><testcase classname="unit.utils.test_model_field_converter.TestModelFieldConverterRegistry" name="test_register_enum_field_with_default" time="0.001" /><testcase classname="unit.utils.test_model_field_converter.TestModelFieldConverterRegistry" name="test_register_optional_integer_field_empty_string" time="0.000" /><testcase classname="unit.utils.test_model_field_converter.TestModelFieldConverterRegistry" name="test_register_optional_integer_field_zero_as_none" time="0.000" /><testcase classname="unit.utils.test_model_field_converter.TestModelFieldConverterRegistry" name="test_register_optional_integer_field_zero_as_value" time="0.000" /><testcase classname="unit.utils.test_model_field_converter.TestModelFieldConverterRegistry" name="test_register_custom_field_basic" time="0.000" /><testcase classname="unit.utils.test_model_field_converter.TestModelFieldConverterRegistry" name="test_register_custom_field_with_validator" time="0.017" /><testcase classname="unit.utils.test_decorators.TestDecorators" name="test_decorator_preserves_class_functionality" time="0.001" /><testcase classname="unit.utils.test_decorators.TestDecorators" name="test_decorator_with_inheritance" time="0.002" /><testcase classname="unit.utils.test_decorators.TestDecorators" name="test_decorator_reason_types" time="0.001" /><testcase classname="unit.utils.test_decorators.TestDecorators" name="test_decorator_without_reason" time="0.000" /><testcase classname="unit.utils.test_decorators.TestDecorators" name="test_decorator_metadata_persistence" time="0.000" /><testcase classname="unit.utils.test_field_converter.TestFieldConverter" name="test_field_converter_basic_conversion" time="0.000" /><testcase classname="unit.utils.test_field_converter.TestFieldConverter" name="test_field_converter_with_default_value" time="0.000" /><testcase classname="unit.utils.test_field_converter.TestFieldConverter" name="test_field_converter_with_validator" time="0.002" /><testcase classname="unit.utils.test_field_converter.TestFieldConverter" name="test_field_converter_string_conversion" time="0.001" /><testcase classname="unit.utils.test_field_converter.TestFieldConverter" name="test_field_converter_float_conversion" time="0.000" /><testcase classname="unit.utils.test_field_converter.TestFieldConverter" name="test_field_converter_boolean_conversion" time="0.000" /><testcase classname="unit.utils.test_field_converter.TestFieldConverter" name="test_field_converter_custom_converter" time="0.001" /><testcase classname="unit.utils.test_util_contract_loader_part1.TestLoadContract" name="test_load_complex_contract" time="0.009"><failure message="omnibase_core.errors.model_onex_error.ModelOnexError: [ONEX_CORE_081_OPERATION_FAILED] Failed to read contract file: [ONEX_CORE_006_VALIDATION_ERROR] Failed to parse contract content: 1 validation error for ModelContractDependency&#10;version&#10;  Input should be a valid dictionary or instance of ModelSemVer [type=model_type, input_value='1.0.0', input_type=str]&#10;    For further information visit https://errors.pydantic.dev/2.11/v/model_type">src/omnibase_core/utils/util_contract_loader.py:250: in _parse_contract_content
    dependencies.append(ModelContractDependency(**dep_item))
                        ^^^^^^^^^^^^^^^^^^^^^^^^^^^^^^^^^^^
E   pydantic_core._pydantic_core.ValidationError: 1 validation error for ModelContractDependency
E   version
E     Input should be a valid dictionary or instance of ModelSemVer [type=model_type, input_value='1.0.0', input_type=str]
E       For further information visit https://errors.pydantic.dev/2.11/v/model_type

The above exception was the direct cause of the following exception:
src/omnibase_core/utils/util_contract_loader.py:154: in _load_contract_file
    parsed_content = self._parse_contract_content(content, file_path)
                     ^^^^^^^^^^^^^^^^^^^^^^^^^^^^^^^^^^^^^^^^^^^^^^^^
src/omnibase_core/utils/util_contract_loader.py:313: in _parse_contract_content
    raise ModelOnexError(
E   omnibase_core.errors.model_onex_error.ModelOnexError: [ONEX_CORE_006_VALIDATION_ERROR] Failed to parse contract content: 1 validation error for ModelContractDependency
E   version
E     Input should be a valid dictionary or instance of ModelSemVer [type=model_type, input_value='1.0.0', input_type=str]
E       For further information visit https://errors.pydantic.dev/2.11/v/model_type

The above exception was the direct cause of the following exception:
tests/unit/utils/test_util_contract_loader_part1.py:241: in test_load_complex_contract
    result = contract_loader.load_contract(complex_contract_yaml)
             ^^^^^^^^^^^^^^^^^^^^^^^^^^^^^^^^^^^^^^^^^^^^^^^^^^^^
src/omnibase_core/utils/util_contract_loader.py:93: in load_contract
    raw_contract = self._load_contract_file(contract_path)
                   ^^^^^^^^^^^^^^^^^^^^^^^^^^^^^^^^^^^^^^^
src/omnibase_core/utils/util_contract_loader.py:182: in _load_contract_file
    raise ModelOnexError(
E   omnibase_core.errors.model_onex_error.ModelOnexError: [ONEX_CORE_081_OPERATION_FAILED] Failed to read contract file: [ONEX_CORE_006_VALIDATION_ERROR] Failed to parse contract content: 1 validation error for ModelContractDependency
E   version
E     Input should be a valid dictionary or instance of ModelSemVer [type=model_type, input_value='1.0.0', input_type=str]
E       For further information visit https://errors.pydantic.dev/2.11/v/model_type</failure></testcase><testcase classname="unit.utils.test_safe_yaml_loader_branches.TestGenericExceptionHandlers" name="test_serialize_data_to_yaml_generic_exception" time="0.000" /><testcase classname="unit.utils.test_safe_yaml_loader_branches.TestDumpYamlContentErrorHandling" name="test_dump_yaml_content_carriage_return_error" time="0.000" /><testcase classname="unit.utils.test_util_bootstrap.TestGetService" name="test_get_service_registry_exception_uses_fallback" time="0.003" /><testcase classname="unit.utils.test_util_bootstrap.TestGetService" name="test_get_service_get_service_raises_exception" time="0.001" /><testcase classname="unit.utils.test_util_contract_loader_part1.TestLoadContractFile" name="test_load_contract_file_yaml_error" time="0.003" /><testcase classname="unit.utils.test_field_converter.TestFieldConverter" name="test_field_converter_conversion_error" time="0.001" /><testcase classname="unit.utils.test_model_field_converter.TestModelFieldConverterRegistry" name="test_register_integer_field_with_default" time="0.000" /><testcase classname="unit.utils.test_model_field_converter.TestModelFieldConverterRegistry" name="test_register_enum_field_by_value" time="0.000" /><testcase classname="unit.utils.test_model_field_converter.TestModelFieldConverterRegistry" name="test_register_enum_field_by_name" time="0.000" /><testcase classname="unit.utils.test_util_bootstrap.TestGetService" name="test_get_service_both_registry_and_fallback_fail" time="0.000" /><testcase classname="unit.utils.test_util_bootstrap.TestGetLoggingService" name="test_get_logging_service_success_with_registry" time="0.000" /><testcase classname="unit.utils.test_util_bootstrap.TestGetLoggingService" name="test_get_logging_service_registry_no_protocol" time="0.000" /><testcase classname="unit.utils.test_util_bootstrap.TestGetLoggingService" name="test_get_logging_service_no_registry" time="0.000" /><testcase classname="unit.utils.test_util_bootstrap.TestGetLoggingService" name="test_get_logging_service_registry_exception" time="0.000" /><testcase classname="unit.types.test_typed_dict_validation_metadata_type.TestTypedDictValidationMetadataType" name="test_typed_dict_validation_metadata_type_string_values" time="0.001" /><testcase classname="unit.types.test_typed_dict_validation_metadata_type.TestTypedDictValidationMetadataType" name="test_typed_dict_validation_metadata_type_type_annotations" time="0.001" /><testcase classname="unit.types.test_typed_dict_validation_metadata_type.TestTypedDictValidationMetadataType" name="test_typed_dict_validation_metadata_type_mutability" time="0.000" /><testcase classname="unit.types.test_typed_dict_validation_metadata_type.TestTypedDictValidationMetadataType" name="test_typed_dict_validation_metadata_type_equality" time="0.000" /><testcase classname="unit.types.test_typed_dict_validation_metadata_type.TestTypedDictValidationMetadataType" name="test_typed_dict_validation_metadata_type_optional_fields" time="0.000" /><testcase classname="unit.types.test_typed_dict_validation_metadata_type.TestTypedDictValidationMetadataType" name="test_typed_dict_validation_metadata_type_nested_access" time="0.000" /><testcase classname="unit.types.test_typed_dict_workflow_state.TestTypedDictWorkflowState" name="test_typed_dict_workflow_state_creation" time="0.000" /><testcase classname="unit.types.test_typed_dict_workflow_state.TestTypedDictWorkflowState" name="test_typed_dict_workflow_state_different_statuses" time="0.000" /><testcase classname="unit.types.test_typed_dict_workflow_state.TestTypedDictWorkflowState" name="test_typed_dict_workflow_state_field_types" time="0.000" /><testcase classname="unit.types.test_typed_dict_workflow_state.TestTypedDictWorkflowState" name="test_typed_dict_workflow_state_progress_calculation" time="0.000" /><testcase classname="unit.utils.test_util_contract_loader_part1.TestLoadContractFile" name="test_load_contract_file_io_error" time="0.001" /><testcase classname="unit.utils.test_util_contract_loader_part1.TestLoadContractFile" name="test_load_contract_file_unicode_content" time="0.001" /><testcase classname="unit.utils.test_util_contract_loader_part1.TestParseContractContent" name="test_parse_minimal_contract" time="0.000" /><testcase classname="unit.utils.test_util_contract_loader_part1.TestParseContractContent" name="test_parse_contract_with_version" time="0.000" /><testcase classname="unit.utils.test_util_contract_loader_part1.TestParseContractContent" name="test_parse_contract_with_node_type" time="0.000" /><testcase classname="unit.utils.test_util_contract_loader_part1.TestParseContractContent" name="test_parse_contract_node_type_case_insensitive" time="0.000" /><testcase classname="unit.utils.test_util_contract_loader_part1.TestParseContractContent" name="test_parse_contract_with_dependencies" time="0.001"><failure message="omnibase_core.errors.model_onex_error.ModelOnexError: [ONEX_CORE_006_VALIDATION_ERROR] Failed to parse contract content: 1 validation error for ModelContractDependency&#10;version&#10;  Input should be a valid dictionary or instance of ModelSemVer [type=model_type, input_value='1.0.0', input_type=str]&#10;    For further information visit https://errors.pydantic.dev/2.11/v/model_type">src/omnibase_core/utils/util_contract_loader.py:250: in _parse_contract_content
    dependencies.append(ModelContractDependency(**dep_item))
                        ^^^^^^^^^^^^^^^^^^^^^^^^^^^^^^^^^^^
E   pydantic_core._pydantic_core.ValidationError: 1 validation error for ModelContractDependency
E   version
E     Input should be a valid dictionary or instance of ModelSemVer [type=model_type, input_value='1.0.0', input_type=str]
E       For further information visit https://errors.pydantic.dev/2.11/v/model_type

The above exception was the direct cause of the following exception:
tests/unit/utils/test_util_contract_loader_part1.py:511: in test_parse_contract_with_dependencies
    result = contract_loader._parse_contract_content(raw_content, tmp_path)
             ^^^^^^^^^^^^^^^^^^^^^^^^^^^^^^^^^^^^^^^^^^^^^^^^^^^^^^^^^^^^^^
src/omnibase_core/utils/util_contract_loader.py:313: in _parse_contract_content
    raise ModelOnexError(
E   omnibase_core.errors.model_onex_error.ModelOnexError: [ONEX_CORE_006_VALIDATION_ERROR] Failed to parse contract content: 1 validation error for ModelContractDependency
E   version
E     Input should be a valid dictionary or instance of ModelSemVer [type=model_type, input_value='1.0.0', input_type=str]
E       For further information visit https://errors.pydantic.dev/2.11/v/model_type</failure></testcase><testcase classname="unit.types.test_typed_dict_workflow_state.TestTypedDictWorkflowState" name="test_typed_dict_workflow_state_completed_workflow" time="0.000" /><testcase classname="unit.types.test_typed_dict_workflow_state.TestTypedDictWorkflowState" name="test_typed_dict_workflow_state_failed_workflow" time="0.000" /><testcase classname="unit.types.test_typed_dict_workflow_state.TestTypedDictWorkflowState" name="test_typed_dict_workflow_state_pending_workflow" time="0.000" /><testcase classname="unit.types.test_typed_dict_workflow_state.TestTypedDictWorkflowState" name="test_typed_dict_workflow_state_different_timestamps" time="0.000" /><testcase classname="unit.types.test_typed_dict_workflow_state.TestTypedDictWorkflowState" name="test_typed_dict_workflow_state_step_names" time="0.000" /><testcase classname="unit.types.test_typed_dict_workflow_state.TestTypedDictWorkflowState" name="test_typed_dict_workflow_state_zero_steps" time="0.000" /><testcase classname="unit.types.test_util_datetime_parser.TestUtilDatetimeParser" name="test_parse_datetime_with_datetime_object" time="0.000" /><testcase classname="unit.types.test_util_datetime_parser.TestUtilDatetimeParser" name="test_parse_datetime_with_iso_string" time="0.000" /><testcase classname="unit.types.test_util_datetime_parser.TestUtilDatetimeParser" name="test_parse_datetime_with_iso_string_z_suffix" time="0.000" /><testcase classname="unit.types.test_util_datetime_parser.TestUtilDatetimeParser" name="test_parse_datetime_with_invalid_string" time="0.000" /><testcase classname="unit.types.test_util_datetime_parser.TestUtilDatetimeParser" name="test_parse_datetime_with_empty_string" time="0.002" /><testcase classname="unit.utils.test_model_field_converter.TestModelFieldConverterRegistry" name="test_register_custom_field_with_default" time="0.001" /><testcase classname="unit.utils.test_model_field_converter.TestModelFieldConverterRegistry" name="test_convert_field_not_registered" time="0.001" /><testcase classname="unit.utils.test_model_field_converter.TestModelFieldConverterRegistry" name="test_convert_data_multiple_fields" time="0.001" /><testcase classname="unit.utils.test_util_bootstrap.TestGetLoggingService" name="test_get_logging_service_get_protocol_raises_exception" time="0.000" /><testcase classname="unit.utils.test_util_bootstrap.TestEmitLogEvent" name="test_emit_log_event_success_with_logging_service" time="0.000" /><testcase classname="unit.utils.test_model_field_converter.TestModelFieldConverterRegistry" name="test_convert_data_empty_dict" time="0.001" /><testcase classname="unit.utils.test_model_field_converter.TestModelFieldConverterRegistry" name="test_convert_data_partial_conversion" time="0.001" /><testcase classname="unit.types.test_typed_dict_validation_metadata_type.TestTypedDictValidationMetadataType" name="test_typed_dict_validation_metadata_type_negative_values" time="0.000" /><testcase classname="unit.utils.test_util_contract_loader_part2.TestClearCache" name="test_clear_cache_on_empty_cache" time="0.001" /><testcase classname="unit.utils.test_util_contract_loader_part2.TestClearCache" name="test_clear_cache_multiple_times" time="0.003" /><testcase classname="unit.utils.test_util_bootstrap.TestIsServiceAvailable" name="test_is_service_available_various_protocols" time="0.002" /><testcase classname="unit.utils.test_util_contract_loader_part2.TestClearCache" name="test_clear_cache_preserves_loader_state" time="0.001" /><testcase classname="unit.utils.test_util_contract_loader_part2.TestValidateContractCompatibility" name="test_validate_compatible_contract" time="0.001" /><testcase classname="unit.utils.test_util_contract_loader_part2.TestValidateContractCompatibility" name="test_validate_incompatible_contract_missing_file" time="0.003" /><testcase classname="unit.utils.test_util_contract_loader_part2.TestValidateContractCompatibility" name="test_validate_incompatible_contract_malformed" time="0.001" /><testcase classname="unit.utils.test_util_contract_loader_part2.TestValidateContractCompatibility" name="test_validate_contract_missing_required_fields" time="0.001" /><testcase classname="unit.utils.test_util_contract_loader_part2.TestPerformance" name="test_large_contract_handling" time="0.009" /><testcase classname="unit.utils.test_safe_yaml_loader.TestExtractExampleFromSchema" name="test_extract_example_with_mixed_types" time="0.002" /><testcase classname="unit.utils.test_utility_reference_resolver.TestParseReference" name="test_parse_subcontract_reference" time="0.000" /><testcase classname="unit.utils.test_utility_reference_resolver.TestParseReference" name="test_parse_subcontract_reference_nested" time="0.000" /><testcase classname="unit.utils.test_utility_reference_resolver.TestParseReference" name="test_parse_malformed_reference_no_hash" time="0.000" /><testcase classname="unit.utils.test_utility_reference_resolver.TestParseReference" name="test_parse_malformed_reference_only_hash" time="0.000" /><testcase classname="unit.utils.test_utility_reference_resolver.TestResolveTypeName" name="test_resolve_empty_type_name" time="0.000" /><testcase classname="unit.utils.test_util_contract_loader_part2.TestValidateContractCompatibility" name="test_validate_contract_caches_result" time="0.001" /><testcase classname="unit.utils.test_util_contract_loader_part2.TestValidateContractCompatibility" name="test_validate_multiple_contracts" time="0.003" /><testcase classname="unit.utils.test_utility_reference_resolver.TestResolveTypeName" name="test_resolve_whitespace_type_name" time="0.000" /><testcase classname="unit.utils.test_utility_reference_resolver.TestResolveTypeName" name="test_resolve_internal_reference" time="0.000" /><testcase classname="unit.utils.test_utility_reference_resolver.TestResolveTypeName" name="test_resolve_internal_reference_with_model_prefix" time="0.000" /><testcase classname="unit.utils.test_utility_reference_resolver.TestResolveTypeName" name="test_resolve_internal_reference_enum" time="0.000" /><testcase classname="unit.utils.test_utility_reference_resolver.TestResolveTypeName" name="test_resolve_subcontract_reference" time="0.000" /><testcase classname="unit.utils.test_utility_reference_resolver.TestResolveTypeName" name="test_resolve_subcontract_with_tool_prefix" time="0.000" /><testcase classname="unit.utils.test_utility_reference_resolver.TestResolveTypeName" name="test_resolve_external_by_file_path_semver" time="0.000" /><testcase classname="unit.utils.test_utility_reference_resolver.TestResolveTypeName" name="test_resolve_external_by_file_path_onex_field" time="0.000" /><testcase classname="unit.utils.test_field_converter.TestFieldConverter" name="test_field_converter_validator_failure" time="0.003" /><testcase classname="unit.utils.test_utility_reference_resolver.TestCleanToolPrefix" name="test_clean_tool_prefix_pattern_match" time="0.000" /><testcase classname="unit.utils.test_utility_reference_resolver.TestCleanToolPrefix" name="test_clean_tool_prefix_validation_config" time="0.000" /><testcase classname="unit.utils.test_utility_reference_resolver.TestCleanToolPrefix" name="test_clean_tool_prefix_processing_result" time="0.000" /><testcase classname="unit.utils.test_utility_reference_resolver.TestCleanToolPrefix" name="test_clean_tool_prefix_validation_result" time="0.000" /><testcase classname="unit.utils.test_utility_reference_resolver.TestCleanToolPrefix" name="test_clean_tool_prefix_node_status" time="0.000" /><testcase classname="unit.utils.test_utility_reference_resolver.TestCleanToolPrefix" name="test_clean_tool_prefix_action_spec" time="0.000" /><testcase classname="unit.utils.test_util_contract_loader_part2.TestAdvancedIntegration" name="test_load_all_node_types" time="0.006" /><testcase classname="unit.utils.test_util_contract_loader_part2.TestValidateContractCompatibility" name="test_validate_contract_no_exception_propagation" time="0.001" /><testcase classname="unit.utils.test_util_contract_loader_part2.TestCacheBehavior" name="test_cache_hit_on_second_load" time="0.001" /><testcase classname="unit.utils.test_util_contract_loader_part2.TestCacheBehavior" name="test_cache_miss_with_disabled_cache" time="0.001" /><testcase classname="unit.utils.test_util_contract_loader_part2.TestCacheBehavior" name="test_cache_invalidation_on_file_modification" time="0.019" /><testcase classname="unit.utils.test_utility_reference_resolver.TestCleanToolPrefix" name="test_clean_tool_prefix_log_context" time="0.000" /><testcase classname="unit.utils.test_utility_reference_resolver.TestResolveTypeName" name="test_resolve_external_by_file_path_action_spec" time="0.000" /><testcase classname="unit.utils.test_utility_reference_resolver.TestResolveTypeName" name="test_resolve_external_by_file_path_log_context" time="0.000" /><testcase classname="unit.utils.test_utility_reference_resolver.TestResolveTypeName" name="test_resolve_external_default" time="0.000" /><testcase classname="unit.utils.test_utility_reference_resolver.TestEnsureModelPrefix" name="test_ensure_model_prefix_empty" time="0.000" /><testcase classname="unit.utils.test_utility_reference_resolver.TestEnsureModelPrefix" name="test_ensure_model_prefix_basic" time="0.000" /><testcase classname="unit.utils.test_utility_reference_resolver.TestEnsureModelPrefix" name="test_ensure_model_prefix_already_has_model" time="0.000" /><testcase classname="unit.utils.test_utility_reference_resolver.TestCleanToolPrefix" name="test_clean_tool_prefix_simple_tool" time="0.001" /><testcase classname="unit.utils.test_util_contract_loader_part2.TestAdvancedIntegration" name="test_concurrent_loads_different_contracts" time="0.005" /><testcase classname="unit.utils.test_utility_reference_resolver.TestCleanToolPrefix" name="test_clean_tool_prefix_simple_node" time="0.001" /><testcase classname="unit.utils.test_utility_reference_resolver.TestCleanToolPrefix" name="test_clean_tool_prefix_no_match" time="0.000" /><testcase classname="unit.utils.test_utility_reference_resolver.TestIsExternalReference" name="test_is_external_reference_internal" time="0.001" /><testcase classname="unit.utils.test_util_contract_loader_part2.TestAdvancedIntegration" name="test_cache_clear_and_reload_workflow" time="0.005" /><testcase classname="unit.utils.test_utility_reference_resolver.TestIsExternalReference" name="test_is_external_reference_external" time="0.001" /><testcase classname="unit.utils.test_utility_reference_resolver.TestIsExternalReference" name="test_is_external_reference_subcontract" time="0.000" /><testcase classname="unit.utils.test_utility_reference_resolver.TestIsExternalReference" name="test_is_external_reference_empty" time="0.000" /><testcase classname="unit.utils.test_utility_reference_resolver.TestIsExternalReference" name="test_is_external_reference_none" time="0.000" /><testcase classname="unit.utils.test_util_contract_loader_part2.TestAdvancedIntegration" name="test_mixed_valid_invalid_contracts" time="0.003" /><testcase classname="unit.utils.test_utility_reference_resolver.TestPackageNameGeneration" name="test_get_package_name_from_config" time="0.001" /><testcase classname="unit.utils.test_utility_reference_resolver.TestPackageNameGeneration" name="test_get_package_name_contract_prefix" time="0.000" /><testcase classname="unit.utils.test_util_contract_loader_part2.TestAdvancedIntegration" name="test_version_comparison_across_contracts" time="0.003" /><testcase classname="unit.utils.test_utility_reference_resolver.TestPackageNameGeneration" name="test_get_package_name_contract_prefix_complex" time="0.000" /><testcase classname="unit.utils.test_util_contract_loader_part2.TestAdvancedIntegration" name="test_loader_state_consistency_after_errors" time="0.001" /><testcase classname="unit.utils.test_util_contract_loader_part2.TestCacheBehavior" name="test_cache_with_multiple_loaders" time="0.002" /><testcase classname="unit.utils.test_safe_yaml_loader_branches.TestDumpYamlContentErrorHandling" name="test_dump_yaml_content_unicode_encode_error" time="0.001" /><testcase classname="unit.utils.test_util_contract_loader_part2.TestAdvancedIntegration" name="test_contract_loader_isolation" time="0.004" /><testcase classname="unit.utils.test_util_contract_loader_part2.TestCacheBehavior" name="test_cache_statistics_tracking" time="0.001" /><testcase classname="unit.utils.test_util_contract_loader_part2.TestCacheBehavior" name="test_cache_with_symlinks" time="0.001" /><testcase classname="unit.utils.test_utility_reference_resolver.TestPackageNameGeneration" name="test_get_package_name_config_without_package_name" time="0.001" /><testcase classname="unit.utils.test_util_contract_loader_part2.TestResolutionStack" name="test_resolution_stack_initialized_empty" time="0.000" /><testcase classname="unit.utils.test_utility_reference_resolver.TestImportPathGeneration" name="test_get_import_path_from_config" time="0.001" /><testcase classname="unit.utils.test_util_contract_loader_part2.TestResolutionStack" name="test_resolution_stack_reset_on_new_resolution" time="0.000" /><testcase classname="unit.utils.test_utility_reference_resolver.TestModelRefInfo" name="test_basic_instantiation" time="0.000" /><testcase classname="unit.utils.test_util_contract_loader_part2.TestResolutionStack" name="test_resolution_stack_independent_per_resolution" time="0.011" /><testcase classname="unit.utils.test_utility_reference_resolver.TestModelRefInfo" name="test_with_flags" time="0.000" /><testcase classname="unit.utils.test_utility_reference_resolver.TestUtilityReferenceResolverInitialization" name="test_init_without_args" time="0.000" /><testcase classname="unit.utils.test_utility_reference_resolver.TestUtilityReferenceResolverInitialization" name="test_init_with_config" time="0.000" /><testcase classname="unit.utils.test_utility_reference_resolver.TestUtilityReferenceResolverInitialization" name="test_init_with_import_tracker" time="0.000" /><testcase classname="unit.utils.test_utility_reference_resolver.TestUtilityReferenceResolverInitialization" name="test_init_with_both_args" time="0.000" /><testcase classname="unit.utils.test_utility_reference_resolver.TestUtilityReferenceResolverInitialization" name="test_set_config" time="0.000" /><testcase classname="unit.utils.test_utility_reference_resolver.TestUtilityReferenceResolverInitialization" name="test_set_import_tracker" time="0.000" /><testcase classname="unit.utils.test_utility_reference_resolver.TestParseReference" name="test_parse_internal_reference" time="0.000" /><testcase classname="unit.utils.test_utility_reference_resolver.TestParseReference" name="test_parse_internal_reference_complex" time="0.000" /><testcase classname="unit.utils.test_utility_reference_resolver.TestParseReference" name="test_parse_external_reference_basic" time="0.000" /><testcase classname="unit.utils.test_utility_reference_resolver.TestImportPathGeneration" name="test_get_import_path_default_convention" time="0.000" /><testcase classname="unit.utils.test_utility_reference_resolver.TestImportPathGeneration" name="test_get_import_path_custom_file" time="0.000" /><testcase classname="unit.utils.test_utility_reference_resolver.TestImportPathGeneration" name="test_get_import_path_config_without_import_path" time="0.000" /><testcase classname="unit.utils.test_utility_reference_resolver.TestResolveRef" name="test_resolve_ref_internal" time="0.000" /><testcase classname="unit.utils.test_utility_reference_resolver.TestResolveRef" name="test_resolve_ref_external" time="0.000" /><testcase classname="unit.utils.test_utility_reference_resolver.TestResolveRef" name="test_resolve_ref_subcontract_no_tracking" time="0.000" /><testcase classname="unit.utils.test_utility_reference_resolver.TestResolveRef" name="test_resolve_ref_subcontract_with_tracking" time="0.000" /><testcase classname="unit.utils.test_utility_reference_resolver.TestResolveRef" name="test_resolve_ref_subcontract_tracking_args" time="0.000" /><testcase classname="unit.utils.test_utility_reference_resolver.TestResolveRef" name="test_resolve_ref_with_tool_prefix" time="0.000" /><testcase classname="unit.utils.test_utility_reference_resolver.TestResolveRef" name="test_resolve_ref_empty_type_name" time="0.000" /><testcase classname="unit.utils.test_utility_reference_resolver.TestResolveRef" name="test_resolve_ref_malformed" time="0.000" /><testcase classname="unit.utils.test_utility_reference_resolver.TestImportTracking" name="test_should_track_imports_true" time="0.000" /><testcase classname="unit.utils.test_utility_reference_resolver.TestImportTracking" name="test_should_track_imports_no_config" time="0.000" /><testcase classname="unit.utils.test_utility_reference_resolver.TestImportTracking" name="test_should_track_imports_no_tracker" time="0.000" /><testcase classname="unit.utils.test_utility_reference_resolver.TestImportTracking" name="test_should_track_imports_disabled" time="0.000" /><testcase classname="unit.utils.test_utility_reference_resolver.TestImportTracking" name="test_track_subcontract_import_no_tracker" time="0.000" /><testcase classname="unit.utils.test_model_field_converter.TestModelFieldConverterRegistry" name="test_has_converter" time="0.001" /><testcase classname="unit.utils.test_util_contract_loader_part2.TestPerformance" name="test_load_many_contracts_performance" time="0.016" /><testcase classname="unit.utils.test_model_field_converter.TestModelFieldConverterRegistry" name="test_list_fields" time="0.001" /><testcase classname="unit.utils.test_model_field_converter.TestModelFieldConverterRegistry" name="test_multiple_registrations_same_field" time="0.000" /><testcase classname="unit.utils.test_model_field_converter.TestModelFieldConverterRegistry" name="test_field_converter_frozen_dataclass" time="0.000" /><testcase classname="unit.utils.test_model_field_converter.TestModelFieldConverterRegistry" name="test_complex_conversion_workflow" time="0.000" /><testcase classname="unit.utils.test_safe_yaml_loader.TestLoadAndValidateYamlModel" name="test_load_simple_yaml_file" time="0.001" /><testcase classname="unit.utils.test_safe_yaml_loader.TestLoadAndValidateYamlModel" name="test_load_yaml_with_defaults" time="0.001" /><testcase classname="unit.utils.test_safe_yaml_loader.TestLoadAndValidateYamlModel" name="test_load_nested_yaml_file" time="0.001" /><testcase classname="unit.utils.test_safe_yaml_loader.TestLoadAndValidateYamlModel" name="test_load_empty_yaml_file" time="0.001" /><testcase classname="unit.utils.test_safe_yaml_loader.TestLoadAndValidateYamlModel" name="test_load_yaml_validation_error" time="0.001" /><testcase classname="unit.utils.test_safe_yaml_loader.TestLoadAndValidateYamlModel" name="test_load_yaml_missing_required_field" time="0.001" /><testcase classname="unit.utils.test_util_bootstrap.TestEmitLogEvent" name="test_emit_log_event_service_missing_method" time="0.001" /><testcase classname="unit.utils.test_model_field_converter.TestModelFieldConverterRegistry" name="test_register_enum_field_invalid_value" time="0.001" /><testcase classname="unit.utils.test_uuid_utilities.TestUuidUtilities" name="test_uuid_from_string_empty_string" time="0.001" /><testcase classname="unit.utils.test_uuid_utilities.TestUuidUtilities" name="test_uuid_from_string_long_string" time="0.000" /><testcase classname="unit.validation.test_architecture.TestModelCounter" name="test_detect_pydantic_basemodel_attribute" time="0.002" /><testcase classname="unit.utils.test_uuid_utilities.TestUuidUtilities" name="test_uuid_from_string_none_input" time="0.000" /><testcase classname="unit.utils.test_uuid_utilities.TestUuidUtilities" name="test_uuid_from_string_format" time="0.000" /><testcase classname="unit.utils.test_uuid_utilities.TestUuidUtilities" name="test_uuid_from_string_hex_characters" time="0.000" /><testcase classname="unit.validation.test_architecture.TestModelCounter" name="test_type_alias_detection" time="0.001" /><testcase classname="unit.utils.test_uuid_utilities.TestUuidUtilities" name="test_uuid_from_string_case_sensitivity" time="0.000" /><testcase classname="unit.utils.test_uuid_utilities.TestUuidUtilities" name="test_uuid_from_string_whitespace" time="0.000" /><testcase classname="unit.utils.test_uuid_utilities.TestUuidUtilities" name="test_uuid_from_string_multiple_calls" time="0.000" /><testcase classname="unit.utils.test_uuid_utilities.TestUuidUtilities" name="test_uuid_from_string_different_namespaces" time="0.000" /><testcase classname="unit.utils.test_uuid_utilities.TestUuidUtilities" name="test_uuid_from_string_namespace_with_special_chars" time="0.000" /><testcase classname="unit.utils.test_uuid_utilities.TestUuidUtilities" name="test_uuid_from_string_very_long_namespace" time="0.000" /><testcase classname="unit.validation.test_architecture.TestValidateOneModelPerFile" name="test_single_model_passes" time="0.003" /><testcase classname="unit.validation.test_architecture.TestModelCounter" name="test_count_single_model" time="0.000" /><testcase classname="unit.validation.test_architecture.TestModelCounter" name="test_count_multiple_models" time="0.000" /><testcase classname="unit.validation.test_architecture.TestModelCounter" name="test_count_enum" time="0.000" /><testcase classname="unit.validation.test_architecture.TestModelCounter" name="test_count_protocol" time="0.000" /><testcase classname="unit.validation.test_architecture.TestValidateOneModelPerFile" name="test_multiple_models_fails" time="0.001" /><testcase classname="unit.validation.test_architecture.TestValidateOneModelPerFile" name="test_multiple_enums_fails" time="0.001" /><testcase classname="unit.validation.test_architecture.TestModelCounter" name="test_count_mixed_types" time="0.000" /><testcase classname="unit.validation.test_architecture.TestModelCounter" name="test_detect_model_by_naming_pattern" time="0.000" /><testcase classname="unit.validation.test_architecture.TestValidateOneModelPerFile" name="test_multiple_protocols_fails" time="0.001" /><testcase classname="unit.validation.test_architecture.TestValidateOneModelPerFile" name="test_mixed_types_fails" time="0.001" /><testcase classname="unit.validation.test_architecture.TestValidateOneModelPerFile" name="test_typeddict_with_model_allowed" time="0.001" /><testcase classname="unit.validation.test_architecture.TestValidateOneModelPerFile" name="test_syntax_error_handling" time="0.001" /><testcase classname="unit.validation.test_architecture.TestValidateArchitectureDirectory" name="test_empty_directory" time="0.001" /><testcase classname="unit.validation.test_architecture.TestValidateArchitectureDirectory" name="test_directory_with_valid_files" time="0.001" /><testcase classname="unit.validation.test_architecture.TestValidateArchitectureDirectory" name="test_directory_with_violations" time="0.001" /><testcase classname="unit.validation.test_architecture.TestValidateArchitectureDirectory" name="test_directory_with_allowed_violations" time="0.001" /><testcase classname="unit.validation.test_architecture.TestValidateArchitectureDirectory" name="test_skips_init_files" time="0.000" /><testcase classname="unit.validation.test_architecture.TestValidateArchitectureDirectory" name="test_skips_pycache" time="0.001" /><testcase classname="unit.utils.test_util_contract_loader_part1.TestValidateYamlContentSecurity" name="test_validate_nesting_depth_brackets" time="0.002" /><testcase classname="unit.validation.test_architecture.TestValidateArchitectureDirectory" name="test_metadata_populated" time="0.002" /><testcase classname="unit.validation.test_architecture.TestValidateArchitectureDirectory" name="test_generic_exception_handling" time="0.001" /><testcase classname="unit.utils.test_util_contract_loader_part1.TestValidateYamlContentSecurity" name="test_validate_mixed_nesting" time="0.001" /><testcase classname="unit.types.test_util_datetime_parser.TestUtilDatetimeParser" name="test_parse_datetime_with_whitespace_string" time="0.000" /><testcase classname="unit.utils.test_util_contract_loader_part1.TestValidateYamlContentSecurity" name="test_validate_unicode_content" time="0.002" /><testcase classname="unit.validation.test_architecture.TestValidateArchitectureCLI" name="test_cli_with_valid_directory" time="0.002" /><testcase classname="unit.utils.test_util_contract_loader_part1.TestValidateYamlContentSecurity" name="test_validate_binary_tag_detection" time="0.001" /><testcase classname="unit.utils.test_util_contract_loader_part1.TestValidateYamlContentSecurity" name="test_validate_map_constructor" time="0.001" /><testcase classname="unit.validation.test_architecture.TestValidateArchitectureCLI" name="test_cli_with_violations" time="0.001" /><testcase classname="unit.validation.test_architecture.TestValidateArchitectureCLI" name="test_cli_with_max_violations_flag" time="0.001" /><testcase classname="unit.validation.test_architecture.TestValidateArchitectureCLI" name="test_cli_with_nonexistent_directory" time="0.001" /><testcase classname="unit.validation.test_architecture.TestValidateArchitectureCLI" name="test_cli_with_multiple_directories" time="0.001" /><testcase classname="unit.utils.test_safe_yaml_loader.TestLoadAndValidateYamlModel" name="test_load_yaml_file_not_found" time="0.002" /><testcase classname="unit.utils.test_safe_yaml_loader.TestLoadAndValidateYamlModel" name="test_load_yaml_parsing_error" time="0.003" /><testcase classname="unit.utils.test_util_contract_loader_part1.TestContractLoaderIntegration" name="test_full_workflow_valid_contract" time="0.003" /><testcase classname="unit.utils.test_util_contract_loader_part1.TestContractLoaderIntegration" name="test_multiple_contracts_loaded" time="0.004"><failure message="omnibase_core.errors.model_onex_error.ModelOnexError: [ONEX_CORE_081_OPERATION_FAILED] Failed to read contract file: [ONEX_CORE_006_VALIDATION_ERROR] Failed to parse contract content: 1 validation error for ModelContractDependency&#10;version&#10;  Input should be a valid dictionary or instance of ModelSemVer [type=model_type, input_value='1.0.0', input_type=str]&#10;    For further information visit https://errors.pydantic.dev/2.11/v/model_type">src/omnibase_core/utils/util_contract_loader.py:250: in _parse_contract_content
    dependencies.append(ModelContractDependency(**dep_item))
                        ^^^^^^^^^^^^^^^^^^^^^^^^^^^^^^^^^^^
E   pydantic_core._pydantic_core.ValidationError: 1 validation error for ModelContractDependency
E   version
E     Input should be a valid dictionary or instance of ModelSemVer [type=model_type, input_value='1.0.0', input_type=str]
E       For further information visit https://errors.pydantic.dev/2.11/v/model_type

The above exception was the direct cause of the following exception:
src/omnibase_core/utils/util_contract_loader.py:154: in _load_contract_file
    parsed_content = self._parse_contract_content(content, file_path)
                     ^^^^^^^^^^^^^^^^^^^^^^^^^^^^^^^^^^^^^^^^^^^^^^^^
src/omnibase_core/utils/util_contract_loader.py:313: in _parse_contract_content
    raise ModelOnexError(
E   omnibase_core.errors.model_onex_error.ModelOnexError: [ONEX_CORE_006_VALIDATION_ERROR] Failed to parse contract content: 1 validation error for ModelContractDependency
E   version
E     Input should be a valid dictionary or instance of ModelSemVer [type=model_type, input_value='1.0.0', input_type=str]
E       For further information visit https://errors.pydantic.dev/2.11/v/model_type

The above exception was the direct cause of the following exception:
tests/unit/utils/test_util_contract_loader_part1.py:898: in test_multiple_contracts_loaded
    result2 = contract_loader.load_contract(complex_contract_yaml)
              ^^^^^^^^^^^^^^^^^^^^^^^^^^^^^^^^^^^^^^^^^^^^^^^^^^^^
src/omnibase_core/utils/util_contract_loader.py:93: in load_contract
    raw_contract = self._load_contract_file(contract_path)
                   ^^^^^^^^^^^^^^^^^^^^^^^^^^^^^^^^^^^^^^^
src/omnibase_core/utils/util_contract_loader.py:182: in _load_contract_file
    raise ModelOnexError(
E   omnibase_core.errors.model_onex_error.ModelOnexError: [ONEX_CORE_081_OPERATION_FAILED] Failed to read contract file: [ONEX_CORE_006_VALIDATION_ERROR] Failed to parse contract content: 1 validation error for ModelContractDependency
E   version
E     Input should be a valid dictionary or instance of ModelSemVer [type=model_type, input_value='1.0.0', input_type=str]
E       For further information visit https://errors.pydantic.dev/2.11/v/model_type</failure></testcase><testcase classname="unit.validation.test_architecture.TestValidateArchitectureCLI" name="test_cli_default_directory" time="2.066" /><testcase classname="unit.utils.test_safe_yaml_loader.TestLoadAndValidateYamlModel" name="test_load_yaml_with_custom_validation" time="0.001" /><testcase classname="unit.validation.test_architecture.TestModelProtocolAuditor" name="test_audit_ecosystem_empty_root" time="0.003" /><testcase classname="unit.validation.test_architecture.TestModelAuditResult" name="test_has_issues_with_duplicates" time="0.000" /><testcase classname="unit.validation.test_architecture.TestModelAuditResult" name="test_has_issues_with_conflicts" time="0.000" /><testcase classname="unit.validation.test_architecture.TestModelAuditResult" name="test_has_issues_with_violations" time="0.000" /><testcase classname="unit.utils.test_utility_reference_resolver.TestEnsureModelPrefix" name="test_ensure_model_prefix_enum" time="0.001" /><testcase classname="unit.validation.test_architecture.TestModelAuditResult" name="test_has_issues_no_issues" time="0.000" /><testcase classname="unit.validation.test_architecture.TestArchitectureEdgeCases" name="test_validate_one_model_per_file_with_nested_classes" time="0.001" /><testcase classname="unit.validation.test_architecture.TestArchitectureEdgeCases" name="test_validate_architecture_directory_recursive" time="0.002" /><testcase classname="unit.validation.test_auditor_protocol_extended.TestAuditResultHasIssues" name="test_has_issues_no_issues" time="0.000" /><testcase classname="unit.validation.test_auditor_protocol_extended.TestAuditResultHasIssues" name="test_has_issues_multiple_issue_types" time="0.000" /><testcase classname="unit.validation.test_cli.TestModelValidationSuite" name="test_suite_initialization" time="0.000" /><testcase classname="unit.validation.test_cli.TestModelValidationSuite" name="test_run_validation_unknown_type" time="0.001" /><testcase classname="unit.validation.test_architecture.TestArchitectureEdgeCases" name="test_validate_architecture_directory_skips_archived" time="0.002" /><testcase classname="unit.validation.test_cli.TestModelValidationSuite" name="test_run_validation_filters_kwargs" time="0.001" /><testcase classname="unit.validation.test_cli.TestModelValidationSuite" name="test_run_all_validations_success" time="0.001" /><testcase classname="unit.validation.test_architecture.TestArchitectureEdgeCases" name="test_validate_architecture_directory_skips_test_fixtures" time="0.001" /><testcase classname="unit.utils.test_utility_reference_resolver.TestPackageNameGeneration" name="test_get_package_name_fallback_to_stem" time="0.001" /><testcase classname="unit.validation.test_cli.TestModelValidationSuite" name="test_run_all_validations_handles_errors" time="0.000" /><testcase classname="unit.validation.test_cli.TestModelValidationSuite" name="test_list_validators" time="0.000" /><testcase classname="unit.validation.test_cli.TestCreateParser" name="test_parser_creation" time="0.000" /><testcase classname="unit.validation.test_cli.TestCreateParser" name="test_parser_validation_type_choices" time="0.000" /><testcase classname="unit.validation.test_cli.TestCreateParser" name="test_parser_validation_type_invalid" time="0.001" /><testcase classname="unit.validation.test_auditor_protocol_extended.TestPrintAuditSummary" name="test_print_audit_summary_with_violations" time="0.002" /><testcase classname="unit.validation.test_auditor_protocol_extended.TestPrintAuditSummary" name="test_print_audit_summary_without_violations" time="0.001" /><testcase classname="unit.validation.test_cli.TestCreateParser" name="test_parser_default_directories" time="0.000" /><testcase classname="unit.validation.test_cli.TestCreateParser" name="test_parser_verbose_flag" time="0.002" /><testcase classname="unit.utils.test_util_contract_loader_part2.TestPerformance" name="test_cache_performance_benefit" time="0.007" /><testcase classname="unit.validation.test_auditor_protocol_extended.TestAuditEcosystem" name="test_audit_ecosystem_empty_directory" time="0.001" /><testcase classname="unit.validation.test_auditor_protocol_extended.TestAuditEcosystem" name="test_audit_ecosystem_with_omni_repos" time="0.018" /><testcase classname="unit.validation.test_cli.TestCreateParser" name="test_parser_custom_directories" time="0.000" /><testcase classname="unit.validation.test_cli.TestCreateParser" name="test_parser_strict_flag" time="0.000" /><testcase classname="unit.validation.test_cli.TestCreateParser" name="test_parser_max_violations" time="0.000" /><testcase classname="unit.validation.test_auditor_protocol_extended.TestPrintAuditSummary" name="test_print_audit_summary_with_many_violations" time="0.001" /><testcase classname="unit.validation.test_auditor_protocol_extended.TestPrintAuditSummary" name="test_print_audit_summary_empty_result" time="0.000" /><testcase classname="unit.validation.test_auditor_protocol_extended.TestPrintDuplicationReport" name="test_print_duplication_report_with_exact_duplicates" time="0.001" /><testcase classname="unit.validation.test_auditor_protocol_extended.TestPrintDuplicationReport" name="test_print_duplication_report_with_name_conflicts" time="0.001" /><testcase classname="unit.validation.test_auditor_protocol_extended.TestPrintDuplicationReport" name="test_print_duplication_report_with_migration_candidates" time="0.001" /><testcase classname="unit.validation.test_cli.TestCreateParser" name="test_parser_quiet_flag" time="0.000" /><testcase classname="unit.validation.test_cli.TestCreateParser" name="test_parser_exit_zero_flag" time="0.000" /><testcase classname="unit.validation.test_cli.TestFormatResult" name="test_format_result_success" time="0.000" /><testcase classname="unit.validation.test_cli.TestFormatResult" name="test_format_result_failure" time="0.000" /><testcase classname="unit.validation.test_cli.TestFormatResult" name="test_format_result_verbose" time="0.000" /><testcase classname="unit.validation.test_cli.TestFormatResult" name="test_format_result_with_violations_metadata" time="0.000" /><testcase classname="unit.validation.test_cli.TestFormatResult" name="test_format_result_many_errors_not_shown_without_verbose" time="0.000" /><testcase classname="unit.validation.test_cli.TestFormatResult" name="test_format_result_many_errors_shown_with_verbose" time="0.000" /><testcase classname="unit.validation.test_cli.TestCLIIntegration" name="test_validation_workflow_architecture" time="0.001" /><testcase classname="unit.validation.test_cli.TestCLIIntegration" name="test_validation_workflow_union_usage" time="0.001" /><testcase classname="unit.validation.test_cli.TestCLIIntegration" name="test_validation_workflow_contracts" time="0.001" /><testcase classname="unit.validation.test_cli.TestCLIIntegration" name="test_validation_workflow_patterns" time="0.001" /><testcase classname="unit.validation.test_cli.TestCLIIntegration" name="test_empty_directory_handling" time="0.000" /><testcase classname="unit.validation.test_cli.TestCLIIntegration" name="test_kwargs_filtering_architecture" time="0.008" /><testcase classname="unit.validation.test_auditor_protocol_extended.TestAuditEcosystem" name="test_audit_ecosystem_with_non_omni_repos" time="0.001" /><testcase classname="unit.validation.test_auditor_protocol_extended.TestAuditEcosystem" name="test_audit_ecosystem_with_files_not_directories" time="0.001" /><testcase classname="unit.validation.test_auditor_protocol_extended.TestAuditEcosystem" name="test_audit_ecosystem_mixed_content" time="0.002" /><testcase classname="unit.validation.test_auditor_protocol_extended.TestProtocolQualityChecking" name="test_check_protocol_quality_empty_protocol" time="0.001" /><testcase classname="unit.validation.test_auditor_protocol_extended.TestProtocolQualityChecking" name="test_check_protocol_quality_complex_protocol" time="0.000" /><testcase classname="unit.validation.test_auditor_protocol_extended.TestProtocolQualityChecking" name="test_check_protocol_quality_good_protocol" time="0.001" /><testcase classname="unit.validation.test_auditor_protocol_extended.TestProtocolQualityChecking" name="test_check_protocol_quality_multiple_protocols" time="0.001" /><testcase classname="unit.validation.test_auditor_protocol_extended.TestNamingConventionChecking" name="test_check_naming_conventions_valid_protocol" time="0.001" /><testcase classname="unit.utils.test_utility_reference_resolver.TestParseReference" name="test_parse_external_reference_with_path" time="0.004" /><testcase classname="unit.validation.test_auditor_protocol_extended.TestNamingConventionChecking" name="test_check_naming_conventions_invalid_class_name" time="0.001" /><testcase classname="unit.utils.test_utility_reference_resolver.TestImportTracking" name="test_track_subcontract_import_with_tracker" time="0.001" /><testcase classname="unit.validation.test_cli.TestRunValidationCLI" name="test_cli_with_all_flags" time="0.004" /><testcase classname="unit.validation.test_cli.TestEdgeCases" name="test_validation_with_nonexistent_directory" time="0.004" /><testcase classname="unit.validation.test_auditor_protocol_extended.TestNamingConventionChecking" name="test_check_naming_conventions_invalid_file_name" time="0.001" /><testcase classname="unit.validation.test_auditor_protocol_extended.TestNamingConventionChecking" name="test_check_naming_conventions_multiple_protocols" time="0.001" /><testcase classname="unit.validation.test_auditor_protocol_extended.TestAuditResultHasIssues" name="test_has_issues_with_duplicates" time="0.000" /><testcase classname="unit.validation.test_auditor_protocol_extended.TestAuditResultHasIssues" name="test_has_issues_with_conflicts" time="0.000" /><testcase classname="unit.validation.test_cli.TestEdgeCases" name="test_validation_with_file_instead_of_directory" time="0.001" /><testcase classname="unit.validation.test_cli.TestEdgeCases" name="test_all_validations_mixed_results" time="0.003" /><testcase classname="unit.validation.test_cli.TestRunValidationCLI" name="test_cli_union_usage_with_max_unions" time="0.005" /><testcase classname="unit.validation.test_architecture.TestModelCounter" name="test_detect_enum_by_naming_pattern" time="0.001" /><testcase classname="unit.validation.test_cli_entry_point.TestRunValidationCLIParameters" name="test_cli_with_strict_flag" time="0.002" /><testcase classname="unit.validation.test_cli.TestRunValidationCLI" name="test_cli_exit_zero_with_failure" time="0.001" /><testcase classname="unit.validation.test_cli.TestEdgeCases" name="test_suite_validators_immutability" time="0.000" /><testcase classname="unit.validation.test_cli.TestRunValidationCLI" name="test_cli_list_command" time="0.001" /><testcase classname="unit.validation.test_cli.TestRunValidationCLI" name="test_cli_nonexistent_directory" time="0.001" /><testcase classname="unit.validation.test_cli_entry_point.TestRunValidationCLIBasics" name="test_cli_list_command" time="0.001" /><testcase classname="unit.va
[...]
st_validate_structure.TestMainFunction" name="test_main_with_missing_arguments" time="0.001" /><testcase classname="unit.validation.test_validate_structure.TestFixtureValidation" name="test_valid_fixtures_pass_validation" time="0.003" /><testcase classname="unit.validation.test_validate_structure.TestOmniStructureValidator" name="test_scattered_models_detection" time="0.009" /><testcase classname="unit.validation.test_validate_no_backward_compatibility.TestValidateAllFiles" name="test_validate_empty_file_list" time="0.000" /><testcase classname="unit.validation.test_validate_no_backward_compatibility.TestEdgeCases" name="test_large_file_handling" time="0.017" /><testcase classname="unit.validation.test_validate_structure.TestOmniStructureValidator" name="test_enum_file_naming_validation" time="0.006" /><testcase classname="unit.validation.test_validate_structure.TestOmniStructureValidator" name="test_test_structure_validation" time="0.005" /><testcase classname="unit.validation.test_validate_structure.TestOmniStructureValidator" name="test_missing_files_validation" time="0.004" /><testcase classname="unit.validation.test_validate_naming.TestNamingConventionValidator" name="test_initialization" time="0.001" /><testcase classname="unit.validation.test_validate_naming.TestNamingConventionValidator" name="test_valid_model_naming" time="0.006" /><testcase classname="unit.validation.test_validate_structure.TestOmniStructureValidator" name="test_protocol_location_validation_non_spi" time="0.005" /><testcase classname="unit.validation.test_validate_structure.TestOmniStructureValidator" name="test_protocol_location_validation_spi_repo" time="0.003" /><testcase classname="unit.validation.test_validate_structure.TestOmniStructureValidator" name="test_model_domain_organization_validation" time="0.003" /><testcase classname="unit.validation.test_validate_structure.TestReportGeneration" name="test_report_violation_grouping" time="0.000" /><testcase classname="unit.validation.test_validate_structure.TestMainFunction" name="test_main_with_valid_arguments" time="0.006" /><testcase classname="unit.validation.test_validate_structure.TestOmniStructureValidator" name="test_valid_repository_structure" time="0.004" /><testcase classname="unit.validation.test_validation_utils.TestProtocolSignatureExtractor" name="test_extract_simple_protocol" time="0.000" /><testcase classname="unit.validation.test_validation_utils.TestPathValidation" name="test_validate_existing_directory" time="0.000" /><testcase classname="unit.validation.test_validation_utils.TestPathValidation" name="test_validate_nonexistent_directory" time="0.000" /><testcase classname="unit.validation.test_validation_utils.TestProtocolSignatureExtractor" name="test_extract_protocol_with_imports" time="0.001" /><testcase classname="unit.validation.test_validation_utils.TestProtocolSignatureExtractor" name="test_ignore_non_protocol_classes" time="0.000" /><testcase classname="unit.validation.test_validate_no_backward_compatibility.TestCLIInterface" name="test_main_no_arguments" time="0.001" /><testcase classname="unit.validation.test_validation_utils.TestPathValidation" name="test_validate_existing_file" time="0.001" /><testcase classname="unit.validation.test_validate_structure.TestEdgeCases" name="test_large_directory_structure_performance" time="0.040" /><testcase classname="unit.validation.test_validate_structure.TestEdgeCases" name="test_permission_error_handling" time="0.005" /><testcase classname="unit.validation.test_validation_utils.TestExtractProtocolSignature" name="test_extract_from_syntax_error_file" time="0.001" /><testcase classname="unit.validation.test_validation_utils.TestExtractProtocolSignature" name="test_extract_from_nonexistent_file" time="0.000" /><testcase classname="unit.validation.test_validate_structure.TestEdgeCases" name="test_empty_repository_path" time="0.032" /><testcase classname="unit.validation.test_validate_structure.TestOmniStructureValidator" name="test_model_file_naming_validation" time="0.005" /><testcase classname="unit.validation.test_validate_structure.TestMainFunction" name="test_main_with_json_output" time="0.008" /><testcase classname="unit.validation.test_validate_structure.TestOmniStructureValidator" name="test_node_structure_validation" time="0.008" /><testcase classname="unit.validation.test_validation_utils.TestPathValidation" name="test_validate_file_as_directory" time="0.000" /><testcase classname="unit.validation.test_validation_utils.TestDetermineRepositoryName" name="test_src_directory_structure" time="0.000" /><testcase classname="unit.validation.test_validation_utils.TestExtractProtocolsFromDirectory" name="test_extract_from_directory_with_protocols" time="0.003" /><testcase classname="unit.validation.test_validation_utils.TestPathValidation" name="test_validate_directory_as_file" time="0.001" /><testcase classname="unit.validation.test_validation_utils.TestSHA256Migration" name="test_sha256_consistency" time="0.002" /><testcase classname="unit.validation.test_validation_utils.TestPathValidation" name="test_validate_nonexistent_file" time="0.001" /><testcase classname="unit.validation.test_validation_utils.TestExtractProtocolSignature" name="test_extract_from_valid_file" time="0.002" /><testcase classname="unit.validation.test_validation_utils.TestDetermineRepositoryName" name="test_omni_priority_over_src" time="0.001" /><testcase classname="unit.validation.test_validation_utils.TestSuggestSpiLocation" name="test_workflow_category" time="0.000" /><testcase classname="unit.validation.test_validation_utils.TestExtractProtocolSignature" name="test_extract_from_binary_file" time="0.001" /><testcase classname="unit.validation.test_validation_utils.TestSuggestSpiLocation" name="test_file_handling_category" time="0.000" /><testcase classname="unit.validation.test_validate_structure.TestReportGeneration" name="test_print_validation_report_success" time="0.000" /><testcase classname="unit.validation.test_validation_utils.TestExtractProtocolsFromDirectory" name="test_extract_from_invalid_directory" time="0.000" /><testcase classname="unit.validation.test_validate_naming.TestNamingConventionValidator" name="test_invalid_model_naming" time="0.013" /><testcase classname="unit.validation.test_validation_utils.TestLoggingIntegration" name="test_exception_logging" time="0.001" /><testcase classname="unit.validation.test_validation_utils.TestSuggestSpiLocation" name="test_agent_category" time="0.000" /><testcase classname="unit.validation.test_validation_utils.TestLoggingIntegration" name="test_logger_exists" time="0.002" /><testcase classname="unit.validation.test_validation_utils.TestExtractProtocolsFromDirectory" name="test_extract_from_empty_directory" time="0.001" /><testcase classname="unit.validation.test_validation_utils.TestSuggestSpiLocation" name="test_core_category" time="0.000" /><testcase classname="unit.validation.test_validation_utils.TestPathValidation" name="test_directory_traversal_warning" time="0.001" /><testcase classname="unit.validation.test_validation_utils.TestDetermineRepositoryName" name="test_unknown_fallback" time="0.000" /><testcase classname="unit.validation.test_validation_utils.TestSuggestSpiLocation" name="test_monitoring_category" time="0.000" /><testcase classname="unit.validation.test_validate_contracts.TestFileHandling" name="test_extremely_large_file_rejection" time="0.022" /><testcase classname="unit.validation.test_validation_utils.TestSuggestSpiLocation" name="test_task_management_with_manager_suffix" time="0.000" /><testcase classname="unit.validation.test_validation_utils.TestSuggestSpiLocation" name="test_event_bus_category" time="0.000" /><testcase classname="unit.validation.test_validate_structure.TestReportGeneration" name="test_print_validation_report_with_violations" time="0.001" /><testcase classname="unit.validation.test_validation_utils.TestSHA256Migration" name="test_sha256_hash_length" time="0.002" /><testcase classname="unit.validation.test_validation_utils.TestSuggestSpiLocation" name="test_case_insensitive_matching" time="0.000" /><testcase classname="unit.validation.test_validation_utils.TestDetermineRepositoryName" name="test_omni_prefix_detection" time="0.001" /><testcase classname="unit.validation.test_validate_contracts.TestFileHandling" name="test_permission_denied_file" time="0.001" /><testcase classname="unit.validation.test_validate_contracts.TestFileHandling" name="test_encoding_error_handling" time="0.001" /><testcase classname="unit.validation.test_validation_utils.TestSuggestSpiLocation" name="test_default_fallback" time="0.001" /><testcase classname="unit.validation.test_validation_utils.TestSuggestSpiLocation" name="test_testing_category" time="0.001" /><testcase classname="unit.validation.test_validation_utils.TestSuggestSpiLocation" name="test_data_category" time="0.002" /><testcase classname="unit.validation.test_validation_utils.TestSuggestSpiLocation" name="test_integration_category" time="0.001" /><testcase classname="unit.validation.test_validation_utils.TestIsProtocolFile" name="test_protocol_filename_detection" time="0.001" /><testcase classname="unit.validation.test_validation_utils.TestIsProtocolFile" name="test_protocol_prefix_detection" time="0.001" /><testcase classname="unit.validation.test_validation_utils.TestIsProtocolFile" name="test_non_protocol_file" time="0.003" /><testcase classname="unit.validation.test_validate_contracts.TestFileHandling" name="test_os_error_handling" time="0.001" /><testcase classname="unit.validation.test_validation_utils.TestFindProtocolFiles" name="test_find_protocol_files_recursive" time="0.001" /><testcase classname="unit.validation.test_validation_utils.TestInvalidPathHandling" name="test_validate_directory_with_invalid_path" time="0.002" /><testcase classname="unit.validation.test_validation_utils.TestFindProtocolFiles" name="test_find_protocol_files_nonexistent_directory" time="0.001" /><testcase classname="unit.validation.test_validation_utils.TestFindProtocolFiles" name="test_find_protocol_files_empty_directory" time="0.004" /><testcase classname="unit.validation.test_validation_utils.TestFindProtocolFiles" name="test_find_protocol_files_in_directory" time="0.006" /><testcase classname="unit.validation.test_validation_utils.TestIsProtocolFile" name="test_protocol_content_detection" time="0.004" /><testcase classname="unit.validation.test_validation_utils.TestIsProtocolFile" name="test_generic_exception_handling" time="0.002" /><testcase classname="validation.test_check_error_raising.TestErrorRaisingDetector" name="test_allows_onex_error_raise" time="0.000" /><testcase classname="validation.test_check_error_raising.TestErrorRaisingDetector" name="test_allows_exception_catching" time="0.001" /><testcase classname="validation.test_check_error_raising.TestErrorRaisingDetector" name="test_allows_bare_reraise" time="0.000" /><testcase classname="validation.test_check_error_raising.TestErrorRaisingDetector" name="test_detects_value_error_raise" time="0.003" /><testcase classname="unit.validation.test_validation_utils.TestIsProtocolFile" name="test_oserror_handling" time="0.000" /><testcase classname="validation.test_check_error_raising.TestErrorRaisingDetector" name="test_allows_reraise_as_onex_error" time="0.001" /><testcase classname="validation.test_check_error_raising.TestErrorRaisingDetector" name="test_allows_error_ok_comment" time="0.000" /><testcase classname="validation.test_check_error_raising.TestErrorRaisingDetector" name="test_detects_type_error_raise" time="0.001" /><testcase classname="validation.test_check_error_raising.TestErrorRaisingDetector" name="test_allows_not_implemented_error_with_stub_ok" time="0.000" /><testcase classname="validation.test_check_error_raising.TestErrorRaisingDetector" name="test_detects_multiple_violations" time="0.001" /><testcase classname="validation.test_check_error_raising.TestCheckFile" name="test_check_file_with_violations" time="0.002" /><testcase classname="validation.test_check_error_raising.TestErrorRaisingDetector" name="test_detects_not_implemented_error_without_stub_ok" time="0.001" /><testcase classname="validation.test_check_error_raising.TestCheckFile" name="test_check_file_without_violations" time="0.001" /><testcase classname="unit.validation.test_validation_utils.TestInvalidPathHandling" name="test_validate_file_with_invalid_path" time="0.004" /><testcase classname="validation.test_check_error_raising.TestErrorRaisingDetector" name="test_detects_runtime_error_raise" time="0.000" /><testcase classname="validation.test_check_error_raising.TestErrorRaisingDetector" name="test_detects_key_error_raise" time="0.001" /><testcase classname="validation.test_check_error_raising.TestCheckFile" name="test_handles_syntax_error" time="0.001" /><testcase classname="validation.test_check_error_raising.TestCheckFile" name="test_skips_test_files" time="0.001" /><testcase classname="validation.test_check_error_raising.TestErrorRaisingDetector" name="test_detects_generic_exception_raise" time="0.002" /><testcase classname="validation.test_check_no_fallbacks.TestFallbackDetector" name="test_allows_exception_with_reraise" time="0.001" /><testcase classname="validation.test_check_no_fallbacks.TestFallbackDetector" name="test_detects_silent_exception_return" time="0.000" /><testcase classname="validation.test_check_no_fallbacks.TestFallbackDetector" name="test_allows_exception_with_logging" time="0.001" /><testcase classname="validation.test_check_no_fallbacks.TestCheckFileForFallbacks" name="test_handles_syntax_errors_gracefully" time="0.001" /><testcase classname="validation.test_check_no_fallbacks.TestFallbackDetector" name="test_allows_fallback_ok_comment" time="0.001" /><testcase classname="validation.test_check_no_fallbacks.TestFallbackDetector" name="test_detects_id_self_fallback" time="0.000" /><testcase classname="validation.test_check_no_fallbacks.TestFallbackDetector" name="test_detects_validator_field_fallback" time="0.001" /><testcase classname="validation.test_check_no_fallbacks.TestCheckFileForFallbacks" name="test_returns_empty_for_clean_file" time="0.001" /><testcase classname="validation.test_check_no_fallbacks.TestCheckFileForFallbacks" name="test_checks_python_file_with_fallbacks" time="0.001" /><testcase classname="validation.test_check_no_fallbacks.TestFallbackDetector" name="test_detects_enum_unknown_fallback" time="0.001" /><testcase classname="validation.test_check_stub_implementations.TestStubDetectionPatterns" name="test_detect_only_pass" time="0.003" /><testcase classname="validation.test_check_stub_implementations.TestStubDetectionPatterns" name="test_detect_only_ellipsis" time="0.001" /><testcase classname="validation.test_check_stub_implementations.TestStubDetectionPatterns" name="test_detect_not_implemented_error" time="0.004" /><testcase classname="validation.test_check_stub_implementations.TestValidImplementations" name="test_valid_implementation" time="0.001" /><testcase classname="validation.test_check_stub_implementations.TestLegitimateExclusions" name="test_exclude_abstract_method" time="0.003" /><testcase classname="validation.test_check_stub_implementations.TestStubDetectionPatterns" name="test_detect_pass_return_pattern" time="0.001" /><testcase classname="validation.test_check_stub_implementations.TestLegitimateExclusions" name="test_exclude_protocol_class" time="0.002" /><testcase classname="validation.test_check_stub_implementations.TestLegitimateExclusions" name="test_exclude_stub_ok_comment" time="0.002" /><testcase classname="validation.test_check_stub_implementations.TestStubDetectionPatterns" name="test_detect_todo_in_docstring" time="0.002" /><testcase classname="validation.test_check_stub_implementations.TestLegitimateExclusions" name="test_exclude_dunder_methods" time="0.001" /><testcase classname="validation.test_check_stub_implementations.TestStubDetectionPatterns" name="test_detect_empty_body" time="0.002" /><testcase classname="validation.test_check_stub_implementations.TestLegitimateExclusions" name="test_exclude_pyi_file" time="0.001" /><testcase classname="validation.test_check_stub_implementations.TestErrorHandling" name="test_syntax_error_handling" time="0.001" /><testcase classname="validation.test_check_stub_implementations.TestValidImplementations" name="test_valid_with_pass_in_block" time="0.002" /><testcase classname="validation.test_check_stub_implementations.TestCommandLineInterface" name="test_check_mode_flag" time="0.003" /><testcase classname="validation.test_check_stub_implementations.TestConfigurationOptions" name="test_load_config_file" time="0.005" /><testcase classname="validation.test_check_stub_implementations.TestCommandLineInterface" name="test_fix_suggestions_flag" time="0.001" /><testcase classname="validation.test_check_stub_implementations.TestCommandLineInterface" name="test_config_path_flag" time="0.001" /><testcase classname="validation.test_check_stub_implementations.TestCommandLineInterface" name="test_multiple_files_input" time="0.000" /><testcase classname="validation.test_check_stub_implementations.TestConfigurationOptions" name="test_default_exclusions" time="0.001" /><testcase classname="validation.test_check_stub_implementations.TestCommandLineInterface" name="test_directory_input" time="0.002" /><testcase classname="validation.test_check_stub_implementations.TestLegitimateExclusions" name="test_exclude_test_fixtures" time="0.004" /><testcase classname="validation.test_check_stub_implementations.TestValidImplementations" name="test_valid_init_with_super" time="0.002" /><testcase classname="validation.test_check_stub_implementations.TestErrorHandling" name="test_missing_file_handling" time="0.001" /><testcase classname="validation.test_check_stub_implementations.TestOutputFormatting" name="test_success_output" time="0.001" /><testcase classname="validation.test_check_stub_implementations.TestOutputFormatting" name="test_failure_output_grouping" time="0.001" /><testcase classname="validation.test_check_stub_implementations.TestOutputFormatting" name="test_fix_suggestion_output" time="0.000" /><testcase classname="validation.test_check_stub_implementations.TestOutputFormatting" name="test_issue_type_categorization" time="0.001" /><testcase classname="validation.test_check_stub_implementations.TestErrorHandling" name="test_encoding_error_handling" time="0.039" /><testcase classname="unit.validation.test_architecture.TestValidateArchitectureCLI" name="test_cli_output_format" time="0.002" /><testcase classname="unit.validation.test_architecture.TestValidateArchitectureCLI" name="test_cli_failure_help_messages" time="0.001" /><testcase classname="unit.validation.test_architecture.TestValidateArchitectureCLI" name="test_cli_mixed_valid_and_invalid_directories" time="0.001" /><testcase classname="unit.validation.test_architecture.TestModelProtocolAuditor" name="test_init_with_valid_path" time="0.000" /><testcase classname="unit.validation.test_architecture.TestModelProtocolAuditor" name="test_init_with_invalid_path" time="0.000" /><testcase classname="unit.validation.test_architecture.TestModelProtocolAuditor" name="test_init_with_current_directory" time="0.000" /><testcase classname="unit.validation.test_architecture.TestModelProtocolAuditor" name="test_check_current_repository_no_src" time="0.000" /><testcase classname="unit.validation.test_architecture.TestModelProtocolAuditor" name="test_check_current_repository_with_valid_protocols" time="0.001" /><testcase classname="unit.validation.test_architecture.TestModelProtocolAuditor" name="test_check_current_repository_with_local_duplicates" time="0.017" /><testcase classname="unit.validation.test_architecture.TestModelProtocolAuditor" name="test_find_local_duplicates" time="0.001" /><testcase classname="unit.validation.test_architecture.TestModelProtocolAuditor" name="test_find_local_duplicates_no_duplicates" time="0.046" /></testsuite></testsuites>
