<?xml version="1.0" encoding="utf-8"?><testsuites name="pytest tests"><testsuite name="pytest" errors="0" failures="1" skipped="3" tests="3075" time="149.912" timestamp="2025-10-19T15:05:14.122049-04:00" hostname="Stickybeatz.local"><testcase classname="" name="unit.models.discovery.test_unified_discovery_system" time="0.000"><skipped message="collection skipped">('/Volumes/PRO-G40/Code/omnibase_core/tests/unit/models/discovery/test_unified_discovery_system.py', 48, 'Skipped: Tools not yet implemented: ToolDiscoveryCoordinator, ToolUnifiedDiscovery')</skipped></testcase><testcase classname="" name="unit.validation.test_validation_performance" time="0.000"><skipped message="collection skipped">('/Volumes/PRO-G40/Code/omnibase_core/tests/unit/validation/test_validation_performance.py', 36, "Skipped: Could not import validation modules: No module named 'validate_contracts'")</skipped></testcase><testcase classname="unit.contracts.test_model_contract_base.TestModelContractBase" name="test_memory_safety_large_dependency_lists" time="0.006" /><testcase classname="unit.contracts.test_model_external_service_config.TestModelExternalServiceConfigFieldValidation" name="test_timeout_seconds_minimum" time="0.001" /><testcase classname="unit.contracts.test_model_external_service_config.TestModelExternalServiceConfigFieldValidation" name="test_endpoint_url_optional" time="0.000" /><testcase classname="unit.contracts.test_model_external_service_config.TestModelExternalServiceConfigRateLimiting" name="test_rate_limiting_enabled" time="0.000" /><testcase classname="unit.contracts.test_model_external_service_config.TestModelExternalServiceConfigRateLimiting" name="test_rate_limiting_disabled" time="0.000" /><testcase classname="unit.core.test_type_constraints.TestBaseCollectionAndFactory" name="test_base_factory_is_available" time="0.005" /><testcase classname="unit.enums.test_enum_acknowledgment_type.TestEnumAcknowledgmentType" name="test_enum_comparison" time="0.001" /><testcase classname="unit.enums.test_enum_acknowledgment_type.TestEnumAcknowledgmentType" name="test_enum_serialization" time="0.001" /><testcase classname="unit.enums.test_enum_acknowledgment_type.TestEnumAcknowledgmentType" name="test_enum_deserialization" time="0.000" /><testcase classname="unit.enums.test_enum_acknowledgment_type.TestEnumAcknowledgmentType" name="test_enum_invalid_value" time="0.000" /><testcase classname="unit.contracts.test_model_external_service_config.TestModelExternalServiceConfigRateLimiting" name="test_high_rate_limit" time="0.001" /><testcase classname="unit.contracts.test_model_external_service_config.TestModelExternalServiceConfigConnectionPooling" name="test_connection_pooling_enabled" time="0.000" /><testcase classname="unit.contracts.test_model_external_service_config.TestModelExternalServiceConfigConnectionPooling" name="test_connection_pooling_disabled" time="0.000" /><testcase classname="unit.contracts.test_model_contract_base.TestModelContractBase" name="test_memory_safety_large_protocol_interfaces" time="0.001" /><testcase classname="unit.contracts.test_model_contract_base.TestModelContractBase" name="test_memory_safety_large_tags_list" time="0.000" /><testcase classname="unit.contracts.test_model_contract_base.TestModelContractBase" name="test_edge_case_empty_strings_after_whitespace_stripping" time="0.000" /><testcase classname="unit.contracts.test_model_contract_base.TestModelContractBase" name="test_edge_case_unicode_strings" time="0.000" /><testcase classname="unit.contracts.test_model_contract_base.TestModelContractBase" name="test_edge_case_very_long_strings" time="0.000" /><testcase classname="unit.contracts.test_model_contract_base.TestModelContractBase" name="test_abstract_method_validate_node_specific_config" time="0.000" /><testcase classname="unit.contracts.test_model_contract_base.TestModelContractBase" name="test_model_config_extra_fields_ignored" time="0.000" /><testcase classname="unit.contracts.test_model_contract_base.TestModelContractBase" name="test_model_config_enum_values_preservation" time="0.000" /><testcase classname="unit.contracts.test_model_contract_base.TestModelContractBase" name="test_onex_error_exception_chaining_preservation" time="0.027" /><testcase classname="integration.test_cache_config_integration.TestCacheConfigIntegration" name="test_container_to_node_compute_default_config" time="0.019" /><testcase classname="unit.enums.test_enum_analysis_status.TestEnumAnalysisStatus" name="test_enum_docstring" time="0.001" /><testcase classname="unit.enums.test_enum_analysis_status.TestEnumAnalysisStatus" name="test_enum_workflow_progression" time="0.000" /><testcase classname="unit.enums.test_enum_analysis_status.TestEnumAnalysisStatus" name="test_enum_status_transitions" time="0.000" /><testcase classname="unit.enums.test_enum_artifact_type.TestEnumArtifactType" name="test_enum_inherits_from_str_and_enum" time="0.000" /><testcase classname="unit.enums.test_enum_artifact_type.TestEnumArtifactType" name="test_enum_values_exist" time="0.001" /><testcase classname="unit.enums.test_enum_artifact_type.TestEnumArtifactType" name="test_enum_string_values" time="0.000" /><testcase classname="unit.enums.test_enum_artifact_type.TestEnumArtifactType" name="test_enum_can_be_created_from_string" time="0.001" /><testcase classname="unit.enums.test_enum_artifact_type.TestEnumArtifactType" name="test_enum_string_comparison" time="0.000" /><testcase classname="unit.enums.test_enum_artifact_type.TestEnumArtifactType" name="test_enum_member_count" time="0.000" /><testcase classname="unit.enums.test_enum_artifact_type.TestEnumArtifactType" name="test_enum_member_uniqueness" time="0.001" /><testcase classname="unit.enums.test_enum_artifact_type.TestEnumArtifactType" name="test_enum_iteration" time="0.001" /><testcase classname="unit.enums.test_enum_acknowledgment_type.TestEnumAcknowledgmentType" name="test_enum_all_values" time="0.000" /><testcase classname="unit.enums.test_enum_acknowledgment_type.TestEnumAcknowledgmentType" name="test_enum_docstring" time="0.000" /><testcase classname="unit.enums.test_enum_action_category.TestEnumActionCategory" name="test_enum_values" time="0.000" /><testcase classname="unit.enums.test_enum_action_category.TestEnumActionCategory" name="test_string_representation" time="0.000" /><testcase classname="unit.enums.test_enum_action_category.TestEnumActionCategory" name="test_is_management_category" time="0.000" /><testcase classname="unit.enums.test_enum_action_category.TestEnumActionCategory" name="test_is_execution_category" time="0.000" /><testcase classname="unit.enums.test_enum_action_category.TestEnumActionCategory" name="test_is_inspection_category" time="0.000" /><testcase classname="unit.enums.test_enum_action_category.TestEnumActionCategory" name="test_enum_equality" time="0.000" /><testcase classname="unit.enums.test_enum_action_category.TestEnumActionCategory" name="test_enum_membership" time="0.000" /><testcase classname="unit.enums.test_enum_action_category.TestEnumActionCategory" name="test_enum_iteration" time="0.000" /><testcase classname="unit.enums.test_enum_agent_capability.TestEnumAgentCapability" name="test_enum_values_code_related" time="0.000" /><testcase classname="unit.enums.test_enum_agent_capability.TestEnumAgentCapability" name="test_enum_values_reasoning" time="0.000" /><testcase classname="unit.enums.test_enum_agent_capability.TestEnumAgentCapability" name="test_enum_values_documentation" time="0.000" /><testcase classname="unit.enums.test_enum_agent_capability.TestEnumAgentCapability" name="test_enum_values_general" time="0.000" /><testcase classname="unit.enums.test_enum_agent_capability.TestEnumAgentCapability" name="test_enum_values_special" time="0.000" /><testcase classname="unit.enums.test_enum_agent_capability.TestEnumAgentCapability" name="test_enum_values_language" time="0.000" /><testcase classname="unit.enums.test_enum_agent_capability.TestEnumAgentCapability" name="test_string_representation" time="0.000" /><testcase classname="unit.enums.test_enum_agent_capability.TestEnumAgentCapabilityInstanceMethods" name="test_is_code_related_true_cases" time="0.000" /><testcase classname="unit.enums.test_enum_agent_capability.TestEnumAgentCapabilityInstanceMethods" name="test_is_code_related_false_cases" time="0.000" /><testcase classname="unit.enums.test_enum_agent_capability.TestEnumAgentCapabilityInstanceMethods" name="test_is_code_related_prefix_matching" time="0.001" /><testcase classname="integration.test_cache_config_integration.TestCacheConfigIntegration" name="test_container_to_node_compute_custom_config" time="0.005" /><testcase classname="unit.core.test_type_constraints.TestMultiProtocolObjects" name="test_full_protocol_implementation" time="0.000" /><testcase classname="unit.core.test_type_constraints.TestMultiProtocolObjects" name="test_partial_protocol_implementation" time="0.000" /><testcase classname="unit.decorators.test_decorator_allow_any_type.TestAllowAnyTypeBasicBehavior" name="test_allow_any_type_bypasses_validation" time="0.001" /><testcase classname="unit.decorators.test_decorator_allow_any_type.TestAllowAnyTypeBasicBehavior" name="test_allow_any_type_preserves_function" time="0.000" /><testcase classname="unit.decorators.test_decorator_allow_any_type.TestAllowAnyTypeBasicBehavior" name="test_allow_any_type_adds_metadata" time="0.000" /><testcase classname="unit.decorators.test_decorator_allow_any_type.TestAllowAnyTypeWithCustomClasses" name="test_allow_any_type_with_custom_classes" time="0.000" /><testcase classname="unit.decorators.test_decorator_allow_any_type.TestAllowAnyTypeWithCustomClasses" name="test_allow_any_type_with_nested_objects" time="0.000" /><testcase classname="unit.decorators.test_decorator_allow_any_type.TestAllowAnyTypeWithExceptions" name="test_allow_any_type_with_exceptions" time="0.003" /><testcase classname="unit.core.test_type_constraints.TestMetadataProviderProtocol" name="test_is_metadata_provider_with_attribute" time="0.010" /><testcase classname="unit.core.test_type_constraints.TestMetadataProviderProtocol" name="test_is_metadata_provider_with_invalid_object" time="0.000" /><testcase classname="unit.core.test_type_constraints.TestPrimitiveValueValidation" name="test_is_primitive_value_with_string" time="0.000" /><testcase classname="unit.core.test_type_constraints.TestPrimitiveValueValidation" name="test_is_primitive_value_with_int" time="0.000" /><testcase classname="unit.core.test_type_constraints.TestPrimitiveValueValidation" name="test_is_primitive_value_with_float" time="0.000" /><testcase classname="unit.core.test_type_constraints.TestPrimitiveValueValidation" name="test_is_primitive_value_with_bool" time="0.000" /><testcase classname="unit.core.test_type_constraints.TestPrimitiveValueValidation" name="test_is_primitive_value_with_invalid_types" time="0.000" /><testcase classname="unit.core.test_type_constraints.TestPrimitiveValueValidation" name="test_validate_primitive_value_success" time="0.000" /><testcase classname="unit.core.test_type_constraints.TestPrimitiveValueValidation" name="test_validate_primitive_value_failure" time="0.000" /><testcase classname="unit.core.test_type_constraints.TestPrimitiveValueValidation" name="test_validate_primitive_value_with_dict" time="0.000" /><testcase classname="unit.core.test_type_constraints.TestPrimitiveValueValidation" name="test_validate_primitive_value_with_none" time="0.000" /><testcase classname="unit.core.test_type_constraints.TestContextValueValidation" name="test_is_context_value_with_primitives" time="0.002" /><testcase classname="unit.core.test_type_constraints.TestContextValueValidation" name="test_is_context_value_with_list" time="0.000" /><testcase classname="unit.core.test_type_constraints.TestContextValueValidation" name="test_is_context_value_with_dict_string_keys" time="0.000" /><testcase classname="unit.core.test_type_constraints.TestContextValueValidation" name="test_is_context_value_with_dict_non_string_keys" time="0.001" /><testcase classname="unit.container.test_container_service_resolver.TestServiceResolution" name="test_resolve_event_bus_by_string" time="0.007" /><testcase classname="unit.contracts.test_model_external_service_config.TestModelExternalServiceConfigConnectionPooling" name="test_large_connection_pool" time="0.000" /><testcase classname="unit.contracts.test_model_external_service_config.TestModelExternalServiceConfigSerialization" name="test_model_dump" time="0.000" /><testcase classname="unit.contracts.test_model_external_service_config.TestModelExternalServiceConfigSerialization" name="test_model_dump_json" time="0.000" /><testcase classname="unit.contracts.test_model_external_service_config.TestModelExternalServiceConfigSerialization" name="test_round_trip_serialization" time="0.000" /><testcase classname="unit.contracts.test_model_external_service_config.TestModelExternalServiceConfigModelConfig" name="test_extra_fields_ignored" time="0.000" /><testcase classname="unit.contracts.test_model_external_service_config.TestModelExternalServiceConfigModelConfig" name="test_enum_values_not_converted" time="0.000" /><testcase classname="unit.contracts.test_model_external_service_config.TestModelExternalServiceConfigModelConfig" name="test_validate_assignment" time="0.000" /><testcase classname="unit.contracts.test_model_external_service_config.TestModelExternalServiceConfigEdgeCases" name="test_minimum_valid_configuration" time="0.000" /><testcase classname="unit.contracts.test_model_external_service_config.TestModelExternalServiceConfigEdgeCases" name="test_maximum_realistic_values" time="0.000" /><testcase classname="unit.contracts.test_model_external_service_config.TestModelExternalServiceConfigEdgeCases" name="test_all_features_disabled" time="0.000" /><testcase classname="unit.contracts.test_model_external_service_config.TestModelExternalServiceConfigEdgeCases" name="test_all_features_enabled_custom_values" time="0.000" /><testcase classname="unit.contracts.test_model_external_service_config.TestModelExternalServiceConfigEdgeCases" name="test_service_type_with_special_characters" time="0.000" /><testcase classname="unit.contracts.test_model_external_service_config.TestModelExternalServiceConfigEdgeCases" name="test_various_url_formats" time="0.000" /><testcase classname="unit.contracts.test_model_external_service_config.TestModelExternalServiceConfigIntegration" name="test_rest_api_with_bearer_auth_configuration" time="0.001" /><testcase classname="unit.contracts.test_model_external_service_config.TestModelExternalServiceConfigIntegration" name="test_graphql_with_jwt_configuration" time="0.000" /><testcase classname="unit.contracts.test_model_external_service_config.TestModelExternalServiceConfigIntegration" name="test_grpc_with_mtls_configuration" time="0.001" /><testcase classname="unit.contracts.test_model_external_service_config.TestModelExternalServiceConfigIntegration" name="test_public_api_with_no_auth" time="0.000" /><testcase classname="unit.contracts.test_model_trigger_mappings.TestModelTriggerMappings" name="test_valid_construction_defaults" time="0.001" /><testcase classname="unit.contracts.test_model_trigger_mappings.TestModelTriggerMappings" name="test_valid_construction_with_mappings" time="0.000" /><testcase classname="unit.contracts.test_model_trigger_mappings.TestModelTriggerMappings" name="test_correlation_id_auto_generation" time="0.000" /><testcase classname="unit.contracts.test_model_trigger_mappings.TestModelTriggerMappings" name="test_validate_string_mappings_with_valid_data" time="0.000" /><testcase classname="unit.contracts.test_model_trigger_mappings.TestModelTriggerMappings" name="test_validate_string_mappings_with_whitespace_trimming" time="0.000" /><testcase classname="unit.contracts.test_model_trigger_mappings.TestModelTriggerMappings" name="test_validate_string_mappings_skips_empty_keys" time="0.000" /><testcase classname="unit.contracts.test_model_trigger_mappings.TestModelTriggerMappings" name="test_validate_string_mappings_skips_empty_values" time="0.000" /><testcase classname="unit.contracts.test_model_trigger_mappings.TestModelTriggerMappings" name="test_validate_string_mappings_key_too_long" time="0.026" /><testcase classname="unit.decorators.test_pattern_exclusions.TestAllowAnyType" name="test_allow_any_type_with_reviewer" time="0.001" /><testcase classname="unit.decorators.test_pattern_exclusions.TestAllowAnyType" name="test_allow_any_type_function_still_works" time="0.001" /><testcase classname="unit.enums.test_enum_agent_capability.TestEnumAgentCapabilityInstanceMethods" name="test_requires_large_model_true_cases" time="0.001" /><testcase classname="unit.enums.test_enum_agent_capability.TestEnumAgentCapabilityInstanceMethods" name="test_requires_large_model_false_cases" time="0.000" /><testcase classname="unit.enums.test_enum_agent_capability.TestEnumAgentCapabilityInstanceMethods" name="test_combined_method_logic" time="0.001" /><testcase classname="unit.enums.test_enum_agent_capability.TestEnumAgentCapabilityIntegration" name="test_enum_equality" time="0.000" /><testcase classname="unit.enums.test_enum_agent_capability.TestEnumAgentCapabilityIntegration" name="test_enum_membership" time="0.000" /><testcase classname="unit.enums.test_enum_agent_capability.TestEnumAgentCapabilityIntegration" name="test_enum_iteration" time="0.000" /><testcase classname="unit.enums.test_enum_agent_capability.TestEnumAgentCapabilityIntegration" name="test_json_serialization" time="0.000" /><testcase classname="unit.enums.test_enum_agent_capability.TestEnumAgentCapabilityIntegration" name="test_pydantic_integration" time="0.017" /><testcase classname="unit.enums.test_enum_agent_capability.TestEnumAgentCapabilityIntegration" name="test_pydantic_serialization" time="0.001" /><testcase classname="unit.decorators.test_pattern_exclusions.TestAllowDictStrAny" name="test_allow_dict_str_any_basic" time="0.000" /><testcase classname="unit.core.test_model_base_collection.TestConcreteCollectionImplementation" name="test_iter_items" time="0.002" /><testcase classname="unit.contracts.test_model_contract_base.TestModelContractBase" name="test_onex_error_context_details_completeness" time="0.000" /><testcase classname="unit.contracts.test_model_effect_retry_config.TestModelEffectRetryConfigBasic" name="test_default_configuration" time="0.002" /><testcase classname="unit.contracts.test_model_effect_retry_config.TestModelEffectRetryConfigBasic" name="test_custom_configuration" time="0.000" /><testcase classname="unit.contracts.test_model_effect_retry_config.TestModelEffectRetryConfigBasic" name="test_all_backoff_strategies" time="0.000" /><testcase classname="unit.contracts.test_model_effect_retry_config.TestModelEffectRetryConfigEnumValidation" name="test_enum_preserved_not_converted_to_string" time="0.000" /><testcase classname="unit.contracts.test_model_effect_retry_config.TestModelEffectRetryConfigEnumValidation" name="test_invalid_enum_string_value_rejected" time="0.000" /><testcase classname="unit.contracts.test_model_effect_retry_config.TestModelEffectRetryConfigEnumValidation" name="test_invalid_enum_numeric_value_rejected" time="0.003" /><testcase classname="unit.core.test_model_base_processor.TestModelServiceBaseProcessor" name="test_processor_with_state" time="0.038" /><testcase classname="unit.core.test_type_constraints.TestContextValueValidation" name="test_is_context_value_with_invalid_types" time="0.005" /><testcase classname="unit.core.test_type_constraints.TestContextValueValidation" name="test_is_complex_context_value" time="0.000" /><testcase classname="unit.core.test_type_constraints.TestContextValueValidation" name="test_validate_context_value_success" time="0.002" /><testcase classname="unit.core.test_type_constraints.TestContextValueValidation" name="test_validate_context_value_failure" time="0.000" /><testcase classname="unit.core.test_type_constraints.TestContextValueValidation" name="test_validate_context_value_with_object" time="0.000" /><testcase classname="unit.core.test_type_constraints.TestContextValueValidation" name="test_validate_context_value_with_set" time="0.000" /><testcase classname="unit.core.test_type_constraints.TestTypeVariablesAndProtocols" name="test_base_collection_exists" time="0.000" /><testcase classname="unit.core.test_type_constraints.TestTypeVariablesAndProtocols" name="test_base_factory_exists" time="0.000" /><testcase classname="unit.core.test_type_constraints.TestTypeVariablesAndProtocols" name="test_protocols_exist" time="0.000" /><testcase classname="unit.contracts.test_model_effect_retry_config.TestModelEffectRetryConfigEnumValidation" name="test_invalid_enum_object_rejected" time="0.002" /><testcase classname="unit.contracts.test_model_effect_retry_config.TestModelEffectRetryConfigEnumValidation" name="test_enum_by_valid_string_value_accepted" time="0.001" /><testcase classname="unit.contracts.test_model_effect_retry_config.TestModelEffectRetryConfigEnumValidation" name="test_enum_case_sensitivity" time="0.001" /><testcase classname="unit.contracts.test_model_effect_retry_config.TestModelEffectRetryConfigEnumValidation" name="test_partial_enum_string_rejected" time="0.001" /><testcase classname="unit.contracts.test_model_effect_retry_config.TestModelEffectRetryConfigEnumValidation" name="test_all_enum_strategies_by_string" time="0.002" /><testcase classname="unit.enums.test_enum_artifact_type.TestEnumArtifactType" name="test_invalid_enum_value_raises_error" time="0.000" /><testcase classname="unit.enums.test_enum_artifact_type.TestEnumArtifactType" name="test_enum_in_operator" time="0.000" /><testcase classname="unit.enums.test_enum_artifact_type.TestEnumArtifactType" name="test_enum_hash_consistency" time="0.000" /><testcase classname="unit.enums.test_enum_artifact_type.TestEnumArtifactType" name="test_enum_repr" time="0.000" /><testcase classname="unit.enums.test_enum_artifact_type.TestEnumArtifactType" name="test_enum_bool_evaluation" time="0.000" /><testcase classname="unit.enums.test_enum_artifact_type.TestEnumArtifactType" name="test_enum_serialization_json_compatible" time="0.001" /><testcase classname="unit.enums.test_enum_artifact_type.TestEnumArtifactType" name="test_enum_case_sensitivity" time="0.001" /><testcase classname="unit.enums.test_enum_artifact_type.TestEnumArtifactType" name="test_enum_with_pydantic_compatibility" time="0.016" /><testcase classname="unit.enums.test_enum_artifact_type.TestEnumArtifactType" name="test_enum_equality_and_identity" time="0.000" /><testcase classname="unit.enums.test_enum_artifact_type.TestEnumArtifactType" name="test_enum_ordering_behavior" time="0.000" /><testcase classname="unit.enums.test_enum_artifact_type.TestEnumArtifactType" name="test_artifact_type_model_integration" time="0.006" /><testcase classname="unit.enums.test_enum_artifact_type.TestEnumArtifactTypeEdgeCases" name="test_enum_with_none_value" time="0.001" /><testcase classname="unit.enums.test_enum_artifact_type.TestEnumArtifactTypeEdgeCases" name="test_enum_with_empty_string" time="0.000" /><testcase classname="unit.enums.test_enum_artifact_type.TestEnumArtifactTypeEdgeCases" name="test_enum_with_whitespace" time="0.000" /><testcase classname="unit.enums.test_enum_artifact_type.TestEnumArtifactTypeEdgeCases" name="test_enum_pickling" time="0.000" /><testcase classname="unit.enums.test_enum_artifact_type.TestEnumArtifactTypeEdgeCases" name="test_enum_copy_behavior" time="0.001" /><testcase classname="unit.enums.test_enum_assembly_strategy.TestEnumAssemblyStrategy" name="test_enum_values" time="0.000" /><testcase classname="unit.enums.test_enum_assembly_strategy.TestEnumAssemblyStrategy" name="test_enum_inheritance" time="0.000" /><testcase classname="unit.enums.test_enum_assembly_strategy.TestEnumAssemblyStrategy" name="test_enum_string_behavior" time="0.000" /><testcase classname="unit.core.test_model_base_processor.TestModelServiceBaseProcessor" name="test_processor_serialization" time="0.001" /><testcase classname="unit.core.test_model_base_collection.TestConcreteCollectionImplementation" name="test_get_items_returns_copy" time="0.001" /><testcase classname="unit.core.test_model_base_collection.TestConcreteCollectionImplementation" name="test_pydantic_validation" time="0.001" /><testcase classname="unit.core.test_model_base_collection.TestConcreteCollectionImplementation" name="test_model_config_extra_ignore" time="0.001" /><testcase classname="unit.core.test_model_base_collection.TestIntegerCollectionImplementation" name="test_integer_collection_operations" time="0.001" /><testcase classname="unit.core.test_model_base_collection.TestIntegerCollectionImplementation" name="test_integer_collection_iteration" time="0.000" /><testcase classname="unit.core.test_model_base_collection.TestIntegerCollectionImplementation" name="test_remove_first_occurrence" time="0.000" /><testcase classname="unit.core.test_model_base_collection.TestCollectionModelSerialization" name="test_serialize_collection" time="0.000" /><testcase classname="unit.core.test_model_base_collection.TestCollectionModelSerialization" name="test_deserialize_collection" time="0.000" /><testcase classname="unit.core.test_model_base_collection.TestCollectionModelSerialization" name="test_json_serialization" time="0.000" /><testcase classname="unit.core.test_model_base_collection.TestCollectionModelSerialization" name="test_json_deserialization" time="0.000" /><testcase classname="unit.core.test_model_base_collection.TestCollectionEdgeCases" name="test_empty_collection_operations" time="0.000" /><testcase classname="unit.core.test_model_base_collection.TestCollectionEdgeCases" name="test_add_duplicate_items" time="0.000" /><testcase classname="unit.core.test_model_base_collection.TestCollectionEdgeCases" name="test_add_empty_string" time="0.000" /><testcase classname="unit.core.test_model_base_collection.TestCollectionEdgeCases" name="test_large_collection" time="0.000" /><testcase classname="unit.core.test_model_base_collection.TestCollectionEdgeCases" name="test_collection_copy_constructor" time="0.004" /><testcase classname="unit.core.test_model_base_collection.TestCollectionTypeParameter" name="test_string_collection" time="0.000" /><testcase classname="unit.core.test_model_base_collection.TestCollectionTypeParameter" name="test_integer_collection_type" time="0.000" /><testcase classname="unit.core.test_model_base_collection.TestCollectionTypeParameter" name="test_type_hints_preserved" time="0.001" /><testcase classname="unit.core.test_model_base_factory.TestModelBaseFactoryAbstract" name="test_cannot_instantiate_abstract_class" time="0.000" /><testcase classname="unit.core.test_model_base_factory.TestModelBaseFactoryAbstract" name="test_missing_create_method" time="0.015" /><testcase classname="unit.core.test_model_base_factory.TestModelBaseFactoryAbstract" name="test_missing_can_create_method" time="0.000" /><testcase classname="unit.core.test_model_base_factory.TestConcreteFactoryImplementation" name="test_create_basic_product" time="0.000" /><testcase classname="unit.core.test_model_base_factory.TestConcreteFactoryImplementation" name="test_create_product_with_category" time="0.000" /><testcase classname="unit.core.test_model_base_factory.TestConcreteFactoryImplementation" name="test_create_with_custom_default_category" time="0.000" /><testcase classname="unit.core.test_model_base_factory.TestConcreteFactoryImplementation" name="test_can_create_supported_type" time="0.000" /><testcase classname="unit.core.test_model_base_factory.TestConcreteFactoryImplementation" name="test_can_create_unsupported_type" time="0.000" /><testcase classname="unit.core.test_model_base_factory.TestConcreteFactoryImplementation" name="test_factory_configuration" time="0.000" /><testcase classname="unit.core.test_model_base_factory.TestUserFactoryImplementation" name="test_create_user_with_email" time="0.000" /><testcase classname="unit.core.test_model_base_factory.TestUserFactoryImplementation" name="test_create_user_auto_email" time="0.001" /><testcase classname="unit.contracts.test_model_trigger_mappings.TestModelTriggerMappings" name="test_validate_string_mappings_value_too_long" time="0.000" /><testcase classname="unit.contracts.test_model_trigger_mappings.TestModelTriggerMappings" name="test_validate_string_mappings_value_not_string" time="0.000" /><testcase classname="unit.contracts.test_model_trigger_mappings.TestModelTriggerMappings" name="test_validate_all_mapping_types" time="0.000" /><testcase classname="unit.contracts.test_model_trigger_mappings.TestModelTriggerMappings" name="test_get_all_mappings_empty" time="0.000" /><testcase classname="unit.contracts.test_model_trigger_mappings.TestModelTriggerMappings" name="test_get_all_mappings_single_category" time="0.000" /><testcase classname="unit.contracts.test_model_trigger_mappings.TestModelTriggerMappings" name="test_get_all_mappings_multiple_categories" time="0.000" /><testcase classname="unit.contracts.test_model_trigger_mappings.TestModelTriggerMappings" name="test_get_all_mappings_overlapping_keys" time="0.000" /><testcase classname="unit.contracts.test_model_trigger_mappings.TestModelTriggerMappings" name="test_get_all_mappings_comprehensive" time="0.000" /><testcase classname="unit.contracts.test_model_trigger_mappings.TestModelTriggerMappings" name="test_add_mapping_event_pattern" time="0.000" /><testcase classname="unit.contracts.test_model_trigger_mappings.TestModelTriggerMappings" name="test_add_mapping_workflow_start" time="0.000" /><testcase classname="unit.contracts.test_model_trigger_mappings.TestModelTriggerMappings" name="test_add_mapping_workflow_stop" time="0.000" /><testcase classname="unit.contracts.test_model_trigger_mappings.TestModelTriggerMappings" name="test_add_mapping_workflow_pause" time="0.000" /><testcase classname="unit.contracts.test_model_trigger_mappings.TestModelTriggerMappings" name="test_add_mapping_workflow_resume" time="0.000" /><testcase classname="unit.contracts.test_model_trigger_mappings.TestModelTriggerMappings" name="test_add_mapping_error_handling" time="0.000" /><testcase classname="unit.contracts.test_model_trigger_mappings.TestModelTriggerMappings" name="test_add_mapping_compensation" time="0.000" /><testcase classname="unit.contracts.test_model_trigger_mappings.TestModelTriggerMappings" name="test_add_mapping_state_change" time="0.000" /><testcase classname="unit.contracts.test_model_trigger_mappings.TestModelTriggerMappings" name="test_add_mapping_custom_action" time="0.000" /><testcase classname="unit.contracts.test_model_trigger_mappings.TestModelTriggerMappings" name="test_add_mapping_notification" time="0.000" /><testcase classname="unit.contracts.test_model_trigger_mappings.TestModelTriggerMappings" name="test_add_mapping_routing" time="0.000" /><testcase classname="unit.contracts.test_model_trigger_mappings.TestModelTriggerMappings" name="test_add_mapping_invalid_category" time="0.000" /><testcase classname="unit.contracts.test_model_trigger_mappings.TestModelTriggerMappings" name="test_add_mapping_with_whitespace_trimming" time="0.000" /><testcase classname="unit.decorators.test_pattern_exclusions.TestAllowDictStrAny" name="test_allow_dict_str_any_with_reviewer" time="0.000" /><testcase classname="unit.decorators.test_pattern_exclusions.TestAllowMixedTypes" name="test_allow_mixed_types_basic" time="0.001" /><testcase classname="unit.enums.test_enum_assembly_strategy.TestEnumAssemblyStrategy" name="test_enum_iteration" time="0.000" /><testcase classname="unit.enums.test_enum_assembly_strategy.TestEnumAssemblyStrategy" name="test_enum_membership" time="0.001" /><testcase classname="unit.enums.test_enum_assembly_strategy.TestEnumAssemblyStrategy" name="test_enum_comparison" time="0.001" /><testcase classname="unit.enums.test_enum_assembly_strategy.TestEnumAssemblyStrategy" name="test_enum_serialization" time="0.001" /><testcase classname="unit.enums.test_enum_assembly_strategy.TestEnumAssemblyStrategy" name="test_enum_deserialization" time="0.000" /><testcase classname="unit.enums.test_enum_assembly_strategy.TestEnumAssemblyStrategy" name="test_enum_invalid_value" time="0.000" /><testcase classname="unit.enums.test_enum_assembly_strategy.TestEnumAssemblyStrategy" name="test_enum_all_values" time="0.000" /><testcase classname="unit.enums.test_enum_assembly_strategy.TestEnumAssemblyStrategy" name="test_enum_docstring" time="0.000" /><testcase classname="unit.enums.test_enum_assembly_strategy.TestEnumAssemblyStrategy" name="test_enum_assembly_strategies" time="0.000" /><testcase classname="unit.enums.test_enum_auth_type.TestEnumAuthType" name="test_enum_values" time="0.000" /><testcase classname="unit.enums.test_enum_auth_type.TestEnumAuthType" name="test_string_representation" time="0.000" /><testcase classname="unit.enums.test_enum_auth_type.TestEnumAuthType" name="test_requires_credentials" time="0.000" /><testcase classname="unit.enums.test_enum_auth_type.TestEnumAuthType" name="test_is_token_based" time="0.000" /><testcase classname="unit.enums.test_enum_agent_capability.TestEnumAgentCapabilityEdgeCases" name="test_case_sensitivity" time="0.000" /><testcase classname="unit.enums.test_enum_agent_capability.TestEnumAgentCapabilityEdgeCases" name="test_invalid_enum_creation" time="0.000" /><testcase classname="unit.enums.test_enum_agent_capability.TestEnumAgentCapabilityEdgeCases" name="test_yaml_serialization_compatibility" time="0.001" /><testcase classname="unit.enums.test_enum_agent_capability.TestEnumAgentCapabilityEdgeCases" name="test_all_code_capabilities_have_code_prefix" time="0.000" /><testcase classname="unit.enums.test_enum_agent_capability.TestEnumAgentCapabilityComprehensiveScenarios" name="test_agent_capability_selection" time="0.000" /><testcase classname="unit.enums.test_enum_agent_capability.TestEnumAgentCapabilityComprehensiveScenarios" name="test_capability_filtering_by_model_size" time="0.000" /><testcase classname="unit.enums.test_enum_agent_capability.TestEnumAgentCapabilityComprehensiveScenarios" name="test_capability_filtering_by_code_relation" time="0.000" /><testcase classname="unit.enums.test_enum_agent_capability.TestEnumAgentCapabilityComprehensiveScenarios" name="test_multi_capability_agent_profile" time="0.000" /><testcase classname="unit.enums.test_enum_agent_capability.TestEnumAgentCapabilityComprehensiveScenarios" name="test_capability_categorization_coverage" time="0.002" /><testcase classname="unit.enums.test_enum_agent_status_type.TestEnumAgentStatusType" name="test_enum_values" time="0.001" /><testcase classname="unit.enums.test_enum_agent_status_type.TestEnumAgentStatusType" name="test_enum_inheritance" time="0.001" /><testcase classname="unit.enums.test_enum_agent_status_type.TestEnumAgentStatusType" name="test_enum_string_behavior" time="0.000" /><testcase classname="unit.enums.test_enum_agent_status_type.TestEnumAgentStatusType" name="test_enum_iteration" time="0.000" /><testcase classname="unit.enums.test_enum_agent_status_type.TestEnumAgentStatusType" name="test_enum_membership" time="0.000" /><testcase classname="unit.enums.test_enum_agent_status_type.TestEnumAgentStatusType" name="test_enum_comparison" time="0.000" /><testcase classname="unit.enums.test_enum_agent_status_type.TestEnumAgentStatusType" name="test_enum_serialization" time="0.000" /><testcase classname="unit.enums.test_enum_agent_status_type.TestEnumAgentStatusType" name="test_enum_deserialization" time="0.000" /><testcase classname="unit.enums.test_enum_agent_status_type.TestEnumAgentStatusType" name="test_enum_invalid_value" time="0.000" /><testcase classname="unit.enums.test_enum_agent_status_type.TestEnumAgentStatusType" name="test_enum_all_values" time="0.000" /><testcase classname="unit.enums.test_enum_agent_status_type.TestEnumAgentStatusType" name="test_enum_docstring" time="0.000" /><testcase classname="unit.enums.test_enum_agent_status_type.TestEnumAgentStatusType" name="test_enum_workflow_states" time="0.000" /><testcase classname="unit.enums.test_enum_analysis_status.TestEnumAnalysisStatus" name="test_enum_values" time="0.000" /><testcase classname="unit.enums.test_enum_analysis_status.TestEnumAnalysisStatus" name="test_enum_inheritance" time="0.000" /><testcase classname="unit.enums.test_enum_analysis_status.TestEnumAnalysisStatus" name="test_enum_string_behavior" time="0.000" /><testcase classname="unit.enums.test_enum_analysis_status.TestEnumAnalysisStatus" name="test_enum_iteration" time="0.000" /><testcase classname="unit.enums.test_enum_analysis_status.TestEnumAnalysisStatus" name="test_enum_membership" time="0.000" /><testcase classname="unit.enums.test_enum_analysis_status.TestEnumAnalysisStatus" name="test_enum_comparison" time="0.000" /><testcase classname="unit.enums.test_enum_analysis_status.TestEnumAnalysisStatus" name="test_enum_serialization" time="0.001" /><testcase classname="unit.enums.test_enum_analysis_status.TestEnumAnalysisStatus" name="test_enum_deserialization" time="0.000" /><testcase classname="unit.enums.test_enum_analysis_status.TestEnumAnalysisStatus" name="test_enum_invalid_value" time="0.001" /><testcase classname="unit.decorators.test_decorator_allow_any_type.TestAllowAnyTypeWithExceptions" name="test_allow_any_type_with_multiple_return_types" time="0.001" /><testcase classname="unit.decorators.test_decorator_allow_any_type.TestAllowAnyTypeWithPydanticModels" name="test_allow_any_type_with_pydantic_models" time="0.018" /><testcase classname="unit.decorators.test_decorator_allow_any_type.TestAllowAnyTypeWithPydanticModels" name="test_allow_any_type_preserves_serialization" time="0.000" /><testcase classname="unit.decorators.test_decorator_allow_any_type.TestAllowAnyTypeMetadata" name="test_allow_any_type_metadata_is_string" time="0.000" /><testcase classname="unit.decorators.test_decorator_allow_any_type.TestAllowAnyTypeMetadata" name="test_allow_any_type_with_empty_reason" time="0.000" /><testcase classname="unit.decorators.test_decorator_allow_any_type.TestAllowAnyTypeMetadata" name="test_allow_any_type_with_long_reason" time="0.000" /><testcase classname="unit.decorators.test_decorator_allow_any_type.TestAllowAnyTypeMetadata" name="test_allow_any_type_metadata_with_special_characters" time="0.000" /><testcase classname="unit.decorators.test_decorator_allow_any_type.TestAllowAnyTypeFunctionSignatures" name="test_allow_any_type_with_no_parameters" time="0.000" /><testcase classname="unit.decorators.test_decorator_allow_any_type.TestAllowAnyTypeFunctionSignatures" name="test_allow_any_type_with_multiple_parameters" time="0.000" /><testcase classname="unit.decorators.test_decorator_allow_any_type.TestAllowAnyTypeFunctionSignatures" name="test_allow_any_type_with_kwargs" time="0.000" /><testcase classname="unit.decorators.test_decorator_allow_any_type.TestAllowAnyTypeFunctionSignatures" name="test_allow_any_type_with_args_and_kwargs" time="0.006" /><testcase classname="unit.decorators.test_decorator_allow_any_type.TestAllowAnyTypeEdgeCases" name="test_allow_any_type_with_none_value" time="0.000" /><testcase classname="unit.decorators.test_decorator_allow_any_type.TestAllowAnyTypeEdgeCases" name="test_allow_any_type_with_callable" time="0.000" /><testcase classname="unit.decorators.test_decorator_allow_any_type.TestAllowAnyTypeEdgeCases" name="test_allow_any_type_preserves_function_name" time="0.000" /><testcase classname="unit.decorators.test_decorator_allow_any_type.TestAllowAnyTypeEdgeCases" name="test_allow_any_type_can_be_stacked" time="0.000" /><testcase classname="unit.decorators.test_decorator_allow_any_type.TestAllowAnyTypeDocumentation" name="test_allow_any_type_reason_is_required" time="0.000" /><testcase classname="unit.decorators.test_decorator_allow_any_type.TestAllowAnyTypeDocumentation" name="test_allow_any_type_reason_documents_usage" time="0.000" /><testcase classname="unit.decorators.test_error_handling_extended.TestStandardErrorHandling" name="test_standard_error_handling_success" time="0.001" /><testcase classname="unit.decorators.test_error_handling_extended.TestStandardErrorHandling" name="test_standard_error_handling_with_no_args" time="0.000" /><testcase classname="unit.decorators.test_error_handling_extended.TestStandardErrorHandling" name="test_standard_error_handling_propagates_onex_error" time="0.004" /><testcase classname="unit.decorators.test_error_handling_extended.TestStandardErrorHandling" name="test_standard_error_handling_wraps_generic_exception" time="0.001" /><testcase classname="unit.decorators.test_error_handling_extended.TestStandardErrorHandling" name="test_standard_error_handling_preserves_function_metadata" time="0.000" /><testcase classname="unit.decorators.test_error_handling_extended.TestStandardErrorHandling" name="test_standard_error_handling_with_args_and_kwargs" time="0.000" /><testcase classname="unit.decorators.test_error_handling_extended.TestStandardErrorHandling" name="test_standard_error_handling_with_different_exception_types" time="0.000" /><testcase classname="unit.decorators.test_pattern_exclusions.TestAllowMixedTypes" name="test_allow_mixed_types_with_reviewer" time="0.000" /><testcase classname="unit.decorators.test_pattern_exclusions.TestAllowLegacyPattern" name="test_allow_legacy_pattern_basic" time="0.000" /><testcase classname="unit.decorators.test_pattern_exclusions.TestAllowLegacyPattern" name="test_allow_legacy_pattern_custom_patterns" time="0.000" /><testcase classname="unit.decorators.test_pattern_exclusions.TestExcludeFromOnexStandards" name="test_exclude_single_pattern" time="0.001" /><testcase classname="unit.decorators.test_pattern_exclusions.TestExcludeFromOnexStandards" name="test_exclude_multiple_patterns" time="0.001" /><testcase classname="unit.decorators.test_pattern_exclusions.TestExcludeFromOnexStandards" name="test_exclude_empty_patterns" time="0.000" /><testcase classname="unit.decorators.test_pattern_exclusions.TestHasPatternExclusion" name="test_has_pattern_exclusion_true" time="0.000" /><testcase classname="unit.decorators.test_pattern_exclusions.TestHasPatternExclusion" name="test_has_pattern_exclusion_false" time="0.003" /><testcase classname="unit.decorators.test_pattern_exclusions.TestHasPatternExclusion" name="test_has_pattern_exclusion_no_exclusions" time="0.000" /><testcase classname="unit.decorators.test_pattern_exclusions.TestHasPatternExclusion" name="test_has_pattern_exclusion_on_class" time="0.000" /><testcase classname="unit.decorators.test_pattern_exclusions.TestGetExclusionInfo" name="test_get_exclusion_info_complete" time="0.001" /><testcase classname="unit.core.test_model_base_factory.TestUserFactoryImplementation" name="test_create_user_custom_domain" time="0.000" /><testcase classname="unit.core.test_model_base_factory.TestUserFactoryImplementation" name="test_can_create_user_types" time="0.000" /><testcase classname="unit.core.test_model_base_factory.TestFactoryModelConfiguration" name="test_factory_pydantic_validation" time="0.000" /><testcase classname="unit.core.test_model_base_factory.TestFactoryModelConfiguration" name="test_factory_model_config_extra_ignore" time="0.000" /><testcase classname="unit.core.test_model_base_factory.TestFactoryModelConfiguration" name="test_factory_model_config_validate_assignment" time="0.000" /><testcase classname="unit.core.test_model_base_factory.TestFactoryModelConfiguration" name="test_factory_serialization" time="0.000" /><testcase classname="unit.core.test_model_base_factory.TestFactoryCreationPatterns" name="test_create_with_all_parameters" time="0.000" /><testcase classname="unit.core.test_model_base_factory.TestFactoryCreationPatterns" name="test_create_multiple_instances" time="0.000" /><testcase classname="unit.core.test_model_base_factory.TestFactoryCreationPatterns" name="test_create_with_validation_error" time="0.000" /><testcase classname="unit.core.test_model_base_factory.TestFactoryCreationPatterns" name="test_factory_state_independence" time="0.000" /><testcase classname="unit.core.test_model_base_factory.TestFactoryEdgeCases" name="test_create_with_no_kwargs" time="0.000" /><testcase classname="unit.core.test_model_base_factory.TestFactoryEdgeCases" name="test_create_with_many_kwargs" time="0.001" /><testcase classname="unit.core.test_model_base_factory.TestFactoryEdgeCases" name="test_can_create_empty_string" time="0.000" /><testcase classname="unit.core.test_model_base_factory.TestFactoryEdgeCases" name="test_can_create_none_type" time="0.000" /><testcase classname="unit.core.test_model_base_factory.TestFactoryEdgeCases" name="test_factory_reuse" time="0.000" /><testcase classname="unit.core.test_model_base_factory.TestFactoryTypeParameter" name="test_product_factory_type" time="0.000" /><testcase classname="unit.core.test_model_base_factory.TestFactoryTypeParameter" name="test_user_factory_type" time="0.000" /><testcase classname="unit.container.test_container_service_resolver.TestServiceResolution" name="test_resolve_consul_client_by_protocol" time="0.003" /><testcase classname="unit.container.test_container_service_resolver.TestServiceResolution" name="test_resolve_vault_client_by_protocol" time="0.001" /><testcase classname="unit.container.test_container_service_resolver.TestServiceResolution" name="test_resolve_event_bus_by_protocol" time="0.003" /><testcase classname="unit.container.test_container_service_resolver.TestErrorHandling" name="test_raises_error_for_unknown_service_name" time="0.018" /><testcase classname="unit.container.test_container_service_resolver.TestErrorHandling" name="test_raises_error_when_vault_client_unavailable" time="0.002" /><testcase classname="unit.container.test_container_service_resolver.TestErrorHandling" name="test_raises_error_for_invalid_protocol" time="0.001" /><testcase classname="unit.container.test_container_service_resolver.TestMethodBinding" name="test_bind_get_service_method_creates_bound_method" time="0.001" /><testcase classname="unit.container.test_container_service_resolver.TestMethodBinding" name="test_bound_method_can_resolve_services" time="0.018" /><testcase classname="unit.decorators.test_error_handling_extended.TestStandardErrorHandling" name="test_standard_error_handling_with_return_none" time="0.000" /><testcase classname="unit.decorators.test_error_handling_extended.TestStandardErrorHandling" name="test_standard_error_handling_with_complex_return_types" time="0.000" /><testcase classname="unit.decorators.test_error_handling_extended.TestValidationErrorHandling" name="test_validation_error_handling_success" time="0.074" /><testcase classname="unit.core.test_type_constraints.TestTypeVariablesAndProtocols" name="test_type_aliases_exist" time="0.000" /><testcase classname="unit.core.test_type_constraints.TestProtocolIntegration" name="test_pydantic_model_with_metadata" time="0.010" /><testcase classname="unit.core.test_model_generic_factory.TestModelGenericFactory" name="test_init" time="0.000" /><testcase classname="unit.core.test_model_generic_factory.TestModelGenericFactory" name="test_register_factory" time="0.000" /><testcase classname="unit.core.test_model_generic_factory.TestModelGenericFactory" name="test_register_builder" time="0.000" /><testcase classname="unit.core.test_model_generic_factory.TestModelGenericFactory" name="test_create_success" time="0.001" /><testcase classname="unit.core.test_model_generic_factory.TestModelGenericFactory" name="test_create_unknown_factory" time="0.003" /><testcase classname="unit.core.test_model_generic_factory.TestModelGenericFactory" name="test_build_success" time="0.000" /><testcase classname="unit.core.test_model_generic_factory.TestModelGenericFactory" name="test_build_unknown_builder" time="0.001" /><testcase classname="unit.core.test_model_generic_factory.TestModelGenericFactory" name="test_create_success_result_utility" time="0.000" /><testcase classname="unit.core.test_model_generic_factory.TestModelGenericFactory" name="test_create_error_result_utility" time="0.000" /><testcase classname="unit.core.test_model_generic_factory.TestModelResultFactory" name="test_init" time="0.000" /><testcase classname="unit.core.test_model_generic_factory.TestModelResultFactory" name="test_build_success_result" time="0.000" /><testcase classname="unit.core.test_model_generic_factory.TestModelResultFactory" name="test_build_error_result" time="0.000" /><testcase classname="unit.core.test_model_generic_factory.TestModelResultFactory" name="test_build_validation_error_result" time="0.000" /><testcase classname="unit.core.test_model_generic_factory.TestModelCapabilityFactory" name="test_init" time="0.000" /><testcase classname="unit.core.test_model_generic_factory.TestModelCapabilityFactory" name="test_build_standard_capability" time="0.000" /><testcase classname="unit.core.test_model_generic_factory.TestModelCapabilityFactory" name="test_build_deprecated_capability" time="0.001" /><testcase classname="unit.core.test_model_generic_factory.TestModelCapabilityFactory" name="test_build_experimental_capability" time="0.000" /><testcase classname="unit.core.test_model_generic_factory.TestModelValidationErrorFactory" name="test_init" time="0.000" /><testcase classname="unit.core.test_model_generic_factory.TestModelValidationErrorFactory" name="test_build_error" time="0.000" /><testcase classname="unit.core.test_model_generic_factory.TestModelValidationErrorFactory" name="test_build_warning" time="0.000" /><testcase classname="unit.core.test_model_generic_factory.TestModelValidationErrorFactory" name="test_build_critical" time="0.000" /><testcase classname="unit.core.test_model_generic_factory.TestModelValidationErrorFactory" name="test_build_info" time="0.000" /><testcase classname="unit.core.test_protocol_implementations.TestProtocolWithComplexModels" name="test_nested_model_serialization" time="0.012" /><testcase classname="integration.test_cache_config_integration.TestCacheConfigIntegration" name="test_cache_behavior_with_different_ttl_configs" time="0.015" /><testcase classname="integration.test_cache_config_integration.TestCacheConfigIntegration" name="test_cache_statistics_tracking_with_enable_stats" time="0.011" /><testcase classname="integration.test_cache_config_integration.TestCacheConfigIntegration" name="test_eviction_policy_lru_vs_lfu" time="0.005" /><testcase classname="integration.test_cache_config_integration.TestCacheConfigIntegration" name="test_cache_memory_requirements_validation" time="0.001" /><testcase classname="integration.test_cache_config_integration.TestCacheConfigIntegration" name="test_multiple_nodes_share_container_config" time="0.002" /><testcase classname="integration.test_cache_config_integration.TestCacheConfigIntegration" name="test_cache_config_ttl_conversion_backward_compatibility" time="0.002" /><testcase classname="integration.test_cache_config_integration.TestCacheConfigIntegration" name="test_production_deployment_scenario" time="0.570" /><testcase classname="unit.core.test_model_base_factory.TestFactoryTypeParameter" name="test_factory_type_safety" time="0.000" /><testcase classname="unit.core.test_model_base_factory.TestFactoryInheritance" name="test_extend_factory" time="0.001" /><testcase classname="unit.core.test_model_base_factory.TestFactoryInheritance" name="test_override_can_create" time="0.001" /><testcase classname="unit.core.test_model_base_factory.TestFactoryWithComplexTypes" name="test_nested_model_creation" time="0.001" /><testcase classname="unit.core.test_model_base_processor.TestModelServiceBaseProcessor" name="test_cannot_instantiate_abstract_class" time="0.000" /><testcase classname="unit.core.test_model_base_processor.TestModelServiceBaseProcessor" name="test_concrete_implementation_with_both_methods" time="0.000" /><testcase classname="unit.core.test_model_base_processor.TestModelServiceBaseProcessor" name="test_concrete_processor_process_method" time="0.000" /><testcase classname="unit.core.test_model_base_processor.TestModelServiceBaseProcessor" name="test_concrete_processor_can_process_method" time="0.001" /><testcase classname="unit.core.test_model_base_processor.TestModelServiceBaseProcessor" name="test_missing_process_method_fails" time="0.000" /><testcase classname="unit.core.test_model_base_processor.TestModelServiceBaseProcessor" name="test_missing_can_process_method_fails" time="0.000" /><testcase classname="unit.core.test_model_base_processor.TestModelServiceBaseProcessor" name="test_processor_with_pydantic_validation" time="0.000" /><testcase classname="unit.core.test_model_base_processor.TestModelServiceBaseProcessor" name="test_processor_model_config_extra_ignore" time="0.000" /><testcase classname="unit.core.test_model_base_processor.TestModelServiceBaseProcessor" name="test_processor_model_config_validate_assignment" time="0.000" /><testcase classname="unit.core.test_model_base_processor.TestModelServiceBaseProcessor" name="test_processor_model_config_enum_values" time="0.014" /><testcase classname="unit.core.test_model_base_processor.TestModelServiceBaseProcessor" name="test_processor_inheritance_chain" time="0.001" /><testcase classname="unit.core.test_type_constraints.TestProtocolIntegration" name="test_pydantic_model_with_id" time="0.001" /><testcase classname="unit.core.test_type_constraints.TestProtocolIntegration" name="test_combined_protocols" time="0.000" /><testcase classname="unit.core.test_type_constraints.TestEdgeCases" name="test_empty_list_is_context_value" time="0.000" /><testcase classname="unit.core.test_type_constraints.TestEdgeCases" name="test_empty_dict_is_context_value" time="0.000" /><testcase classname="unit.core.test_type_constraints.TestEdgeCases" name="test_zero_is_primitive_value" time="0.000" /><testcase classname="unit.core.test_type_constraints.TestEdgeCases" name="test_empty_string_is_primitive_value" time="0.000" /><testcase classname="unit.core.test_type_constraints.TestEdgeCases" name="test_nested_list_is_context_value" time="0.000" /><testcase classname="unit.core.test_type_constraints.TestEdgeCases" name="test_nested_dict_is_context_value" time="0.000" /><testcase classname="unit.core.test_type_constraints.TestEdgeCases" name="test_mixed_list_is_context_value" time="0.000" /><testcase classname="unit.core.test_type_constraints.TestProtocolImplementationWithPydanticModels" name="test_pydantic_model_implements_serializable" time="0.000" /><testcase classname="unit.decorators.test_pattern_exclusions.TestGetExclusionInfo" name="test_get_exclusion_info_minimal" time="0.000" /><testcase classname="unit.decorators.test_pattern_exclusions.TestGetExclusionInfo" name="test_get_exclusion_info_none" time="0.004" /><testcase classname="unit.decorators.test_pattern_exclusions.TestGetExclusionInfo" name="test_get_exclusion_info_on_class" time="0.001" /><testcase classname="unit.decorators.test_pattern_exclusions.TestIsExcludedFromPatternCheck" name="test_exclusion_via_decorator_in_file" time="0.001" /><testcase classname="unit.decorators.test_pattern_exclusions.TestIsExcludedFromPatternCheck" name="test_exclusion_via_inline_comment" time="0.000" /><testcase classname="unit.contracts.test_model_effect_retry_config.TestModelEffectRetryConfigEnumValidation" name="test_omit_enum_field_uses_default" time="0.001" /><testcase classname="unit.contracts.test_model_effect_retry_config.TestModelEffectRetryConfigEnumValidation" name="test_enum_assignment_validation" time="0.001" /><testcase classname="unit.contracts.test_model_effect_retry_config.TestModelEffectRetryConfigValidation" name="test_max_attempts_minimum_value" time="0.000" /><testcase classname="unit.contracts.test_model_effect_retry_config.TestModelEffectRetryConfigValidation" name="test_base_delay_ms_minimum_value" time="0.000" /><testcase classname="unit.contracts.test_model_effect_retry_config.TestModelEffectRetryConfigValidation" name="test_max_delay_ms_minimum_value" time="0.000" /><testcase classname="unit.contracts.test_model_effect_retry_config.TestModelEffectRetryConfigValidation" name="test_circuit_breaker_threshold_minimum_value" time="0.000" /><testcase classname="unit.contracts.test_model_effect_retry_config.TestModelEffectRetryConfigValidation" name="test_circuit_breaker_timeout_s_minimum_value" time="0.000" /><testcase classname="unit.contracts.test_model_effect_retry_config.TestModelEffectRetryConfigMaxDelayValidator" name="test_max_delay_greater_than_base_delay_valid" time="0.000" /><testcase classname="unit.contracts.test_model_effect_retry_config.TestModelEffectRetryConfigMaxDelayValidator" name="test_max_delay_equal_to_base_delay_invalid" time="0.000" /><testcase classname="unit.contracts.test_model_effect_retry_config.TestModelEffectRetryConfigMaxDelayValidator" name="test_max_delay_less_than_base_delay_invalid" time="0.001" /><testcase classname="unit.contracts.test_model_effect_retry_config.TestModelEffectRetryConfigMaxDelayValidator" name="test_validator_error_context" time="0.001" /><testcase classname="unit.contracts.test_model_effect_retry_config.TestModelEffectRetryConfigMaxDelayValidator" name="test_edge_case_max_delay_one_more_than_base" time="0.001" /><testcase classname="unit.contracts.test_model_effect_retry_config.TestModelEffectRetryConfigMaxDelayValidator" name="test_edge_case_very_large_delays" time="0.000" /><testcase classname="unit.contracts.test_model_effect_retry_config.TestModelEffectRetryConfigMaxDelayValidator" name="test_validator_triggered_on_construction" time="0.000" /><testcase classname="unit.contracts.test_model_effect_retry_config.TestModelEffectRetryConfigCircuitBreaker" name="test_circuit_breaker_enabled" time="0.000" /><testcase classname="unit.decorators.test_pattern_exclusions.TestIsExcludedFromPatternCheck" name="test_exclusion_via_exclude_all_comment" time="0.000" /><testcase classname="unit.decorators.test_pattern_exclusions.TestIsExcludedFromPatternCheck" name="test_no_exclusion_in_file" time="0.000" /><testcase classname="unit.decorators.test_pattern_exclusions.TestIsExcludedFromPatternCheck" name="test_file_not_found" time="0.000" /><testcase classname="unit.decorators.test_pattern_exclusions.TestIsExcludedFromPatternCheck" name="test_lookback_range" time="0.000" /><testcase classname="unit.decorators.test_pattern_exclusions.TestIsExcludedFromPatternCheck" name="test_unicode_handling" time="0.000" /><testcase classname="unit.decorators.test_pattern_exclusions.TestIsExcludedFromPatternCheck" name="test_malformed_file_handling" time="0.000" /><testcase classname="unit.core.test_type_constraints.TestProtocolImplementationWithPydanticModels" name="test_pydantic_model_implements_validatable" time="0.000" /><testcase classname="unit.container.test_container_service_resolver.TestMethodBinding" name="test_bound_method_preserves_container_context" time="0.001" /><testcase classname="unit.decorators.test_pattern_exclusions.TestEdgeCasesAndComplexScenarios" name="test_decorator_preserves_function_callable" time="0.000" /><testcase classname="unit.decorators.test_pattern_exclusions.TestEdgeCasesAndComplexScenarios" name="test_decorator_on_method" time="0.000" /><testcase classname="unit.decorators.test_pattern_exclusions.TestEdgeCasesAndComplexScenarios" name="test_decorator_on_staticmethod" time="0.000" /><testcase classname="unit.decorators.test_pattern_exclusions.TestEdgeCasesAndComplexScenarios" name="test_decorator_on_classmethod" time="0.000" /><testcase classname="unit.decorators.test_pattern_exclusions.TestEdgeCasesAndComplexScenarios" name="test_nested_class_decoration" time="0.000" /><testcase classname="unit.decorators.test_pattern_exclusions.TestEdgeCasesAndComplexScenarios" name="test_exclusion_metadata_doesnt_interfere" time="0.000" /><testcase classname="unit.decorators.test_pattern_exclusions.TestEdgeCasesAndComplexScenarios" name="test_multiple_decorators_order" time="0.000" /><testcase classname="unit.decorators.test_pattern_exclusions.TestEdgeCasesAndComplexScenarios" name="test_exclusion_with_empty_reason" time="0.000" /><testcase classname="unit.decorators.test_pattern_exclusions.TestEdgeCasesAndComplexScenarios" name="test_case_sensitivity_in_comments" time="0.000" /><testcase classname="unit.core.test_type_constraints.TestProtocolImplementationWithPydanticModels" name="test_pydantic_model_implements_configurable" time="0.000" /><testcase classname="unit.core.test_type_constraints.TestProtocolImplementationWithPydanticModels" name="test_pydantic_model_implements_executable" time="0.003" /><testcase classname="unit.core.test_type_constraints.TestProtocolImplementationWithPydanticModels" name="test_pydantic_model_implements_nameable" time="0.001" /><testcase classname="unit.enums.test_enum_auth_type.TestEnumAuthType" name="test_is_certificate_based" time="0.114" /><testcase classname="unit.decorators.test_error_handling_extended.TestValidationErrorHandling" name="test_validation_error_handling_propagates_onex_error" time="0.001" /><testcase classname="unit.decorators.test_error_handling_extended.TestValidationErrorHandling" name="test_validation_error_handling_wraps_validation_error" time="0.002" /><testcase classname="unit.decorators.test_error_handling_extended.TestValidationErrorHandling" name="test_validation_error_handling_detects_validation_in_message" time="0.001" /><testcase classname="unit.decorators.test_error_handling_extended.TestValidationErrorHandling" name="test_validation_error_handling_generic_exception_fallback" time="0.000" /><testcase classname="unit.decorators.test_error_handling_extended.TestValidationErrorHandling" name="test_validation_error_handling_preserves_function_signature" time="0.000" /><testcase classname="unit.decorators.test_error_handling_extended.TestIOErrorHandling" name="test_io_error_handling_success" time="0.000" /><testcase classname="unit.decorators.test_error_handling_extended.TestIOErrorHandling" name="test_io_error_handling_propagates_onex_error" time="0.001" /><testcase classname="unit.decorators.test_error_handling_extended.TestIOErrorHandling" name="test_io_error_handling_file_not_found" time="0.000" /><testcase classname="unit.decorators.test_error_handling_extended.TestIOErrorHandling" name="test_io_error_handling_is_a_directory_error" time="0.001" /><testcase classname="unit.decorators.test_error_handling_extended.TestIOErrorHandling" name="test_io_error_handling_permission_error" time="0.001" /><testcase classname="unit.contracts.test_model_effect_retry_config.TestModelEffectRetryConfigCircuitBreaker" name="test_circuit_breaker_disabled" time="0.000" /><testcase classname="unit.contracts.test_model_effect_retry_config.TestModelEffectRetryConfigSerialization" name="test_model_dump" time="0.001" /><testcase classname="unit.contracts.test_model_effect_retry_config.TestModelEffectRetryConfigSerialization" name="test_model_dump_json" time="0.001" /><testcase classname="unit.contracts.test_model_effect_retry_config.TestModelEffectRetryConfigSerialization" name="test_round_trip_serialization" time="0.000" /><testcase classname="unit.contracts.test_model_effect_retry_config.TestModelEffectRetryConfigModelConfig" name="test_extra_fields_ignored" time="0.000" /><testcase classname="unit.contracts.test_model_effect_retry_config.TestModelEffectRetryConfigModelConfig" name="test_enum_values_not_converted" time="0.001" /><testcase classname="unit.contracts.test_model_effect_retry_config.TestModelEffectRetryConfigModelConfig" name="test_validate_assignment" time="0.001" /><testcase classname="unit.contracts.test_model_effect_retry_config.TestModelEffectRetryConfigEdgeCases" name="test_minimum_valid_configuration" time="0.001" /><testcase classname="unit.contracts.test_model_effect_retry_config.TestModelEffectRetryConfigEdgeCases" name="test_high_retry_attempts" time="0.001" /><testcase classname="unit.contracts.test_model_effect_retry_config.TestModelEffectRetryConfigEdgeCases" name="test_all_features_disabled" time="0.000" /><testcase classname="unit.core.test_protocol_implementations.TestProtocolWithComplexModels" name="test_model_with_validators" time="0.002" /><testcase classname="unit.core.test_protocol_implementations.TestProtocolWithComplexModels" name="test_model_with_complex_metadata" time="0.001" /><testcase classname="unit.core.test_protocol_implementations.TestProtocolWithOptionalFields" name="test_optional_fields_serialization" time="0.001" /><testcase classname="unit.core.test_protocol_implementations.TestProtocolWithOptionalFields" name="test_configurable_with_optional_config" time="0.001" /><testcase classname="unit.core.test_protocol_implementations.TestProtocolChaining" name="test_serialize_validate_chain" time="0.001" /><testcase classname="unit.core.test_protocol_implementations.TestProtocolChaining" name="test_configure_execute_chain" time="0.013" /><testcase classname="unit.core.test_protocol_implementations.TestProtocolErrorHandling" name="test_serialization_with_error_handling" time="0.001" /><testcase classname="unit.core.test_protocol_implementations.TestProtocolErrorHandling" name="test_validation_with_exception_handling" time="0.001" /><testcase classname="unit.core.test_protocol_implementations.TestProtocolWithCustomTypes" name="test_custom_id_type" time="0.000" /><testcase classname="unit.core.test_protocol_implementations.TestProtocolWithCustomTypes" name="test_custom_metadata_type" time="0.000" /><testcase classname="unit.core.test_protocol_implementations.TestProtocolWithStateMachine" name="test_stateful_executable" time="0.000" /><testcase classname="unit.core.test_protocol_implementations.TestProtocolWithStateMachine" name="test_stateful_configurable" time="0.000" /><testcase classname="unit.container.test_container_service_resolver.TestServiceResolutionEdgeCases" name="test_resolve_with_none_service_name" time="0.001" /><testcase classname="unit.container.test_container_service_resolver.TestServiceResolutionEdgeCases" name="test_registry_method_returns_none" time="0.002" /><testcase classname="unit.container.test_container_service_resolver.TestServiceResolutionEdgeCases" name="test_multiple_service_resolutions" time="0.002" /><testcase classname="unit.container.test_container_service_resolver.TestProtocolTypeHandling" name="test_protocol_type_with_name_attribute" time="0.001" /><testcase classname="unit.container.test_container_service_resolver.TestProtocolTypeHandling" name="test_string_protocol_name_in_registry" time="0.061" /><testcase classname="unit.contracts.test_model_compensation_plan.TestModelCompensationPlan" name="test_valid_construction_minimal_fields" time="0.000" /><testcase classname="unit.contracts.test_model_compensation_plan.TestModelCompensationPlan" name="test_valid_construction_all_fields" time="0.000" /><testcase classname="unit.contracts.test_model_compensation_plan.TestModelCompensationPlan" name="test_validate_plan_id_with_valid_uuid_object" time="0.000" /><testcase classname="unit.contracts.test_model_compensation_plan.TestModelCompensationPlan" name="test_validate_plan_id_with_valid_uuid_string" time="0.000" /><testcase classname="unit.contracts.test_model_compensation_plan.TestModelCompensationPlan" name="test_validate_plan_id_with_empty_string" time="0.000" /><testcase classname="unit.contracts.test_model_compensation_plan.TestModelCompensationPlan" name="test_validate_plan_id_with_whitespace_string" time="0.000" /><testcase classname="unit.contracts.test_model_compensation_plan.TestModelCompensationPlan" name="test_validate_plan_id_with_invalid_uuid_string" time="0.000" /><testcase classname="unit.contracts.test_model_compensation_plan.TestModelCompensationPlan" name="test_validate_action_lists_with_valid_identifiers" time="0.000" /><testcase classname="unit.contracts.test_model_compensation_plan.TestModelCompensationPlan" name="test_validate_action_lists_with_empty_entries" time="0.000" /><testcase classname="unit.contracts.test_model_compensation_plan.TestModelCompensationPlan" name="test_validate_action_lists_with_invalid_characters" time="0.000" /><testcase classname="unit.contracts.test_model_compensation_plan.TestModelCompensationPlan" name="test_validate_action_lists_with_special_characters" time="0.000" /><testcase classname="unit.contracts.test_model_compensation_plan.TestModelCompensationPlan" name="test_validate_multiple_action_types" time="0.000" /><testcase classname="unit.contracts.test_model_compensation_plan.TestModelCompensationPlan" name="test_validate_plan_dependencies_with_valid_uuids" time="0.000" /><testcase classname="unit.contracts.test_model_compensation_plan.TestModelCompensationPlan" name="test_validate_plan_dependencies_with_uuid_strings" time="0.000" /><testcase classname="unit.contracts.test_model_compensation_plan.TestModelCompensationPlan" name="test_validate_plan_dependencies_with_mixed_types" time="0.000" /><testcase classname="unit.contracts.test_model_effect_retry_config.TestModelEffectRetryConfigEdgeCases" name="test_all_features_enabled" time="0.000" /><testcase classname="unit.contracts.test_model_external_service_config.TestModelExternalServiceConfigBasic" name="test_minimal_required_configuration" time="0.000" /><testcase classname="unit.contracts.test_model_external_service_config.TestModelExternalServiceConfigBasic" name="test_default_configuration_values" time="0.000" /><testcase classname="unit.contracts.test_model_external_service_config.TestModelExternalServiceConfigBasic" name="test_custom_configuration" time="0.000" /><testcase classname="unit.contracts.test_model_external_service_config.TestModelExternalServiceConfigBasic" name="test_various_service_types" time="0.000" /><testcase classname="unit.contracts.test_model_external_service_config.TestModelExternalServiceConfigEnumAuthType" name="test_all_authentication_methods" time="0.000" /><testcase classname="unit.contracts.test_model_external_service_config.TestModelExternalServiceConfigEnumAuthType" name="test_auth_type_enum_preserved_not_converted" time="0.000" /><testcase classname="unit.contracts.test_model_external_service_config.TestModelExternalServiceConfigEnumAuthType" name="test_invalid_enum_string_value_rejected" time="0.000" /><testcase classname="unit.contracts.test_model_external_service_config.TestModelExternalServiceConfigEnumAuthType" name="test_invalid_enum_numeric_value_rejected" time="0.000" /><testcase classname="unit.contracts.test_model_external_service_config.TestModelExternalServiceConfigEnumAuthType" name="test_omit_enum_field_uses_default" time="0.000" /><testcase classname="unit.contracts.test_model_external_service_config.TestModelExternalServiceConfigEnumAuthType" name="test_auth_type_by_string_value_accepted" time="0.000" /><testcase classname="unit.contracts.test_model_external_service_config.TestModelExternalServiceConfigEnumAuthType" name="test_auth_type_case_sensitivity" time="0.000" /><testcase classname="unit.contracts.test_model_external_service_config.TestModelExternalServiceConfigEnumAuthType" name="test_auth_type_enum_helper_methods" time="0.000" /><testcase classname="unit.contracts.test_model_external_service_config.TestModelExternalServiceConfigFieldValidation" name="test_service_type_required" time="0.000" /><testcase classname="unit.contracts.test_model_external_service_config.TestModelExternalServiceConfigFieldValidation" name="test_service_type_min_length" time="0.000" /><testcase classname="unit.contracts.test_model_external_service_config.TestModelExternalServiceConfigFieldValidation" name="test_rate_limit_requests_per_minute_minimum" time="0.000" /><testcase classname="unit.decorators.test_error_handling_extended.TestIOErrorHandling" name="test_io_error_handling_generic_exception_fallback" time="0.001" /><testcase classname="unit.decorators.test_error_handling_extended.TestIOErrorHandling" name="test_io_error_handling_custom_operation_name" time="0.000" /><testcase classname="unit.decorators.test_error_handling_extended.TestDecoratorStacking" name="test_stacking_standard_and_validation" time="0.000" /><testcase classname="unit.decorators.test_error_handling_extended.TestDecoratorStacking" name="test_multiple_standard_decorators" time="0.000" /><testcase classname="unit.decorators.test_error_handling_extended.TestErrorContextPreservation" name="test_error_context_from_original_exception" time="0.000" /><testcase classname="unit.decorators.test_error_handling_extended.TestErrorContextPreservation" name="test_error_message_includes_original_details" time="0.000" /><testcase classname="unit.decorators.test_error_handling_extended.TestEdgeCases" name="test_decorator_with_class_method" time="0.000" /><testcase classname="unit.decorators.test_error_handling_extended.TestEdgeCases" name="test_decorator_with_static_method" time="0.000" /><testcase classname="unit.decorators.test_error_handling_extended.TestEdgeCases" name="test_decorator_with_generator" time="0.000" /><testcase classname="unit.decorators.test_error_handling_extended.TestEdgeCases" name="test_decorator_with_none_return" time="0.000" /><testcase classname="unit.decorators.test_error_handling_extended.TestEdgeCases" name="test_empty_operation_name" time="0.000" /><testcase classname="unit.decorators.test_pattern_exclusions.TestONEXPatternExclusionClass" name="test_basic_initialization" time="0.000" /><testcase classname="unit.decorators.test_pattern_exclusions.TestONEXPatternExclusionClass" name="test_initialization_with_defaults" time="0.000" /><testcase classname="unit.decorators.test_pattern_exclusions.TestONEXPatternExclusionClass" name="test_apply_to_function" time="0.000" /><testcase classname="unit.decorators.test_pattern_exclusions.TestONEXPatternExclusionClass" name="test_apply_to_class" time="0.000" /><testcase classname="unit.decorators.test_pattern_exclusions.TestONEXPatternExclusionClass" name="test_multiple_pattern_exclusions" time="0.000" /><testcase classname="unit.decorators.test_pattern_exclusions.TestONEXPatternExclusionClass" name="test_overlapping_pattern_exclusions" time="0.000" /><testcase classname="unit.enums.test_enum_auth_type.TestEnumAuthType" name="test_supports_refresh" time="0.001" /><testcase classname="unit.enums.test_enum_auth_type.TestEnumAuthType" name="test_enum_equality" time="0.000" /><testcase classname="unit.enums.test_enum_auth_type.TestEnumAuthType" name="test_enum_membership" time="0.000" /><testcase classname="unit.enums.test_enum_auth_type.TestEnumAuthType" name="test_enum_iteration" time="0.000" /><testcase classname="unit.enums.test_enum_auth_type.TestEnumAuthType" name="test_json_serialization" time="0.000" /><testcase classname="unit.enums.test_enum_auth_type.TestEnumAuthType" name="test_pydantic_integration" time="0.000" /><testcase classname="unit.enums.test_enum_auth_type.TestEnumAuthType" name="test_pydantic_serialization" time="0.000" /><testcase classname="unit.enums.test_enum_auth_type.TestEnumAuthType" name="test_edge_cases" time="0.000" /><testcase classname="unit.enums.test_enum_auth_type.TestEnumAuthType" name="test_comprehensive_security_classification" time="0.000" /><testcase classname="unit.enums.test_enum_base_status.TestEnumBaseStatus" name="test_enum_values" time="0.000" /><testcase classname="unit.core.test_type_constraints.TestProtocolWithInheritance" name="test_inherited_protocol_implementation" time="0.000" /><testcase classname="unit.core.test_type_constraints.TestProtocolWithInheritance" name="test_multiple_protocol_inheritance" time="0.000" /><testcase classname="unit.core.test_type_constraints.TestProtocolWithInheritance" name="test_protocol_implementation_override" time="0.000" /><testcase classname="unit.core.test_type_constraints.TestProtocolTypeGuardsEdgeCases" name="test_serialize_attribute_is_none" time="0.000" /><testcase classname="unit.core.test_type_constraints.TestProtocolTypeGuardsEdgeCases" name="test_configurable_with_non_callable_configure" time="0.000" /><testcase classname="unit.core.test_type_constraints.TestProtocolTypeGuardsEdgeCases" name="test_executable_with_non_callable_execute" time="0.039" /><testcase classname="unit.core.test_type_constraints.TestProtocolTypeGuardsEdgeCases" name="test_metadata_with_none_value" time="0.001" /><testcase classname="unit.core.test_type_constraints.TestProtocolTypeGuardsEdgeCases" name="test_id_with_different_types" time="0.000" /><testcase classname="unit.core.test_type_constraints.TestProtocolWithDynamicAttributes" name="test_dynamic_serializable" time="0.000" /><testcase classname="unit.core.test_type_constraints.TestProtocolWithDynamicAttributes" name="test_dynamic_identifiable" time="0.001" /><testcase classname="unit.core.test_type_constraints.TestProtocolWithDynamicAttributes" name="test_dynamic_nameable" time="0.001" /><testcase classname="unit.core.test_type_constraints.TestPrimitiveValueValidationEdgeCases" name="test_validate_primitive_with_custom_object" time="0.001" /><testcase classname="unit.core.test_type_constraints.TestPrimitiveValueValidationEdgeCases" name="test_validate_primitive_with_lambda" time="0.000" /><testcase classname="unit.core.test_type_constraints.TestPrimitiveValueValidationEdgeCases" name="test_is_primitive_value_with_numeric_edge_cases" time="0.000" /><testcase classname="unit.core.test_type_constraints.TestPrimitiveValueValidationEdgeCases" name="test_is_primitive_value_with_negative_zero" time="0.000" /><testcase classname="unit.core.test_type_constraints.TestContextValueValidationEdgeCases" name="test_validate_context_value_with_tuple" time="0.000" /><testcase classname="unit.core.test_type_constraints.TestContextValueValidationEdgeCases" name="test_is_context_value_with_deeply_nested_structures" time="0.000" /><testcase classname="unit.core.test_type_constraints.TestContextValueValidationEdgeCases" name="test_is_context_value_with_mixed_key_types" time="0.000" /><testcase classname="unit.core.test_type_constraints.TestContextValueValidationEdgeCases" name="test_is_context_value_with_empty_nested_structures" time="0.000" /><testcase classname="unit.core.test_type_constraints.TestContextValueValidationEdgeCases" name="test_validate_context_value_with_frozenset" time="0.000" /><testcase classname="unit.core.test_type_constraints.TestProtocolCompliance" name="test_protocol_type_annotation_compliance" time="0.000" /><testcase classname="unit.core.test_type_constraints.TestProtocolCompliance" name="test_protocol_method_signature_validation" time="0.000" /><testcase classname="unit.core.test_type_constraints.TestProtocolCompliance" name="test_protocol_property_compliance" time="0.000" /><testcase classname="unit.enums.test_enum_analysis_status.TestEnumAnalysisStatus" name="test_enum_all_values" time="0.002" /><testcase classname="integration.test_validation_integration.TestEndToEndWorkflows" name="test_development_workflow_simulation" time="1.792" /><testcase classname="unit.enums.test_enum_base_status.TestEnumBaseStatus" name="test_enum_inheritance" time="0.000" /><testcase classname="unit.enums.test_enum_base_status.TestEnumBaseStatus" name="test_enum_string_behavior" time="0.000" /><testcase classname="unit.enums.test_enum_base_status.TestEnumBaseStatus" name="test_enum_iteration" time="0.000" /><testcase classname="unit.enums.test_enum_base_status.TestEnumBaseStatus" name="test_enum_membership" time="0.000" /><testcase classname="unit.enums.test_enum_base_status.TestEnumBaseStatus" name="test_enum_comparison" time="0.000" /><testcase classname="unit.enums.test_enum_base_status.TestEnumBaseStatus" name="test_enum_serialization" time="0.001" /><testcase classname="unit.enums.test_enum_base_status.TestEnumBaseStatus" name="test_enum_deserialization" time="0.000" /><testcase classname="unit.enums.test_enum_base_status.TestEnumBaseStatus" name="test_enum_invalid_value" time="0.000" /><testcase classname="unit.enums.test_enum_base_status.TestEnumBaseStatus" name="test_enum_all_values" time="0.000" /><testcase classname="unit.enums.test_enum_base_status.TestEnumBaseStatus" name="test_is_active_state_method" time="0.001" /><testcase 
[...]
Discovery" name="test_get_mixin_dependencies" time="0.804" /><testcase classname="unit.mixins.test_mixin_fail_fast.TestMixinFailFast" name="test_validate_type_with_non_matching_type" time="0.001" /><testcase classname="unit.discovery.test_mixin_discovery.TestMixinDiscovery" name="test_get_mixin_dependencies_nonexistent" time="2.781" /><testcase classname="integration.test_validation_integration.TestContinuousIntegration" name="test_ci_parallel_validation_simulation" time="0.476" /><testcase classname="integration.test_validation_integration.TestValidationPerformance" name="test_large_repository_validation_performance" time="0.254" /><testcase classname="integration.test_validation_integration.TestValidationPerformance" name="test_validation_memory_usage" time="0.456" /><testcase classname="unit.enums.test_enum_error_category.TestEnumErrorCategory" name="test_enum_serialization" time="0.003" /><testcase classname="unit.enums.test_enum_error_category.TestEnumErrorCategory" name="test_enum_deserialization" time="0.000" /><testcase classname="unit.enums.test_enum_error_category.TestEnumErrorCategory" name="test_enum_invalid_values" time="0.000" /><testcase classname="unit.enums.test_enum_error_category.TestEnumErrorCategory" name="test_enum_all_values" time="0.000" /><testcase classname="unit.enums.test_enum_error_category.TestEnumErrorCategory" name="test_enum_docstring" time="0.000" /><testcase classname="unit.enums.test_enum_event_priority.TestEnumEventPriority" name="test_enum_values" time="0.000" /><testcase classname="unit.enums.test_enum_event_priority.TestEnumEventPriority" name="test_enum_inheritance" time="0.001" /><testcase classname="unit.enums.test_enum_event_priority.TestEnumEventPriority" name="test_enum_string_behavior" time="0.000" /><testcase classname="unit.enums.test_enum_event_priority.TestEnumEventPriority" name="test_enum_iteration" time="0.000" /><testcase classname="unit.enums.test_enum_event_priority.TestEnumEventPriority" name="test_enum_membership" time="0.000" /><testcase classname="unit.enums.test_enum_event_priority.TestEnumEventPriority" name="test_enum_comparison" time="0.000" /><testcase classname="unit.enums.test_enum_event_priority.TestEnumEventPriority" name="test_enum_serialization" time="0.000" /><testcase classname="unit.enums.test_enum_event_priority.TestEnumEventPriority" name="test_enum_deserialization" time="0.000" /><testcase classname="unit.enums.test_enum_event_priority.TestEnumEventPriority" name="test_enum_invalid_values" time="0.000" /><testcase classname="unit.enums.test_enum_event_priority.TestEnumEventPriority" name="test_enum_all_values" time="0.000" /><testcase classname="unit.enums.test_enum_event_priority.TestEnumEventPriority" name="test_enum_docstring" time="0.000" /><testcase classname="unit.enums.test_enum_event_type_discovery.TestEnumEventTypeDiscovery" name="test_enum_values" time="0.000" /><testcase classname="unit.enums.test_enum_event_type_discovery.TestEnumEventTypeDiscovery" name="test_enum_inheritance" time="0.000" /><testcase classname="unit.enums.test_enum_event_type_discovery.TestEnumEventTypeDiscovery" name="test_enum_string_behavior" time="0.000" /><testcase classname="unit.enums.test_enum_event_type_discovery.TestEnumEventTypeDiscovery" name="test_enum_iteration" time="0.000" /><testcase classname="unit.enums.test_enum_event_type_discovery.TestEnumEventTypeDiscovery" name="test_enum_membership" time="0.000" /><testcase classname="unit.enums.test_enum_event_type_discovery.TestEnumEventTypeDiscovery" name="test_enum_comparison" time="0.000" /><testcase classname="unit.enums.test_enum_event_type_discovery.TestEnumEventTypeDiscovery" name="test_enum_serialization" time="0.000" /><testcase classname="unit.enums.test_enum_event_type_discovery.TestEnumEventTypeDiscovery" name="test_enum_deserialization" time="0.000" /><testcase classname="unit.enums.test_enum_event_type_discovery.TestEnumEventTypeDiscovery" name="test_enum_invalid_values" time="0.000" /><testcase classname="unit.enums.test_enum_event_type_discovery.TestEnumEventTypeDiscovery" name="test_enum_all_values" time="0.000" /><testcase classname="unit.enums.test_enum_event_type_discovery.TestEnumEventTypeDiscovery" name="test_enum_docstring" time="0.000" /><testcase classname="unit.enums.test_enum_execution_status.TestEnumExecutionStatus" name="test_enum_values" time="0.000" /><testcase classname="unit.enums.test_enum_execution_status.TestEnumExecutionStatus" name="test_string_representation" time="0.000" /><testcase classname="unit.enums.test_enum_execution_status.TestEnumExecutionStatus" name="test_is_terminal" time="0.000" /><testcase classname="unit.enums.test_enum_execution_status.TestEnumExecutionStatus" name="test_is_active" time="0.000" /><testcase classname="unit.enums.test_enum_execution_status.TestEnumExecutionStatus" name="test_is_successful" time="0.000" /><testcase classname="unit.enums.test_enum_execution_status.TestEnumExecutionStatus" name="test_enum_equality" time="0.000" /><testcase classname="unit.enums.test_enum_execution_status.TestEnumExecutionStatus" name="test_enum_membership" time="0.000" /><testcase classname="unit.mixins.test_mixin_event_listener.TestMixinEventListener" name="test_stop_event_listener" time="3.706" /><testcase classname="unit.mixins.test_mixin_event_listener.TestMixinEventListener" name="test_get_input_state_class_from_annotations" time="0.001" /><testcase classname="unit.mixins.test_mixin_event_listener.TestMixinEventListener" name="test_get_input_state_class_not_found" time="0.001" /><testcase classname="unit.discovery.test_mixin_discovery.TestMixinDiscovery" name="test_validate_composition_valid" time="1.032" /><testcase classname="unit.mixins.test_mixin_fail_fast.TestMixinFailFast" name="test_validate_not_empty_with_none_value" time="0.001" /><testcase classname="performance.contracts.test_model_workflow_dependency_performance.TestModelWorkflowDependencyPerformance" name="test_concurrent_validation_simulation" time="0.413" /><testcase classname="unit.discovery.test_mixin_discovery.TestMixinDiscovery" name="test_validate_composition_with_unknown_mixin" time="1.439" /><testcase classname="performance.test_model_timeout_performance.TestModelTimeoutPerformance" name="test_cached_property_performance" time="0.002" /><testcase classname="performance.test_model_timeout_performance.TestModelTimeoutPerformance" name="test_warning_threshold_caching" time="0.001" /><testcase classname="performance.test_model_timeout_performance.TestModelTimeoutPerformance" name="test_extension_limit_caching" time="0.001" /><testcase classname="performance.test_model_timeout_performance.TestModelTimeoutPerformance" name="test_runtime_category_calculation_caching" time="0.002" /><testcase classname="performance.test_model_timeout_performance.TestModelTimeoutPerformance" name="test_cache_invalidation_on_metadata_change" time="0.002" /><testcase classname="performance.test_model_timeout_performance.TestModelTimeoutPerformance" name="test_serialization_performance" time="0.005" /><testcase classname="performance.test_model_timeout_performance.TestModelTimeoutPerformance" name="test_lru_cache_effectiveness[fast]" time="0.000" /><testcase classname="performance.test_model_timeout_performance.TestModelTimeoutPerformance" name="test_lru_cache_effectiveness[moderate]" time="0.003" /><testcase classname="performance.test_model_timeout_performance.TestModelTimeoutPerformance" name="test_property_access_patterns" time="0.001" /><testcase classname="performance.test_model_timeout_performance.TestModelTimeoutPerformance" name="test_memory_usage_optimization" time="0.140" /><testcase classname="performance.test_model_timeout_performance.TestPerformanceBenchmarks" name="test_benchmark_script_exists" time="0.001" /><testcase classname="performance.test_model_timeout_performance.TestPerformanceBenchmarks" name="test_performance_regression_detection" time="0.001" /><testcase classname="test_direct_instantiation_danger" name="test_direct_instantiation_danger" time="0.001" /><testcase classname="test_direct_instantiation_danger" name="test_current_approach_prevents_this" time="0.000" /><testcase classname="test_direct_instantiation_danger" name="test_real_world_agent_scenario" time="0.001" /><testcase classname="test_json_serialization_crash" name="test_json_crash_proof" time="0.002" /><testcase classname="unit.constants.test_event_types.TestEventTypeConstants" name="test_event_types_all_defined" time="0.003" /><testcase classname="unit.constants.test_event_types.TestEventTypeConstants" name="test_event_types_unique_values" time="0.001" /><testcase classname="unit.constants.test_event_types.TestEventTypeConstants" name="test_event_types_are_strings" time="0.000" /><testcase classname="unit.constants.test_event_types.TestEventTypeConstants" name="test_event_types_follow_naming_convention" time="0.000" /><testcase classname="unit.constants.test_event_types.TestEventTypeSpecificValues" name="test_tool_event_types" time="0.000" /><testcase classname="unit.constants.test_event_types.TestEventTypeSpecificValues" name="test_introspection_event_types" time="0.001" /><testcase classname="unit.constants.test_event_types.TestEventTypeSpecificValues" name="test_health_event_types" time="0.004" /><testcase classname="unit.constants.test_event_types.TestEventTypeSpecificValues" name="test_lifecycle_event_types" time="0.000" /><testcase classname="unit.constants.test_event_types.TestNormalizeLegacyEventType" name="test_normalize_legacy_event_type_with_string" time="0.001" /><testcase classname="unit.constants.test_event_types.TestNormalizeLegacyEventType" name="test_normalize_legacy_event_type_with_object_value_attribute" time="0.000" /><testcase classname="unit.constants.test_event_types.TestNormalizeLegacyEventType" name="test_normalize_legacy_event_type_with_dict_value_key" time="0.000" /><testcase classname="unit.constants.test_event_types.TestNormalizeLegacyEventType" name="test_normalize_legacy_event_type_with_dict_event_type_key" time="0.000" /><testcase classname="unit.constants.test_event_types.TestNormalizeLegacyEventType" name="test_normalize_legacy_event_type_with_fallback_to_string" time="0.000" /><testcase classname="unit.constants.test_event_types.TestNormalizeLegacyEventType" name="test_normalize_legacy_event_type_with_numeric_value" time="0.000" /><testcase classname="unit.constants.test_event_types.TestNormalizeLegacyEventType" name="test_normalize_legacy_event_type_preserves_string_value" time="0.000" /><testcase classname="unit.constants.test_event_types.TestNormalizeLegacyEventTypeEdgeCases" name="test_normalize_legacy_event_type_with_empty_string" time="0.001" /><testcase classname="unit.constants.test_event_types.TestNormalizeLegacyEventTypeEdgeCases" name="test_normalize_legacy_event_type_with_none" time="0.000" /><testcase classname="unit.constants.test_event_types.TestNormalizeLegacyEventTypeEdgeCases" name="test_normalize_legacy_event_type_with_dict_priority" time="0.001" /><testcase classname="unit.constants.test_event_types.TestNormalizeLegacyEventTypeEdgeCases" name="test_normalize_legacy_event_type_with_empty_dict" time="0.001" /><testcase classname="unit.constants.test_event_types.TestNormalizeLegacyEventTypeEdgeCases" name="test_normalize_legacy_event_type_with_complex_object" time="0.002" /><testcase classname="unit.constants.test_event_types.TestEventTypeSerialization" name="test_event_types_serialization" time="0.001" /><testcase classname="unit.constants.test_event_types.TestEventTypeSerialization" name="test_event_types_in_lists" time="0.000" /><testcase classname="unit.constants.test_event_types.TestEventTypeSerialization" name="test_event_types_in_dictionaries" time="0.000" /><testcase classname="unit.constants.test_event_types.TestEventTypeUsagePatterns" name="test_event_type_comparison" time="0.000" /><testcase classname="unit.constants.test_event_types.TestEventTypeUsagePatterns" name="test_event_type_in_conditional" time="0.000" /><testcase classname="unit.constants.test_event_types.TestEventTypeUsagePatterns" name="test_event_type_string_operations" time="0.000" /><testcase classname="unit.constants.test_event_types.TestEventTypeModuleStructure" name="test_event_types_module_has_docstring" time="0.000" /><testcase classname="unit.constants.test_event_types.TestEventTypeModuleStructure" name="test_event_types_module_docstring_describes_purpose" time="0.000" /><testcase classname="unit.constants.test_event_types.TestEventTypeModuleStructure" name="test_normalize_function_has_docstring" time="0.000" /><testcase classname="unit.container.test_container_service_resolver.TestRegistryMapBuilding" name="test_build_registry_map_with_all_services" time="0.001" /><testcase classname="unit.container.test_container_service_resolver.TestRegistryMapBuilding" name="test_build_registry_map_returns_callables" time="0.001" /><testcase classname="unit.container.test_container_service_resolver.TestServiceResolution" name="test_resolve_service_by_name_from_registry" time="0.002" /><testcase classname="unit.discovery.test_mixin_discovery.TestMixinDiscovery" name="test_validate_composition_empty_list" time="0.000" /><testcase classname="unit.discovery.test_mixin_discovery.TestMixinDiscovery" name="test_caching_behavior" time="1.099" /><testcase classname="unit.discovery.test_mixin_discovery.TestMixinDiscovery" name="test_metadata_file_not_found" time="0.002" /><testcase classname="unit.discovery.test_mixin_discovery.TestMixinDiscoveryIntegration" name="test_complete_discovery_workflow" time="0.915" /><testcase classname="unit.discovery.test_mixin_discovery.TestMixinDiscoveryIntegration" name="test_mixin_recommendation_workflow" time="0.574" /><testcase classname="unit.discovery.test_mixin_discovery.TestMixinDiscoveryIntegration" name="test_dependency_resolution_workflow" time="1.012" /><testcase classname="unit.enums.test_enum_acknowledgment_type.TestEnumAcknowledgmentType" name="test_enum_values" time="0.000" /><testcase classname="unit.enums.test_enum_acknowledgment_type.TestEnumAcknowledgmentType" name="test_enum_inheritance" time="0.001" /><testcase classname="unit.enums.test_enum_acknowledgment_type.TestEnumAcknowledgmentType" name="test_enum_string_behavior" time="0.000" /><testcase classname="unit.enums.test_enum_acknowledgment_type.TestEnumAcknowledgmentType" name="test_enum_iteration" time="0.000" /><testcase classname="unit.enums.test_enum_acknowledgment_type.TestEnumAcknowledgmentType" name="test_enum_membership" time="0.000" /><testcase classname="unit.enums.test_enum_daemon_action_type.TestEnumDaemonActionType" name="test_enum_inheritance" time="0.000" /><testcase classname="unit.enums.test_enum_daemon_action_type.TestEnumDaemonActionType" name="test_enum_string_behavior" time="0.000" /><testcase classname="unit.enums.test_enum_daemon_action_type.TestEnumDaemonActionType" name="test_enum_iteration" time="0.000" /><testcase classname="unit.enums.test_enum_daemon_action_type.TestEnumDaemonActionType" name="test_enum_membership" time="0.000" /><testcase classname="unit.enums.test_enum_daemon_action_type.TestEnumDaemonActionType" name="test_enum_comparison" time="0.000" /><testcase classname="unit.enums.test_enum_daemon_action_type.TestEnumDaemonActionType" name="test_enum_serialization" time="0.000" /><testcase classname="unit.enums.test_enum_daemon_action_type.TestEnumDaemonActionType" name="test_enum_deserialization" time="0.000" /><testcase classname="unit.enums.test_enum_daemon_action_type.TestEnumDaemonActionType" name="test_enum_invalid_value" time="0.001" /><testcase classname="unit.enums.test_enum_daemon_action_type.TestEnumDaemonActionType" name="test_enum_all_values" time="0.000" /><testcase classname="unit.enums.test_enum_daemon_action_type.TestEnumDaemonActionType" name="test_enum_docstring" time="0.001" /><testcase classname="unit.enums.test_enum_daemon_action_type.TestEnumDaemonActionType" name="test_enum_str_method" time="0.000" /><testcase classname="unit.enums.test_enum_daemon_action_type.TestEnumDaemonActionType" name="test_is_destructive" time="0.000" /><testcase classname="unit.enums.test_enum_daemon_action_type.TestEnumDaemonActionType" name="test_requires_confirmation" time="0.001" /><testcase classname="unit.enums.test_enum_daemon_action_type.TestEnumDaemonActionType" name="test_enum_daemon_action_types" time="0.000" /><testcase classname="unit.enums.test_enum_data_classification.TestEnumDataClassification" name="test_enum_values" time="0.001" /><testcase classname="unit.enums.test_enum_data_classification.TestEnumDataClassification" name="test_string_inheritance" time="0.000" /><testcase classname="unit.enums.test_enum_data_classification.TestEnumDataClassification" name="test_string_representation" time="0.000" /><testcase classname="unit.enums.test_enum_data_classification.TestEnumDataClassification" name="test_get_security_level" time="0.001" /><testcase classname="unit.enums.test_enum_data_classification.TestEnumDataClassification" name="test_is_public" time="0.000" /><testcase classname="unit.enums.test_enum_data_classification.TestEnumDataClassification" name="test_requires_encryption" time="0.000" /><testcase classname="unit.enums.test_enum_data_classification.TestEnumDataClassification" name="test_get_retention_policy" time="0.001" /><testcase classname="unit.enums.test_enum_data_classification.TestEnumDataClassification" name="test_enum_equality" time="0.000" /><testcase classname="unit.enums.test_enum_data_classification.TestEnumDataClassification" name="test_enum_membership" time="0.000" /><testcase classname="unit.enums.test_enum_data_classification.TestEnumDataClassification" name="test_enum_iteration" time="0.000" /><testcase classname="unit.enums.test_enum_data_classification.TestEnumDataClassification" name="test_json_serialization" time="0.000" /><testcase classname="unit.enums.test_enum_data_classification.TestEnumDataClassification" name="test_pydantic_integration" time="0.012" /><testcase classname="unit.enums.test_enum_data_classification.TestEnumDataClassification" name="test_pydantic_serialization" time="0.001" /><testcase classname="unit.enums.test_enum_data_classification.TestEnumDataClassification" name="test_security_level_ordering" time="0.000" /><testcase classname="unit.enums.test_enum_data_classification.TestEnumDataClassification" name="test_aliases" time="0.000" /><testcase classname="unit.enums.test_enum_data_classification.TestEnumDataClassification" name="test_comprehensive_security_features" time="0.000" /><testcase classname="unit.enums.test_enum_data_classification.TestEnumDataClassification" name="test_encryption_requirements" time="0.002" /><testcase classname="unit.enums.test_enum_data_source_type.TestEnumDataSourceType" name="test_enum_values" time="0.003" /><testcase classname="unit.enums.test_enum_data_source_type.TestEnumDataSourceType" name="test_enum_inheritance" time="0.000" /><testcase classname="unit.enums.test_enum_data_source_type.TestEnumDataSourceType" name="test_enum_string_behavior" time="0.000" /><testcase classname="unit.enums.test_enum_data_source_type.TestEnumDataSourceType" name="test_enum_iteration" time="0.001" /><testcase classname="unit.enums.test_enum_data_source_type.TestEnumDataSourceType" name="test_enum_membership" time="0.000" /><testcase classname="unit.enums.test_enum_data_source_type.TestEnumDataSourceType" name="test_enum_comparison" time="0.001" /><testcase classname="unit.enums.test_enum_data_source_type.TestEnumDataSourceType" name="test_enum_serialization" time="0.000" /><testcase classname="unit.enums.test_enum_data_source_type.TestEnumDataSourceType" name="test_enum_deserialization" time="0.001" /><testcase classname="unit.enums.test_enum_data_source_type.TestEnumDataSourceType" name="test_enum_invalid_value" time="0.000" /><testcase classname="unit.enums.test_enum_data_source_type.TestEnumDataSourceType" name="test_enum_all_values" time="0.001" /></testsuite></testsuites>
