src/omnibase_core/models/metadata/model_generic_metadata.py:82: error: Incompatible types in assignment (expression has type "str", target has type "int")  [assignment]
src/omnibase_core/models/metadata/model_generic_metadata.py:82: error: Incompatible types in assignment (expression has type "str", target has type "float")  [assignment]
src/omnibase_core/models/metadata/model_generic_metadata.py:82: error: Incompatible types in assignment (expression has type "str", target has type "bool")  [assignment]
src/omnibase_core/models/metadata/model_generic_metadata.py:88: error: Incompatible types in assignment (expression has type "str", target has type "int")  [assignment]
src/omnibase_core/models/metadata/model_generic_metadata.py:88: error: Incompatible types in assignment (expression has type "str", target has type "float")  [assignment]
src/omnibase_core/models/metadata/model_generic_metadata.py:88: error: Incompatible types in assignment (expression has type "str", target has type "bool")  [assignment]
src/omnibase_core/models/metadata/model_generic_metadata.py:88: error: Incompatible types in assignment (expression has type "int", target has type "str")  [assignment]
src/omnibase_core/models/metadata/model_generic_metadata.py:88: error: Incompatible types in assignment (expression has type "int", target has type "bool")  [assignment]
src/omnibase_core/models/metadata/model_generic_metadata.py:88: error: Incompatible types in assignment (expression has type "bool", target has type "str")  [assignment]
src/omnibase_core/models/metadata/model_generic_metadata.py:88: error: Incompatible types in assignment (expression has type "float", target has type "str")  [assignment]
src/omnibase_core/models/metadata/model_generic_metadata.py:88: error: Incompatible types in assignment (expression has type "float", target has type "int")  [assignment]
src/omnibase_core/models/metadata/model_generic_metadata.py:88: error: Incompatible types in assignment (expression has type "float", target has type "bool")  [assignment]
src/omnibase_core/models/connections/model_custom_connection_properties.py:123: error: Statement is unreachable  [unreachable]
src/omnibase_core/models/infrastructure/model_progress_original.py:96: error: Missing named argument "collection_id" for "ModelMetricsData"  [call-arg]
src/omnibase_core/models/infrastructure/model_progress_original.py:96: error: Missing named argument "collection_display_name" for "ModelMetricsData"  [call-arg]
src/omnibase_core/models/config/model_environment_properties.py:34: error: Name "PropertyMetadata" is not defined  [name-defined]
src/omnibase_core/utils/safe_yaml_loader.py:13: error: Library stubs not installed for "yaml"  [import-untyped]
src/omnibase_core/utils/safe_yaml_loader.py:13: note: Hint: "python3 -m pip install types-PyYAML"
src/omnibase_core/utils/safe_yaml_loader.py:13: note: (or run "mypy --install-types" to install all missing stub packages)
src/omnibase_core/utils/safe_yaml_loader.py:13: note: See https://mypy.readthedocs.io/en/stable/running_mypy.html#missing-imports
src/omnibase_core/utils/safe_yaml_loader.py:283: error: Missing named argument "schema_version" for "ModelSchemaExample"  [call-arg]
src/omnibase_core/models/nodes/model_node_information.py:207: error: Name "EnumStatus" is not defined  [name-defined]
src/omnibase_core/models/nodes/model_node_information.py:208: error: Name "EnumNodeHealthStatus" is not defined  [name-defined]
src/omnibase_core/models/metadata/model_metadata_node_analytics.py:125: error: Missing named argument "collection_id" for "ModelMetricsData"  [call-arg]
src/omnibase_core/models/infrastructure/model_execution_result.py:256: error: Missing named argument "tool_id" for "ModelCliResultData"  [call-arg]
Found 22 errors in 8 files (checked 265 source files)
