.....................................................F.................. [  1%]
........................................................................ [  3%]
........................................................................ [  4%]
........................................................................ [  6%]
........................................................................ [  8%]
..............FFF.......FFF..............................FF..F...F...... [  9%]
........................................................................ [ 11%]
........................................................................ [ 13%]
........................................................................ [ 14%]
........................................................................ [ 16%]
........................................................................ [ 18%]
........................................................................ [ 19%]
........................................................................ [ 21%]
........................................................................ [ 23%]
........................................................................ [ 24%]
........................................................................ [ 26%]
..........F....F.......FF............................FFF......FF........ [ 28%]
.F.F..............F.......................F....FF.........F........FF.FF [ 29%]
F...F................................................................... [ 31%]
........................................................................ [ 33%]
........................................................................ [ 34%]
........................................................................ [ 36%]
........................................................................ [ 38%]
........................................................................ [ 39%]
........................................................................ [ 41%]
..............................................................F......... [ 43%]
........................F............................................... [ 44%]
................................F...................F.F................. [ 46%]
F....F.F.....................F.....................FF...FF.FFFF
=============================== warnings summary ===============================
../../../../Users/jonah/Library/Caches/pypoetry/virtualenvs/omnibase-core-Twd7t-Wn-py3.12/lib/python3.12/site-packages/pydantic/_internal/_generate_schema.py:298
../../../../Users/jonah/Library/Caches/pypoetry/virtualenvs/omnibase-core-Twd7t-Wn-py3.12/lib/python3.12/site-packages/pydantic/_internal/_generate_schema.py:298
../../../../Users/jonah/Library/Caches/pypoetry/virtualenvs/omnibase-core-Twd7t-Wn-py3.12/lib/python3.12/site-packages/pydantic/_internal/_generate_schema.py:298
../../../../Users/jonah/Library/Caches/pypoetry/virtualenvs/omnibase-core-Twd7t-Wn-py3.12/lib/python3.12/site-packages/pydantic/_internal/_generate_schema.py:298
../../../../Users/jonah/Library/Caches/pypoetry/virtualenvs/omnibase-core-Twd7t-Wn-py3.12/lib/python3.12/site-packages/pydantic/_internal/_generate_schema.py:298
  /Users/jonah/Library/Caches/pypoetry/virtualenvs/omnibase-core-Twd7t-Wn-py3.12/lib/python3.12/site-packages/pydantic/_internal/_generate_schema.py:298: PydanticDeprecatedSince20: `json_encoders` is deprecated. See https://docs.pydantic.dev/2.11/concepts/serialization/#custom-serializers for alternatives. Deprecated in Pydantic V2.0 to be removed in V3.0. See Pydantic V2 Migration Guide at https://errors.pydantic.dev/2.11/migration/
    warnings.warn(

tests/unit/contracts/test_model_contract_base.py:30
  /Volumes/PRO-G40/Code/omnibase_core/tests/unit/contracts/test_model_contract_base.py:30: PytestCollectionWarning: cannot collect test class 'TestableContractModel' because it has a __init__ constructor (from: unit/contracts/test_model_contract_base.py)
    class TestableContractModel(ModelContractBase):

tests/unit/core/test_model_generic_factory.py:19
  /Volumes/PRO-G40/Code/omnibase_core/tests/unit/core/test_model_generic_factory.py:19: PytestCollectionWarning: cannot collect test class 'TestResultModel' because it has a __init__ constructor (from: unit/core/test_model_generic_factory.py)
    class TestResultModel(BaseModel):

tests/unit/core/test_model_generic_factory.py:28
  /Volumes/PRO-G40/Code/omnibase_core/tests/unit/core/test_model_generic_factory.py:28: PytestCollectionWarning: cannot collect test class 'TestCapabilityModel' because it has a __init__ constructor (from: unit/core/test_model_generic_factory.py)
    class TestCapabilityModel(BaseModel):

tests/unit/core/test_model_generic_factory.py:38
  /Volumes/PRO-G40/Code/omnibase_core/tests/unit/core/test_model_generic_factory.py:38: PytestCollectionWarning: cannot collect test class 'TestValidationModel' because it has a __init__ constructor (from: unit/core/test_model_generic_factory.py)
    class TestValidationModel(BaseModel):

tests/unit/models/core/test_model_custom_fields_accessor.py:14
  /Volumes/PRO-G40/Code/omnibase_core/tests/unit/models/core/test_model_custom_fields_accessor.py:14: PytestCollectionWarning: cannot collect test class 'TestCustomFieldsModel' because it has a __init__ constructor (from: unit/models/core/test_model_custom_fields_accessor.py)
    class TestCustomFieldsModel(ModelCustomFieldsAccessor):

tests/unit/models/core/test_model_result_accessor.py:14
  /Volumes/PRO-G40/Code/omnibase_core/tests/unit/models/core/test_model_result_accessor.py:14: PytestCollectionWarning: cannot collect test class 'TestResultModel' because it has a __init__ constructor (from: unit/models/core/test_model_result_accessor.py)
    class TestResultModel(ModelResultAccessor):

tests/unit/models/core/test_model_typed_accessor.py:16
  /Volumes/PRO-G40/Code/omnibase_core/tests/unit/models/core/test_model_typed_accessor.py:16: PytestCollectionWarning: cannot collect test class 'TestTypedModel' because it has a __init__ constructor (from: unit/models/core/test_model_typed_accessor.py)
    class TestTypedModel(ModelTypedAccessor[str]):

tests/unit/models/core/test_model_typed_accessor.py:22
  /Volumes/PRO-G40/Code/omnibase_core/tests/unit/models/core/test_model_typed_accessor.py:22: PytestCollectionWarning: cannot collect test class 'TestTypedIntModel' because it has a __init__ constructor (from: unit/models/core/test_model_typed_accessor.py)
    class TestTypedIntModel(ModelTypedAccessor[int]):

tests/unit/utils/test_model_field_converter.py:31
  /Volumes/PRO-G40/Code/omnibase_core/tests/unit/utils/test_model_field_converter.py:31: PytestCollectionWarning: cannot collect test class 'TestStatus' because it has a __init__ constructor (from: unit/utils/test_model_field_converter.py)
    class TestStatus(Enum):

tests/unit/utils/test_safe_yaml_loader.py:54
  /Volumes/PRO-G40/Code/omnibase_core/tests/unit/utils/test_safe_yaml_loader.py:54: PytestCollectionWarning: cannot collect test class 'TestModelWithValidation' because it has a __init__ constructor (from: unit/utils/test_safe_yaml_loader.py)
    class TestModelWithValidation(BaseModel):

tests/validation/test_check_stub_implementations.py:375
  /Volumes/PRO-G40/Code/omnibase_core/tests/validation/test_check_stub_implementations.py:375: PytestUnknownMarkWarning: Unknown pytest.mark.validation - is this a typo?  You can register custom marks to avoid this warning - for details, see https://docs.pytest.org/en/stable/how-to/mark.html
    pytestmark = pytest.mark.validation

unit/core/test_protocol_implementations.py::TestProtocolWithComplexModels::test_model_with_complex_metadata
unit/core/test_protocol_implementations.py::TestProtocolWithComplexModels::test_model_with_complex_metadata
  /Volumes/PRO-G40/Code/omnibase_core/tests/unit/core/test_protocol_implementations.py:87: PydanticDeprecatedSince211: Accessing the 'model_fields' attribute on the instance is deprecated. Instead, you should access this attribute from the model class. Deprecated in Pydantic V2.11 to be removed in V3.0.
    "fields": list(self.model_fields.keys()),

-- Docs: https://docs.pytest.org/en/stable/how-to/capture-warnings.html
=========================== short test summary info ============================
FAILED tests/unit/contracts/test_model_compensation_plan.py::TestModelCompensationPlan::test_validate_plan_id_with_invalid_uuid_string
FAILED tests/unit/core/test_type_constraints.py::TestPrimitiveValueValidation::test_validate_primitive_value_failure
FAILED tests/unit/core/test_type_constraints.py::TestPrimitiveValueValidation::test_validate_primitive_value_with_dict
FAILED tests/unit/core/test_type_constraints.py::TestPrimitiveValueValidation::test_validate_primitive_value_with_none
FAILED tests/unit/core/test_type_constraints.py::TestContextValueValidation::test_validate_context_value_failure
FAILED tests/unit/core/test_type_constraints.py::TestContextValueValidation::test_validate_context_value_with_object
FAILED tests/unit/core/test_type_constraints.py::TestContextValueValidation::test_validate_context_value_with_set
FAILED tests/unit/core/test_type_constraints.py::TestPrimitiveValueValidationEdgeCases::test_validate_primitive_with_custom_object
FAILED tests/unit/core/test_type_constraints.py::TestPrimitiveValueValidationEdgeCases::test_validate_primitive_with_lambda
FAILED tests/unit/core/test_type_constraints.py::TestContextValueValidationEdgeCases::test_validate_context_value_with_tuple
FAILED tests/unit/core/test_type_constraints.py::TestContextValueValidationEdgeCases::test_validate_context_value_with_frozenset
FAILED tests/unit/errors/test_error_codes.py::TestModelOnexError::test_model_onex_error_with_context
FAILED tests/unit/errors/test_error_codes.py::TestOnexError::test_onex_error_with_new_correlation_id_factory
FAILED tests/unit/errors/test_error_codes.py::TestCLIAdapter::test_cli_adapter_exit_with_status_success
FAILED tests/unit/errors/test_error_codes.py::TestCLIAdapter::test_cli_adapter_exit_with_error
FAILED tests/unit/exceptions/test_onex_error.py::TestModelOnexErrorContext::test_onex_error_with_additional_context
FAILED tests/unit/exceptions/test_onex_error.py::TestModelOnexErrorContext::test_onex_error_with_full_context_fields
FAILED tests/unit/exceptions/test_onex_error.py::TestModelOnexErrorContext::test_onex_error_with_complex_context_values
FAILED tests/unit/exceptions/test_onex_error.py::TestModelOnexErrorMessageFormatting::test_message_format_with_single_context_item
FAILED tests/unit/exceptions/test_onex_error.py::TestModelOnexErrorMessageFormatting::test_message_format_with_multiple_context_items
FAILED tests/unit/exceptions/test_onex_error.py::TestModelOnexErrorIntegration::test_error_context_serialization
FAILED tests/unit/exceptions/test_onex_error.py::TestModelOnexErrorIntegration::test_error_with_context_validation
FAILED tests/unit/logging/test_emit.py::TestDataDictSanitization::test_sanitize_data_dict_string_values
FAILED tests/unit/logging/test_emit.py::TestSanitizationSecurityEdgeCases::test_sanitize_multiple_secrets_in_single_string
FAILED tests/unit/models/cli/test_model_cli_advanced_params.py::TestModelCliAdvancedParams::test_initialization_empty
FAILED tests/unit/models/cli/test_model_cli_advanced_params.py::TestModelCliAdvancedParams::test_initialization_with_values
FAILED tests/unit/models/cli/test_model_cli_advanced_params.py::TestModelCliAdvancedParams::test_security_level_validation
FAILED tests/unit/models/cli/test_model_cli_advanced_params.py::TestModelCliAdvancedParams::test_enable_security_mode
FAILED tests/unit/models/cli/test_model_cli_advanced_params.py::TestModelCliAdvancedParams::test_complex_configuration_scenario
FAILED tests/unit/models/cli/test_model_cli_advanced_params.py::TestModelCliAdvancedParams::test_pydantic_serialization
FAILED tests/unit/models/cli/test_model_cli_advanced_params.py::TestModelCliAdvancedParams::test_pydantic_deserialization
FAILED tests/unit/models/cli/test_model_cli_advanced_params.py::TestModelCliAdvancedParams::test_model_round_trip
FAILED tests/unit/models/cli/test_model_cli_advanced_params.py::TestModelCliAdvancedParams::test_convenience_methods_interaction
FAILED tests/unit/models/core/test_model_container.py::TestModelContainerIntegration::test_error_context_preservation
FAILED tests/unit/models/core/test_model_custom_fields_generic.py::TestModelCustomFieldsAccessorGeneric::test_generic_field_type_detection
FAILED tests/unit/models/core/test_model_generic_collection_summary.py::TestModelGenericCollectionSummary::test_configure_with_exception
FAILED tests/unit/models/core/test_model_generic_factory.py::TestModelGenericFactory::test_create_instance_unknown_factory
FAILED tests/unit/models/core/test_model_generic_factory.py::TestModelGenericFactory::test_build_instance_unknown_builder
FAILED tests/unit/models/core/test_model_generic_metadata_generic.py::TestModelGenericMetadataGeneric::test_generic_type_with_standard_fields
FAILED tests/unit/models/core/test_model_generic_metadata_generic.py::TestModelGenericMetadataGeneric::test_generic_from_dict_factory
FAILED tests/unit/models/core/test_model_generic_metadata_generic.py::TestModelGenericMetadataGeneric::test_generic_json_serialization
FAILED tests/unit/models/core/test_model_item_summary.py::TestModelItemSummary::test_configure_with_exception
FAILED tests/unit/models/core/test_model_namespace_config.py::TestModelNamespaceConfig::test_model_instantiation_with_all_fields
FAILED tests/unit/models/core/test_model_namespace_config.py::TestModelNamespaceConfig::test_all_valid_strategy_values
FAILED tests/unit/models/core/test_model_namespace_config.py::TestModelNamespaceConfig::test_model_serialization
FAILED tests/unit/models/core/test_model_namespace_config.py::TestModelNamespaceConfig::test_model_deserialization
FAILED tests/unit/models/core/test_model_namespace_config.py::TestModelNamespaceConfig::test_model_equality
FAILED tests/unit/models/core/test_model_namespace_config.py::TestModelNamespaceConfig::test_default_values_behavior
FAILED tests/unit/models/core/test_model_namespace_config.py::TestModelNamespaceConfig::test_strategy_combinations
FAILED tests/unit/models/core/test_model_namespace_config.py::TestModelNamespaceConfig::test_repr_and_str
!!!!!!!!!!!!!!!!!!!!!!!!!! stopping after 50 failures !!!!!!!!!!!!!!!!!!!!!!!!!!
50 failed, 2029 passed, 2 skipped, 18 warnings in 12.70s
