============================= test session starts ==============================
platform darwin -- Python 3.12.11, pytest-8.4.1, pluggy-1.6.0 -- /Users/jonah/Library/Caches/pypoetry/virtualenvs/omnibase-core-Twd7t-Wn-py3.12/bin/python
cachedir: .pytest_cache
rootdir: /Volumes/PRO-G40/Code/omnibase_core/tests
configfile: pytest.ini
plugins: asyncio-0.25.3, anyio-4.10.0, cov-7.0.0
asyncio: mode=Mode.STRICT, asyncio_default_fixture_loop_scope=None
collecting ... collected 4349 items / 2 skipped

tests/integration/test_validation_integration.py::TestValidationIntegration::test_all_validators_pass_clean_repository PASSED [  0%]
tests/integration/test_validation_integration.py::TestValidationIntegration::test_validators_detect_violations_consistently PASSED [  0%]
tests/integration/test_validation_integration.py::TestValidationIntegration::test_validation_script_error_handling PASSED [  0%]
tests/integration/test_validation_integration.py::TestValidationIntegration::test_validation_scripts_with_mixed_content PASSED [  0%]
tests/integration/test_validation_integration.py::TestPreCommitIntegration::test_simulate_pre_commit_hook_validation PASSED [  0%]
tests/integration/test_validation_integration.py::TestPreCommitIntegration::test_pre_commit_validation_file_list PASSED [  0%]
tests/integration/test_validation_integration.py::TestPreCommitIntegration::test_pre_commit_no_python_files PASSED [  0%]
tests/integration/test_validation_integration.py::TestContinuousIntegration::test_ci_full_repository_scan PASSED [  0%]
tests/integration/test_validation_integration.py::TestContinuousIntegration::test_ci_parallel_validation_simulation PASSED [  0%]
tests/integration/test_validation_integration.py::TestValidationPerformance::test_large_repository_validation_performance PASSED [  0%]
tests/integration/test_validation_integration.py::TestValidationPerformance::test_validation_memory_usage PASSED [  0%]
tests/integration/test_validation_integration.py::TestEndToEndWorkflows::test_development_workflow_simulation PASSED [  0%]
tests/integration/test_validation_integration.py::TestEndToEndWorkflows::test_refactoring_workflow_with_validation PASSED [  0%]
tests/performance/test_model_timeout_performance.py::TestModelTimeoutPerformance::test_cached_property_performance PASSED [  0%]
tests/performance/test_model_timeout_performance.py::TestModelTimeoutPerformance::test_warning_threshold_caching PASSED [  0%]
tests/performance/test_model_timeout_performance.py::TestModelTimeoutPerformance::test_extension_limit_caching PASSED [  0%]
tests/performance/test_model_timeout_performance.py::TestModelTimeoutPerformance::test_runtime_category_calculation_caching PASSED [  0%]
tests/performance/test_model_timeout_performance.py::TestModelTimeoutPerformance::test_cache_invalidation_on_metadata_change PASSED [  0%]
tests/performance/test_model_timeout_performance.py::TestModelTimeoutPerformance::test_serialization_performance PASSED [  0%]
tests/performance/test_model_timeout_performance.py::TestModelTimeoutPerformance::test_lru_cache_effectiveness[fast] PASSED [  0%]
tests/performance/test_model_timeout_performance.py::TestModelTimeoutPerformance::test_lru_cache_effectiveness[moderate] PASSED [  0%]
tests/performance/test_model_timeout_performance.py::TestModelTimeoutPerformance::test_property_access_patterns PASSED [  0%]
tests/performance/test_model_timeout_performance.py::TestModelTimeoutPerformance::test_memory_usage_optimization PASSED [  0%]
tests/performance/test_model_timeout_performance.py::TestPerformanceBenchmarks::test_benchmark_script_exists PASSED [  0%]
tests/performance/test_model_timeout_performance.py::TestPerformanceBenchmarks::test_performance_regression_detection PASSED [  0%]
tests/test_direct_instantiation_danger.py::test_direct_instantiation_danger PASSED [  0%]
tests/test_direct_instantiation_danger.py::test_current_approach_prevents_this PASSED [  0%]
tests/test_direct_instantiation_danger.py::test_real_world_agent_scenario PASSED [  0%]
tests/test_json_serialization_crash.py::test_json_crash_proof PASSED     [  0%]
tests/unit/container/test_container_service_resolver.py::TestRegistryMapBuilding::test_build_registry_map_with_all_services PASSED [  0%]
tests/unit/container/test_container_service_resolver.py::TestRegistryMapBuilding::test_build_registry_map_returns_callables PASSED [  0%]
tests/unit/container/test_container_service_resolver.py::TestServiceResolution::test_resolve_service_by_name_from_registry PASSED [  0%]
tests/unit/container/test_container_service_resolver.py::TestServiceResolution::test_resolve_event_bus_by_string PASSED [  0%]
tests/unit/container/test_container_service_resolver.py::TestServiceResolution::test_resolve_consul_client_by_protocol PASSED [  0%]
tests/unit/container/test_container_service_resolver.py::TestServiceResolution::test_resolve_vault_client_by_protocol PASSED [  0%]
tests/unit/container/test_container_service_resolver.py::TestServiceResolution::test_resolve_event_bus_by_protocol PASSED [  0%]
tests/unit/container/test_container_service_resolver.py::TestErrorHandling::test_raises_error_for_unknown_service_name PASSED [  0%]
tests/unit/container/test_container_service_resolver.py::TestErrorHandling::test_raises_error_when_vault_client_unavailable PASSED [  0%]
tests/unit/container/test_container_service_resolver.py::TestErrorHandling::test_raises_error_for_invalid_protocol PASSED [  0%]
tests/unit/container/test_container_service_resolver.py::TestMethodBinding::test_bind_get_service_method_creates_bound_method PASSED [  0%]
tests/unit/container/test_container_service_resolver.py::TestMethodBinding::test_bound_method_can_resolve_services PASSED [  0%]
tests/unit/container/test_container_service_resolver.py::TestMethodBinding::test_bound_method_preserves_container_context PASSED [  0%]
tests/unit/container/test_container_service_resolver.py::TestServiceResolutionEdgeCases::test_resolve_with_none_service_name PASSED [  0%]
tests/unit/container/test_container_service_resolver.py::TestServiceResolutionEdgeCases::test_registry_method_returns_none PASSED [  1%]
tests/unit/container/test_container_service_resolver.py::TestServiceResolutionEdgeCases::test_multiple_service_resolutions PASSED [  1%]
tests/unit/container/test_container_service_resolver.py::TestProtocolTypeHandling::test_protocol_type_with_name_attribute PASSED [  1%]
tests/unit/container/test_container_service_resolver.py::TestProtocolTypeHandling::test_string_protocol_name_in_registry PASSED [  1%]
tests/unit/contracts/test_model_compensation_plan.py::TestModelCompensationPlan::test_valid_construction_minimal_fields PASSED [  1%]
tests/unit/contracts/test_model_compensation_plan.py::TestModelCompensationPlan::test_valid_construction_all_fields PASSED [  1%]
tests/unit/contracts/test_model_compensation_plan.py::TestModelCompensationPlan::test_validate_plan_id_with_valid_uuid_object PASSED [  1%]
tests/unit/contracts/test_model_compensation_plan.py::TestModelCompensationPlan::test_validate_plan_id_with_valid_uuid_string PASSED [  1%]
tests/unit/contracts/test_model_compensation_plan.py::TestModelCompensationPlan::test_validate_plan_id_with_empty_string PASSED [  1%]
tests/unit/contracts/test_model_compensation_plan.py::TestModelCompensationPlan::test_validate_plan_id_with_whitespace_string PASSED [  1%]
tests/unit/contracts/test_model_compensation_plan.py::TestModelCompensationPlan::test_validate_plan_id_with_invalid_uuid_string FAILED [  1%]
tests/unit/contracts/test_model_compensation_plan.py::TestModelCompensationPlan::test_validate_action_lists_with_valid_identifiers PASSED [  1%]
tests/unit/contracts/test_model_compensation_plan.py::TestModelCompensationPlan::test_validate_action_lists_with_empty_entries PASSED [  1%]
tests/unit/contracts/test_model_compensation_plan.py::TestModelCompensationPlan::test_validate_action_lists_with_invalid_characters PASSED [  1%]
tests/unit/contracts/test_model_compensation_plan.py::TestModelCompensationPlan::test_validate_action_lists_with_special_characters PASSED [  1%]
tests/unit/contracts/test_model_compensation_plan.py::TestModelCompensationPlan::test_validate_multiple_action_types PASSED [  1%]
tests/unit/contracts/test_model_compensation_plan.py::TestModelCompensationPlan::test_validate_plan_dependencies_with_valid_uuids PASSED [  1%]
tests/unit/contracts/test_model_compensation_plan.py::TestModelCompensationPlan::test_validate_plan_dependencies_with_uuid_strings PASSED [  1%]
tests/unit/contracts/test_model_compensation_plan.py::TestModelCompensationPlan::test_validate_plan_dependencies_with_mixed_types PASSED [  1%]
tests/unit/contracts/test_model_compensation_plan.py::TestModelCompensationPlan::test_validate_plan_dependencies_with_empty_entries PASSED [  1%]
tests/unit/contracts/test_model_compensation_plan.py::TestModelCompensationPlan::test_validate_plan_dependencies_with_invalid_uuid_string PASSED [  1%]
tests/unit/contracts/test_model_compensation_plan.py::TestModelCompensationPlan::test_validate_plan_name_length_constraints PASSED [  1%]
tests/unit/contracts/test_model_compensation_plan.py::TestModelCompensationPlan::test_validate_timeout_constraints PASSED [  1%]
tests/unit/contracts/test_model_compensation_plan.py::TestModelCompensationPlan::test_validate_retry_constraints PASSED [  1%]
tests/unit/contracts/test_model_compensation_plan.py::TestModelCompensationPlan::test_validate_priority_constraints PASSED [  1%]
tests/unit/contracts/test_model_compensation_plan.py::TestModelCompensationPlan::test_validate_delay_constraints PASSED [  1%]
tests/unit/contracts/test_model_compensation_plan.py::TestModelCompensationPlan::test_validate_log_level_literal_values PASSED [  1%]
tests/unit/contracts/test_model_compensation_plan.py::TestModelCompensationPlan::test_validate_compensation_strategy_enum PASSED [  1%]
tests/unit/contracts/test_model_compensation_plan.py::TestModelCompensationPlan::test_validate_execution_order_enum PASSED [  1%]
tests/unit/contracts/test_model_compensation_plan.py::TestModelCompensationPlan::test_complex_compensation_plan_configuration PASSED [  1%]
tests/unit/contracts/test_model_compensation_plan.py::TestModelCompensationPlan::test_model_config_validate_assignment PASSED [  1%]
tests/unit/contracts/test_model_compensation_plan.py::TestModelCompensationPlan::test_default_values PASSED [  1%]
tests/unit/contracts/test_model_contract_base.py::TestModelContractBase::test_valid_construction_minimal_required_fields PASSED [  1%]
tests/unit/contracts/test_model_contract_base.py::TestModelContractBase::test_valid_construction_all_fields_populated PASSED [  1%]
tests/unit/contracts/test_model_contract_base.py::TestModelContractBase::test_required_field_validation_name PASSED [  1%]
tests/unit/contracts/test_model_contract_base.py::TestModelContractBase::test_required_field_validation_description PASSED [  1%]
tests/unit/contracts/test_model_contract_base.py::TestModelContractBase::test_input_output_model_validation PASSED [  1%]
tests/unit/contracts/test_model_contract_base.py::TestModelContractBase::test_node_type_enum_validation_valid_enum PASSED [  1%]
tests/unit/contracts/test_model_contract_base.py::TestModelContractBase::test_node_type_string_conversion_yaml_support PASSED [  1%]
tests/unit/contracts/test_model_contract_base.py::TestModelContractBase::test_node_type_invalid_string_raises_onex_error PASSED [  1%]
tests/unit/contracts/test_model_contract_base.py::TestModelContractBase::test_node_type_invalid_type_raises_onex_error PASSED [  1%]
tests/unit/contracts/test_model_contract_base.py::TestModelContractBase::test_dependencies_validation_empty_list PASSED [  1%]
tests/unit/contracts/test_model_contract_base.py::TestModelContractBase::test_dependencies_validation_valid_model_dependency_list PASSED [  1%]
tests/unit/contracts/test_model_contract_base.py::TestModelContractBase::test_dependencies_validation_dict_yaml_conversion PASSED [  2%]
tests/unit/contracts/test_model_contract_base.py::TestModelContractBase::test_dependencies_validation_invalid_type_raises_onex_error PASSED [  2%]
tests/unit/contracts/test_model_contract_base.py::TestModelContractBase::test_dependencies_validation_string_dependency_security_rejection PASSED [  2%]
tests/unit/contracts/test_model_contract_base.py::TestModelContractBase::test_dependencies_memory_safety_limit_enforcement PASSED [  2%]
tests/unit/contracts/test_model_contract_base.py::TestModelContractBase::test_dependencies_batch_validation_mixed_types PASSED [  2%]
tests/unit/contracts/test_model_contract_base.py::TestModelContractBase::test_circular_dependency_detection_direct_self_dependency PASSED [  2%]
tests/unit/contracts/test_model_contract_base.py::TestModelContractBase::test_circular_dependency_detection_duplicate_dependencies PASSED [  2%]
tests/unit/contracts/test_model_contract_base.py::TestModelContractBase::test_circular_dependency_detection_module_reference PASSED [  2%]
tests/unit/contracts/test_model_contract_base.py::TestModelContractBase::test_dependency_complexity_limit_enforcement PASSED [  2%]
tests/unit/contracts/test_model_contract_base.py::TestModelContractBase::test_protocol_interface_validation PASSED [  2%]
tests/unit/contracts/test_model_contract_base.py::TestModelContractBase::test_memory_safety_large_dependency_lists PASSED [  2%]
tests/unit/contracts/test_model_contract_base.py::TestModelContractBase::test_memory_safety_large_protocol_interfaces PASSED [  2%]
tests/unit/contracts/test_model_contract_base.py::TestModelContractBase::test_memory_safety_large_tags_list PASSED [  2%]
tests/unit/contracts/test_model_contract_base.py::TestModelContractBase::test_edge_case_empty_strings_after_whitespace_stripping PASSED [  2%]
tests/unit/contracts/test_model_contract_base.py::TestModelContractBase::test_edge_case_unicode_strings PASSED [  2%]
tests/unit/contracts/test_model_contract_base.py::TestModelContractBase::test_edge_case_very_long_strings PASSED [  2%]
tests/unit/contracts/test_model_contract_base.py::TestModelContractBase::test_abstract_method_validate_node_specific_config PASSED [  2%]
tests/unit/contracts/test_model_contract_base.py::TestModelContractBase::test_model_config_extra_fields_ignored PASSED [  2%]
tests/unit/contracts/test_model_contract_base.py::TestModelContractBase::test_model_config_enum_values_preservation PASSED [  2%]
tests/unit/contracts/test_model_contract_base.py::TestModelContractBase::test_onex_error_exception_chaining_preservation PASSED [  2%]
tests/unit/contracts/test_model_contract_base.py::TestModelContractBase::test_onex_error_context_details_completeness PASSED [  2%]
tests/unit/contracts/test_model_effect_retry_config.py::TestModelEffectRetryConfigBasic::test_default_configuration PASSED [  2%]
tests/unit/contracts/test_model_effect_retry_config.py::TestModelEffectRetryConfigBasic::test_custom_configuration PASSED [  2%]
tests/unit/contracts/test_model_effect_retry_config.py::TestModelEffectRetryConfigBasic::test_all_backoff_strategies PASSED [  2%]
tests/unit/contracts/test_model_effect_retry_config.py::TestModelEffectRetryConfigEnumValidation::test_enum_preserved_not_converted_to_string PASSED [  2%]
tests/unit/contracts/test_model_effect_retry_config.py::TestModelEffectRetryConfigEnumValidation::test_invalid_enum_string_value_rejected PASSED [  2%]
tests/unit/contracts/test_model_effect_retry_config.py::TestModelEffectRetryConfigEnumValidation::test_invalid_enum_numeric_value_rejected PASSED [  2%]
tests/unit/contracts/test_model_effect_retry_config.py::TestModelEffectRetryConfigEnumValidation::test_invalid_enum_object_rejected PASSED [  2%]
tests/unit/contracts/test_model_effect_retry_config.py::TestModelEffectRetryConfigEnumValidation::test_enum_by_valid_string_value_accepted PASSED [  2%]
tests/unit/contracts/test_model_effect_retry_config.py::TestModelEffectRetryConfigEnumValidation::test_enum_case_sensitivity PASSED [  2%]
tests/unit/contracts/test_model_effect_retry_config.py::TestModelEffectRetryConfigEnumValidation::test_partial_enum_string_rejected PASSED [  2%]
tests/unit/contracts/test_model_effect_retry_config.py::TestModelEffectRetryConfigEnumValidation::test_all_enum_strategies_by_string PASSED [  2%]
tests/unit/contracts/test_model_effect_retry_config.py::TestModelEffectRetryConfigEnumValidation::test_omit_enum_field_uses_default PASSED [  2%]
tests/unit/contracts/test_model_effect_retry_config.py::TestModelEffectRetryConfigEnumValidation::test_enum_assignment_validation PASSED [  2%]
tests/unit/contracts/test_model_effect_retry_config.py::TestModelEffectRetryConfigValidation::test_max_attempts_minimum_value PASSED [  2%]
tests/unit/contracts/test_model_effect_retry_config.py::TestModelEffectRetryConfigValidation::test_base_delay_ms_minimum_value PASSED [  2%]
tests/unit/contracts/test_model_effect_retry_config.py::TestModelEffectRetryConfigValidation::test_max_delay_ms_minimum_value PASSED [  2%]
tests/unit/contracts/test_model_effect_retry_config.py::TestModelEffectRetryConfigValidation::test_circuit_breaker_threshold_minimum_value PASSED [  2%]
tests/unit/contracts/test_model_effect_retry_config.py::TestModelEffectRetryConfigValidation::test_circuit_breaker_timeout_s_minimum_value PASSED [  2%]
tests/unit/contracts/test_model_effect_retry_config.py::TestModelEffectRetryConfigMaxDelayValidator::test_max_delay_greater_than_base_delay_valid PASSED [  2%]
tests/unit/contracts/test_model_effect_retry_config.py::TestModelEffectRetryConfigMaxDelayValidator::test_max_delay_equal_to_base_delay_invalid PASSED [  2%]
tests/unit/contracts/test_model_effect_retry_config.py::TestModelEffectRetryConfigMaxDelayValidator::test_max_delay_less_than_base_delay_invalid PASSED [  2%]
tests/unit/contracts/test_model_effect_retry_config.py::TestModelEffectRetryConfigMaxDelayValidator::test_validator_error_context PASSED [  2%]
tests/unit/contracts/test_model_effect_retry_config.py::TestModelEffectRetryConfigMaxDelayValidator::test_edge_case_max_delay_one_more_than_base PASSED [  2%]
tests/unit/contracts/test_model_effect_retry_config.py::TestModelEffectRetryConfigMaxDelayValidator::test_edge_case_very_large_delays PASSED [  3%]
tests/unit/contracts/test_model_effect_retry_config.py::TestModelEffectRetryConfigMaxDelayValidator::test_validator_triggered_on_construction PASSED [  3%]
tests/unit/contracts/test_model_effect_retry_config.py::TestModelEffectRetryConfigCircuitBreaker::test_circuit_breaker_enabled PASSED [  3%]
tests/unit/contracts/test_model_effect_retry_config.py::TestModelEffectRetryConfigCircuitBreaker::test_circuit_breaker_disabled PASSED [  3%]
tests/unit/contracts/test_model_effect_retry_config.py::TestModelEffectRetryConfigSerialization::test_model_dump PASSED [  3%]
tests/unit/contracts/test_model_effect_retry_config.py::TestModelEffectRetryConfigSerialization::test_model_dump_json PASSED [  3%]
tests/unit/contracts/test_model_effect_retry_config.py::TestModelEffectRetryConfigSerialization::test_round_trip_serialization PASSED [  3%]
tests/unit/contracts/test_model_effect_retry_config.py::TestModelEffectRetryConfigModelConfig::test_extra_fields_ignored PASSED [  3%]
tests/unit/contracts/test_model_effect_retry_config.py::TestModelEffectRetryConfigModelConfig::test_enum_values_not_converted PASSED [  3%]
tests/unit/contracts/test_model_effect_retry_config.py::TestModelEffectRetryConfigModelConfig::test_validate_assignment PASSED [  3%]
tests/unit/contracts/test_model_effect_retry_config.py::TestModelEffectRetryConfigEdgeCases::test_minimum_valid_configuration PASSED [  3%]
tests/unit/contracts/test_model_effect_retry_config.py::TestModelEffectRetryConfigEdgeCases::test_high_retry_attempts PASSED [  3%]
tests/unit/contracts/test_model_effect_retry_config.py::TestModelEffectRetryConfigEdgeCases::test_all_features_disabled PASSED [  3%]
tests/unit/contracts/test_model_effect_retry_config.py::TestModelEffectRetryConfigEdgeCases::test_all_features_enabled PASSED [  3%]
tests/unit/contracts/test_model_external_service_config.py::TestModelExternalServiceConfigBasic::test_minimal_required_configuration PASSED [  3%]
tests/unit/contracts/test_model_external_service_config.py::TestModelExternalServiceConfigBasic::test_default_configuration_values PASSED [  3%]
tests/unit/contracts/test_model_external_service_config.py::TestModelExternalServiceConfigBasic::test_custom_configuration PASSED [  3%]
tests/unit/contracts/test_model_external_service_config.py::TestModelExternalServiceConfigBasic::test_various_service_types PASSED [  3%]
tests/unit/contracts/test_model_external_service_config.py::TestModelExternalServiceConfigEnumAuthType::test_all_authentication_methods PASSED [  3%]
tests/unit/contracts/test_model_external_service_config.py::TestModelExternalServiceConfigEnumAuthType::test_auth_type_enum_preserved_not_converted PASSED [  3%]
tests/unit/contracts/test_model_external_service_config.py::TestModelExternalServiceConfigEnumAuthType::test_invalid_enum_string_value_rejected PASSED [  3%]
tests/unit/contracts/test_model_external_service_config.py::TestModelExternalServiceConfigEnumAuthType::test_invalid_enum_numeric_value_rejected PASSED [  3%]
tests/unit/contracts/test_model_external_service_config.py::TestModelExternalServiceConfigEnumAuthType::test_omit_enum_field_uses_default PASSED [  3%]
tests/unit/contracts/test_model_external_service_config.py::TestModelExternalServiceConfigEnumAuthType::test_auth_type_by_string_value_accepted PASSED [  3%]
tests/unit/contracts/test_model_external_service_config.py::TestModelExternalServiceConfigEnumAuthType::test_auth_type_case_sensitivity PASSED [  3%]
tests/unit/contracts/test_model_external_service_config.py::TestModelExternalServiceConfigEnumAuthType::test_auth_type_enum_helper_methods PASSED [  3%]
tests/unit/contracts/test_model_external_service_config.py::TestModelExternalServiceConfigFieldValidation::test_service_type_required PASSED [  3%]
tests/unit/contracts/test_model_external_service_config.py::TestModelExternalServiceConfigFieldValidation::test_service_type_min_length PASSED [  3%]
tests/unit/contracts/test_model_external_service_config.py::TestModelExternalServiceConfigFieldValidation::test_rate_limit_requests_per_minute_minimum PASSED [  3%]
tests/unit/contracts/test_model_external_service_config.py::TestModelExternalServiceConfigFieldValidation::test_max_connections_minimum PASSED [  3%]
tests/unit/contracts/test_model_external_service_config.py::TestModelExternalServiceConfigFieldValidation::test_timeout_seconds_minimum PASSED [  3%]
tests/unit/contracts/test_model_external_service_config.py::TestModelExternalServiceConfigFieldValidation::test_endpoint_url_optional PASSED [  3%]
tests/unit/contracts/test_model_external_service_config.py::TestModelExternalServiceConfigRateLimiting::test_rate_limiting_enabled PASSED [  3%]
tests/unit/contracts/test_model_external_service_config.py::TestModelExternalServiceConfigRateLimiting::test_rate_limiting_disabled PASSED [  3%]
tests/unit/contracts/test_model_external_service_config.py::TestModelExternalServiceConfigRateLimiting::test_high_rate_limit PASSED [  3%]
tests/unit/contracts/test_model_external_service_config.py::TestModelExternalServiceConfigConnectionPooling::test_connection_pooling_enabled PASSED [  3%]
tests/unit/contracts/test_model_external_service_config.py::TestModelExternalServiceConfigConnectionPooling::test_connection_pooling_disabled PASSED [  3%]
tests/unit/contracts/test_model_external_service_config.py::TestModelExternalServiceConfigConnectionPooling::test_large_connection_pool PASSED [  3%]
tests/unit/contracts/test_model_external_service_config.py::TestModelExternalServiceConfigSerialization::test_model_dump PASSED [  3%]
tests/unit/contracts/test_model_external_service_config.py::TestModelExternalServiceConfigSerialization::test_model_dump_json PASSED [  3%]
tests/unit/contracts/test_model_external_service_config.py::TestModelExternalServiceConfigSerialization::test_round_trip_serialization PASSED [  3%]
tests/unit/contracts/test_model_external_service_config.py::TestModelExternalServiceConfigModelConfig::test_extra_fields_ignored PASSED [  3%]
tests/unit/contracts/test_model_external_service_config.py::TestModelExternalServiceConfigModelConfig::test_enum_values_not_converted PASSED [  3%]
tests/unit/contracts/test_model_external_service_config.py::TestModelExternalServiceConfigModelConfig::test_validate_assignment PASSED [  4%]
tests/unit/contracts/test_model_external_service_config.py::TestModelExternalServiceConfigEdgeCases::test_minimum_valid_configuration PASSED [  4%]
tests/unit/contracts/test_model_external_service_config.py::TestModelExternalServiceConfigEdgeCases::test_maximum_realistic_values PASSED [  4%]
tests/unit/contracts/test_model_external_service_config.py::TestModelExternalServiceConfigEdgeCases::test_all_features_disabled PASSED [  4%]
tests/unit/contracts/test_model_external_service_config.py::TestModelExternalServiceConfigEdgeCases::test_all_features_enabled_custom_values PASSED [  4%]
tests/unit/contracts/test_model_external_service_config.py::TestModelExternalServiceConfigEdgeCases::test_service_type_with_special_characters PASSED [  4%]
tests/unit/contracts/test_model_external_service_config.py::TestModelExternalServiceConfigEdgeCases::test_various_url_formats PASSED [  4%]
tests/unit/contracts/test_model_external_service_config.py::TestModelExternalServiceConfigIntegration::test_rest_api_with_bearer_auth_configuration PASSED [  4%]
tests/unit/contracts/test_model_external_service_config.py::TestModelExternalServiceConfigIntegration::test_graphql_with_jwt_configuration PASSED [  4%]
tests/unit/contracts/test_model_external_service_config.py::TestModelExternalServiceConfigIntegration::test_grpc_with_mtls_configuration PASSED [  4%]
tests/unit/contracts/test_model_external_service_config.py::TestModelExternalServiceConfigIntegration::test_public_api_with_no_auth PASSED [  4%]
tests/unit/contracts/test_model_trigger_mappings.py::TestModelTriggerMappings::test_valid_construction_defaults PASSED [  4%]
tests/unit/contracts/test_model_trigger_mappings.py::TestModelTriggerMappings::test_valid_construction_with_mappings PASSED [  4%]
tests/unit/contracts/test_model_trigger_mappings.py::TestModelTriggerMappings::test_correlation_id_auto_generation PASSED [  4%]
tests/unit/contracts/test_model_trigger_mappings.py::TestModelTriggerMappings::test_validate_string_mappings_with_valid_data PASSED [  4%]
tests/unit/contracts/test_model_trigger_mappings.py::TestModelTriggerMappings::test_validate_string_mappings_with_whitespace_trimming PASSED [  4%]
tests/unit/contracts/test_model_trigger_mappings.py::TestModelTriggerMappings::test_validate_string_mappings_skips_empty_keys PASSED [  4%]
tests/unit/contracts/test_model_trigger_mappings.py::TestModelTriggerMappings::test_validate_string_mappings_skips_empty_values PASSED [  4%]
tests/unit/contracts/test_model_trigger_mappings.py::TestModelTriggerMappings::test_validate_string_mappings_key_too_long PASSED [  4%]
tests/unit/contracts/test_model_trigger_mappings.py::TestModelTriggerMappings::test_validate_string_mappings_value_too_long PASSED [  4%]
tests/unit/contracts/test_model_trigger_mappings.py::TestModelTriggerMappings::test_validate_string_mappings_value_not_string PASSED [  4%]
tests/unit/contracts/test_model_trigger_mappings.py::TestModelTriggerMappings::test_validate_all_mapping_types PASSED [  4%]
tests/unit/contracts/test_model_trigger_mappings.py::TestModelTriggerMappings::test_get_all_mappings_empty PASSED [  4%]
tests/unit/contracts/test_model_trigger_mappings.py::TestModelTriggerMappings::test_get_all_mappings_single_category PASSED [  4%]
tests/unit/contracts/test_model_trigger_mappings.py::TestModelTriggerMappings::test_get_all_mappings_multiple_categories PASSED [  4%]
tests/unit/contracts/test_model_trigger_mappings.py::TestModelTriggerMappings::test_get_all_mappings_overlapping_keys PASSED [  4%]
tests/unit/contracts/test_model_trigger_mappings.py::TestModelTriggerMappings::test_get_all_mappings_comprehensive PASSED [  4%]
tests/unit/contracts/test_model_trigger_mappings.py::TestModelTriggerMappings::test_add_mapping_event_pattern PASSED [  4%]
tests/unit/contracts/test_model_trigger_mappings.py::TestModelTriggerMappings::test_add_mapping_workflow_start PASSED [  4%]
tests/unit/contracts/test_model_trigger_mappings.py::TestModelTriggerMappings::test_add_mapping_workflow_stop PASSED [  4%]
tests/unit/contracts/test_model_trigger_mappings.py::TestModelTriggerMappings::test_add_mapping_workflow_pause PASSED [  4%]
tests/unit/contracts/test_model_trigger_mappings.py::TestModelTriggerMappings::test_add_mapping_workflow_resume PASSED [  4%]
tests/unit/contracts/test_model_trigger_mappings.py::TestModelTriggerMappings::test_add_mapping_error_handling PASSED [  4%]
tests/unit/contracts/test_model_trigger_mappings.py::TestModelTriggerMappings::test_add_mapping_compensation PASSED [  4%]
tests/unit/contracts/test_model_trigger_mappings.py::TestModelTriggerMappings::test_add_mapping_state_change PASSED [  4%]
tests/unit/contracts/test_model_trigger_mappings.py::TestModelTriggerMappings::test_add_mapping_custom_action PASSED [  4%]
tests/unit/contracts/test_model_trigger_mappings.py::TestModelTriggerMappings::test_add_mapping_notification PASSED [  4%]
tests/unit/contracts/test_model_trigger_mappings.py::TestModelTriggerMappings::test_add_mapping_routing PASSED [  4%]
tests/unit/contracts/test_model_trigger_mappings.py::TestModelTriggerMappings::test_add_mapping_invalid_category PASSED [  4%]
tests/unit/contracts/test_model_trigger_mappings.py::TestModelTriggerMappings::test_add_mapping_with_whitespace_trimming PASSED [  4%]
tests/unit/contracts/test_model_trigger_mappings.py::TestModelTriggerMappings::test_add_mapping_multiple_times PASSED [  4%]
tests/unit/contracts/test_model_trigger_mappings.py::TestModelTriggerMappings::test_complex_trigger_mappings_configuration PASSED [  4%]
tests/unit/contracts/test_model_trigger_mappings.py::TestModelTriggerMappings::test_model_config_validate_assignment PASSED [  4%]
tests/unit/core/test_decorators.py::TestAllowAnyTypeDecorator::test_decorator_adds_metadata PASSED [  4%]
tests/unit/core/test_decorators.py::TestAllowAnyTypeDecorator::test_decorator_multiple_reasons PASSED [  5%]
tests/unit/core/test_decorators.py::TestAllowAnyTypeDecorator::test_decorator_preserves_model_functionality PASSED [  5%]
tests/unit/core/test_decorators.py::TestAllowAnyTypeDecorator::test_decorator_with_empty_reason PASSED [  5%]
tests/unit/core/test_decorators.py::TestAllowAnyTypeDecorator::test_decorator_reason_parameter_required PASSED [  5%]
tests/unit/core/test_decorators.py::TestAllowDictStrAnyDecorator::test_decorator_adds_metadata PASSED [  5%]
tests/unit/core/test_decorators.py::TestAllowDictStrAnyDecorator::test_decorator_multiple_reasons PASSED [  5%]
tests/unit/core/test_decorators.py::TestAllowDictStrAnyDecorator::test_decorator_preserves_model_functionality PASSED [  5%]
tests/unit/core/test_decorators.py::TestAllowDictStrAnyDecorator::test_decorator_with_empty_reason PASSED [  5%]
tests/unit/core/test_decorators.py::TestAllowDictStrAnyDecorator::test_decorator_reason_parameter_required PASSED [  5%]
tests/unit/core/test_decorators.py::TestDecoratorCombination::test_both_decorators_on_same_class PASSED [  5%]
tests/unit/core/test_decorators.py::TestDecoratorCombination::test_decorators_independent_metadata PASSED [  5%]
tests/unit/core/test_decorators.py::TestDecoratorDocumentation::test_decorator_reasons_accessible_for_documentation PASSED [  5%]
tests/unit/core/test_decorators.py::TestDecoratorDocumentation::test_decorated_class_introspection PASSED [  5%]
tests/unit/core/test_model_base_collection.py::TestModelBaseCollectionAbstract::test_cannot_instantiate_abstract_class PASSED [  5%]
tests/unit/core/test_model_base_collection.py::TestModelBaseCollectionAbstract::test_missing_add_item_method PASSED [  5%]
tests/unit/core/test_model_base_collection.py::TestModelBaseCollectionAbstract::test_missing_remove_item_method PASSED [  5%]
tests/unit/core/test_model_base_collection.py::TestConcreteCollectionImplementation::test_create_empty_collection PASSED [  5%]
tests/unit/core/test_model_base_collection.py::TestConcreteCollectionImplementation::test_add_single_item PASSED [  5%]
tests/unit/core/test_model_base_collection.py::TestConcreteCollectionImplementation::test_add_multiple_items PASSED [  5%]
tests/unit/core/test_model_base_collection.py::TestConcreteCollectionImplementation::test_remove_existing_item PASSED [  5%]
tests/unit/core/test_model_base_collection.py::TestConcreteCollectionImplementation::test_remove_nonexistent_item PASSED [  5%]
tests/unit/core/test_model_base_collection.py::TestConcreteCollectionImplementation::test_iter_items PASSED [  5%]
tests/unit/core/test_model_base_collection.py::TestConcreteCollectionImplementation::test_get_items_returns_copy PASSED [  5%]
tests/unit/core/test_model_base_collection.py::TestConcreteCollectionImplementation::test_pydantic_validation PASSED [  5%]
tests/unit/core/test_model_base_collection.py::TestConcreteCollectionImplementation::test_model_config_extra_ignore PASSED [  5%]
tests/unit/core/test_model_base_collection.py::TestIntegerCollectionImplementation::test_integer_collection_operations PASSED [  5%]
tests/unit/core/test_model_base_collection.py::TestIntegerCollectionImplementation::test_integer_collection_iteration PASSED [  5%]
tests/unit/core/test_model_base_collection.py::TestIntegerCollectionImplementation::test_remove_first_occurrence PASSED [  5%]
tests/unit/core/test_model_base_collection.py::TestCollectionModelSerialization::test_serialize_collection PASSED [  5%]
tests/unit/core/test_model_base_collection.py::TestCollectionModelSerialization::test_deserialize_collection PASSED [  5%]
tests/unit/core/test_model_base_collection.py::TestCollectionModelSerialization::test_json_serialization PASSED [  5%]
tests/unit/core/test_model_base_collection.py::TestCollectionModelSerialization::test_json_deserialization PASSED [  5%]
tests/unit/core/test_model_base_collection.py::TestCollectionEdgeCases::test_empty_collection_operations PASSED [  5%]
tests/unit/core/test_model_base_collection.py::TestCollectionEdgeCases::test_add_duplicate_items PASSED [  5%]
tests/unit/core/test_model_base_collection.py::TestCollectionEdgeCases::test_add_empty_string PASSED [  5%]
tests/unit/core/test_model_base_collection.py::TestCollectionEdgeCases::test_large_collection PASSED [  5%]
tests/unit/core/test_model_base_collection.py::TestCollectionEdgeCases::test_collection_copy_constructor PASSED [  5%]
tests/unit/core/test_model_base_collection.py::TestCollectionTypeParameter::test_string_collection PASSED [  5%]
tests/unit/core/test_model_base_collection.py::TestCollectionTypeParameter::test_integer_collection_type PASSED [  5%]
tests/unit/core/test_model_base_collection.py::TestCollectionTypeParameter::test_type_hints_preserved PASSED [  5%]
tests/unit/core/test_model_base_factory.py::TestModelBaseFactoryAbstract::test_cannot_instantiate_abstract_class PASSED [  5%]
tests/unit/core/test_model_base_factory.py::TestModelBaseFactoryAbstract::test_missing_create_method PASSED [  5%]
tests/unit/core/test_model_base_factory.py::TestModelBaseFactoryAbstract::test_missing_can_create_method PASSED [  5%]
tests/unit/core/test_model_base_factory.py::TestConcreteFactoryImplementation::test_create_basic_product PASSED [  6%]
tests/unit/core/test_model_base_factory.py::TestConcreteFactoryImplementation::test_create_product_with_category PASSED [  6%]
tests/unit/core/test_model_base_factory.py::TestConcreteFactoryImplementation::test_create_with_custom_default_category PASSED [  6%]
tests/unit/core/test_model_base_factory.py::TestConcreteFactoryImplementation::test_can_create_supported_type PASSED [  6%]
tests/unit/core/test_model_base_factory.py::TestConcreteFactoryImplementation::test_can_create_unsupported_type PASSED [  6%]
tests/unit/core/test_model_base_factory.py::TestConcreteFactoryImplementation::test_factory_configuration PASSED [  6%]
tests/unit/core/test_model_base_factory.py::TestUserFactoryImplementation::test_create_user_with_email PASSED [  6%]
tests/unit/core/test_model_base_factory.py::TestUserFactoryImplementation::test_create_user_auto_email PASSED [  6%]
tests/unit/core/test_model_base_factory.py::TestUserFactoryImplementation::test_create_user_custom_domain PASSED [  6%]
tests/unit/core/test_model_base_factory.py::TestUserFactoryImplementation::test_can_create_user_types PASSED [  6%]
tests/unit/core/test_model_base_factory.py::TestFactoryModelConfiguration::test_factory_pydantic_validation PASSED [  6%]
tests/unit/core/test_model_base_factory.py::TestFactoryModelConfiguration::test_factory_model_config_extra_ignore PASSED [  6%]
tests/unit/core/test_model_base_factory.py::TestFactoryModelConfiguration::test_factory_model_config_validate_assignment PASSED [  6%]
tests/unit/core/test_model_base_factory.py::TestFactoryModelConfiguration::test_factory_serialization PASSED [  6%]
tests/unit/core/test_model_base_factory.py::TestFactoryCreationPatterns::test_create_with_all_parameters PASSED [  6%]
tests/unit/core/test_model_base_factory.py::TestFactoryCreationPatterns::test_create_multiple_instances PASSED [  6%]
tests/unit/core/test_model_base_factory.py::TestFactoryCreationPatterns::test_create_with_validation_error PASSED [  6%]
tests/unit/core/test_model_base_factory.py::TestFactoryCreationPatterns::test_factory_state_independence PASSED [  6%]
tests/unit/core/test_model_base_factory.py::TestFactoryEdgeCases::test_create_with_no_kwargs PASSED [  6%]
tests/unit/core/test_model_base_factory.py::TestFactoryEdgeCases::test_create_with_many_kwargs PASSED [  6%]
tests/unit/core/test_model_base_factory.py::TestFactoryEdgeCases::test_can_create_empty_string PASSED [  6%]
tests/unit/core/test_model_base_factory.py::TestFactoryEdgeCases::test_can_create_none_type PASSED [  6%]
tests/unit/core/test_model_base_factory.py::TestFactoryEdgeCases::test_factory_reuse PASSED [  6%]
tests/unit/core/test_model_base_factory.py::TestFactoryTypeParameter::test_product_factory_type PASSED [  6%]
tests/unit/core/test_model_base_factory.py::TestFactoryTypeParameter::test_user_factory_type PASSED [  6%]
tests/unit/core/test_model_base_factory.py::TestFactoryTypeParameter::test_factory_type_safety PASSED [  6%]
tests/unit/core/test_model_base_factory.py::TestFactoryInheritance::test_extend_factory PASSED [  6%]
tests/unit/core/test_model_base_factory.py::TestFactoryInheritance::test_override_can_create PASSED [  6%]
tests/unit/core/test_model_base_factory.py::TestFactoryWithComplexTypes::test_nested_model_creation PASSED [  6%]
tests/unit/core/test_model_base_processor.py::TestModelServiceBaseProcessor::test_cannot_instantiate_abstract_class PASSED [  6%]
tests/unit/core/test_model_base_processor.py::TestModelServiceBaseProcessor::test_concrete_implementation_with_both_methods PASSED [  6%]
tests/unit/core/test_model_base_processor.py::TestModelServiceBaseProcessor::test_concrete_processor_process_method PASSED [  6%]
tests/unit/core/test_model_base_processor.py::TestModelServiceBaseProcessor::test_concrete_processor_can_process_method PASSED [  6%]
tests/unit/core/test_model_base_processor.py::TestModelServiceBaseProcessor::test_missing_process_method_fails PASSED [  6%]
tests/unit/core/test_model_base_processor.py::TestModelServiceBaseProcessor::test_missing_can_process_method_fails PASSED [  6%]
tests/unit/core/test_model_base_processor.py::TestModelServiceBaseProcessor::test_processor_with_pydantic_validation PASSED [  6%]
tests/unit/core/test_model_base_processor.py::TestModelServiceBaseProcessor::test_processor_model_config_extra_ignore PASSED [  6%]
tests/unit/core/test_model_base_processor.py::TestModelServiceBaseProcessor::test_processor_model_config_validate_assignment PASSED [  6%]
tests/unit/core/test_model_base_processor.py::TestModelServiceBaseProcessor::test_processor_model_config_enum_values PASSED [  6%]
tests/unit/core/test_model_base_processor.py::TestModelServiceBaseProcessor::test_processor_inheritance_chain PASSED [  6%]
tests/unit/core/test_model_base_processor.py::TestModelServiceBaseProcessor::test_processor_with_complex_data_types PASSED [  6%]
tests/unit/core/test_model_base_processor.py::TestModelServiceBaseProcessor::test_processor_error_handling PASSED [  6%]
tests/unit/core/test_model_base_processor.py::TestModelServiceBaseProcessor::test_processor_with_state PASSED [  6%]
tests/unit/core/test_model_base_processor.py::TestModelServiceBaseProcessor::test_processor_serialization PASSED [  6%]
tests/unit/core/test_model_generic_factory.py::TestModelGenericFactory::test_init PASSED [  7%]
tests/unit/core/test_model_generic_factory.py::TestModelGenericFactory::test_register_factory PASSED [  7%]
tests/unit/core/test_model_generic_factory.py::TestModelGenericFactory::test_register_builder PASSED [  7%]
tests/unit/core/test_model_generic_factory.py::TestModelGenericFactory::test_create_success PASSED [  7%]
tests/unit/core/test_model_generic_factory.py::TestModelGenericFactory::test_create_unknown_factory PASSED [  7%]
tests/unit/core/test_model_generic_factory.py::TestModelGenericFactory::test_build_success PASSED [  7%]
tests/unit/core/test_model_generic_factory.py::TestModelGenericFactory::test_build_unknown_builder PASSED [  7%]
tests/unit/core/test_model_generic_factory.py::TestModelGenericFactory::test_create_success_result_utility PASSED [  7%]
tests/unit/core/test_model_generic_factory.py::TestModelGenericFactory::test_create_error_result_utility PASSED [  7%]
tests/unit/core/test_model_generic_factory.py::TestModelResultFactory::test_init PASSED [  7%]
tests/unit/core/test_model_generic_factory.py::TestModelResultFactory::test_build_success_result PASSED [  7%]
tests/unit/core/test_model_generic_factory.py::TestModelResultFactory::test_build_error_result PASSED [  7%]
tests/unit/core/test_model_generic_factory.py::TestModelResultFactory::test_build_validation_error_result PASSED [  7%]
tests/unit/core/test_model_generic_factory.py::TestModelCapabilityFactory::test_init PASSED [  7%]
tests/unit/core/test_model_generic_factory.py::TestModelCapabilityFactory::test_build_standard_capability PASSED [  7%]
tests/unit/core/test_model_generic_factory.py::TestModelCapabilityFactory::test_build_deprecated_capability PASSED [  7%]
tests/unit/core/test_model_generic_factory.py::TestModelCapabilityFactory::test_build_experimental_capability PASSED [  7%]
tests/unit/core/test_model_generic_factory.py::TestModelValidationErrorFactory::test_init PASSED [  7%]
tests/unit/core/test_model_generic_factory.py::TestModelValidationErrorFactory::test_build_error PASSED [  7%]
tests/unit/core/test_model_generic_factory.py::TestModelValidationErrorFactory::test_build_warning PASSED [  7%]
tests/unit/core/test_model_generic_factory.py::TestModelValidationErrorFactory::test_build_critical PASSED [  7%]
tests/unit/core/test_model_generic_factory.py::TestModelValidationErrorFactory::test_build_info PASSED [  7%]
tests/unit/core/test_protocol_implementations.py::TestProtocolWithComplexModels::test_nested_model_serialization PASSED [  7%]
tests/unit/core/test_protocol_implementations.py::TestProtocolWithComplexModels::test_model_with_validators PASSED [  7%]
tests/unit/core/test_protocol_implementations.py::TestProtocolWithComplexModels::test_model_with_complex_metadata PASSED [  7%]
tests/unit/core/test_protocol_implementations.py::TestProtocolWithOptionalFields::test_optional_fields_serialization PASSED [  7%]
tests/unit/core/test_protocol_implementations.py::TestProtocolWithOptionalFields::test_configurable_with_optional_config PASSED [  7%]
tests/unit/core/test_protocol_implementations.py::TestProtocolChaining::test_serialize_validate_chain PASSED [  7%]
tests/unit/core/test_protocol_implementations.py::TestProtocolChaining::test_configure_execute_chain PASSED [  7%]
tests/unit/core/test_protocol_implementations.py::TestProtocolErrorHandling::test_serialization_with_error_handling PASSED [  7%]
tests/unit/core/test_protocol_implementations.py::TestProtocolErrorHandling::test_validation_with_exception_handling PASSED [  7%]
tests/unit/core/test_protocol_implementations.py::TestProtocolWithCustomTypes::test_custom_id_type PASSED [  7%]
tests/unit/core/test_protocol_implementations.py::TestProtocolWithCustomTypes::test_custom_metadata_type PASSED [  7%]
tests/unit/core/test_protocol_implementations.py::TestProtocolWithStateMachine::test_stateful_executable PASSED [  7%]
tests/unit/core/test_protocol_implementations.py::TestProtocolWithStateMachine::test_stateful_configurable PASSED [  7%]
tests/unit/core/test_protocol_implementations.py::TestProtocolComposition::test_composition_through_delegation PASSED [  7%]
tests/unit/core/test_protocol_implementations.py::TestProtocolWithAsyncPatterns::test_executor_with_sync_and_async_patterns PASSED [  7%]
tests/unit/core/test_protocol_implementations.py::TestProtocolWithBuilders::test_buildable_configurable PASSED [  7%]
tests/unit/core/test_protocol_implementations.py::TestProtocolBoundaryConditions::test_empty_serialization PASSED [  7%]
tests/unit/core/test_protocol_implementations.py::TestProtocolBoundaryConditions::test_always_valid_validator PASSED [  7%]
tests/unit/core/test_protocol_implementations.py::TestProtocolBoundaryConditions::test_always_false_validator PASSED [  7%]
tests/unit/core/test_protocol_implementations.py::TestProtocolBoundaryConditions::test_executor_returning_none PASSED [  7%]
tests/unit/core/test_protocol_implementations.py::TestProtocolBoundaryConditions::test_empty_metadata_provider PASSED [  7%]
tests/unit/core/test_protocol_implementations.py::TestProtocolWithGenericTypes::test_generic_serializable PASSED [  8%]
tests/unit/core/test_type_constraints.py::TestSerializableProtocol::test_is_serializable_with_valid_object PASSED [  8%]
tests/unit/core/test_type_constraints.py::TestSerializableProtocol::test_is_serializable_with_invalid_object PASSED [  8%]
tests/unit/core/test_type_constraints.py::TestSerializableProtocol::test_is_serializable_with_non_callable_attribute PASSED [  8%]
tests/unit/core/test_type_constraints.py::TestIdentifiableProtocol::test_is_identifiable_with_valid_object PASSED [  8%]
tests/unit/core/test_type_constraints.py::TestIdentifiableProtocol::test_is_identifiable_with_id_attribute PASSED [  8%]
tests/unit/core/test_type_constraints.py::TestIdentifiableProtocol::test_is_identifiable_with_invalid_object PASSED [  8%]
tests/unit/core/test_type_constraints.py::TestNameableProtocol::test_is_nameable_with_valid_object PASSED [  8%]
tests/unit/core/test_type_constraints.py::TestNameableProtocol::test_is_nameable_missing_get_name PASSED [  8%]
tests/unit/core/test_type_constraints.py::TestNameableProtocol::test_is_nameable_missing_set_name PASSED [  8%]
tests/unit/core/test_type_constraints.py::TestNameableProtocol::test_is_nameable_non_callable_methods PASSED [  8%]
tests/unit/core/test_type_constraints.py::TestValidatableProtocol::test_is_validatable_with_valid_object PASSED [  8%]
tests/unit/core/test_type_constraints.py::TestValidatableProtocol::test_is_validatable_with_invalid_object PASSED [  8%]
tests/unit/core/test_type_constraints.py::TestValidatableProtocol::test_is_validatable_non_callable_attribute PASSED [  8%]
tests/unit/core/test_type_constraints.py::TestConfigurableProtocol::test_is_configurable_with_valid_object PASSED [  8%]
tests/unit/core/test_type_constraints.py::TestConfigurableProtocol::test_is_configurable_with_invalid_object PASSED [  8%]
tests/unit/core/test_type_constraints.py::TestExecutableProtocol::test_is_executable_with_valid_object PASSED [  8%]
tests/unit/core/test_type_constraints.py::TestExecutableProtocol::test_is_executable_with_invalid_object PASSED [  8%]
tests/unit/core/test_type_constraints.py::TestMetadataProviderProtocol::test_is_metadata_provider_with_valid_object PASSED [  8%]
tests/unit/core/test_type_constraints.py::TestMetadataProviderProtocol::test_is_metadata_provider_with_attribute PASSED [  8%]
tests/unit/core/test_type_constraints.py::TestMetadataProviderProtocol::test_is_metadata_provider_with_invalid_object PASSED [  8%]
tests/unit/core/test_type_constraints.py::TestPrimitiveValueValidation::test_is_primitive_value_with_string PASSED [  8%]
tests/unit/core/test_type_constraints.py::TestPrimitiveValueValidation::test_is_primitive_value_with_int PASSED [  8%]
tests/unit/core/test_type_constraints.py::TestPrimitiveValueValidation::test_is_primitive_value_with_float PASSED [  8%]
tests/unit/core/test_type_constraints.py::TestPrimitiveValueValidation::test_is_primitive_value_with_bool PASSED [  8%]
tests/unit/core/test_type_constraints.py::TestPrimitiveValueValidation::test_is_primitive_value_with_invalid_types PASSED [  8%]
tests/unit/core/test_type_constraints.py::TestPrimitiveValueValidation::test_validate_primitive_value_success PASSED [  8%]
tests/unit/core/test_type_constraints.py::TestPrimitiveValueValidation::test_validate_primitive_value_failure PASSED [  8%]
tests/unit/core/test_type_constraints.py::TestPrimitiveValueValidation::test_validate_primitive_value_with_dict PASSED [  8%]
tests/unit/core/test_type_constraints.py::TestPrimitiveValueValidation::test_validate_primitive_value_with_none PASSED [  8%]
tests/unit/core/test_type_constraints.py::TestContextValueValidation::test_is_context_value_with_primitives PASSED [  8%]
tests/unit/core/test_type_constraints.py::TestContextValueValidation::test_is_context_value_with_list PASSED [  8%]
tests/unit/core/test_type_constraints.py::TestContextValueValidation::test_is_context_value_with_dict_string_keys PASSED [  8%]
tests/unit/core/test_type_constraints.py::TestContextValueValidation::test_is_context_value_with_dict_non_string_keys PASSED [  8%]
tests/unit/core/test_type_constraints.py::TestContextValueValidation::test_is_context_value_with_invalid_types PASSED [  8%]
tests/unit/core/test_type_constraints.py::TestContextValueValidation::test_is_complex_context_value PASSED [  8%]
tests/unit/core/test_type_constraints.py::TestContextValueValidation::test_validate_context_value_success PASSED [  8%]
tests/unit/core/test_type_constraints.py::TestContextValueValidation::test_validate_context_value_failure PASSED [  8%]
tests/unit/core/test_type_constraints.py::TestContextValueValidation::test_validate_context_value_with_object PASSED [  8%]
tests/unit/core/test_type_constraints.py::TestContextValueValidation::test_validate_context_value_with_set PASSED [  8%]
tests/unit/core/test_type_constraints.py::TestTypeVariablesAndProtocols::test_base_collection_exists PASSED [  8%]
tests/unit/core/test_type_constraints.py::TestTypeVariablesAndProtocols::test_base_factory_exists PASSED [  8%]
tests/unit/core/test_type_constraints.py::TestTypeVariablesAndProtocols::test_protocols_exist PASSED [  8%]
tests/unit/core/test_type_constraints.py::TestTypeVariablesAndProtocols::test_type_aliases_exist PASSED [  8%]
tests/unit/core/test_type_constraints.py::TestProtocolIntegration::test_pydantic_model_with_metadata PASSED [  9%]
tests/unit/core/test_type_constraints.py::TestProtocolIntegration::test_pydantic_model_with_id PASSED [  9%]
tests/unit/core/test_type_constraints.py::TestProtocolIntegration::test_combined_protocols PASSED [  9%]
tests/unit/core/test_type_constraints.py::TestEdgeCases::test_empty_list_is_context_value PASSED [  9%]
tests/unit/core/test_type_constraints.py::TestEdgeCases::test_empty_dict_is_context_value PASSED [  9%]
tests/unit/core/test_type_constraints.py::TestEdgeCases::test_zero_is_primitive_value PASSED [  9%]
tests/unit/core/test_type_constraints.py::TestEdgeCases::test_empty_string_is_primitive_value PASSED [  9%]
tests/unit/core/test_type_constraints.py::TestEdgeCases::test_nested_list_is_context_value PASSED [  9%]
tests/unit/core/test_type_constraints.py::TestEdgeCases::test_nested_dict_is_context_value PASSED [  9%]
tests/unit/core/test_type_constraints.py::TestEdgeCases::test_mixed_list_is_context_value PASSED [  9%]
tests/unit/core/test_type_constraints.py::TestProtocolImplementationWithPydanticModels::test_pydantic_model_implements_serializable PASSED [  9%]
tests/unit/core/test_type_constraints.py::TestProtocolImplementationWithPydanticModels::test_pydantic_model_implements_validatable PASSED [  9%]
tests/unit/core/test_type_constraints.py::TestProtocolImplementationWithPydanticModels::test_pydantic_model_implements_configurable PASSED [  9%]
tests/unit/core/test_type_constraints.py::TestProtocolImplementationWithPydanticModels::test_pydantic_model_implements_executable PASSED [  9%]
tests/unit/core/test_type_constraints.py::TestProtocolImplementationWithPydanticModels::test_pydantic_model_implements_nameable PASSED [  9%]
tests/unit/core/test_type_constraints.py::TestProtocolWithInheritance::test_inherited_protocol_implementation PASSED [  9%]
tests/unit/core/test_type_constraints.py::TestProtocolWithInheritance::test_multiple_protocol_inheritance PASSED [  9%]
tests/unit/core/test_type_constraints.py::TestProtocolWithInheritance::test_protocol_implementation_override PASSED [  9%]
tests/unit/core/test_type_constraints.py::TestProtocolTypeGuardsEdgeCases::test_serialize_attribute_is_none PASSED [  9%]
tests/unit/core/test_type_constraints.py::TestProtocolTypeGuardsEdgeCases::test_configurable_with_non_callable_configure PASSED [  9%]
tests/unit/core/test_type_constraints.py::TestProtocolTypeGuardsEdgeCases::test_executable_with_non_callable_execute PASSED [  9%]
tests/unit/core/test_type_constraints.py::TestProtocolTypeGuardsEdgeCases::test_metadata_with_none_value PASSED [  9%]
tests/unit/core/test_type_constraints.py::TestProtocolTypeGuardsEdgeCases::test_id_with_different_types PASSED [  9%]
tests/unit/core/test_type_constraints.py::TestProtocolWithDynamicAttributes::test_dynamic_serializable PASSED [  9%]
tests/unit/core/test_type_constraints.py::TestProtocolWithDynamicAttributes::test_dynamic_identifiable PASSED [  9%]
tests/unit/core/test_type_constraints.py::TestProtocolWithDynamicAttributes::test_dynamic_nameable PASSED [  9%]
tests/unit/core/test_type_constraints.py::TestPrimitiveValueValidationEdgeCases::test_validate_primitive_with_custom_object PASSED [  9%]
tests/unit/core/test_type_constraints.py::TestPrimitiveValueValidationEdgeCases::test_validate_primitive_with_lambda PASSED [  9%]
tests/unit/core/test_type_constraints.py::TestPrimitiveValueValidationEdgeCases::test_is_primitive_value_with_numeric_edge_cases PASSED [  9%]
tests/unit/core/test_type_constraints.py::TestPrimitiveValueValidationEdgeCases::test_is_primitive_value_with_negative_zero PASSED [  9%]
tests/unit/core/test_type_constraints.py::TestContextValueValidationEdgeCases::test_validate_context_value_with_tuple PASSED [  9%]
tests/unit/core/test_type_constraints.py::TestContextValueValidationEdgeCases::test_is_context_value_with_deeply_nested_structures PASSED [  9%]
tests/unit/core/test_type_constraints.py::TestContextValueValidationEdgeCases::test_is_context_value_with_mixed_key_types PASSED [  9%]
tests/unit/core/test_type_constraints.py::TestContextValueValidationEdgeCases::test_is_context_value_with_empty_nested_structures PASSED [  9%]
tests/unit/core/test_type_constraints.py::TestContextValueValidationEdgeCases::test_validate_context_value_with_frozenset PASSED [  9%]
tests/unit/core/test_type_constraints.py::TestProtocolCompliance::test_protocol_type_annotation_compliance PASSED [  9%]
tests/unit/core/test_type_constraints.py::TestProtocolCompliance::test_protocol_method_signature_validation PASSED [  9%]
tests/unit/core/test_type_constraints.py::TestProtocolCompliance::test_protocol_property_compliance PASSED [  9%]
tests/unit/core/test_type_constraints.py::TestBaseCollectionAndFactory::test_base_collection_is_available PASSED [  9%]
tests/unit/core/test_type_constraints.py::TestBaseCollectionAndFactory::test_base_factory_is_available PASSED [  9%]
tests/unit/core/test_type_constraints.py::TestMultiProtocolObjects::test_full_protocol_implementation PASSED [  9%]
tests/unit/core/test_type_constraints.py::TestMultiProtocolObjects::test_partial_protocol_implementation PASSED [  9%]
tests/unit/enums/test_enum_action_category.py::TestEnumActionCategory::test_enum_values PASSED [  9%]
tests/unit/enums/test_enum_action_category.py::TestEnumActionCategory::test_string_representation PASSED [ 10%]
tests/unit/enums/test_enum_action_category.py::TestEnumActionCategory::test_is_management_category PASSED [ 10%]
tests/unit/enums/test_enum_action_category.py::TestEnumActionCategory::test_is_execution_category PASSED [ 10%]
tests/unit/enums/test_enum_action_category.py::TestEnumActionCategory::test_is_inspection_category PASSED [ 10%]
tests/unit/enums/test_enum_action_category.py::TestEnumActionCategory::test_enum_equality PASSED [ 10%]
tests/unit/enums/test_enum_action_category.py::TestEnumActionCategory::test_enum_membership PASSED [ 10%]
tests/unit/enums/test_enum_action_category.py::TestEnumActionCategory::test_enum_iteration PASSED [ 10%]
tests/unit/enums/test_enum_agent_capability.py::TestEnumAgentCapabilityBasics::test_enum_values_code_related PASSED [ 10%]
tests/unit/enums/test_enum_agent_capability.py::TestEnumAgentCapabilityBasics::test_enum_values_reasoning PASSED [ 10%]
tests/unit/enums/test_enum_agent_capability.py::TestEnumAgentCapabilityBasics::test_enum_values_documentation PASSED [ 10%]
tests/unit/enums/test_enum_agent_capability.py::TestEnumAgentCapabilityBasics::test_enum_values_general PASSED [ 10%]
tests/unit/enums/test_enum_agent_capability.py::TestEnumAgentCapabilityBasics::test_enum_values_special PASSED [ 10%]
tests/unit/enums/test_enum_agent_capability.py::TestEnumAgentCapabilityBasics::test_enum_values_language PASSED [ 10%]
tests/unit/enums/test_enum_agent_capability.py::TestEnumAgentCapabilityBasics::test_string_representation PASSED [ 10%]
tests/unit/enums/test_enum_agent_capability.py::TestEnumAgentCapabilityInstanceMethods::test_is_code_related_true_cases PASSED [ 10%]
tests/unit/enums/test_enum_agent_capability.py::TestEnumAgentCapabilityInstanceMethods::test_is_code_related_false_cases PASSED [ 10%]
tests/unit/enums/test_enum_agent_capability.py::TestEnumAgentCapabilityInstanceMethods::test_is_code_related_prefix_matching PASSED [ 10%]
tests/unit/enums/test_enum_agent_capability.py::TestEnumAgentCapabilityInstanceMethods::test_requires_large_model_true_cases PASSED [ 10%]
tests/unit/enums/test_enum_agent_capability.py::TestEnumAgentCapabilityInstanceMethods::test_requires_large_model_false_cases PASSED [ 10%]
tests/unit/enums/test_enum_agent_capability.py::TestEnumAgentCapabilityInstanceMethods::test_combined_method_logic PASSED [ 10%]
tests/unit/enums/test_enum_agent_capability.py::TestEnumAgentCapabilityIntegration::test_enum_equality PASSED [ 10%]
tests/unit/enums/test_enum_agent_capability.py::TestEnumAgentCapabilityIntegration::test_enum_membership PASSED [ 10%]
tests/unit/enums/test_enum_agent_capability.py::TestEnumAgentCapabilityIntegration::test_enum_iteration PASSED [ 10%]
tests/unit/enums/test_enum_agent_capability.py::TestEnumAgentCapabilityIntegration::test_json_serialization PASSED [ 10%]
tests/unit/enums/test_enum_agent_capability.py::TestEnumAgentCapabilityIntegration::test_pydantic_integration PASSED [ 10%]
tests/unit/enums/test_enum_agent_capability.py::TestEnumAgentCapabilityIntegration::test_pydantic_serialization PASSED [ 10%]
tests/unit/enums/test_enum_agent_capability.py::TestEnumAgentCapabilityEdgeCases::test_case_sensitivity PASSED [ 10%]
tests/unit/enums/test_enum_agent_capability.py::TestEnumAgentCapabilityEdgeCases::test_invalid_enum_creation PASSED [ 10%]
tests/unit/enums/test_enum_agent_capability.py::TestEnumAgentCapabilityEdgeCases::test_yaml_serialization_compatibility PASSED [ 10%]
tests/unit/enums/test_enum_agent_capability.py::TestEnumAgentCapabilityEdgeCases::test_all_code_capabilities_have_code_prefix PASSED [ 10%]
tests/unit/enums/test_enum_agent_capability.py::TestEnumAgentCapabilityComprehensiveScenarios::test_agent_capability_selection PASSED [ 10%]
tests/unit/enums/test_enum_agent_capability.py::TestEnumAgentCapabilityComprehensiveScenarios::test_capability_filtering_by_model_size PASSED [ 10%]
tests/unit/enums/test_enum_agent_capability.py::TestEnumAgentCapabilityComprehensiveScenarios::test_capability_filtering_by_code_relation PASSED [ 10%]
tests/unit/enums/test_enum_agent_capability.py::TestEnumAgentCapabilityComprehensiveScenarios::test_multi_capability_agent_profile PASSED [ 10%]
tests/unit/enums/test_enum_agent_capability.py::TestEnumAgentCapabilityComprehensiveScenarios::test_capability_categorization_coverage PASSED [ 10%]
tests/unit/enums/test_enum_artifact_type.py::TestEnumArtifactType::test_enum_inherits_from_str_and_enum PASSED [ 10%]
tests/unit/enums/test_enum_artifact_type.py::TestEnumArtifactType::test_enum_values_exist PASSED [ 10%]
tests/unit/enums/test_enum_artifact_type.py::TestEnumArtifactType::test_enum_string_values PASSED [ 10%]
tests/unit/enums/test_enum_artifact_type.py::TestEnumArtifactType::test_enum_can_be_created_from_string PASSED [ 10%]
tests/unit/enums/test_enum_artifact_type.py::TestEnumArtifactType::test_enum_string_comparison PASSED [ 10%]
tests/unit/enums/test_enum_artifact_type.py::TestEnumArtifactType::test_enum_member_count PASSED [ 10%]
tests/unit/enums/test_enum_artifact_type.py::TestEnumArtifactType::test_enum_member_uniqueness PASSED [ 10%]
tests/unit/enums/test_enum_artifact_type.py::TestEnumArtifactType::test_enum_iteration PASSED [ 10%]
tests/unit/enums/test_enum_artifact_type.py::TestEnumArtifactType::test_invalid_enum_value_raises_error PASSED [ 10%]
tests/unit/enums/test_enum_artifact_type.py::TestEnumArtifactType::test_enum_in_operator PASSED [ 11%]
tests/unit/enums/test_enum_artifact_type.py::TestEnumArtifactType::test_enum_hash_consistency PASSED [ 11%]
tests/unit/enums/test_enum_artifact_type.py::TestEnumArtifactType::test_enum_repr PASSED [ 11%]
tests/unit/enums/test_enum_artifact_type.py::TestEnumArtifactType::test_enum_bool_evaluation PASSED [ 11%]
tests/unit/enums/test_enum_artifact_type.py::TestEnumArtifactType::test_enum_serialization_json_compatible PASSED [ 11%]
tests/unit/enums/test_enum_artifact_type.py::TestEnumArtifactType::test_enum_case_sensitivity PASSED [ 11%]
tests/unit/enums/test_enum_artifact_type.py::TestEnumArtifactType::test_enum_with_pydantic_compatibility PASSED [ 11%]
tests/unit/enums/test_enum_artifact_type.py::TestEnumArtifactType::test_enum_equality_and_identity PASSED [ 11%]
tests/unit/enums/test_enum_artifact_type.py::TestEnumArtifactType::test_enum_ordering_behavior PASSED [ 11%]
tests/unit/enums/test_enum_artifact_type.py::TestEnumArtifactType::test_artifact_type_model_integration PASSED [ 11%]
tests/unit/enums/test_enum_artifact_type.py::TestEnumArtifactTypeEdgeCases::test_enum_with_none_value PASSED [ 11%]
tests/unit/enums/test_enum_artifact_type.py::TestEnumArtifactTypeEdgeCases::test_enum_with_empty_string PASSED [ 11%]
tests/unit/enums/test_enum_artifact_type.py::TestEnumArtifactTypeEdgeCases::test_enum_with_whitespace PASSED [ 11%]
tests/unit/enums/test_enum_artifact_type.py::TestEnumArtifactTypeEdgeCases::test_enum_pickling PASSED [ 11%]
tests/unit/enums/test_enum_artifact_type.py::TestEnumArtifactTypeEdgeCases::test_enum_copy_behavior PASSED [ 11%]
tests/unit/enums/test_enum_auth_type.py::TestEnumAuthType::test_enum_values PASSED [ 11%]
tests/unit/enums/test_enum_auth_type.py::TestEnumAuthType::test_string_representation PASSED [ 11%]
tests/unit/enums/test_enum_auth_type.py::TestEnumAuthType::test_requires_credentials PASSED [ 11%]
tests/unit/enums/test_enum_auth_type.py::TestEnumAuthType::test_is_token_based PASSED [ 11%]
tests/unit/enums/test_enum_auth_type.py::TestEnumAuthType::test_is_certificate_based PASSED [ 11%]
tests/unit/enums/test_enum_auth_type.py::TestEnumAuthType::test_supports_refresh PASSED [ 11%]
tests/unit/enums/test_enum_auth_type.py::TestEnumAuthType::test_enum_equality PASSED [ 11%]
tests/unit/enums/test_enum_auth_type.py::TestEnumAuthType::test_enum_membership PASSED [ 11%]
tests/unit/enums/test_enum_auth_type.py::TestEnumAuthType::test_enum_iteration PASSED [ 11%]
tests/unit/enums/test_enum_auth_type.py::TestEnumAuthType::test_json_serialization PASSED [ 11%]
tests/unit/enums/test_enum_auth_type.py::TestEnumAuthType::test_pydantic_integration PASSED [ 11%]
tests/unit/enums/test_enum_auth_type.py::TestEnumAuthType::test_pydantic_serialization PASSED [ 11%]
tests/unit/enums/test_enum_auth_type.py::TestEnumAuthType::test_edge_cases PASSED [ 11%]
tests/unit/enums/test_enum_auth_type.py::TestEnumAuthType::test_comprehensive_security_classification PASSED [ 11%]
tests/unit/enums/test_enum_category_filter.py::TestEnumCategoryFilter::test_enum_values PASSED [ 11%]
tests/unit/enums/test_enum_category_filter.py::TestEnumCategoryFilter::test_string_inheritance PASSED [ 11%]
tests/unit/enums/test_enum_category_filter.py::TestEnumCategoryFilter::test_is_hierarchical PASSED [ 11%]
tests/unit/enums/test_enum_category_filter.py::TestEnumCategoryFilter::test_is_inclusive PASSED [ 11%]
tests/unit/enums/test_enum_category_filter.py::TestEnumCategoryFilter::test_is_exclusive PASSED [ 11%]
tests/unit/enums/test_enum_category_filter.py::TestEnumCategoryFilter::test_get_priority_level PASSED [ 11%]
tests/unit/enums/test_enum_category_filter.py::TestEnumCategoryFilter::test_get_hierarchical_filters PASSED [ 11%]
tests/unit/enums/test_enum_category_filter.py::TestEnumCategoryFilter::test_is_active_filter PASSED [ 11%]
tests/unit/enums/test_enum_category_filter.py::TestEnumCategoryFilter::test_str_representation PASSED [ 11%]
tests/unit/enums/test_enum_cell_type.py::TestEnumCellType::test_enum_values PASSED [ 11%]
tests/unit/enums/test_enum_cell_type.py::TestEnumCellType::test_string_inheritance PASSED [ 11%]
tests/unit/enums/test_enum_cell_type.py::TestEnumCellType::test_string_representation PASSED [ 11%]
tests/unit/enums/test_enum_cell_type.py::TestEnumCellType::test_is_executable PASSED [ 11%]
tests/unit/enums/test_enum_cell_type.py::TestEnumCellType::test_is_documentation PASSED [ 11%]
tests/unit/enums/test_enum_cell_type.py::TestEnumCellType::test_supports_syntax_highlighting PASSED [ 12%]
tests/unit/enums/test_enum_cell_type.py::TestEnumCellType::test_produces_output PASSED [ 12%]
tests/unit/enums/test_enum_cell_type.py::TestEnumCellType::test_supports_rich_text PASSED [ 12%]
tests/unit/enums/test_enum_cell_type.py::TestEnumCellType::test_get_cell_description PASSED [ 12%]
tests/unit/enums/test_enum_cell_type.py::TestEnumCellType::test_get_typical_content PASSED [ 12%]
tests/unit/enums/test_enum_cell_type.py::TestEnumCellType::test_get_editor_mode PASSED [ 12%]
tests/unit/enums/test_enum_cell_type.py::TestEnumCellType::test_enum_equality PASSED [ 12%]
tests/unit/enums/test_enum_cell_type.py::TestEnumCellType::test_enum_membership PASSED [ 12%]
tests/unit/enums/test_enum_cell_type.py::TestEnumCellType::test_enum_iteration PASSED [ 12%]
tests/unit/enums/test_enum_cell_type.py::TestEnumCellType::test_json_serialization PASSED [ 12%]
tests/unit/enums/test_enum_cell_type.py::TestEnumCellType::test_pydantic_integration PASSED [ 12%]
tests/unit/enums/test_enum_cell_type.py::TestEnumCellType::test_pydantic_serialization PASSED [ 12%]
tests/unit/enums/test_enum_cell_type.py::TestEnumCellType::test_comprehensive_cell_type_characteristics PASSED [ 12%]
tests/unit/enums/test_enum_cli_status.py::TestEnumCliStatus::test_enum_inherits_from_str_and_enum PASSED [ 12%]
tests/unit/enums/test_enum_cli_status.py::TestEnumCliStatus::test_enum_values_exist PASSED [ 12%]
tests/unit/enums/test_enum_cli_status.py::TestEnumCliStatus::test_enum_string_values PASSED [ 12%]
tests/unit/enums/test_enum_cli_status.py::TestEnumCliStatus::test_enum_can_be_created_from_string PASSED [ 12%]
tests/unit/enums/test_enum_cli_status.py::TestEnumCliStatus::test_enum_string_comparison PASSED [ 12%]
tests/unit/enums/test_enum_cli_status.py::TestEnumCliStatus::test_enum_member_count PASSED [ 12%]
tests/unit/enums/test_enum_cli_status.py::TestEnumCliStatus::test_enum_member_uniqueness PASSED [ 12%]
tests/unit/enums/test_enum_cli_status.py::TestEnumCliStatus::test_enum_iteration PASSED [ 12%]
tests/unit/enums/test_enum_cli_status.py::TestEnumCliStatus::test_invalid_enum_value_raises_error PASSED [ 12%]
tests/unit/enums/test_enum_cli_status.py::TestEnumCliStatus::test_enum_in_operator PASSED [ 12%]
tests/unit/enums/test_enum_cli_status.py::TestEnumCliStatus::test_enum_hash_consistency PASSED [ 12%]
tests/unit/enums/test_enum_cli_status.py::TestEnumCliStatus::test_enum_repr PASSED [ 12%]
tests/unit/enums/test_enum_cli_status.py::TestEnumCliStatus::test_enum_bool_evaluation PASSED [ 12%]
tests/unit/enums/test_enum_cli_status.py::TestEnumCliStatus::test_enum_serialization_json_compatible PASSED [ 12%]
tests/unit/enums/test_enum_cli_status.py::TestEnumCliStatus::test_enum_case_sensitivity PASSED [ 12%]
tests/unit/enums/test_enum_cli_status.py::TestEnumCliStatus::test_enum_with_pydantic_compatibility PASSED [ 12%]
tests/unit/enums/test_enum_cli_status.py::TestEnumCliStatus::test_enum_equality_and_identity PASSED [ 12%]
tests/unit/enums/test_enum_cli_status.py::TestEnumCliStatus::test_enum_ordering_behavior PASSED [ 12%]
tests/unit/enums/test_enum_cli_status.py::TestEnumCliStatusEdgeCases::test_enum_with_none_value PASSED [ 12%]
tests/unit/enums/test_enum_cli_status.py::TestEnumCliStatusEdgeCases::test_enum_with_empty_string PASSED [ 12%]
tests/unit/enums/test_enum_cli_status.py::TestEnumCliStatusEdgeCases::test_enum_with_whitespace PASSED [ 12%]
tests/unit/enums/test_enum_cli_status.py::TestEnumCliStatusEdgeCases::test_enum_pickling PASSED [ 12%]
tests/unit/enums/test_enum_cli_status.py::TestEnumCliStatusEdgeCases::test_enum_copy_behavior PASSED [ 12%]
tests/unit/enums/test_enum_collection_format.py::TestEnumCollectionFormat::test_enum_values PASSED [ 12%]
tests/unit/enums/test_enum_collection_format.py::TestEnumCollectionFormat::test_string_representation PASSED [ 12%]
tests/unit/enums/test_enum_collection_format.py::TestEnumCollectionFormat::test_is_structured_format PASSED [ 12%]
tests/unit/enums/test_enum_collection_format.py::TestEnumCollectionFormat::test_is_tabular_format PASSED [ 12%]
tests/unit/enums/test_enum_collection_format.py::TestEnumCollectionFormat::test_is_text_format PASSED [ 12%]
tests/unit/enums/test_enum_collection_format.py::TestEnumCollectionFormat::test_is_binary_format PASSED [ 12%]
tests/unit/enums/test_enum_collection_format.py::TestEnumCollectionFormat::test_get_default_extension PASSED [ 12%]
tests/unit/enums/test_enum_collection_format.py::TestEnumCollectionFormat::test_get_mime_type PASSED [ 12%]
tests/unit/enums/test_enum_collection_format.py::TestEnumCollectionFormat::test_enum_comparison PASSED [ 13%]
tests/unit/enums/test_enum_collection_format.py::TestEnumCollectionFormat::test_enum_membership PASSED [ 13%]
tests/unit/enums/test_enum_collection_format.py::TestEnumCollectionFormat::test_enum_iteration PASSED [ 13%]
tests/unit/enums/test_enum_collection_format.py::TestEnumCollectionFormat::test_json_serialization PASSED [ 13%]
tests/unit/enums/test_enum_collection_format.py::TestEnumCollectionFormat::test_pydantic_model_integration PASSED [ 13%]
tests/unit/enums/test_enum_collection_format.py::TestEnumCollectionFormat::test_enum_uniqueness PASSED [ 13%]
tests/unit/enums/test_enum_collection_format.py::TestEnumCollectionFormatOverlaps::test_text_and_binary_overlap PASSED [ 13%]
tests/unit/enums/test_enum_collection_format.py::TestEnumCollectionFormatOverlaps::test_structured_formats_are_text PASSED [ 13%]
tests/unit/enums/test_enum_collection_format.py::TestEnumCollectionFormatOverlaps::test_tabular_csv_tsv_are_text PASSED [ 13%]
tests/unit/enums/test_enum_collection_format.py::TestEnumCollectionFormatEdgeCases::test_case_sensitivity PASSED [ 13%]
tests/unit/enums/test_enum_collection_format.py::TestEnumCollectionFormatEdgeCases::test_whitespace_handling PASSED [ 13%]
tests/unit/enums/test_enum_collection_format.py::TestEnumCollectionFormatEdgeCases::test_all_formats_have_extensions PASSED [ 13%]
tests/unit/enums/test_enum_collection_format.py::TestEnumCollectionFormatEdgeCases::test_all_formats_have_mime_types PASSED [ 13%]
tests/unit/enums/test_enum_compensation_strategy.py::TestEnumCompensationStrategy::test_enum_values PASSED [ 13%]
tests/unit/enums/test_enum_compensation_strategy.py::TestEnumCompensationStrategy::test_string_inheritance PASSED [ 13%]
tests/unit/enums/test_enum_compensation_strategy.py::TestEnumCompensationStrategy::test_string_representation PASSED [ 13%]
tests/unit/enums/test_enum_compensation_strategy.py::TestEnumCompensationStrategy::test_is_backward_looking PASSED [ 13%]
tests/unit/enums/test_enum_compensation_strategy.py::TestEnumCompensationStrategy::test_is_forward_looking PASSED [ 13%]
tests/unit/enums/test_enum_compensation_strategy.py::TestEnumCompensationStrategy::test_is_complex_strategy PASSED [ 13%]
tests/unit/enums/test_enum_compensation_strategy.py::TestEnumCompensationStrategy::test_is_single_approach_strategy PASSED [ 13%]
tests/unit/enums/test_enum_compensation_strategy.py::TestEnumCompensationStrategy::test_requires_state_tracking PASSED [ 13%]
tests/unit/enums/test_enum_compensation_strategy.py::TestEnumCompensationStrategy::test_get_strategy_description PASSED [ 13%]
tests/unit/enums/test_enum_compensation_strategy.py::TestEnumCompensationStrategy::test_get_typical_use_case PASSED [ 13%]
tests/unit/enums/test_enum_compensation_strategy.py::TestEnumCompensationStrategy::test_get_complexity_level PASSED [ 13%]
tests/unit/enums/test_enum_compensation_strategy.py::TestEnumCompensationStrategy::test_enum_equality PASSED [ 13%]
tests/unit/enums/test_enum_compensation_strategy.py::TestEnumCompensationStrategy::test_enum_membership PASSED [ 13%]
tests/unit/enums/test_enum_compensation_strategy.py::TestEnumCompensationStrategy::test_enum_iteration PASSED [ 13%]
tests/unit/enums/test_enum_compensation_strategy.py::TestEnumCompensationStrategy::test_json_serialization PASSED [ 13%]
tests/unit/enums/test_enum_compensation_strategy.py::TestEnumCompensationStrategy::test_pydantic_integration PASSED [ 13%]
tests/unit/enums/test_enum_compensation_strategy.py::TestEnumCompensationStrategy::test_pydantic_serialization PASSED [ 13%]
tests/unit/enums/test_enum_compensation_strategy.py::TestEnumCompensationStrategy::test_strategy_characteristics PASSED [ 13%]
tests/unit/enums/test_enum_config_category.py::TestEnumConfigCategory::test_enum_values PASSED [ 13%]
tests/unit/enums/test_enum_config_category.py::TestEnumConfigCategory::test_string_representation PASSED [ 13%]
tests/unit/enums/test_enum_config_category.py::TestEnumConfigCategory::test_get_system_categories PASSED [ 13%]
tests/unit/enums/test_enum_config_category.py::TestEnumConfigCategory::test_get_infrastructure_categories PASSED [ 13%]
tests/unit/enums/test_enum_config_category.py::TestEnumConfigCategory::test_is_system_category PASSED [ 13%]
tests/unit/enums/test_enum_config_category.py::TestEnumConfigCategory::test_is_infrastructure_category PASSED [ 13%]
tests/unit/enums/test_enum_config_category.py::TestEnumConfigCategory::test_enum_comparison PASSED [ 13%]
tests/unit/enums/test_enum_config_category.py::TestEnumConfigCategory::test_enum_membership PASSED [ 13%]
tests/unit/enums/test_enum_config_category.py::TestEnumConfigCategory::test_enum_iteration PASSED [ 13%]
tests/unit/enums/test_enum_config_category.py::TestEnumConfigCategory::test_json_serialization PASSED [ 13%]
tests/unit/enums/test_enum_config_category.py::TestEnumConfigCategory::test_pydantic_model_integration PASSED [ 13%]
tests/unit/enums/test_enum_config_category.py::TestEnumConfigCategory::test_enum_uniqueness PASSED [ 13%]
tests/unit/enums/test_enum_config_category.py::TestEnumConfigCategory::test_category_classification_mutually_exclusive PASSED [ 14%]
tests/unit/enums/test_enum_config_category.py::TestEnumConfigCategory::test_all_categories_classified PASSED [ 14%]
tests/unit/enums/test_enum_config_category.py::TestEnumConfigCategoryEdgeCases::test_case_sensitivity PASSED [ 14%]
tests/unit/enums/test_enum_config_category.py::TestEnumConfigCategoryEdgeCases::test_whitespace_handling PASSED [ 14%]
tests/unit/enums/test_enum_config_category.py::TestEnumConfigCategoryEdgeCases::test_system_and_infrastructure_categories_disjoint PASSED [ 14%]
tests/unit/enums/test_enum_config_category.py::TestEnumConfigCategoryEdgeCases::test_helper_methods_return_lists PASSED [ 14%]
tests/unit/enums/test_enum_config_type.py::TestEnumConfigTypeBasics::test_enum_values_core PASSED [ 14%]
tests/unit/enums/test_enum_config_type.py::TestEnumConfigTypeBasics::test_enum_values_infrastructure PASSED [ 14%]
tests/unit/enums/test_enum_config_type.py::TestEnumConfigTypeBasics::test_enum_values_application PASSED [ 14%]
tests/unit/enums/test_enum_config_type.py::TestEnumConfigTypeBasics::test_enum_values_data PASSED [ 14%]
tests/unit/enums/test_enum_config_type.py::TestEnumConfigTypeBasics::test_enum_values_environment PASSED [ 14%]
tests/unit/enums/test_enum_config_type.py::TestEnumConfigTypeBasics::test_enum_values_generic PASSED [ 14%]
tests/unit/enums/test_enum_config_type.py::TestEnumConfigTypeBasics::test_string_representation PASSED [ 14%]
tests/unit/enums/test_enum_config_type.py::TestEnumConfigTypeCategoryMethods::test_is_core_config PASSED [ 14%]
tests/unit/enums/test_enum_config_type.py::TestEnumConfigTypeCategoryMethods::test_is_infrastructure_config PASSED [ 14%]
tests/unit/enums/test_enum_config_type.py::TestEnumConfigTypeCategoryMethods::test_is_application_config PASSED [ 14%]
tests/unit/enums/test_enum_config_type.py::TestEnumConfigTypeCategoryMethods::test_is_data_config PASSED [ 14%]
tests/unit/enums/test_enum_config_type.py::TestEnumConfigTypeCategoryMethods::test_is_environment_config PASSED [ 14%]
tests/unit/enums/test_enum_config_type.py::TestEnumConfigTypeCategoryMethods::test_category_mutual_exclusivity PASSED [ 14%]
tests/unit/enums/test_enum_config_type.py::TestEnumConfigTypeIntegration::test_enum_equality PASSED [ 14%]
tests/unit/enums/test_enum_config_type.py::TestEnumConfigTypeIntegration::test_enum_membership PASSED [ 14%]
tests/unit/enums/test_enum_config_type.py::TestEnumConfigTypeIntegration::test_enum_iteration PASSED [ 14%]
tests/unit/enums/test_enum_config_type.py::TestEnumConfigTypeIntegration::test_json_serialization PASSED [ 14%]
tests/unit/enums/test_enum_config_type.py::TestEnumConfigTypeIntegration::test_pydantic_integration PASSED [ 14%]
tests/unit/enums/test_enum_config_type.py::TestEnumConfigTypeIntegration::test_pydantic_serialization PASSED [ 14%]
tests/unit/enums/test_enum_config_type.py::TestEnumConfigTypeEdgeCases::test_case_sensitivity PASSED [ 14%]
tests/unit/enums/test_enum_config_type.py::TestEnumConfigTypeEdgeCases::test_invalid_enum_creation PASSED [ 14%]
tests/unit/enums/test_enum_config_type.py::TestEnumConfigTypeEdgeCases::test_unique_decorator_enforcement PASSED [ 14%]
tests/unit/enums/test_enum_config_type.py::TestEnumConfigTypeEdgeCases::test_yaml_serialization_compatibility PASSED [ 14%]
tests/unit/enums/test_enum_config_type.py::TestEnumConfigTypeComprehensiveScenarios::test_config_routing_by_category PASSED [ 14%]
tests/unit/enums/test_enum_config_type.py::TestEnumConfigTypeComprehensiveScenarios::test_environment_specific_configs PASSED [ 14%]
tests/unit/enums/test_enum_config_type.py::TestEnumConfigTypeComprehensiveScenarios::test_config_type_classification_coverage PASSED [ 14%]
tests/unit/enums/test_enum_data_classification.py::TestEnumDataClassification::test_enum_values PASSED [ 14%]
tests/unit/enums/test_enum_data_classification.py::TestEnumDataClassification::test_string_inheritance PASSED [ 14%]
tests/unit/enums/test_enum_data_classification.py::TestEnumDataClassification::test_string_representation PASSED [ 14%]
[...]
tests/unit/models/core/test_model_node_type.py::TestModelNodeType::test_category_pattern_validation PASSED [ 48%]
tests/unit/models/core/test_model_node_type.py::TestModelNodeType::test_execution_priority_validation PASSED [ 48%]
tests/unit/models/core/test_model_node_type.py::TestModelNodeType::test_field_types_validation PASSED [ 48%]
tests/unit/models/core/test_model_node_type.py::TestModelNodeType::test_factory_method_contract_to_model PASSED [ 48%]
tests/unit/models/core/test_model_node_type.py::TestModelNodeType::test_factory_method_multi_doc_model_generator PASSED [ 48%]
tests/unit/models/core/test_model_node_type.py::TestModelNodeType::test_factory_method_generate_error_codes PASSED [ 48%]
tests/unit/models/core/test_model_node_type.py::TestModelNodeType::test_factory_method_validation_engine PASSED [ 48%]
tests/unit/models/core/test_model_node_type.py::TestModelNodeType::test_factory_method_node_generator PASSED [ 48%]
tests/unit/models/core/test_model_node_type.py::TestModelNodeType::test_factory_method_template_engine PASSED [ 48%]
tests/unit/models/core/test_model_node_type.py::TestModelNodeType::test_factory_method_file_generator PASSED [ 48%]
tests/unit/models/core/test_model_node_type.py::TestModelNodeType::test_factory_method_standards_compliance_fixer PASSED [ 48%]
tests/unit/models/core/test_model_node_type.py::TestModelNodeType::test_factory_method_node_discovery PASSED [ 48%]
tests/unit/models/core/test_model_node_type.py::TestModelNodeType::test_factory_method_node_manager_runner PASSED [ 48%]
tests/unit/models/core/test_model_node_type.py::TestModelNodeType::test_factory_method_logger_emit_log_event PASSED [ 48%]
tests/unit/models/core/test_model_node_type.py::TestModelNodeType::test_factory_method_scenario_runner PASSED [ 48%]
tests/unit/models/core/test_model_node_type.py::TestModelNodeType::test_from_string_method_known_types PASSED [ 48%]
tests/unit/models/core/test_model_node_type.py::TestModelNodeType::test_from_string_method_unknown_type PASSED [ 48%]
tests/unit/models/core/test_model_node_type.py::TestModelNodeType::test_string_representation PASSED [ 48%]
tests/unit/models/core/test_model_node_type.py::TestModelNodeType::test_equality_comparison PASSED [ 48%]
tests/unit/models/core/test_model_node_type.py::TestModelNodeType::test_model_serialization PASSED [ 48%]
tests/unit/models/core/test_model_node_type.py::TestModelNodeType::test_model_deserialization PASSED [ 48%]
tests/unit/models/core/test_model_node_type.py::TestModelNodeType::test_model_json_serialization PASSED [ 48%]
tests/unit/models/core/test_model_node_type.py::TestModelNodeType::test_get_id_returns_type_id PASSED [ 48%]
tests/unit/models/core/test_model_node_type.py::TestModelNodeType::test_get_id_stable_across_calls PASSED [ 48%]
tests/unit/models/core/test_model_node_type.py::TestModelNodeType::test_all_factory_methods_coverage PASSED [ 48%]
tests/unit/models/core/test_model_node_type.py::TestModelNodeTypeEdgeCases::test_empty_string_fields PASSED [ 48%]
tests/unit/models/core/test_model_node_type.py::TestModelNodeTypeEdgeCases::test_whitespace_handling PASSED [ 48%]
tests/unit/models/core/test_model_node_type.py::TestModelNodeTypeEdgeCases::test_unicode_characters PASSED [ 48%]
tests/unit/models/core/test_model_node_type.py::TestModelNodeTypeEdgeCases::test_very_long_strings PASSED [ 48%]
tests/unit/models/core/test_model_node_type.py::TestModelNodeTypeEdgeCases::test_none_values_for_optional_fields PASSED [ 48%]
tests/unit/models/core/test_model_node_type.py::TestModelNodeTypeEdgeCases::test_large_priority_values PASSED [ 48%]
tests/unit/models/core/test_model_node_type.py::TestModelNodeTypeEdgeCases::test_complex_dependencies PASSED [ 48%]
tests/unit/models/core/test_model_node_type.py::TestModelNodeTypeEdgeCases::test_version_compatibility_edge_cases PASSED [ 48%]
tests/unit/models/core/test_model_result_accessor.py::TestModelResultAccessor::test_initialization_empty PASSED [ 48%]
tests/unit/models/core/test_model_result_accessor.py::TestModelResultAccessor::test_get_result_value_from_results PASSED [ 48%]
tests/unit/models/core/test_model_result_accessor.py::TestModelResultAccessor::test_get_result_value_from_metadata_fallback PASSED [ 48%]
tests/unit/models/core/test_model_result_accessor.py::TestModelResultAccessor::test_get_result_value_priority_results_over_metadata PASSED [ 48%]
tests/unit/models/core/test_model_result_accessor.py::TestModelResultAccessor::test_get_result_value_with_default PASSED [ 48%]
tests/unit/models/core/test_model_result_accessor.py::TestModelResultAccessor::test_set_result_value PASSED [ 49%]
tests/unit/models/core/test_model_result_accessor.py::TestModelResultAccessor::test_set_metadata_value PASSED [ 49%]
tests/unit/models/core/test_model_result_accessor.py::TestModelResultAccessor::test_mixed_results_and_metadata_operations PASSED [ 49%]
tests/unit/models/core/test_model_result_accessor.py::TestModelResultAccessor::test_type_validation_string_values PASSED [ 49%]
tests/unit/models/core/test_model_result_accessor.py::TestModelResultAccessor::test_type_validation_numeric_values PASSED [ 49%]
tests/unit/models/core/test_model_result_accessor.py::TestModelResultAccessor::test_type_validation_boolean_values PASSED [ 49%]
tests/unit/models/core/test_model_result_accessor.py::TestModelResultAccessor::test_invalid_type_handling PASSED [ 49%]
tests/unit/models/core/test_model_result_accessor.py::TestModelResultAccessor::test_inheritance_from_field_accessor PASSED [ 49%]
tests/unit/models/core/test_model_result_accessor.py::TestModelResultAccessor::test_complex_cli_result_scenario PASSED [ 49%]
tests/unit/models/core/test_model_result_accessor.py::TestModelResultAccessor::test_overwrite_values PASSED [ 49%]
tests/unit/models/core/test_model_result_accessor.py::TestModelResultAccessor::test_edge_case_zero_values PASSED [ 49%]
tests/unit/models/core/test_model_result_accessor.py::TestModelResultAccessor::test_edge_case_false_values PASSED [ 49%]
tests/unit/models/core/test_model_result_accessor.py::TestModelResultAccessor::test_edge_case_empty_strings PASSED [ 49%]
tests/unit/models/core/test_model_result_accessor.py::TestModelResultAccessor::test_performance_result_scenario PASSED [ 49%]
tests/unit/models/core/test_model_result_accessor.py::TestModelResultAccessor::test_pydantic_compatibility PASSED [ 49%]
tests/unit/models/core/test_model_result_accessor.py::TestModelResultAccessor::test_configure_protocol_method PASSED [ 49%]
tests/unit/models/core/test_model_result_accessor.py::TestModelResultAccessor::test_configure_with_invalid_attribute PASSED [ 49%]
tests/unit/models/core/test_model_result_accessor.py::TestModelResultAccessor::test_configure_with_exception PASSED [ 49%]
tests/unit/models/core/test_model_result_accessor.py::TestModelResultAccessor::test_serialize_protocol_method PASSED [ 49%]
tests/unit/models/core/test_model_result_accessor.py::TestModelResultAccessor::test_serialize_includes_data_attributes PASSED [ 49%]
tests/unit/models/core/test_model_result_accessor.py::TestModelResultAccessor::test_serialize_excludes_private_attributes PASSED [ 49%]
tests/unit/models/core/test_model_result_accessor.py::TestModelResultAccessor::test_validate_instance_protocol_method PASSED [ 49%]
tests/unit/models/core/test_model_result_accessor.py::TestModelResultAccessor::test_validate_instance_with_data PASSED [ 49%]
tests/unit/models/core/test_model_result_accessor.py::TestModelResultAccessor::test_get_name_protocol_method PASSED [ 49%]
tests/unit/models/core/test_model_result_accessor.py::TestModelResultAccessor::test_set_name_protocol_method PASSED [ 49%]
tests/unit/models/core/test_model_result_generic.py::TestResultGeneric::test_result_ok_creation PASSED [ 49%]
tests/unit/models/core/test_model_result_generic.py::TestResultGeneric::test_result_err_creation PASSED [ 49%]
tests/unit/models/core/test_model_result_generic.py::TestResultGeneric::test_result_unwrap_operations PASSED [ 49%]
tests/unit/models/core/test_model_result_generic.py::TestResultGeneric::test_result_unwrap_or_operations PASSED [ 49%]
tests/unit/models/core/test_model_result_generic.py::TestResultGeneric::test_result_unwrap_or_else_operations PASSED [ 49%]
tests/unit/models/core/test_model_result_generic.py::TestResultGeneric::test_result_expect_operations PASSED [ 49%]
tests/unit/models/core/test_model_result_generic.py::TestResultGeneric::test_result_map_operations PASSED [ 49%]
tests/unit/models/core/test_model_result_generic.py::TestResultGeneric::test_result_map_err_operations PASSED [ 49%]
tests/unit/models/core/test_model_result_generic.py::TestResultGeneric::test_result_and_then_operations PASSED [ 49%]
tests/unit/models/core/test_model_result_generic.py::TestResultGeneric::test_result_or_else_operations PASSED [ 49%]
tests/unit/models/core/test_model_result_generic.py::TestResultGeneric::test_result_boolean_conversion PASSED [ 49%]
tests/unit/models/core/test_model_result_generic.py::TestResultGeneric::test_result_string_representations PASSED [ 49%]
tests/unit/models/core/test_model_result_generic.py::TestResultGeneric::test_result_explicit_generic_types PASSED [ 49%]
tests/unit/models/core/test_model_result_generic.py::TestResultGeneric::test_result_factory_functions PASSED [ 49%]
tests/unit/models/core/test_model_result_generic.py::TestResultGeneric::test_try_result_function PASSED [ 49%]
tests/unit/models/core/test_model_result_generic.py::TestResultGeneric::test_collect_results_function PASSED [ 49%]
tests/unit/models/core/test_model_result_generic.py::TestResultGeneric::test_result_pydantic_validation PASSED [ 49%]
tests/unit/models/core/test_model_result_generic.py::TestResultGeneric::test_result_validation_errors PASSED [ 49%]
tests/unit/models/core/test_model_result_generic.py::TestResultGenericComplexTypes::test_result_with_nested_generics PASSED [ 50%]
tests/unit/models/core/test_model_result_generic.py::TestResultGenericComplexTypes::test_result_chaining_with_complex_types PASSED [ 50%]
tests/unit/models/core/test_model_result_generic.py::TestResultGenericComplexTypes::test_result_with_custom_classes PASSED [ 50%]
tests/unit/models/core/test_model_result_generic.py::TestResultGenericEdgeCases::test_result_with_none_values PASSED [ 50%]
tests/unit/models/core/test_model_result_generic.py::TestResultGenericEdgeCases::test_result_recursive_operations PASSED [ 50%]
tests/unit/models/core/test_model_result_generic.py::TestResultGenericEdgeCases::test_result_exception_in_operations PASSED [ 50%]
tests/unit/models/core/test_model_typed_accessor.py::TestModelTypedAccessor::test_initialization PASSED [ 50%]
tests/unit/models/core/test_model_typed_accessor.py::TestModelTypedAccessor::test_get_typed_field_string_success PASSED [ 50%]
tests/unit/models/core/test_model_typed_accessor.py::TestModelTypedAccessor::test_get_typed_field_string_default PASSED [ 50%]
tests/unit/models/core/test_model_typed_accessor.py::TestModelTypedAccessor::test_get_typed_field_string_type_mismatch PASSED [ 50%]
tests/unit/models/core/test_model_typed_accessor.py::TestModelTypedAccessor::test_get_typed_field_int_success PASSED [ 50%]
tests/unit/models/core/test_model_typed_accessor.py::TestModelTypedAccessor::test_get_typed_field_int_default PASSED [ 50%]
tests/unit/models/core/test_model_typed_accessor.py::TestModelTypedAccessor::test_get_typed_field_float_success PASSED [ 50%]
tests/unit/models/core/test_model_typed_accessor.py::TestModelTypedAccessor::test_get_typed_field_bool_success PASSED [ 50%]
tests/unit/models/core/test_model_typed_accessor.py::TestModelTypedAccessor::test_get_typed_field_none_value PASSED [ 50%]
tests/unit/models/core/test_model_typed_accessor.py::TestModelTypedAccessor::test_set_typed_field_string_success PASSED [ 50%]
tests/unit/models/core/test_model_typed_accessor.py::TestModelTypedAccessor::test_set_typed_field_int_success PASSED [ 50%]
tests/unit/models/core/test_model_typed_accessor.py::TestModelTypedAccessor::test_set_typed_field_float_success PASSED [ 50%]
tests/unit/models/core/test_model_typed_accessor.py::TestModelTypedAccessor::test_set_typed_field_bool_success PASSED [ 50%]
tests/unit/models/core/test_model_typed_accessor.py::TestModelTypedAccessor::test_set_typed_field_type_mismatch PASSED [ 50%]
tests/unit/models/core/test_model_typed_accessor.py::TestModelTypedAccessor::test_set_typed_field_with_schema_value PASSED [ 50%]
tests/unit/models/core/test_model_typed_accessor.py::TestModelTypedAccessor::test_multiple_typed_fields PASSED [ 50%]
tests/unit/models/core/test_model_typed_accessor.py::TestModelTypedAccessor::test_overwrite_typed_field PASSED [ 50%]
tests/unit/models/core/test_model_typed_accessor.py::TestModelTypedAccessor::test_configure_protocol_method PASSED [ 50%]
tests/unit/models/core/test_model_typed_accessor.py::TestModelTypedAccessor::test_configure_with_exception FAILED [ 50%]
tests/unit/models/core/test_model_typed_accessor.py::TestModelTypedAccessor::test_serialize_protocol_method PASSED [ 50%]
tests/unit/models/core/test_model_typed_accessor.py::TestModelTypedAccessor::test_serialize_with_data PASSED [ 50%]
tests/unit/models/core/test_model_typed_accessor.py::TestModelTypedAccessor::test_serialize_excludes_private_attributes PASSED [ 50%]
tests/unit/models/core/test_model_typed_accessor.py::TestModelTypedAccessor::test_serialize_handles_non_serializable_types PASSED [ 50%]
tests/unit/models/core/test_model_typed_accessor.py::TestModelTypedAccessor::test_validate_instance_protocol_method PASSED [ 50%]
tests/unit/models/core/test_model_typed_accessor.py::TestModelTypedAccessor::test_validate_instance_with_data PASSED [ 50%]
tests/unit/models/core/test_model_typed_accessor.py::TestModelTypedAccessor::test_get_name_protocol_method PASSED [ 50%]
tests/unit/models/core/test_model_typed_accessor.py::TestModelTypedAccessor::test_set_name_protocol_method PASSED [ 50%]
tests/unit/models/core/test_model_typed_accessor.py::TestModelTypedAccessor::test_inheritance_from_field_accessor PASSED [ 50%]
tests/unit/models/core/test_model_typed_accessor.py::TestModelTypedAccessor::test_nested_path_access PASSED [ 50%]
tests/unit/models/core/test_model_typed_accessor.py::TestModelTypedAccessor::test_list_type_handling PASSED [ 50%]
tests/unit/models/core/test_model_typed_accessor.py::TestModelTypedAccessor::test_dict_type_handling PASSED [ 50%]
tests/unit/models/core/test_model_typed_accessor.py::TestModelTypedAccessor::test_edge_case_empty_string PASSED [ 50%]
tests/unit/models/core/test_model_typed_accessor.py::TestModelTypedAccessor::test_edge_case_zero_value PASSED [ 50%]
tests/unit/models/core/test_model_typed_accessor.py::TestModelTypedAccessor::test_edge_case_false_value PASSED [ 50%]
tests/unit/models/core/test_model_typed_accessor.py::TestModelTypedAccessor::test_type_parameter_in_serialize PASSED [ 50%]
tests/unit/models/core/test_model_typed_accessor.py::TestModelTypedAccessor::test_complex_scenario_mixed_types PASSED [ 50%]
tests/unit/models/core/test_model_typed_accessor.py::TestModelTypedAccessor::test_generic_type_constraints PASSED [ 50%]
tests/unit/models/core/test_model_uri.py::TestModelOnexUri::test_model_instantiation_valid_data FAILED [ 51%]
tests/unit/models/core/test_model_uri.py::TestModelOnexUri::test_model_instantiation_all_valid_types FAILED [ 51%]
tests/unit/models/core/test_model_uri.py::TestModelOnexUri::test_required_fields_validation PASSED [ 51%]
tests/unit/models/core/test_model_uri.py::TestModelOnexUri::test_type_literal_validation PASSED [ 51%]
tests/unit/models/core/test_model_uri.py::TestModelOnexUri::test_field_types_validation PASSED [ 51%]
tests/unit/models/core/test_model_uri.py::TestModelOnexUri::test_various_namespace_formats FAILED [ 51%]
tests/unit/models/core/test_model_uri.py::TestModelOnexUri::test_various_version_specs FAILED [ 51%]
tests/unit/models/core/test_model_uri.py::TestModelOnexUri::test_original_uri_formats FAILED [ 51%]
tests/unit/models/core/test_model_uri.py::TestModelOnexUri::test_real_world_uri_examples FAILED [ 51%]
tests/unit/models/core/test_model_uri.py::TestModelOnexUri::test_model_serialization FAILED [ 51%]
tests/unit/models/core/test_model_uri.py::TestModelOnexUri::test_model_deserialization FAILED [ 51%]
tests/unit/models/core/test_model_uri.py::TestModelOnexUri::test_model_json_serialization FAILED [ 51%]
tests/unit/models/core/test_model_uri.py::TestModelOnexUri::test_model_equality FAILED [ 51%]
tests/unit/models/core/test_model_uri.py::TestModelOnexUri::test_model_instantiation_explicit_typing FAILED [ 51%]
tests/unit/models/core/test_model_uri.py::TestModelOnexUriEdgeCases::test_empty_string_fields FAILED [ 51%]
tests/unit/models/core/test_model_uri.py::TestModelOnexUriEdgeCases::test_whitespace_handling FAILED [ 51%]
tests/unit/models/core/test_model_uri.py::TestModelOnexUriEdgeCases::test_unicode_characters FAILED [ 51%]
tests/unit/models/core/test_model_uri.py::TestModelOnexUriEdgeCases::test_very_long_strings FAILED [ 51%]
tests/unit/models/core/test_model_uri.py::TestModelOnexUriEdgeCases::test_special_characters_in_fields FAILED [ 51%]
tests/unit/models/core/test_model_uri.py::TestModelOnexUriEdgeCases::test_type_field_edge_cases FAILED [ 51%]
tests/unit/models/core/test_model_uri.py::TestModelOnexUriEdgeCases::test_none_values_not_allowed PASSED [ 51%]
tests/unit/models/core/test_model_uri.py::TestModelOnexUriEdgeCases::test_mixed_case_type_validation PASSED [ 51%]
tests/unit/models/core/test_model_uri.py::TestModelOnexUriEdgeCases::test_comprehensive_uri_scenarios FAILED [ 51%]
tests/unit/models/discovery/test_discovery_events.py::TestNodeIntrospectionEvent::test_create_basic_introspection_event FAILED [ 51%]
tests/unit/models/discovery/test_discovery_events.py::TestNodeIntrospectionEvent::test_factory_method_create_from_node_info FAILED [ 51%]
tests/unit/models/discovery/test_discovery_events.py::TestToolDiscoveryRequest::test_create_basic_discovery_request FAILED [ 51%]
tests/unit/models/discovery/test_discovery_events.py::TestToolDiscoveryRequest::test_factory_method_create_mcp_request FAILED [ 51%]
tests/unit/models/discovery/test_discovery_events.py::TestToolDiscoveryResponse::test_create_basic_discovery_response FAILED [ 51%]
tests/unit/models/discovery/test_discovery_events.py::TestToolDiscoveryResponse::test_factory_method_create_success_response FAILED [ 51%]
tests/unit/models/discovery/test_discovery_events.py::TestNodeHealthEvent::test_create_basic_health_event FAILED [ 51%]
tests/unit/models/discovery/test_discovery_events.py::TestNodeHealthEvent::test_factory_method_create_warning_report PASSED [ 51%]
tests/unit/models/discovery/test_discovery_events.py::TestNodeShutdownEvent::test_create_basic_shutdown_event FAILED [ 51%]
tests/unit/models/discovery/test_discovery_events.py::TestNodeShutdownEvent::test_factory_method_create_error_shutdown PASSED [ 51%]
tests/unit/models/discovery/test_discovery_events.py::test_all_events_have_correlation_id_support FAILED [ 51%]
tests/unit/models/discovery/test_request_response_introspection.py::TestRequestIntrospectionEvent::test_basic_request_creation PASSED [ 51%]
tests/unit/models/discovery/test_request_response_introspection.py::TestRequestIntrospectionEvent::test_factory_methods PASSED [ 51%]
tests/unit/models/discovery/test_request_response_introspection.py::TestRequestIntrospectionEvent::test_filters PASSED [ 51%]
tests/unit/models/discovery/test_request_response_introspection.py::TestIntrospectionResponseEvent::test_basic_response_creation PASSED [ 51%]
tests/unit/models/discovery/test_request_response_introspection.py::TestIntrospectionResponseEvent::test_factory_methods FAILED [ 51%]
tests/unit/models/discovery/test_request_response_introspection.py::TestIntrospectionResponseEvent::test_detailed_response_models PASSED [ 51%]
tests/unit/models/discovery/test_request_response_introspection.py::TestMixinRequestResponseIntrospection::test_setup_and_teardown
