============================= test session starts ==============================
platform darwin -- Python 3.12.11, pytest-8.4.1, pluggy-1.6.0 -- /Users/jonah/Library/Caches/pypoetry/virtualenvs/omnibase-core-Twd7t-Wn-py3.12/bin/python
cachedir: .pytest_cache
rootdir: /Volumes/PRO-G40/Code/omnibase_core/tests
configfile: pytest.ini
plugins: asyncio-0.25.3, anyio-4.10.0, cov-7.0.0
asyncio: mode=Mode.STRICT, asyncio_default_fixture_loop_scope=None
collecting ... collected 3077 items / 35 errors / 1 skipped

==================================== ERRORS ====================================
________ ERROR collecting performance/test_model_timeout_performance.py ________
ImportError while importing test module '/Volumes/PRO-G40/Code/omnibase_core/tests/performance/test_model_timeout_performance.py'.
Hint: make sure your test modules/packages have valid Python names.
Traceback:
/opt/homebrew/Cellar/python@3.12/3.12.11/Frameworks/Python.framework/Versions/3.12/lib/python3.12/importlib/__init__.py:90: in import_module
    return _bootstrap._gcd_import(name[level:], package, level)
           ^^^^^^^^^^^^^^^^^^^^^^^^^^^^^^^^^^^^^^^^^^^^^^^^^^^^
tests/performance/test_model_timeout_performance.py:15: in <module>
    from omnibase_core.models.infrastructure.model_timeout import ModelTimeout
src/omnibase_core/models/__init__.py:15: in <module>
    from . import (
src/omnibase_core/models/events/__init__.py:7: in <module>
    from omnibase_core.models.events.model_event_envelope import ModelEventEnvelope
src/omnibase_core/models/events/model_event_envelope.py:16: in <module>
    from omnibase_core.mixins.mixin_lazy_evaluation import MixinLazyEvaluation
src/omnibase_core/mixins/__init__.py:32: in <module>
    from omnibase_core.mixins.mixin_event_driven_node import MixinEventDrivenNode
src/omnibase_core/mixins/mixin_event_driven_node.py:49: in <module>
    from omnibase_core.mixins.mixin_introspection_publisher import (
src/omnibase_core/mixins/mixin_introspection_publisher.py:8: in <module>
    from omnibase_core.models.discovery.model_nodeintrospectionevent import (
src/omnibase_core/models/discovery/__init__.py:56: in <module>
    from .model_introspection_response_event import ModelIntrospectionResponseEvent
src/omnibase_core/models/discovery/model_introspection_response_event.py:14: in <module>
    from omnibase_core.models.discovery.model_node_introspection_event import (
src/omnibase_core/models/discovery/model_node_introspection_event.py:22: in <module>
    from .model_nodeintrospectionevent import ModelNodeIntrospectionEvent
src/omnibase_core/models/discovery/model_nodeintrospectionevent.py:9: in <module>
    from omnibase_core.models.nodes.model_node_capability import ModelNodeCapability
src/omnibase_core/models/nodes/__init__.py:8: in <module>
    from .model_function_node import ModelFunctionNode
src/omnibase_core/models/nodes/model_function_node.py:33: in <module>
    from .model_function_node_metadata import ModelFunctionNodeMetadata
src/omnibase_core/models/nodes/model_function_node_metadata.py:9: in <module>
    from .model_function_node_metadata_class import ModelFunctionNodeMetadata
src/omnibase_core/models/nodes/model_function_node_metadata_class.py:23: in <module>
    from .model_function_deprecation_info import (
E   ImportError: cannot import name 'ModelFunctionDeprecationInfo' from 'omnibase_core.models.nodes.model_function_deprecation_info' (/Volumes/PRO-G40/Code/omnibase_core/src/omnibase_core/models/nodes/model_function_deprecation_info.py)
______ ERROR collecting unit/container/test_container_service_resolver.py ______
ImportError while importing test module '/Volumes/PRO-G40/Code/omnibase_core/tests/unit/container/test_container_service_resolver.py'.
Hint: make sure your test modules/packages have valid Python names.
Traceback:
/opt/homebrew/Cellar/python@3.12/3.12.11/Frameworks/Python.framework/Versions/3.12/lib/python3.12/importlib/__init__.py:90: in import_module
    return _bootstrap._gcd_import(name[level:], package, level)
           ^^^^^^^^^^^^^^^^^^^^^^^^^^^^^^^^^^^^^^^^^^^^^^^^^^^^
tests/unit/container/test_container_service_resolver.py:17: in <module>
    from omnibase_core.container.container_service_resolver import (
src/omnibase_core/container/__init__.py:6: in <module>
    from omnibase_core.container.container_service_resolver import (
src/omnibase_core/container/container_service_resolver.py:21: in <module>
    from omnibase_core.models.container.model_onex_container import ModelONEXContainer
src/omnibase_core/models/__init__.py:15: in <module>
    from . import (
src/omnibase_core/models/events/__init__.py:7: in <module>
    from omnibase_core.models.events.model_event_envelope import ModelEventEnvelope
src/omnibase_core/models/events/model_event_envelope.py:16: in <module>
    from omnibase_core.mixins.mixin_lazy_evaluation import MixinLazyEvaluation
src/omnibase_core/mixins/__init__.py:32: in <module>
    from omnibase_core.mixins.mixin_event_driven_node import MixinEventDrivenNode
src/omnibase_core/mixins/mixin_event_driven_node.py:49: in <module>
    from omnibase_core.mixins.mixin_introspection_publisher import (
src/omnibase_core/mixins/mixin_introspection_publisher.py:8: in <module>
    from omnibase_core.models.discovery.model_nodeintrospectionevent import (
src/omnibase_core/models/discovery/__init__.py:56: in <module>
    from .model_introspection_response_event import ModelIntrospectionResponseEvent
src/omnibase_core/models/discovery/model_introspection_response_event.py:14: in <module>
    from omnibase_core.models.discovery.model_node_introspection_event import (
src/omnibase_core/models/discovery/model_node_introspection_event.py:22: in <module>
    from .model_nodeintrospectionevent import ModelNodeIntrospectionEvent
src/omnibase_core/models/discovery/model_nodeintrospectionevent.py:9: in <module>
    from omnibase_core.models.nodes.model_node_capability import ModelNodeCapability
src/omnibase_core/models/nodes/__init__.py:8: in <module>
    from .model_function_node import ModelFunctionNode
src/omnibase_core/models/nodes/model_function_node.py:33: in <module>
    from .model_function_node_metadata import ModelFunctionNodeMetadata
src/omnibase_core/models/nodes/model_function_node_metadata.py:9: in <module>
    from .model_function_node_metadata_class import ModelFunctionNodeMetadata
src/omnibase_core/models/nodes/model_function_node_metadata_class.py:23: in <module>
    from .model_function_deprecation_info import (
E   ImportError: cannot import name 'ModelFunctionDeprecationInfo' from 'omnibase_core.models.nodes.model_function_deprecation_info' (/Volumes/PRO-G40/Code/omnibase_core/src/omnibase_core/models/nodes/model_function_deprecation_info.py)
___________ ERROR collecting unit/core/test_model_base_collection.py ___________
ImportError while importing test module '/Volumes/PRO-G40/Code/omnibase_core/tests/unit/core/test_model_base_collection.py'.
Hint: make sure your test modules/packages have valid Python names.
Traceback:
/opt/homebrew/Cellar/python@3.12/3.12.11/Frameworks/Python.framework/Versions/3.12/lib/python3.12/importlib/__init__.py:90: in import_module
    return _bootstrap._gcd_import(name[level:], package, level)
           ^^^^^^^^^^^^^^^^^^^^^^^^^^^^^^^^^^^^^^^^^^^^^^^^^^^^
tests/unit/core/test_model_base_collection.py:13: in <module>
    from omnibase_core.models.base.model_collection import ModelBaseCollection
src/omnibase_core/models/__init__.py:15: in <module>
    from . import (
src/omnibase_core/models/events/__init__.py:7: in <module>
    from omnibase_core.models.events.model_event_envelope import ModelEventEnvelope
src/omnibase_core/models/events/model_event_envelope.py:16: in <module>
    from omnibase_core.mixins.mixin_lazy_evaluation import MixinLazyEvaluation
src/omnibase_core/mixins/__init__.py:32: in <module>
    from omnibase_core.mixins.mixin_event_driven_node import MixinEventDrivenNode
src/omnibase_core/mixins/mixin_event_driven_node.py:49: in <module>
    from omnibase_core.mixins.mixin_introspection_publisher import (
src/omnibase_core/mixins/mixin_introspection_publisher.py:8: in <module>
    from omnibase_core.models.discovery.model_nodeintrospectionevent import (
src/omnibase_core/models/discovery/__init__.py:56: in <module>
    from .model_introspection_response_event import ModelIntrospectionResponseEvent
src/omnibase_core/models/discovery/model_introspection_response_event.py:14: in <module>
    from omnibase_core.models.discovery.model_node_introspection_event import (
src/omnibase_core/models/discovery/model_node_introspection_event.py:22: in <module>
    from .model_nodeintrospectionevent import ModelNodeIntrospectionEvent
src/omnibase_core/models/discovery/model_nodeintrospectionevent.py:9: in <module>
    from omnibase_core.models.nodes.model_node_capability import ModelNodeCapability
src/omnibase_core/models/nodes/__init__.py:8: in <module>
    from .model_function_node import ModelFunctionNode
src/omnibase_core/models/nodes/model_function_node.py:33: in <module>
    from .model_function_node_metadata import ModelFunctionNodeMetadata
src/omnibase_core/models/nodes/model_function_node_metadata.py:9: in <module>
    from .model_function_node_metadata_class import ModelFunctionNodeMetadata
src/omnibase_core/models/nodes/model_function_node_metadata_class.py:23: in <module>
    from .model_function_deprecation_info import (
E   ImportError: cannot import name 'ModelFunctionDeprecationInfo' from 'omnibase_core.models.nodes.model_function_deprecation_info' (/Volumes/PRO-G40/Code/omnibase_core/src/omnibase_core/models/nodes/model_function_deprecation_info.py)
____________ ERROR collecting unit/core/test_model_base_factory.py _____________
ImportError while importing test module '/Volumes/PRO-G40/Code/omnibase_core/tests/unit/core/test_model_base_factory.py'.
Hint: make sure your test modules/packages have valid Python names.
Traceback:
/opt/homebrew/Cellar/python@3.12/3.12.11/Frameworks/Python.framework/Versions/3.12/lib/python3.12/importlib/__init__.py:90: in import_module
    return _bootstrap._gcd_import(name[level:], package, level)
           ^^^^^^^^^^^^^^^^^^^^^^^^^^^^^^^^^^^^^^^^^^^^^^^^^^^^
tests/unit/core/test_model_base_factory.py:11: in <module>
    from omnibase_core.models.base.model_factory import ModelBaseFactory
src/omnibase_core/models/__init__.py:15: in <module>
    from . import (
src/omnibase_core/models/events/__init__.py:7: in <module>
    from omnibase_core.models.events.model_event_envelope import ModelEventEnvelope
src/omnibase_core/models/events/model_event_envelope.py:16: in <module>
    from omnibase_core.mixins.mixin_lazy_evaluation import MixinLazyEvaluation
src/omnibase_core/mixins/__init__.py:32: in <module>
    from omnibase_core.mixins.mixin_event_driven_node import MixinEventDrivenNode
src/omnibase_core/mixins/mixin_event_driven_node.py:49: in <module>
    from omnibase_core.mixins.mixin_introspection_publisher import (
src/omnibase_core/mixins/mixin_introspection_publisher.py:8: in <module>
    from omnibase_core.models.discovery.model_nodeintrospectionevent import (
src/omnibase_core/models/discovery/__init__.py:56: in <module>
    from .model_introspection_response_event import ModelIntrospectionResponseEvent
src/omnibase_core/models/discovery/model_introspection_response_event.py:14: in <module>
    from omnibase_core.models.discovery.model_node_introspection_event import (
src/omnibase_core/models/discovery/model_node_introspection_event.py:22: in <module>
    from .model_nodeintrospectionevent import ModelNodeIntrospectionEvent
src/omnibase_core/models/discovery/model_nodeintrospectionevent.py:9: in <module>
    from omnibase_core.models.nodes.model_node_capability import ModelNodeCapability
src/omnibase_core/models/nodes/__init__.py:8: in <module>
    from .model_function_node import ModelFunctionNode
src/omnibase_core/models/nodes/model_function_node.py:33: in <module>
    from .model_function_node_metadata import ModelFunctionNodeMetadata
src/omnibase_core/models/nodes/model_function_node_metadata.py:9: in <module>
    from .model_function_node_metadata_class import ModelFunctionNodeMetadata
src/omnibase_core/models/nodes/model_function_node_metadata_class.py:23: in <module>
    from .model_function_deprecation_info import (
E   ImportError: cannot import name 'ModelFunctionDeprecationInfo' from 'omnibase_core.models.nodes.model_function_deprecation_info' (/Volumes/PRO-G40/Code/omnibase_core/src/omnibase_core/models/nodes/model_function_deprecation_info.py)
___________ ERROR collecting unit/core/test_model_base_processor.py ____________
ImportError while importing test module '/Volumes/PRO-G40/Code/omnibase_core/tests/unit/core/test_model_base_processor.py'.
Hint: make sure your test modules/packages have valid Python names.
Traceback:
/opt/homebrew/Cellar/python@3.12/3.12.11/Frameworks/Python.framework/Versions/3.12/lib/python3.12/importlib/__init__.py:90: in import_module
    return _bootstrap._gcd_import(name[level:], package, level)
           ^^^^^^^^^^^^^^^^^^^^^^^^^^^^^^^^^^^^^^^^^^^^^^^^^^^^
tests/unit/core/test_model_base_processor.py:11: in <module>
    from omnibase_core.models.base.model_processor import ModelServiceBaseProcessor
src/omnibase_core/models/__init__.py:15: in <module>
    from . import (
src/omnibase_core/models/events/__init__.py:7: in <module>
    from omnibase_core.models.events.model_event_envelope import ModelEventEnvelope
src/omnibase_core/models/events/model_event_envelope.py:16: in <module>
    from omnibase_core.mixins.mixin_lazy_evaluation import MixinLazyEvaluation
src/omnibase_core/mixins/__init__.py:32: in <module>
    from omnibase_core.mixins.mixin_event_driven_node import MixinEventDrivenNode
src/omnibase_core/mixins/mixin_event_driven_node.py:49: in <module>
    from omnibase_core.mixins.mixin_introspection_publisher import (
src/omnibase_core/mixins/mixin_introspection_publisher.py:8: in <module>
    from omnibase_core.models.discovery.model_nodeintrospectionevent import (
src/omnibase_core/models/discovery/__init__.py:56: in <module>
    from .model_introspection_response_event import ModelIntrospectionResponseEvent
src/omnibase_core/models/discovery/model_introspection_response_event.py:14: in <module>
    from omnibase_core.models.discovery.model_node_introspection_event import (
src/omnibase_core/models/discovery/model_node_introspection_event.py:22: in <module>
    from .model_nodeintrospectionevent import ModelNodeIntrospectionEvent
src/omnibase_core/models/discovery/model_nodeintrospectionevent.py:9: in <module>
    from omnibase_core.models.nodes.model_node_capability import ModelNodeCapability
src/omnibase_core/models/nodes/__init__.py:8: in <module>
    from .model_function_node import ModelFunctionNode
src/omnibase_core/models/nodes/model_function_node.py:33: in <module>
    from .model_function_node_metadata import ModelFunctionNodeMetadata
src/omnibase_core/models/nodes/model_function_node_metadata.py:9: in <module>
    from .model_function_node_metadata_class import ModelFunctionNodeMetadata
src/omnibase_core/models/nodes/model_function_node_metadata_class.py:23: in <module>
    from .model_function_deprecation_info import (
E   ImportError: cannot import name 'ModelFunctionDeprecationInfo' from 'omnibase_core.models.nodes.model_function_deprecation_info' (/Volumes/PRO-G40/Code/omnibase_core/src/omnibase_core/models/nodes/model_function_deprecation_info.py)
_____________ ERROR collecting unit/core/test_type_constraints.py ______________
tests/unit/core/test_type_constraints.py:11: in <module>
    from omnibase_core.types.constraints import (
src/omnibase_core/types/constraints.py:159: in __getattr__
    globals()["ModelBaseCollection"] = ModelBaseCollection
                                       ^^^^^^^^^^^^^^^^^^^
E   NameError: name 'ModelBaseCollection' is not defined
_________ ERROR collecting unit/enums/test_unified_status_hierarchy.py _________
ImportError while importing test module '/Volumes/PRO-G40/Code/omnibase_core/tests/unit/enums/test_unified_status_hierarchy.py'.
Hint: make sure your test modules/packages have valid Python names.
Traceback:
/opt/homebrew/Cellar/python@3.12/3.12.11/Frameworks/Python.framework/Versions/3.12/lib/python3.12/importlib/__init__.py:90: in import_module
    return _bootstrap._gcd_import(name[level:], package, level)
           ^^^^^^^^^^^^^^^^^^^^^^^^^^^^^^^^^^^^^^^^^^^^^^^^^^^^
tests/unit/enums/test_unified_status_hierarchy.py:21: in <module>
    from omnibase_core.enums.enum_status_migration import (
src/omnibase_core/enums/enum_status_migration.py:21: in <module>
    from omnibase_core.models.core.model_status_migrator import (
src/omnibase_core/models/core/model_status_migrator.py:6: in <module>
    from omnibase_core.enums.enum_status_migration import EnumStatusMigrator
E   ImportError: cannot import name 'EnumStatusMigrator' from partially initialized module 'omnibase_core.enums.enum_status_migration' (most likely due to a circular import) (/Volumes/PRO-G40/Code/omnibase_core/src/omnibase_core/enums/enum_status_migration.py)
_______________ ERROR collecting unit/errors/test_error_codes.py _______________
ImportError while importing test module '/Volumes/PRO-G40/Code/omnibase_core/tests/unit/errors/test_error_codes.py'.
Hint: make sure your test modules/packages have valid Python names.
Traceback:
/opt/homebrew/Cellar/python@3.12/3.12.11/Frameworks/Python.framework/Versions/3.12/lib/python3.12/importlib/__init__.py:90: in import_module
    return _bootstrap._gcd_import(name[level:], package, level)
           ^^^^^^^^^^^^^^^^^^^^^^^^^^^^^^^^^^^^^^^^^^^^^^^^^^^^
tests/unit/errors/test_error_codes.py:23: in <module>
    from omnibase_core.errors.error_codes import (
E   ImportError: cannot import name 'ModelCoreErrorCode' from 'omnibase_core.errors.error_codes' (/Volumes/PRO-G40/Code/omnibase_core/src/omnibase_core/errors/error_codes.py)
_____________ ERROR collecting unit/exceptions/test_onex_error.py ______________
ImportError while importing test module '/Volumes/PRO-G40/Code/omnibase_core/tests/unit/exceptions/test_onex_error.py'.
Hint: make sure your test modules/packages have valid Python names.
Traceback:
/opt/homebrew/Cellar/python@3.12/3.12.11/Frameworks/Python.framework/Versions/3.12/lib/python3.12/importlib/__init__.py:90: in import_module
    return _bootstrap._gcd_import(name[level:], package, level)
           ^^^^^^^^^^^^^^^^^^^^^^^^^^^^^^^^^^^^^^^^^^^^^^^^^^^^
tests/unit/exceptions/test_onex_error.py:17: in <module>
    from omnibase_core.types.core_types import BasicErrorContext
E   ImportError: cannot import name 'BasicErrorContext' from 'omnibase_core.types.core_types' (/Volumes/PRO-G40/Code/omnibase_core/src/omnibase_core/types/core_types.py)
__________________ ERROR collecting unit/logging/test_emit.py __________________
ImportError while importing test module '/Volumes/PRO-G40/Code/omnibase_core/tests/unit/logging/test_emit.py'.
Hint: make sure your test modules/packages have valid Python names.
Traceback:
/opt/homebrew/Cellar/python@3.12/3.12.11/Frameworks/Python.framework/Versions/3.12/lib/python3.12/importlib/__init__.py:90: in import_module
    return _bootstrap._gcd_import(name[level:], package, level)
           ^^^^^^^^^^^^^^^^^^^^^^^^^^^^^^^^^^^^^^^^^^^^^^^^^^^^
tests/unit/logging/test_emit.py:34: in <module>
    from omnibase_core.models.core.model_log_context import LogModelContext
E   ImportError: cannot import name 'LogModelContext' from 'omnibase_core.models.core.model_log_context' (/Volumes/PRO-G40/Code/omnibase_core/src/omnibase_core/models/core/model_log_context.py)
______ ERROR collecting unit/models/core/test_model_custom_properties.py _______
ImportError while importing test module '/Volumes/PRO-G40/Code/omnibase_core/tests/unit/models/core/test_model_custom_properties.py'.
Hint: make sure your test modules/packages have valid Python names.
Traceback:
/opt/homebrew/Cellar/python@3.12/3.12.11/Frameworks/Python.framework/Versions/3.12/lib/python3.12/importlib/__init__.py:90: in import_module
    return _bootstrap._gcd_import(name[level:], package, level)
           ^^^^^^^^^^^^^^^^^^^^^^^^^^^^^^^^^^^^^^^^^^^^^^^^^^^^
tests/unit/models/core/test_model_custom_properties.py:9: in <module>
    from omnibase_core.errors import OnexError
E   ImportError: cannot import name 'OnexError' from 'omnibase_core.errors' (/Volumes/PRO-G40/Code/omnibase_core/src/omnibase_core/errors/__init__.py)
__________ ERROR collecting unit/models/core/test_model_node_type.py ___________
ImportError while importing test module '/Volumes/PRO-G40/Code/omnibase_core/tests/unit/models/core/test_model_node_type.py'.
Hint: make sure your test modules/packages have valid Python names.
Traceback:
/opt/homebrew/Cellar/python@3.12/3.12.11/Frameworks/Python.framework/Versions/3.12/lib/python3.12/importlib/__init__.py:90: in import_module
    return _bootstrap._gcd_import(name[level:], package, level)
           ^^^^^^^^^^^^^^^^^^^^^^^^^^^^^^^^^^^^^^^^^^^^^^^^^^^^
tests/unit/models/core/test_model_node_type.py:21: in <module>
    from omnibase_core.models.nodes import ModelNodeType
src/omnibase_core/models/__init__.py:15: in <module>
    from . import (
src/omnibase_core/models/events/__init__.py:7: in <module>
    from omnibase_core.models.events.model_event_envelope import ModelEventEnvelope
src/omnibase_core/models/events/model_event_envelope.py:16: in <module>
    from omnibase_core.mixins.mixin_lazy_evaluation import MixinLazyEvaluation
src/omnibase_core/mixins/__init__.py:32: in <module>
    from omnibase_core.mixins.mixin_event_driven_node import MixinEventDrivenNode
src/omnibase_core/mixins/mixin_event_driven_node.py:49: in <module>
    from omnibase_core.mixins.mixin_introspection_publisher import (
src/omnibase_core/mixins/mixin_introspection_publisher.py:8: in <module>
    from omnibase_core.models.discovery.model_nodeintrospectionevent import (
src/omnibase_core/models/discovery/__init__.py:56: in <module>
    from .model_introspection_response_event import ModelIntrospectionResponseEvent
src/omnibase_core/models/discovery/model_introspection_response_event.py:14: in <module>
    from omnibase_core.models.discovery.model_node_introspection_event import (
src/omnibase_core/models/discovery/model_node_introspection_event.py:22: in <module>
    from .model_nodeintrospectionevent import ModelNodeIntrospectionEvent
src/omnibase_core/models/discovery/model_nodeintrospectionevent.py:9: in <module>
    from omnibase_core.models.nodes.model_node_capability import ModelNodeCapability
src/omnibase_core/models/nodes/__init__.py:8: in <module>
    from .model_function_node import ModelFunctionNode
src/omnibase_core/models/nodes/model_function_node.py:33: in <module>
    from .model_function_node_metadata import ModelFunctionNodeMetadata
src/omnibase_core/models/nodes/model_function_node_metadata.py:9: in <module>
    from .model_function_node_metadata_class import ModelFunctionNodeMetadata
src/omnibase_core/models/nodes/model_function_node_metadata_class.py:23: in <module>
    from .model_function_deprecation_info import (
E   ImportError: cannot import name 'ModelFunctionDeprecationInfo' from 'omnibase_core.models.nodes.model_function_deprecation_info' (/Volumes/PRO-G40/Code/omnibase_core/src/omnibase_core/models/nodes/model_function_deprecation_info.py)
_______ ERROR collecting unit/models/discovery/test_discovery_events.py ________
ImportError while importing test module '/Volumes/PRO-G40/Code/omnibase_core/tests/unit/models/discovery/test_discovery_events.py'.
Hint: make sure your test modules/packages have valid Python names.
Traceback:
/opt/homebrew/Cellar/python@3.12/3.12.11/Frameworks/Python.framework/Versions/3.12/lib/python3.12/importlib/__init__.py:90: in import_module
    return _bootstrap._gcd_import(name[level:], package, level)
           ^^^^^^^^^^^^^^^^^^^^^^^^^^^^^^^^^^^^^^^^^^^^^^^^^^^^
tests/unit/models/discovery/test_discovery_events.py:8: in <module>
    from omnibase_core.models.discovery import (
src/omnibase_core/models/__init__.py:15: in <module>
    from . import (
src/omnibase_core/models/events/__init__.py:7: in <module>
    from omnibase_core.models.events.model_event_envelope import ModelEventEnvelope
src/omnibase_core/models/events/model_event_envelope.py:16: in <module>
    from omnibase_core.mixins.mixin_lazy_evaluation import MixinLazyEvaluation
src/omnibase_core/mixins/__init__.py:32: in <module>
    from omnibase_core.mixins.mixin_event_driven_node import MixinEventDrivenNode
src/omnibase_core/mixins/mixin_event_driven_node.py:49: in <module>
    from omnibase_core.mixins.mixin_introspection_publisher import (
src/omnibase_core/mixins/mixin_introspection_publisher.py:8: in <module>
    from omnibase_core.models.discovery.model_nodeintrospectionevent import (
src/omnibase_core/models/discovery/__init__.py:56: in <module>
    from .model_introspection_response_event import ModelIntrospectionResponseEvent
src/omnibase_core/models/discovery/model_introspection_response_event.py:14: in <module>
    from omnibase_core.models.discovery.model_node_introspection_event import (
src/omnibase_core/models/discovery/model_node_introspection_event.py:22: in <module>
    from .model_nodeintrospectionevent import ModelNodeIntrospectionEvent
src/omnibase_core/models/discovery/model_nodeintrospectionevent.py:9: in <module>
    from omnibase_core.models.nodes.model_node_capability import ModelNodeCapability
src/omnibase_core/models/nodes/__init__.py:8: in <module>
    from .model_function_node import ModelFunctionNode
src/omnibase_core/models/nodes/model_function_node.py:33: in <module>
    from .model_function_node_metadata import ModelFunctionNodeMetadata
src/omnibase_core/models/nodes/model_function_node_metadata.py:9: in <module>
    from .model_function_node_metadata_class import ModelFunctionNodeMetadata
src/omnibase_core/models/nodes/model_function_node_metadata_class.py:23: in <module>
    from .model_function_deprecation_info import (
E   ImportError: cannot import name 'ModelFunctionDeprecationInfo' from 'omnibase_core.models.nodes.model_function_deprecation_info' (/Volumes/PRO-G40/Code/omnibase_core/src/omnibase_core/models/nodes/model_function_deprecation_info.py)
_ ERROR collecting unit/models/discovery/test_request_response_introspection.py _
ImportError while importing test module '/Volumes/PRO-G40/Code/omnibase_core/tests/unit/models/discovery/test_request_response_introspection.py'.
Hint: make sure your test modules/packages have valid Python names.
Traceback:
/opt/homebrew/Cellar/python@3.12/3.12.11/Frameworks/Python.framework/Versions/3.12/lib/python3.12/importlib/__init__.py:90: in import_module
    return _bootstrap._gcd_import(name[level:], package, level)
           ^^^^^^^^^^^^^^^^^^^^^^^^^^^^^^^^^^^^^^^^^^^^^^^^^^^^
tests/unit/models/discovery/test_request_response_introspection.py:13: in <module>
    from omnibase_core.mixins.mixin_request_response_introspection import (
src/omnibase_core/mixins/__init__.py:32: in <module>
    from omnibase_core.mixins.mixin_event_driven_node import MixinEventDrivenNode
src/omnibase_core/mixins/mixin_event_driven_node.py:49: in <module>
    from omnibase_core.mixins.mixin_introspection_publisher import (
src/omnibase_core/mixins/mixin_introspection_publisher.py:8: in <module>
    from omnibase_core.models.discovery.model_nodeintrospectionevent import (
src/omnibase_core/models/__init__.py:15: in <module>
    from . import (
src/omnibase_core/models/nodes/__init__.py:8: in <module>
    from .model_function_node import ModelFunctionNode
src/omnibase_core/models/nodes/model_function_node.py:33: in <module>
    from .model_function_node_metadata import ModelFunctionNodeMetadata
src/omnibase_core/models/nodes/model_function_node_metadata.py:9: in <module>
    from .model_function_node_metadata_class import ModelFunctionNodeMetadata
src/omnibase_core/models/nodes/model_function_node_metadata_class.py:23: in <module>
    from .model_function_deprecation_info import (
E   ImportError: cannot import name 'ModelFunctionDeprecationInfo' from 'omnibase_core.models.nodes.model_function_deprecation_info' (/Volumes/PRO-G40/Code/omnibase_core/src/omnibase_core/models/nodes/model_function_deprecation_info.py)
___ ERROR collecting unit/models/discovery/test_unified_discovery_system.py ____
ImportError while importing test module '/Volumes/PRO-G40/Code/omnibase_core/tests/unit/models/discovery/test_unified_discovery_system.py'.
Hint: make sure your test modules/packages have valid Python names.
Traceback:
/opt/homebrew/Cellar/python@3.12/3.12.11/Frameworks/Python.framework/Versions/3.12/lib/python3.12/importlib/__init__.py:90: in import_module
    return _bootstrap._gcd_import(name[level:], package, level)
           ^^^^^^^^^^^^^^^^^^^^^^^^^^^^^^^^^^^^^^^^^^^^^^^^^^^^
tests/unit/models/discovery/test_unified_discovery_system.py:16: in <module>
    from omnibase_core.models.core.model_onex_event import OnexEventTypeEnum
E   ImportError: cannot import name 'OnexEventTypeEnum' from 'omnibase_core.models.core.model_onex_event' (/Volumes/PRO-G40/Code/omnibase_core/src/omnibase_core/models/core/model_onex_event.py)
___________ ERROR collecting unit/models/fsm/test_model_fsm_data.py ____________
ImportError while importing test module '/Volumes/PRO-G40/Code/omnibase_core/tests/unit/models/fsm/test_model_fsm_data.py'.
Hint: make sure your test modules/packages have valid Python names.
Traceback:
/opt/homebrew/Cellar/python@3.12/3.12.11/Frameworks/Python.framework/Versions/3.12/lib/python3.12/importlib/__init__.py:90: in import_module
    return _bootstrap._gcd_import(name[level:], package, level)
           ^^^^^^^^^^^^^^^^^^^^^^^^^^^^^^^^^^^^^^^^^^^^^^^^^^^^
tests/unit/models/fsm/test_model_fsm_data.py:16: in <module>
    from omnibase_core.models.fsm.model_fsm_data import ModelFsmData
src/omnibase_core/models/__init__.py:15: in <module>
    from . import (
src/omnibase_core/models/nodes/__init__.py:8: in <module>
    from .model_function_node import ModelFunctionNode
src/omnibase_core/models/nodes/model_function_node.py:33: in <module>
    from .model_function_node_metadata import ModelFunctionNodeMetadata
src/omnibase_core/models/nodes/model_function_node_metadata.py:9: in <module>
    from .model_function_node_metadata_class import ModelFunctionNodeMetadata
src/omnibase_core/models/nodes/model_function_node_metadata_class.py:23: in <module>
    from .model_function_deprecation_info import (
E   ImportError: cannot import name 'ModelFunctionDeprecationInfo' from 'omnibase_core.models.nodes.model_function_deprecation_info' (/Volumes/PRO-G40/Code/omnibase_core/src/omnibase_core/models/nodes/model_function_deprecation_info.py)
___________ ERROR collecting unit/models/fsm/test_model_fsm_state.py ___________
ImportError while importing test module '/Volumes/PRO-G40/Code/omnibase_core/tests/unit/models/fsm/test_model_fsm_state.py'.
Hint: make sure your test modules/packages have valid Python names.
Traceback:
/opt/homebrew/Cellar/python@3.12/3.12.11/Frameworks/Python.framework/Versions/3.12/lib/python3.12/importlib/__init__.py:90: in import_module
    return _bootstrap._gcd_import(name[level:], package, level)
           ^^^^^^^^^^^^^^^^^^^^^^^^^^^^^^^^^^^^^^^^^^^^^^^^^^^^
tests/unit/models/fsm/test_model_fsm_state.py:16: in <module>
    from omnibase_core.models.fsm.model_fsm_state import ModelFsmState
src/omnibase_core/models/__init__.py:15: in <module>
    from . import (
src/omnibase_core/models/nodes/__init__.py:8: in <module>
    from .model_function_node import ModelFunctionNode
src/omnibase_core/models/nodes/model_function_node.py:33: in <module>
    from .model_function_node_metadata import ModelFunctionNodeMetadata
src/omnibase_core/models/nodes/model_function_node_metadata.py:9: in <module>
    from .model_function_node_metadata_class import ModelFunctionNodeMetadata
src/omnibase_core/models/nodes/model_function_node_metadata_class.py:23: in <module>
    from .model_function_deprecation_info import (
E   ImportError: cannot import name 'ModelFunctionDeprecationInfo' from 'omnibase_core.models.nodes.model_function_deprecation_info' (/Volumes/PRO-G40/Code/omnibase_core/src/omnibase_core/models/nodes/model_function_deprecation_info.py)
________ ERROR collecting unit/models/fsm/test_model_fsm_transition.py _________
ImportError while importing test module '/Volumes/PRO-G40/Code/omnibase_core/tests/unit/models/fsm/test_model_fsm_transition.py'.
Hint: make sure your test modules/packages have valid Python names.
Traceback:
/opt/homebrew/Cellar/python@3.12/3.12.11/Frameworks/Python.framework/Versions/3.12/lib/python3.12/importlib/__init__.py:90: in import_module
    return _bootstrap._gcd_import(name[level:], package, level)
           ^^^^^^^^^^^^^^^^^^^^^^^^^^^^^^^^^^^^^^^^^^^^^^^^^^^^
tests/unit/models/fsm/test_model_fsm_transition.py:15: in <module>
    from omnibase_core.models.fsm.model_fsm_transition import ModelFsmTransition
src/omnibase_core/models/__init__.py:15: in <module>
    from . import (
src/omnibase_core/models/nodes/__init__.py:8: in <module>
    from .model_function_node import ModelFunctionNode
src/omnibase_core/models/nodes/model_function_node.py:33: in <module>
    from .model_function_node_metadata import ModelFunctionNodeMetadata
src/omnibase_core/models/nodes/model_function_node_metadata.py:9: in <module>
    from .model_function_node_metadata_class import ModelFunctionNodeMetadata
src/omnibase_core/models/nodes/model_function_node_metadata_class.py:23: in <module>
    from .model_function_deprecation_info import (
E   ImportError: cannot import name 'ModelFunctionDeprecationInfo' from 'omnibase_core.models.nodes.model_function_deprecation_info' (/Volumes/PRO-G40/Code/omnibase_core/src/omnibase_core/models/nodes/model_function_deprecation_info.py)
________ ERROR collecting unit/models/nodes/test_model_function_node.py ________
ImportError while importing test module '/Volumes/PRO-G40/Code/omnibase_core/tests/unit/models/nodes/test_model_function_node.py'.
Hint: make sure your test modules/packages have valid Python names.
Traceback:
/opt/homebrew/Cellar/python@3.12/3.12.11/Frameworks/Python.framework/Versions/3.12/lib/python3.12/importlib/__init__.py:90: in import_module
    return _bootstrap._gcd_import(name[level:], package, level)
           ^^^^^^^^^^^^^^^^^^^^^^^^^^^^^^^^^^^^^^^^^^^^^^^^^^^^
tests/unit/models/nodes/test_model_function_node.py:22: in <module>
    from omnibase_core.models.nodes.model_function_node import ModelFunctionNode
src/omnibase_core/models/__init__.py:15: in <module>
    from . import (
src/omnibase_core/models/nodes/__init__.py:8: in <module>
    from .model_function_node import ModelFunctionNode
src/omnibase_core/models/nodes/model_function_node.py:33: in <module>
    from .model_function_node_metadata import ModelFunctionNodeMetadata
src/omnibase_core/models/nodes/model_function_node_metadata.py:9: in <module>
    from .model_function_node_metadata_class import ModelFunctionNodeMetadata
src/omnibase_core/models/nodes/model_function_node_metadata_class.py:23: in <module>
    from .model_function_deprecation_info import (
E   ImportError: cannot import name 'ModelFunctionDeprecationInfo' from 'omnibase_core.models.nodes.model_function_deprecation_info' (/Volumes/PRO-G40/Code/omnibase_core/src/omnibase_core/models/nodes/model_function_deprecation_info.py)
___ ERROR collecting unit/models/nodes/test_model_function_relationships.py ____
ImportError while importing test module '/Volumes/PRO-G40/Code/omnibase_core/tests/unit/models/nodes/test_model_function_relationships.py'.
Hint: make sure your test modules/packages have valid Python names.
Traceback:
/opt/homebrew/Cellar/python@3.12/3.12.11/Frameworks/Python.framework/Versions/3.12/lib/python3.12/importlib/__init__.py:90: in import_module
    return _bootstrap._gcd_import(name[level:], package, level)
           ^^^^^^^^^^^^^^^^^^^^^^^^^^^^^^^^^^^^^^^^^^^^^^^^^^^^
tests/unit/models/nodes/test_model_function_relationships.py:18: in <module>
    from omnibase_core.models.nodes.model_function_relationships import (
src/omnibase_core/models/__init__.py:15: in <module>
    from . import (
src/omnibase_core/models/nodes/__init__.py:8: in <module>
    from .model_function_node import ModelFunctionNode
src/omnibase_core/models/nodes/model_function_node.py:33: in <module>
    from .model_function_node_metadata import ModelFunctionNodeMetadata
src/omnibase_core/models/nodes/model_function_node_metadata.py:9: in <module>
    from .model_function_node_metadata_class import ModelFunctionNodeMetadata
src/omnibase_core/models/nodes/model_function_node_metadata_class.py:23: in <module>
    from .model_function_deprecation_info import (
E   ImportError: cannot import name 'ModelFunctionDeprecationInfo' from 'omnibase_core.models.nodes.model_function_deprecation_info' (/Volumes/PRO-G40/Code/omnibase_core/src/omnibase_core/models/nodes/model_function_deprecation_info.py)
___ ERROR collecting unit/models/nodes/test_model_node_capabilities_info.py ____
ImportError while importing test module '/Volumes/PRO-G40/Code/omnibase_core/tests/unit/models/nodes/test_model_node_capabilities_info.py'.
Hint: make sure your test modules/packages have valid Python names.
Traceback:
/opt/homebrew/Cellar/python@3.12/3.12.11/Frameworks/Python.framework/Versions/3.12/lib/python3.12/importlib/__init__.py:90: in import_module
    return _bootstrap._gcd_import(name[level:], package, level)
           ^^^^^^^^^^^^^^^^^^^^^^^^^^^^^^^^^^^^^^^^^^^^^^^^^^^^
tests/unit/models/nodes/test_model_node_capabilities_info.py:17: in <module>
    from omnibase_core.models.nodes.model_node_capabilities_info import (
src/omnibase_core/models/__init__.py:15: in <module>
    from . import (
src/omnibase_core/models/nodes/__init__.py:8: in <module>
    from .model_function_node import ModelFunctionNode
src/omnibase_core/models/nodes/model_function_node.py:33: in <module>
    from .model_function_node_metadata import ModelFunctionNodeMetadata
src/omnibase_core/models/nodes/model_function_node_metadata.py:9: in <module>
    from .model_function_node_metadata_class import ModelFunctionNodeMetadata
src/omnibase_core/models/nodes/model_function_node_metadata_class.py:23: in <module>
    from .model_function_deprecation_info import (
E   ImportError: cannot import name 'ModelFunctionDeprecationInfo' from 'omnibase_core.models.nodes.model_function_deprecation_info' (/Volumes/PRO-G40/Code/omnibase_core/src/omnibase_core/models/nodes/model_function_deprecation_info.py)
_____ ERROR collecting unit/models/nodes/test_model_node_configuration.py ______
ImportError while importing test module '/Volumes/PRO-G40/Code/omnibase_core/tests/unit/models/nodes/test_model_node_configuration.py'.
Hint: make sure your test modules/packages have valid Python names.
Traceback:
/opt/homebrew/Cellar/python@3.12/3.12.11/Frameworks/Python.framework/Versions/3.12/lib/python3.12/importlib/__init__.py:90: in import_module
    return _bootstrap._gcd_import(name[level:], package, level)
           ^^^^^^^^^^^^^^^^^^^^^^^^^^^^^^^^^^^^^^^^^^^^^^^^^^^^
tests/unit/models/nodes/test_model_node_configuration.py:16: in <module>
    from omnibase_core.models.nodes.model_node_configuration import ModelNodeConfiguration
src/omnibase_core/models/__init__.py:15: in <module>
    from . import (
src/omnibase_core/models/nodes/__init__.py:8: in <module>
    from .model_function_node import ModelFunctionNode
src/omnibase_core/models/nodes/model_function_node.py:33: in <module>
    from .model_function_node_metadata import ModelFunctionNodeMetadata
src/omnibase_core/models/nodes/model_function_node_metadata.py:9: in <module>
    from .model_function_node_metadata_class import ModelFunctionNodeMetadata
src/omnibase_core/models/nodes/model_function_node_metadata_class.py:23: in <module>
    from .model_function_deprecation_info import (
E   ImportError: cannot import name 'ModelFunctionDeprecationInfo' from 'omnibase_core.models.nodes.model_function_deprecation_info' (/Volumes/PRO-G40/Code/omnibase_core/src/omnibase_core/models/nodes/model_function_deprecation_info.py)
______ ERROR collecting unit/models/nodes/test_model_node_information.py _______
ImportError while importing test module '/Volumes/PRO-G40/Code/omnibase_core/tests/unit/models/nodes/test_model_node_information.py'.
Hint: make sure your test modules/packages have valid Python names.
Traceback:
/opt/homebrew/Cellar/python@3.12/3.12.11/Frameworks/Python.framework/Versions/3.12/lib/python3.12/importlib/__init__.py:90: in import_module
    return _bootstrap._gcd_import(name[level:], package, level)
           ^^^^^^^^^^^^^^^^^^^^^^^^^^^^^^^^^^^^^^^^^^^^^^^^^^^^
tests/unit/models/nodes/test_model_node_information.py:25: in <module>
    from omnibase_core.models.nodes.model_node_capabilities_info import (
src/omnibase_core/models/__init__.py:15: in <module>
    from . import (
src/omnibase_core/models/nodes/__init__.py:8: in <module>
    from .model_function_node import ModelFunctionNode
src/omnibase_core/models/nodes/model_function_node.py:33: in <module>
    from .model_function_node_metadata import ModelFunctionNodeMetadata
src/omnibase_core/models/nodes/model_function_node_metadata.py:9: in <module>
    from .model_function_node_metadata_class import ModelFunctionNodeMetadata
src/omnibase_core/models/nodes/model_function_node_metadata_class.py:23: in <module>
    from .model_function_deprecation_info import (
E   ImportError: cannot import name 'ModelFunctionDeprecationInfo' from 'omnibase_core.models.nodes.model_function_deprecation_info' (/Volumes/PRO-G40/Code/omnibase_core/src/omnibase_core/models/nodes/model_function_deprecation_info.py)
_____ ERROR collecting unit/models/operations/test_model_event_payload.py ______
ImportError while importing test module '/Volumes/PRO-G40/Code/omnibase_core/tests/unit/models/operations/test_model_event_payload.py'.
Hint: make sure your test modules/packages have valid Python names.
Traceback:
/opt/homebrew/Cellar/python@3.12/3.12.11/Frameworks/Python.framework/Versions/3.12/lib/python3.12/importlib/__init__.py:90: in import_module
    return _bootstrap._gcd_import(name[level:], package, level)
           ^^^^^^^^^^^^^^^^^^^^^^^^^^^^^^^^^^^^^^^^^^^^^^^^^^^^
tests/unit/models/operations/test_model_event_payload.py:15: in <module>
    from omnibase_core.models.operations.model_event_payload import (
src/omnibase_core/models/__init__.py:15: in <module>
    from . import (
src/omnibase_core/models/nodes/__init__.py:8: in <module>
    from .model_function_node import ModelFunctionNode
src/omnibase_core/models/nodes/model_function_node.py:33: in <module>
    from .model_function_node_metadata import ModelFunctionNodeMetadata
src/omnibase_core/models/nodes/model_function_node_metadata.py:9: in <module>
    from .model_function_node_metadata_class import ModelFunctionNodeMetadata
src/omnibase_core/models/nodes/model_function_node_metadata_class.py:23: in <module>
    from .model_function_deprecation_info import (
E   ImportError: cannot import name 'ModelFunctionDeprecationInfo' from 'omnibase_core.models.nodes.model_function_deprecation_info' (/Volumes/PRO-G40/Code/omnibase_core/src/omnibase_core/models/nodes/model_function_deprecation_info.py)
_____ ERROR collecting unit/models/results/test_model_generic_metadata.py ______
ImportError while importing test module '/Volumes/PRO-G40/Code/omnibase_core/tests/unit/models/results/test_model_generic_metadata.py'.
Hint: make sure your test modules/packages have valid Python names.
Traceback:
/opt/homebrew/Cellar/python@3.12/3.12.11/Frameworks/Python.framework/Versions/3.12/lib/python3.12/importlib/__init__.py:90: in import_module
    return _bootstrap._gcd_import(name[level:], package, level)
           ^^^^^^^^^^^^^^^^^^^^^^^^^^^^^^^^^^^^^^^^^^^^^^^^^^^^
tests/unit/models/results/test_model_generic_metadata.py:20: in <module>
    from omnibase_core.models.results.model_generic_metadata import ModelGenericMetadata
src/omnibase_core/models/__init__.py:15: in <module>
    from . import (
src/omnibase_core/models/nodes/__init__.py:8: in <module>
    from .model_function_node import ModelFunctionNode
src/omnibase_core/models/nodes/model_function_node.py:33: in <module>
    from .model_function_node_metadata import ModelFunctionNodeMetadata
src/omnibase_core/models/nodes/model_function_node_metadata.py:9: in <module>
    from .model_function_node_metadata_class import ModelFunctionNodeMetadata
src/omnibase_core/models/nodes/model_function_node_metadata_class.py:23: in <module>
    from .model_function_deprecation_info import (
E   ImportError: cannot import name 'ModelFunctionDeprecationInfo' from 'omnibase_core.models.nodes.model_function_deprecation_info' (/Volumes/PRO-G40/Code/omnibase_core/src/omnibase_core/models/nodes/model_function_deprecation_info.py)
_______ ERROR collecting unit/models/results/test_model_onex_message.py ________
ImportError while importing test module '/Volumes/PRO-G40/Code/omnibase_core/tests/unit/models/results/test_model_onex_message.py'.
Hint: make sure your test modules/packages have valid Python names.
Traceback:
/opt/homebrew/Cellar/python@3.12/3.12.11/Frameworks/Python.framework/Versions/3.12/lib/python3.12/importlib/__init__.py:90: in import_module
    return _bootstrap._gcd_import(name[level:], package, level)
           ^^^^^^^^^^^^^^^^^^^^^^^^^^^^^^^^^^^^^^^^^^^^^^^^^^^^
tests/unit/models/results/test_model_onex_message.py:21: in <module>
    from omnibase_core.models.results.model_onex_message import ModelOnexMessage
src/omnibase_core/models/__init__.py:15: in <module>
    from . import (
src/omnibase_core/models/nodes/__init__.py:8: in <module>
    from .model_function_node import ModelFunctionNode
src/omnibase_core/models/nodes/model_function_node.py:33: in <module>
    from .model_function_node_metadata import ModelFunctionNodeMetadata
src/omnibase_core/models/nodes/model_function_node_metadata.py:9: in <module>
    from .model_function_node_metadata_class import ModelFunctionNodeMetadata
src/omnibase_core/models/nodes/model_function_node_metadata_class.py:23: in <module>
    from .model_function_deprecation_info import (
E   ImportError: cannot import name 'ModelFunctionDeprecationInfo' from 'omnibase_core.models.nodes.model_function_deprecation_info' (/Volumes/PRO-G40/Code/omnibase_core/src/omnibase_core/models/nodes/model_function_deprecation_info.py)
___ ERROR collecting unit/models/results/test_model_onex_message_context.py ____
ImportError while importing test module '/Volumes/PRO-G40/Code/omnibase_core/tests/unit/models/results/test_model_onex_message_context.py'.
Hint: make sure your test modules/packages have valid Python names.
Traceback:
/opt/homebrew/Cellar/python@3.12/3.12.11/Frameworks/Python.framework/Versions/3.12/lib/python3.12/importlib/__init__.py:90: in import_module
    return _bootstrap._gcd_import(name[level:], package, level)
           ^^^^^^^^^^^^^^^^^^^^^^^^^^^^^^^^^^^^^^^^^^^^^^^^^^^^
tests/unit/models/results/test_model_onex_message_context.py:12: in <module>
    from omnibase_core.models.results.model_onex_message_context import (
src/omnibase_core/models/__init__.py:15: in <module>
    from . import (
src/omnibase_core/models/nodes/__init__.py:8: in <module>
    from .model_function_node import ModelFunctionNode
src/omnibase_core/models/nodes/model_function_node.py:33: in <module>
    from .model_function_node_metadata import ModelFunctionNodeMetadata
src/omnibase_core/models/nodes/model_function_node_metadata.py:9: in <module>
    from .model_function_node_metadata_class import ModelFunctionNodeMetadata
src/omnibase_core/models/nodes/model_function_node_metadata_class.py:23: in <module>
    from .model_function_deprecation_info import (
E   ImportError: cannot import name 'ModelFunctionDeprecationInfo' from 'omnibase_core.models.nodes.model_function_deprecation_info' (/Volumes/PRO-G40/Code/omnibase_core/src/omnibase_core/models/nodes/model_function_deprecation_info.py)
________ ERROR collecting unit/models/results/test_model_onex_result.py ________
ImportError while importing test module '/Volumes/PRO-G40/Code/omnibase_core/tests/unit/models/results/test_model_onex_result.py'.
Hint: make sure your test modules/packages have valid Python names.
Traceback:
/opt/homebrew/Cellar/python@3.12/3.12.11/Frameworks/Python.framework/Versions/3.12/lib/python3.12/importlib/__init__.py:90: in import_module
    return _bootstrap._gcd_import(name[level:], package, level)
           ^^^^^^^^^^^^^^^^^^^^^^^^^^^^^^^^^^^^^^^^^^^^^^^^^^^^
tests/unit/models/results/test_model_onex_result.py:22: in <module>
    from omnibase_core.models.results.model_generic_metadata import ModelGenericMetadata
src/omnibase_core/models/__init__.py:15: in <module>
    from . import (
src/omnibase_core/models/nodes/__init__.py:8: in <module>
    from .model_function_node import ModelFunctionNode
src/omnibase_core/models/nodes/model_function_node.py:33: in <module>
    from .model_function_node_metadata import ModelFunctionNodeMetadata
src/omnibase_core/models/nodes/model_function_node_metadata.py:9: in <module>
    from .model_function_node_metadata_class import ModelFunctionNodeMetadata
src/omnibase_core/models/nodes/model_function_node_metadata_class.py:23: in <module>
    from .model_function_deprecation_info import (
E   ImportError: cannot import name 'ModelFunctionDeprecationInfo' from 'omnibase_core.models.nodes.model_function_deprecation_info' (/Volumes/PRO-G40/Code/omnibase_core/src/omnibase_core/models/nodes/model_function_deprecation_info.py)
_____ ERROR collecting unit/models/results/test_model_orchestrator_info.py _____
ImportError while importing test module '/Volumes/PRO-G40/Code/omnibase_core/tests/unit/models/results/test_model_orchestrator_info.py'.
Hint: make sure your test modules/packages have valid Python names.
Traceback:
/opt/homebrew/Cellar/python@3.12/3.12.11/Frameworks/Python.framework/Versions/3.12/lib/python3.12/importlib/__init__.py:90: in import_module
    return _bootstrap._gcd_import(name[level:], package, level)
           ^^^^^^^^^^^^^^^^^^^^^^^^^^^^^^^^^^^^^^^^^^^^^^^^^^^^
tests/unit/models/results/test_model_orchestrator_info.py:21: in <module>
    from omnibase_core.models.results.model_orchestrator_info import ModelOrchestratorInfo
src/omnibase_core/models/__init__.py:15: in <module>
    from . import (
src/omnibase_core/models/nodes/__init__.py:8: in <module>
    from .model_function_node import ModelFunctionNode
src/omnibase_core/models/nodes/model_function_node.py:33: in <module>
    from .model_function_node_metadata import ModelFunctionNodeMetadata
src/omnibase_core/models/nodes/model_function_node_metadata.py:9: in <module>
    from .model_function_node_metadata_class import ModelFunctionNodeMetadata
src/omnibase_core/models/nodes/model_function_node_metadata_class.py:23: in <module>
    from .model_function_deprecation_info import (
E   ImportError: cannot import name 'ModelFunctionDeprecationInfo' from 'omnibase_core.models.nodes.model_function_deprecation_info' (/Volumes/PRO-G40/Code/omnibase_core/src/omnibase_core/models/nodes/model_function_deprecation_info.py)
___ ERROR collecting unit/models/results/test_model_orchestrator_metrics.py ____
ImportError while importing test module '/Volumes/PRO-G40/Code/omnibase_core/tests/unit/models/results/test_model_orchestrator_metrics.py'.
Hint: make sure your test modules/packages have valid Python names.
Traceback:
/opt/homebrew/Cellar/python@3.12/3.12.11/Frameworks/Python.framework/Versions/3.12/lib/python3.12/importlib/__init__.py:90: in import_module
    return _bootstrap._gcd_import(name[level:], package, level)
           ^^^^^^^^^^^^^^^^^^^^^^^^^^^^^^^^^^^^^^^^^^^^^^^^^^^^
tests/unit/models/results/test_model_orchestrator_metrics.py:15: in <module>
    from omnibase_core.models.results.model_orchestrator_metrics import (
src/omnibase_core/models/__init__.py:15: in <module>
    from . import (
src/omnibase_core/models/nodes/__init__.py:8: in <module>
    from .model_function_node import ModelFunctionNode
src/omnibase_core/models/nodes/model_function_node.py:33: in <module>
    from .model_function_node_metadata import ModelFunctionNodeMetadata
src/omnibase_core/models/nodes/model_function_node_metadata.py:9: in <module>
    from .model_function_node_metadata_class import ModelFunctionNodeMetadata
src/omnibase_core/models/nodes/model_function_node_metadata_class.py:23: in <module>
    from .model_function_deprecation_info import (
E   ImportError: cannot import name 'ModelFunctionDeprecationInfo' from 'omnibase_core.models.nodes.model_function_deprecation_info' (/Volumes/PRO-G40/Code/omnibase_core/src/omnibase_core/models/nodes/model_function_deprecation_info.py)
______ ERROR collecting unit/models/results/test_model_unified_summary.py ______
ImportError while importing test module '/Volumes/PRO-G40/Code/omnibase_core/tests/unit/models/results/test_model_unified_summary.py'.
Hint: make sure your test modules/packages have valid Python names.
Traceback:
/opt/homebrew/Cellar/python@3.12/3.12.11/Frameworks/Python.framework/Versions/3.12/lib/python3.12/importlib/__init__.py:90: in import_module
    return _bootstrap._gcd_import(name[level:], package, level)
           ^^^^^^^^^^^^^^^^^^^^^^^^^^^^^^^^^^^^^^^^^^^^^^^^^^^^
tests/unit/models/results/test_model_unified_summary.py:15: in <module>
    from omnibase_core.models.results.model_unified_summary import ModelUnifiedSummary
src/omnibase_core/models/__init__.py:15: in <module>
    from . import (
src/omnibase_core/models/nodes/__init__.py:8: in <module>
    from .model_function_node import ModelFunctionNode
src/omnibase_core/models/nodes/model_function_node.py:33: in <module>
    from .model_function_node_metadata import ModelFunctionNodeMetadata
src/omnibase_core/models/nodes/model_function_node_metadata.py:9: in <module>
    from .model_function_node_metadata_class import ModelFunctionNodeMetadata
src/omnibase_core/models/nodes/model_function_node_metadata_class.py:23: in <module>
    from .model_function_deprecation_info import (
E   ImportError: cannot import name 'ModelFunctionDeprecationInfo' from 'omnibase_core.models.nodes.model_function_deprecation_info' (/Volumes/PRO-G40/Code/omnibase_core/src/omnibase_core/models/nodes/model_function_deprecation_info.py)
__ ERROR collecting unit/models/results/test_model_unified_summary_details.py __
ImportError while importing test module '/Volumes/PRO-G40/Code/omnibase_core/tests/unit/models/results/test_model_unified_summary_details.py'.
Hint: make sure your test modules/packages have valid Python names.
Traceback:
/opt/homebrew/Cellar/python@3.12/3.12.11/Frameworks/Python.framework/Versions/3.12/lib/python3.12/importlib/__init__.py:90: in import_module
    return _bootstrap._gcd_import(name[level:], package, level)
           ^^^^^^^^^^^^^^^^^^^^^^^^^^^^^^^^^^^^^^^^^^^^^^^^^^^^
tests/unit/models/results/test_model_unified_summary_details.py:12: in <module>
    from omnibase_core.models.results.model_unified_summary_details import (
src/omnibase_core/models/__init__.py:15: in <module>
    from . import (
src/omnibase_core/models/nodes/__init__.py:8: in <module>
    from .model_function_node import ModelFunctionNode
src/omnibase_core/models/nodes/model_function_node.py:33: in <module>
    from .model_function_node_metadata import ModelFunctionNodeMetadata
src/omnibase_core/models/nodes/model_function_node_metadata.py:9: in <module>
    from .model_function_node_metadata_class import ModelFunctionNodeMetadata
src/omnibase_core/models/nodes/model_function_node_metadata_class.py:23: in <module>
    from .model_function_deprecation_info import (
E   ImportError: cannot import name 'ModelFunctionDeprecationInfo' from 'omnibase_core.models.nodes.model_function_deprecation_info' (/Volumes/PRO-G40/Code/omnibase_core/src/omnibase_core/models/nodes/model_function_deprecation_info.py)
______ ERROR collecting unit/models/results/test_model_unified_version.py ______
ImportError while importing test module '/Volumes/PRO-G40/Code/omnibase_core/tests/unit/models/results/test_model_unified_version.py'.
Hint: make sure your test modules/packages have valid Python names.
Traceback:
/opt/homebrew/Cellar/python@3.12/3.12.11/Frameworks/Python.framework/Versions/3.12/lib/python3.12/importlib/__init__.py:90: in import_module
    return _bootstrap._gcd_import(name[level:], package, level)
           ^^^^^^^^^^^^^^^^^^^^^^^^^^^^^^^^^^^^^^^^^^^^^^^^^^^^
tests/unit/models/results/test_model_unified_version.py:18: in <module>
    from omnibase_core.models.results.model_unified_version import ModelUnifiedVersion
src/omnibase_core/models/__init__.py:15: in <module>
    from . import (
src/omnibase_core/models/nodes/__init__.py:8: in <module>
    from .model_function_node import ModelFunctionNode
src/omnibase_core/models/nodes/model_function_node.py:33: in <module>
    from .model_function_node_metadata import ModelFunctionNodeMetadata
src/omnibase_core/models/nodes/model_function_node_metadata.py:9: in <module>
    from .model_function_node_metadata_class import ModelFunctionNodeMetadata
src/omnibase_core/models/nodes/model_function_node_metadata_class.py:23: in <module>
    from .model_function_deprecation_info import (
E   ImportError: cannot import name 'ModelFunctionDeprecationInfo' from 'omnibase_core.models.nodes.model_function_deprecation_info' (/Volumes/PRO-G40/Code/omnibase_core/src/omnibase_core/models/nodes/model_function_deprecation_info.py)
_ ERROR collecting unit/models/workflows/test_model_workflow_execution_result.py _
ImportError while importing test module '/Volumes/PRO-G40/Code/omnibase_core/tests/unit/models/workflows/test_model_workflow_execution_result.py'.
Hint: make sure your test modules/packages have valid Python names.
Traceback:
/opt/homebrew/Cellar/python@3.12/3.12.11/Frameworks/Python.framework/Versions/3.12/lib/python3.12/importlib/__init__.py:90: in import_module
    return _bootstrap._gcd_import(name[level:], package, level)
           ^^^^^^^^^^^^^^^^^^^^^^^^^^^^^^^^^^^^^^^^^^^^^^^^^^^^
tests/unit/models/workflows/test_model_workflow_execution_result.py:19: in <module>
    from omnibase_core.models.workflows.model_workflow_execution_result import (
src/omnibase_core/models/__init__.py:15: in <module>
    from . import (
src/omnibase_core/models/nodes/__init__.py:8: in <module>
    from .model_function_node import ModelFunctionNode
src/omnibase_core/models/nodes/model_function_node.py:33: in <module>
    from .model_function_node_metadata import ModelFunctionNodeMetadata
src/omnibase_core/models/nodes/model_function_node_metadata.py:9: in <module>
    from .model_function_node_metadata_class import ModelFunctionNodeMetadata
src/omnibase_core/models/nodes/model_function_node_metadata_class.py:23: in <module>
    from .model_function_deprecation_info import (
E   ImportError: cannot import name 'ModelFunctionDeprecationInfo' from 'omnibase_core.models.nodes.model_function_deprecation_info' (/Volumes/PRO-G40/Code/omnibase_core/src/omnibase_core/models/nodes/model_function_deprecation_info.py)
____ ERROR collecting unit/types/test_typed_dict_structured_definitions.py _____
ImportError while importing test module '/Volumes/PRO-G40/Code/omnibase_core/tests/unit/types/test_typed_dict_structured_definitions.py'.
Hint: make sure your test modules/packages have valid Python names.
Traceback:
/opt/homebrew/Cellar/python@3.12/3.12.11/Frameworks/Python.framework/Versions/3.12/lib/python3.12/importlib/__init__.py:90: in import_module
    return _bootstrap._gcd_import(name[level:], package, level)
           ^^^^^^^^^^^^^^^^^^^^^^^^^^^^^^^^^^^^^^^^^^^^^^^^^^^^
tests/unit/types/test_typed_dict_structured_definitions.py:13: in <module>
    from omnibase_core.types import (
E   ImportError: cannot import name '_parse_datetime' from 'omnibase_core.types' (/Volumes/PRO-G40/Code/omnibase_core/src/omnibase_core/types/__init__.py)
=============================== warnings summary ===============================
tests/unit/contracts/test_model_contract_base.py:30
  /Volumes/PRO-G40/Code/omnibase_core/tests/unit/contracts/test_model_contract_base.py:30: PytestCollectionWarning: cannot collect test class 'TestableContractModel' because it has a __init__ constructor (from: unit/contracts/test_model_contract_base.py)
    class TestableContractModel(ModelContractBase):

tests/unit/core/test_model_generic_factory.py:19
  /Volumes/PRO-G40/Code/omnibase_core/tests/unit/core/test_model_generic_factory.py:19: PytestCollectionWarning: cannot collect test class 'TestResultModel' because it has a __init__ constructor (from: unit/core/test_model_generic_factory.py)
    class TestResultModel(BaseModel):

tests/unit/core/test_model_generic_factory.py:28
  /Volumes/PRO-G40/Code/omnibase_core/tests/unit/core/test_model_generic_factory.py:28: PytestCollectionWarning: cannot collect test class 'TestCapabilityModel' because it has a __init__ constructor (from: unit/core/test_model_generic_factory.py)
    class TestCapabilityModel(BaseModel):

tests/unit/core/test_model_generic_factory.py:38
  /Volumes/PRO-G40/Code/omnibase_core/tests/unit/core/test_model_generic_factory.py:38: PytestCollectionWarning: cannot collect test class 'TestValidationModel' because it has a __init__ constructor (from: unit/core/test_model_generic_factory.py)
    class TestValidationModel(BaseModel):

tests/unit/models/core/test_model_custom_fields_accessor.py:14
  /Volumes/PRO-G40/Code/omnibase_core/tests/unit/models/core/test_model_custom_fields_accessor.py:14: PytestCollectionWarning: cannot collect test class 'TestCustomFieldsModel' because it has a __init__ constructor (from: unit/models/core/test_model_custom_fields_accessor.py)
    class TestCustomFieldsModel(ModelCustomFieldsAccessor):

tests/unit/models/core/test_model_result_accessor.py:14
  /Volumes/PRO-G40/Code/omnibase_core/tests/unit/models/core/test_model_result_accessor.py:14: PytestCollectionWarning: cannot collect test class 'TestResultModel' because it has a __init__ constructor (from: unit/models/core/test_model_result_accessor.py)
    class TestResultModel(ModelResultAccessor):

tests/unit/models/core/test_model_typed_accessor.py:16
  /Volumes/PRO-G40/Code/omnibase_core/tests/unit/models/core/test_model_typed_accessor.py:16: PytestCollectionWarning: cannot collect test class 'TestTypedModel' because it has a __init__ constructor (from: unit/models/core/test_model_typed_accessor.py)
    class TestTypedModel(ModelTypedAccessor[str]):

tests/unit/models/core/test_model_typed_accessor.py:22
  /Volumes/PRO-G40/Code/omnibase_core/tests/unit/models/core/test_model_typed_accessor.py:22: PytestCollectionWarning: cannot collect test class 'TestTypedIntModel' because it has a __init__ constructor (from: unit/models/core/test_model_typed_accessor.py)
    class TestTypedIntModel(ModelTypedAccessor[int]):

tests/unit/utils/test_model_field_converter.py:31
  /Volumes/PRO-G40/Code/omnibase_core/tests/unit/utils/test_model_field_converter.py:31: PytestCollectionWarning: cannot collect test class 'TestStatus' because it has a __init__ constructor (from: unit/utils/test_model_field_converter.py)
    class TestStatus(Enum):

tests/unit/utils/test_safe_yaml_loader.py:54
  /Volumes/PRO-G40/Code/omnibase_core/tests/unit/utils/test_safe_yaml_loader.py:54: PytestCollectionWarning: cannot collect test class 'TestModelWithValidation' because it has a __init__ constructor (from: unit/utils/test_safe_yaml_loader.py)
    class TestModelWithValidation(BaseModel):

tests/validation/test_check_stub_implementations.py:375
  /Volumes/PRO-G40/Code/omnibase_core/tests/validation/test_check_stub_implementations.py:375: PytestUnknownMarkWarning: Unknown pytest.mark.validation - is this a typo?  You can register custom marks to avoid this warning - for details, see https://docs.pytest.org/en/stable/how-to/mark.html
    pytestmark = pytest.mark.validation

-- Docs: https://docs.pytest.org/en/stable/how-to/capture-warnings.html
=========================== short test summary info ============================
ERROR tests/performance/test_model_timeout_performance.py
ERROR tests/unit/container/test_container_service_resolver.py
ERROR tests/unit/core/test_model_base_collection.py
ERROR tests/unit/core/test_model_base_factory.py
ERROR tests/unit/core/test_model_base_processor.py
ERROR tests/unit/core/test_type_constraints.py - NameError: name 'ModelBaseCo...
ERROR tests/unit/enums/test_unified_status_hierarchy.py
ERROR tests/unit/errors/test_error_codes.py
ERROR tests/unit/exceptions/test_onex_error.py
ERROR tests/unit/logging/test_emit.py
ERROR tests/unit/models/core/test_model_custom_properties.py
ERROR tests/unit/models/core/test_model_node_type.py
ERROR tests/unit/models/discovery/test_discovery_events.py
ERROR tests/unit/models/discovery/test_request_response_introspection.py
ERROR tests/unit/models/discovery/test_unified_discovery_system.py
ERROR tests/unit/models/fsm/test_model_fsm_data.py
ERROR tests/unit/models/fsm/test_model_fsm_state.py
ERROR tests/unit/models/fsm/test_model_fsm_transition.py
ERROR tests/unit/models/nodes/test_model_function_node.py
ERROR tests/unit/models/nodes/test_model_function_relationships.py
ERROR tests/unit/models/nodes/test_model_node_capabilities_info.py
ERROR tests/unit/models/nodes/test_model_node_configuration.py
ERROR tests/unit/models/nodes/test_model_node_information.py
ERROR tests/unit/models/operations/test_model_event_payload.py
ERROR tests/unit/models/results/test_model_generic_metadata.py
ERROR tests/unit/models/results/test_model_onex_message.py
ERROR tests/unit/models/results/test_model_onex_message_context.py
ERROR tests/unit/models/results/test_model_onex_result.py
ERROR tests/unit/models/results/test_model_orchestrator_info.py
ERROR tests/unit/models/results/test_model_orchestrator_metrics.py
ERROR tests/unit/models/results/test_model_unified_summary.py
ERROR tests/unit/models/results/test_model_unified_summary_details.py
ERROR tests/unit/models/results/test_model_unified_version.py
ERROR tests/unit/models/workflows/test_model_workflow_execution_result.py
ERROR tests/unit/types/test_typed_dict_structured_definitions.py
!!!!!!!!!!!!!!!!!!! Interrupted: 35 errors during collection !!!!!!!!!!!!!!!!!!!
================== 1 skipped, 11 warnings, 35 errors in 6.13s ==================
