
[pytest-split] No test durations found. Pytest-split will split tests evenly when no durations are found.
[pytest-split] You can expect better results in consequent runs, when test timings have been documented.

[1m============================= test session starts ==============================[0m
platform darwin -- Python 3.12.11, pytest-8.4.2, pluggy-1.6.0 -- /Users/jonah/Library/Caches/pypoetry/virtualenvs/omnibase-core-Twd7t-Wn-py3.12/bin/python
cachedir: .pytest_cache
rootdir: /Volumes/PRO-G40/Code/omnibase_core/tests
configfile: pytest.ini
plugins: anyio-4.11.0, xdist-3.8.0, testmon-2.1.3, timeout-2.4.0, asyncio-0.25.3, split-0.10.0, rerunfailures-16.1, cov-7.0.0
asyncio: mode=Mode.STRICT, asyncio_default_fixture_loop_scope=None
[1mcollecting ... [0m

[pytest-split] Splitting tests with algorithm: duration_based_chunks
[pytest-split] Running group 1/20 (estimated duration: 650.00s)

collected 12998 items / 12348 deselected / 2 skipped / 650 selected

tests/performance/contracts/test_model_dependency_performance.py::TestModelDependencyPerformance::test_dependency_creation_performance [32mPASSED[0m[33m [  0%][0m
tests/performance/contracts/test_model_dependency_performance.py::TestModelDependencyPerformance::test_large_dependency_set_performance [32mPASSED[0m[33m [  0%][0m
tests/performance/contracts/test_model_dependency_performance.py::TestModelDependencyPerformance::test_memory_efficiency [32mPASSED[0m[33m [  0%][0m
tests/performance/contracts/test_model_dependency_performance.py::TestModelDependencyPerformance::test_onex_pattern_validation_performance [32mPASSED[0m[33m [  0%][0m
tests/performance/contracts/test_model_dependency_performance.py::TestModelDependencyPerformance::test_regex_compilation_performance [33mSKIPPED[0m[33m [  0%][0m
tests/performance/contracts/test_model_dependency_performance.py::TestModelDependencyPerformance::test_security_validation_performance [32mPASSED[0m[33m [  0%][0m
tests/performance/contracts/test_model_dependency_performance.py::TestModelDependencyPerformance::test_stress_validation_performance [32mPASSED[0m[33m [  1%][0m
tests/performance/contracts/test_model_workflow_dependency_performance.py::TestModelWorkflowDependencyPerformance::test_circular_dependency_detection_performance [32mPASSED[0m[33m [  1%][0m
tests/performance/contracts/test_model_workflow_dependency_performance.py::TestModelWorkflowDependencyPerformance::test_concurrent_validation_simulation [32mPASSED[0m[33m [  1%][0m
tests/performance/contracts/test_model_workflow_dependency_performance.py::TestModelWorkflowDependencyPerformance::test_large_dependency_graph_performance [32mPASSED[0m[33m [  1%][0m
tests/performance/contracts/test_model_workflow_dependency_performance.py::TestModelWorkflowDependencyPerformance::test_memory_usage_large_graph [32mPASSED[0m[33m [  1%][0m
tests/performance/contracts/test_model_workflow_dependency_performance.py::TestModelWorkflowDependencyPerformance::test_regex_pattern_performance [32mPASSED[0m[33m [  1%][0m
tests/performance/contracts/test_model_workflow_dependency_performance.py::TestModelWorkflowDependencyPerformance::test_single_dependency_validation_performance [32mPASSED[0m[33m [  2%][0m
tests/performance/contracts/test_model_workflow_dependency_performance.py::TestModelWorkflowDependencyPerformance::test_timeout_validation_performance [32mPASSED[0m[33m [  2%][0m
tests/unit/models/workflow/execution/test_model_config.py::TestModelConfigModule::test_basemodel_available_in_module [32mPASSED[0m[33m [  2%][0m
tests/unit/models/workflow/execution/test_model_config.py::TestBaseModelAvailability::test_basemodel_type_checking [32mPASSED[0m[33m [  2%][0m
tests/unit/models/workflow/execution/test_model_config.py::TestBaseModelAvailability::test_can_create_model_from_imported_basemodel [32mPASSED[0m[33m [  2%][0m
tests/unit/models/workflow/execution/test_model_config.py::TestModelConfigModule::test_module_docstring_present [32mPASSED[0m[33m [  2%][0m
tests/unit/models/workflow/execution/test_model_config.py::TestModelConfigModule::test_module_imports_successfully [32mPASSED[0m[33m [  2%][0m
tests/unit/models/workflow/execution/test_model_dependency_graph.py::TestAddingDependencies::test_add_chain_dependencies [32mPASSED[0m[33m [  3%][0m
tests/unit/models/workflow/execution/test_model_dependency_graph.py::TestAddingDependencies::test_add_dependency_creates_edges_entry [32mPASSED[0m[33m [  3%][0m
tests/unit/models/workflow/execution/test_model_dependency_graph.py::TestAddingDependencies::test_add_diamond_dependencies [32mPASSED[0m[33m [  3%][0m
tests/unit/models/workflow/execution/test_model_dependency_graph.py::TestAddingDependencies::test_add_multiple_dependencies_from_one_step [32mPASSED[0m[33m [  3%][0m
tests/unit/models/workflow/execution/test_model_dependency_graph.py::TestAddingSteps::test_add_multiple_steps [32mPASSED[0m[33m [  3%][0m
tests/unit/models/workflow/execution/test_model_dependency_graph.py::TestAddingDependencies::test_add_simple_dependency [32mPASSED[0m[33m [  3%][0m
tests/unit/models/workflow/execution/test_model_dependency_graph.py::TestAddingSteps::test_add_single_step [32mPASSED[0m[33m [  4%][0m
tests/unit/models/workflow/execution/test_model_dependency_graph.py::TestAddingSteps::test_add_step_twice_updates_existing [32mPASSED[0m[33m [  4%][0m
tests/unit/models/workflow/execution/test_model_dependency_graph.py::TestAddingSteps::test_add_step_with_different_execution_modes [32mPASSED[0m[33m [  4%][0m
tests/unit/models/workflow/execution/test_model_dependency_graph.py::TestModelConfiguration::test_arbitrary_types_allowed [32mPASSED[0m[33m [  4%][0m
tests/unit/models/workflow/execution/test_model_dependency_graph.py::TestDependencyGraphCreation::test_empty_graph_creation [32mPASSED[0m[33m [  4%][0m
tests/unit/models/workflow/execution/test_model_dependency_graph.py::TestModelConfiguration::test_extra_fields_ignored [32mPASSED[0m[33m [  4%][0m
tests/unit/models/workflow/execution/test_model_dependency_graph.py::TestGetReadySteps::test_get_ready_steps_all_independent [32mPASSED[0m[33m [  4%][0m
tests/unit/models/workflow/execution/test_model_dependency_graph.py::TestGetReadySteps::test_get_ready_steps_diamond_pattern [32mPASSED[0m[33m [  5%][0m
tests/unit/models/workflow/execution/test_model_dependency_graph.py::TestGetReadySteps::test_get_ready_steps_empty_graph [32mPASSED[0m[33m [  5%][0m
tests/unit/models/workflow/execution/test_model_dependency_graph.py::TestGetReadySteps::test_get_ready_steps_excludes_completed [32mPASSED[0m[33m [  5%][0m
tests/unit/models/workflow/execution/test_model_dependency_graph.py::TestGetReadySteps::test_get_ready_steps_excludes_running [32mPASSED[0m[33m [  5%][0m
tests/unit/models/workflow/execution/test_model_dependency_graph.py::TestGetReadySteps::test_get_ready_steps_with_dependencies [32mPASSED[0m[33m [  5%][0m
tests/unit/models/workflow/execution/test_model_dependency_graph.py::TestDependencyGraphCreation::test_graph_with_default_factory_fields [32mPASSED[0m[33m [  5%][0m
tests/unit/models/workflow/execution/test_model_dependency_graph.py::TestCycleDetection::test_has_cycles_complex_graph_with_cycle [32mPASSED[0m[33m [  6%][0m
tests/unit/models/workflow/execution/test_model_dependency_graph.py::TestCycleDetection::test_has_cycles_diamond_no_cycle [32mPASSED[0m[33m [  6%][0m
tests/unit/models/workflow/execution/test_model_dependency_graph.py::TestCycleDetection::test_has_cycles_empty_graph [32mPASSED[0m[33m [  6%][0m
tests/unit/models/workflow/execution/test_model_dependency_graph.py::TestCycleDetection::test_has_cycles_self_loop [32mPASSED[0m[33m [  6%][0m
tests/unit/models/workflow/execution/test_model_dependency_graph.py::TestCycleDetection::test_has_cycles_simple_chain [32mPASSED[0m[33m [  6%][0m
tests/unit/models/workflow/execution/test_model_dependency_graph.py::TestCycleDetection::test_has_cycles_simple_cycle [32mPASSED[0m[33m [  6%][0m
tests/unit/models/workflow/execution/test_model_dependency_graph.py::TestCycleDetection::test_has_cycles_single_step [32mPASSED[0m[33m [  6%][0m
tests/unit/models/workflow/execution/test_model_dependency_graph.py::TestCycleDetection::test_has_cycles_three_node_cycle [32mPASSED[0m[33m [  7%][0m
tests/unit/models/workflow/execution/test_model_dependency_graph.py::TestEdgeCases::test_large_graph_performance [32mPASSED[0m[33m [  7%][0m
tests/unit/models/workflow/execution/test_model_dependency_graph.py::TestMarkCompleted::test_mark_completed_chain_execution [32mPASSED[0m[33m [  7%][0m
tests/unit/models/workflow/execution/test_model_dependency_graph.py::TestMarkCompleted::test_mark_completed_diamond_pattern [32mPASSED[0m[33m [  7%][0m
tests/unit/models/workflow/execution/test_model_dependency_graph.py::TestMarkCompleted::test_mark_completed_non_existent_step [32mPASSED[0m[33m [  7%][0m
tests/unit/models/workflow/execution/test_model_dependency_graph.py::TestMarkCompleted::test_mark_completed_single_step [32mPASSED[0m[33m [  7%][0m
tests/unit/models/workflow/execution/test_model_dependency_graph.py::TestMarkCompleted::test_mark_completed_updates_dependent_in_degree [32mPASSED[0m[33m [  8%][0m
tests/unit/models/workflow/execution/test_model_dependency_graph.py::TestEdgeCases::test_mark_completed_with_missing_dependent_in_degree [32mPASSED[0m[33m [  8%][0m
tests/unit/models/workflow/execution/test_model_dependency_graph.py::TestEdgeCases::test_multiple_dependencies_same_target [32mPASSED[0m[33m [  8%][0m
tests/unit/models/workflow/execution/test_model_dependency_graph.py::TestModelConfiguration::test_validate_assignment [32mPASSED[0m[33m [  8%][0m
tests/unit/models/workflow/execution/test_model_dependency_graph.py::TestEdgeCases::test_zero_in_degree_after_all_dependencies_met [32mPASSED[0m[33m [  8%][0m
tests/unit/models/workflow/execution/test_model_workflow_execution_result.py::TestZeroToleranceCompliance::test_all_fields_strongly_typed [32mPASSED[0m[33m [  8%][0m
tests/unit/models/workflow/execution/test_model_workflow_execution_result.py::TestWorkflowStatusEnumHandling::test_all_workflow_status_values [32mPASSED[0m[33m [  8%][0m
tests/unit/models/workflow/execution/test_model_workflow_execution_result.py::TestWorkflowStatusEnumHandling::test_cancelled_status [32mPASSED[0m[33m [  9%][0m
tests/unit/models/workflow/execution/test_model_workflow_execution_result.py::TestWorkflowStatusEnumHandling::test_completed_status_with_result_data [32mPASSED[0m[33m [  9%][0m
tests/unit/models/workflow/execution/test_model_workflow_execution_result.py::TestWorkflowSpecificFeatures::test_coordination_efficiency_analysis [32mPASSED[0m[33m [  9%][0m
tests/unit/models/workflow/execution/test_model_workflow_execution_result.py::TestWorkflowStatusEnumHandling::test_created_status [32mPASSED[0m[33m [  9%][0m
tests/unit/models/workflow/execution/test_model_workflow_execution_result.py::TestBasicCreationAndValidation::test_creation_with_custom_workflow_id [32mPASSED[0m[33m [  9%][0m
tests/unit/models/workflow/execution/test_model_workflow_execution_result.py::TestBasicCreationAndValidation::test_creation_with_minimal_fields [32mPASSED[0m[33m [  9%][0m
tests/unit/models/workflow/execution/test_model_workflow_execution_result.py::TestExecutionTimingAndResultData::test_empty_result_data [32mPASSED[0m[33m [ 10%][0m
tests/unit/models/workflow/execution/test_model_workflow_execution_result.py::TestModelConfiguration::test_enum_values_not_converted [32mPASSED[0m[33m [ 10%][0m
tests/unit/models/workflow/execution/test_model_workflow_execution_result.py::TestErrorHandlingScenarios::test_error_message_with_failed_status [32mPASSED[0m[33m [ 10%][0m
tests/unit/models/workflow/execution/test_model_workflow_execution_result.py::TestExecutionTimingAndResultData::test_execution_time_consistency_with_metrics [32mPASSED[0m[33m [ 10%][0m
tests/unit/models/workflow/execution/test_model_workflow_execution_result.py::TestModelConfiguration::test_extra_fields_ignored [32mPASSED[0m[33m [ 10%][0m
tests/unit/models/workflow/execution/test_model_workflow_execution_result.py::TestWorkflowStatusEnumHandling::test_failed_status_with_error_message [32mPASSED[0m[33m [ 10%][0m
tests/unit/models/workflow/execution/test_model_workflow_execution_result.py::TestCoordinationMetricsIntegration::test_high_coordination_overhead [32mPASSED[0m[33m [ 10%][0m
tests/unit/models/workflow/execution/test_model_workflow_execution_result.py::TestExecutionTimingAndResultData::test_long_execution_time [32mPASSED[0m[33m [ 11%][0m
tests/unit/models/workflow/execution/test_model_workflow_execution_result.py::TestCoordinationMetricsIntegration::test_metrics_basic_structure [32mPASSED[0m[33m [ 11%][0m
tests/unit/models/workflow/execution/test_model_workflow_execution_result.py::TestCoordinationMetricsIntegration::test_metrics_validation_constraints [32mPASSED[0m[33m [ 11%][0m
tests/unit/models/workflow/execution/test_model_workflow_execution_result.py::TestBasicCreationAndValidation::test_missing_required_fields [32mPASSED[0m[33m [ 11%][0m
tests/unit/models/workflow/execution/test_model_workflow_execution_result.py::TestErrorHandlingScenarios::test_multiple_failure_scenarios [32mPASSED[0m[33m [ 11%][0m
tests/unit/models/workflow/execution/test_model_workflow_execution_result.py::TestBasicCreationAndValidation::test_negative_execution_time_validation [32mPASSED[0m[33m [ 11%][0m
tests/unit/models/workflow/execution/test_model_workflow_execution_result.py::TestErrorHandlingScenarios::test_no_error_message_with_success_status [32mPASSED[0m[33m [ 12%][0m
tests/unit/models/workflow/execution/test_model_workflow_execution_result.py::TestCoordinationMetricsIntegration::test_optimal_parallel_execution_metrics [32mPASSED[0m[33m [ 12%][0m
tests/unit/models/workflow/execution/test_model_workflow_execution_result.py::TestErrorHandlingScenarios::test_partial_result_data_on_failure [32mPASSED[0m[33m [ 12%][0m
tests/unit/models/workflow/execution/test_model_workflow_execution_result.py::TestExecutionTimingAndResultData::test_result_data_with_nested_structures [32mPASSED[0m[33m [ 12%][0m
tests/unit/models/workflow/execution/test_model_workflow_execution_result.py::TestWorkflowStatusEnumHandling::test_running_status [32mPASSED[0m[33m [ 12%][0m
tests/unit/models/workflow/execution/test_model_workflow_execution_result.py::TestCoordinationMetricsIntegration::test_sequential_execution_metrics [32mPASSED[0m[33m [ 12%][0m
tests/unit/models/workflow/execution/test_model_workflow_execution_result.py::TestExecutionTimingAndResultData::test_structured_result_data_with_primitives [32mPASSED[0m[33m [ 12%][0m
tests/unit/models/workflow/execution/test_model_workflow_execution_result.py::TestBasicCreationAndValidation::test_successful_creation_with_all_fields [32mPASSED[0m[33m [ 13%][0m
tests/unit/models/workflow/execution/test_model_workflow_execution_result.py::TestZeroToleranceCompliance::test_type_checking_enforcement [32mPASSED[0m[33m [ 13%][0m
tests/unit/models/workflow/execution/test_model_workflow_execution_result.py::TestModelConfiguration::test_validate_assignment [32mPASSED[0m[33m [ 13%][0m
tests/unit/models/workflow/execution/test_model_workflow_execution_result.py::TestWorkflowSpecificFeatures::test_workflow_status_progression [32mPASSED[0m[33m [ 13%][0m
tests/unit/models/workflow/execution/test_model_workflow_execution_result.py::TestWorkflowSpecificFeatures::test_workflow_with_metadata_only [32mPASSED[0m[33m [ 13%][0m
tests/unit/models/workflow/execution/test_model_workflow_execution_result.py::TestExecutionTimingAndResultData::test_zero_execution_time [32mPASSED[0m[33m [ 13%][0m
tests/unit/models/workflow/execution/test_model_workflow_input_state.py::TestActionValidation::test_action_execute [32mPASSED[0m[33m [ 14%][0m
tests/unit/models/workflow/execution/test_model_workflow_input_state.py::TestActionValidation::test_action_orchestrate [32mPASSED[0m[33m [ 14%][0m
tests/unit/models/workflow/execution/test_model_workflow_input_state.py::TestActionValidation::test_action_process [32mPASSED[0m[33m [ 14%][0m
tests/unit/models/workflow/execution/test_model_workflow_input_state.py::TestRequiredFieldValidation::test_action_required [32mPASSED[0m[33m [ 14%][0m
tests/unit/models/workflow/execution/test_model_workflow_input_state.py::TestActionValidation::test_action_string_type [32mPASSED[0m[33m [ 14%][0m
tests/unit/models/workflow/execution/test_model_workflow_input_state.py::TestZeroToleranceCompliance::test_all_fields_strongly_typed [32mPASSED[0m[33m [ 14%][0m
tests/unit/models/workflow/execution/test_model_workflow_input_state.py::TestWorkflowInputScenarios::test_bootstrap_validation_workflow_input [32mPASSED[0m[33m [ 14%][0m
tests/unit/models/workflow/execution/test_model_workflow_input_state.py::TestCorrelationIdValidation::test_correlation_id_invalid_format [32mPASSED[0m[33m [ 15%][0m
tests/unit/models/workflow/execution/test_model_workflow_input_state.py::TestRequiredFieldValidation::test_correlation_id_required [32mPASSED[0m[33m [ 15%][0m
tests/unit/models/workflow/execution/test_model_workflow_input_state.py::TestCorrelationIdValidation::test_correlation_id_string_conversion [32mPASSED[0m[33m [ 15%][0m
tests/unit/models/workflow/execution/test_model_workflow_input_state.py::TestCorrelationIdValidation::test_correlation_id_uuid_type [32mPASSED[0m[33m [ 15%][0m
tests/unit/models/workflow/execution/test_model_workflow_input_state.py::TestCorrelationIdValidation::test_correlation_tracking_across_workflows [32mPASSED[0m[33m [ 15%][0m
tests/unit/models/workflow/execution/test_model_workflow_input_state.py::TestBasicCreation::test_creation_with_all_action_types [32mPASSED[0m[33m [ 15%][0m
tests/unit/models/workflow/execution/test_model_workflow_input_state.py::TestBasicCreation::test_creation_with_all_operation_types [32mPASSED[0m[33m [ 16%][0m
tests/unit/models/workflow/execution/test_model_workflow_input_state.py::TestBasicCreation::test_creation_with_custom_parameters [32mPASSED[0m[33m [ 16%][0m
tests/unit/models/workflow/execution/test_model_workflow_input_state.py::TestParametersIntegration::test_custom_parameters_preserved [32mPASSED[0m[33m [ 16%][0m
tests/unit/models/workflow/execution/test_model_workflow_input_state.py::TestParametersIntegration::test_default_parameters_created [32mPASSED[0m[33m [ 16%][0m
tests/unit/models/workflow/execution/test_model_workflow_input_state.py::TestMultipleWorkflowCoordination::test_different_scenarios_same_correlation [32mPASSED[0m[33m [ 16%][0m
tests/unit/models/workflow/execution/test_model_workflow_input_state.py::TestWorkflowInputScenarios::test_extraction_workflow_input [32mPASSED[0m[33m [ 16%][0m
tests/unit/models/workflow/execution/test_model_workflow_input_state.py::TestWorkflowInputScenarios::test_generic_workflow_input [32mPASSED[0m[33m [ 16%][0m
tests/unit/models/workflow/execution/test_model_workflow_input_state.py::TestBasicCreation::test_minimal_creation_with_required_fields [32mPASSED[0m[33m [ 17%][0m
tests/unit/models/workflow/execution/test_model_workflow_input_state.py::TestSerialization::test_model_dump_basic [32mPASSED[0m[33m [ 17%][0m
tests/unit/models/workflow/execution/test_model_workflow_input_state.py::TestSerialization::test_model_dump_json [32mPASSED[0m[33m [ 17%][0m
tests/unit/models/workflow/execution/test_model_workflow_input_state.py::TestWorkflowInputScenarios::test_model_generation_workflow_input [32mPASSED[0m[33m [ 17%][0m
tests/unit/models/workflow/execution/test_model_workflow_input_state.py::TestOperationTypeValidation::test_operation_type_bootstrap_validation [32mPASSED[0m[33m [ 17%][0m
tests/unit/models/workflow/execution/test_model_workflow_input_state.py::TestOperationTypeValidation::test_operation_type_custom_string [32mPASSED[0m[33m [ 17%][0m
tests/unit/models/workflow/execution/test_model_workflow_input_state.py::TestOperationTypeValidation::test_operation_type_extraction [32mPASSED[0m[33m [ 18%][0m
tests/unit/models/workflow/execution/test_model_workflow_input_state.py::TestOperationTypeValidation::test_operation_type_generic [32mPASSED[0m[33m [ 18%][0m
tests/unit/models/workflow/execution/test_model_workflow_input_state.py::TestOperationTypeValidation::test_operation_type_model_generation [32mPASSED[0m[33m [ 18%][0m
tests/unit/models/workflow/execution/test_model_workflow_input_state.py::TestRequiredFieldValidation::test_operation_type_required [32mPASSED[0m[33m [ 18%][0m
tests/unit/models/workflow/execution/test_model_workflow_input_state.py::TestParametersIntegration::test_parameters_field_accessible [32mPASSED[0m[33m [ 18%][0m
tests/unit/models/workflow/execution/test_model_workflow_input_state.py::TestScenarioIdValidation::test_scenario_id_invalid_format [32mPASSED[0m[33m [ 18%][0m
tests/unit/models/workflow/execution/test_model_workflow_input_state.py::TestRequiredFieldValidation::test_scenario_id_required [32mPASSED[0m[33m [ 18%][0m
tests/unit/models/workflow/execution/test_model_workflow_input_state.py::TestScenarioIdValidation::test_scenario_id_string_conversion [32mPASSED[0m[33m [ 19%][0m
tests/unit/models/workflow/execution/test_model_workflow_input_state.py::TestScenarioIdValidation::test_scenario_id_uuid_type [32mPASSED[0m[33m [ 19%][0m
tests/unit/models/workflow/execution/test_model_workflow_input_state.py::TestEdgeCases::test_special_characters_in_action [32mPASSED[0m[33m [ 19%][0m
tests/unit/models/workflow/execution/test_model_workflow_input_state.py::TestEdgeCases::test_special_characters_in_operation_type [32mPASSED[0m[33m [ 19%][0m
tests/unit/models/workflow/execution/test_model_workflow_input_state.py::TestMultipleWorkflowCoordination::test_unique_scenarios_unique_correlations [32mPASSED[0m[33m [ 19%][0m
tests/unit/models/workflow/execution/test_model_workflow_input_state.py::TestEdgeCases::test_very_long_action_string [32mPASSED[0m[33m [ 19%][0m
tests/unit/models/workflow/execution/test_model_workflow_input_state.py::TestEdgeCases::test_very_long_operation_type [32mPASSED[0m[33m [ 20%][0m
tests/unit/models/workflow/execution/test_model_workflow_input_state.py::TestMultipleWorkflowCoordination::test_workflow_chain_correlation_tracking [32mPASSED[0m[33m [ 20%][0m
tests/unit/models/workflow/execution/test_model_workflow_step_execution.py::TestThunkManagement::test_add_multiple_thunks [32mPASSED[0m[33m [ 20%][0m
tests/unit/models/workflow/execution/test_model_workflow_step_execution.py::TestThunkManagement::test_add_single_thunk [32mPASSED[0m[33m [ 20%][0m
tests/unit/models/workflow/execution/test_model_workflow_step_execution.py::TestWorkflowStateTracking::test_all_workflow_states [32mPASSED[0m[33m [ 20%][0m
tests/unit/models/workflow/execution/test_model_workflow_step_execution.py::TestModelConfiguration::test_arbitrary_types_allowed [32mPASSED[0m[33m [ 20%][0m
tests/unit/models/workflow/execution/test_model_workflow_step_execution.py::TestExecutionModes::test_batch_execution_mode [32mPASSED[0m[33m [ 20%][0m
tests/unit/models/workflow/execution/test_model_workflow_step_execution.py::TestBranchingConditions::test_condition_function_not_serialized [32mPASSED[0m[33m [ 21%][0m
tests/unit/models/workflow/execution/test_model_workflow_step_execution.py::TestBasicCreation::test_creation_with_all_fields [32mPASSED[0m[33m [ 21%][0m
tests/unit/models/workflow/execution/test_model_workflow_step_execution.py::TestBasicCreation::test_creation_with_custom_step_id [32mPASSED[0m[33m [ 21%][0m
tests/unit/models/workflow/execution/test_model_workflow_step_execution.py::TestBranchingConditions::test_custom_condition_function [32mPASSED[0m[33m [ 21%][0m
tests/unit/models/workflow/execution/test_model_workflow_step_execution.py::TestRetryConfiguration::test_custom_retry_count [32mPASSED[0m[33m [ 21%][0m
tests/unit/models/workflow/execution/test_model_workflow_step_execution.py::TestTimeoutConfiguration::test_custom_timeout [32mPASSED[0m[33m [ 21%][0m
tests/unit/models/workflow/execution/test_model_workflow_step_execution.py::TestRetryConfiguration::test_default_retry_count [32mPASSED[0m[33m [ 22%][0m
tests/unit/models/workflow/execution/test_model_workflow_step_execution.py::TestWorkflowStateTracking::test_default_state_is_pending [32mPASSED[0m[33m [ 22%][0m
tests/unit/models/workflow/execution/test_model_workflow_step_execution.py::TestTimeoutConfiguration::test_default_timeout [32mPASSED[0m[33m [ 22%][0m
tests/unit/models/workflow/execution/test_model_workflow_step_execution.py::TestTimestampTracking::test_default_timestamps_none [32mPASSED[0m[33m [ 22%][0m
tests/unit/models/workflow/execution/test_model_workflow_step_execution.py::TestMetadataStorage::test_empty_metadata_by_default [32mPASSED[0m[33m [ 22%][0m
tests/unit/models/workflow/execution/test_model_workflow_step_execution.py::TestResultsCollection::test_empty_results_by_default [32mPASSED[0m[33m [ 22%][0m
tests/unit/models/workflow/execution/test_model_workflow_step_execution.py::TestThunkManagement::test_empty_thunks_by_default [32mPASSED[0m[33m [ 22%][0m
tests/unit/models/workflow/execution/test_model_workflow_step_execution.py::TestErrorTracking::test_error_not_serialized [32mPASSED[0m[33m [ 23%][0m
tests/unit/models/workflow/execution/test_model_workflow_step_execution.py::TestTimestampTracking::test_execution_duration_calculation [32mPASSED[0m[33m [ 23%][0m
tests/unit/models/workflow/execution/test_model_workflow_step_execution.py::TestFieldValidation::test_execution_mode_required [32mPASSED[0m[33m [ 23%][0m
tests/unit/models/workflow/execution/test_model_workflow_step_execution.py::TestModelConfiguration::test_extra_fields_ignored [32mPASSED[0m[33m [ 23%][0m
tests/unit/models/workflow/execution/test_model_workflow_step_execution.py::TestCompleteWorkflowLifecycle::test_failed_execution_lifecycle [32mPASSED[0m[33m [ 23%][0m
tests/unit/models/workflow/execution/test_model_workflow_step_execution.py::TestBranchingConditions::test_if_error_condition [32mPASSED[0m[33m [ 23%][0m
tests/unit/models/workflow/execution/test_model_workflow_step_execution.py::TestBranchingConditions::test_if_false_condition [32mPASSED[0m[33m [ 24%][0m
tests/unit/models/workflow/execution/test_model_workflow_step_execution.py::TestBranchingConditions::test_if_true_condition [32mPASSED[0m[33m [ 24%][0m
tests/unit/models/workflow/execution/test_model_workflow_step_execution.py::TestEdgeCases::test_large_metadata_dictionary [32mPASSED[0m[33m [ 24%][0m
tests/unit/models/workflow/execution/test_model_workflow_step_execution.py::TestEdgeCases::test_many_thunks [32mPASSED[0m[33m [ 24%][0m
tests/unit/models/workflow/execution/test_model_workflow_step_execution.py::TestRetryConfiguration::test_maximum_retry_count [32mPASSED[0m[33m [ 24%][0m
tests/unit/models/workflow/execution/test_model_workflow_step_execution.py::TestTimeoutConfiguration::test_maximum_valid_timeout [32mPASSED[0m[33m [ 24%][0m
tests/unit/models/workflow/execution/test_model_workflow_step_execution.py::TestBasicCreation::test_minimal_creation [32mPASSED[0m[33m [ 24%][0m
tests/unit/models/workflow/execution/test_model_workflow_step_execution.py::TestTimeoutConfiguration::test_minimum_valid_timeout [32mPASSED[0m[33m [ 25%][0m
tests/unit/models/workflow/execution/test_model_workflow_step_execution.py::TestBranchingConditions::test_no_condition_by_default [32mPASSED[0m[33m [ 25%][0m
tests/unit/models/workflow/execution/test_model_workflow_step_execution.py::TestErrorTracking::test_no_error_by_default [32mPASSED[0m[33m [ 25%][0m
tests/unit/models/workflow/execution/test_model_workflow_step_execution.py::TestExecutionModes::test_parallel_execution_mode [32mPASSED[0m[33m [ 25%][0m
tests/unit/models/workflow/execution/test_model_workflow_step_execution.py::TestResultsCollection::test_results_can_be_various_types [32mPASSED[0m[33m [ 25%][0m
tests/unit/models/workflow/execution/test_model_workflow_step_execution.py::TestFieldValidation::test_retry_count_maximum [32mPASSED[0m[33m [ 25%][0m
tests/unit/models/workflow/execution/test_model_workflow_step_execution.py::TestFieldValidation::test_retry_count_minimum [32mPASSED[0m[33m [ 26%][0m
tests/unit/models/workflow/execution/test_model_workflow_step_execution.py::TestCompleteWorkflowLifecycle::test_retry_execution_lifecycle [32mPASSED[0m[33m [ 26%][0m
tests/unit/models/workflow/execution/test_model_workflow_step_execution.py::TestExecutionModes::test_sequential_execution_mode [32mPASSED[0m[33m [ 26%][0m
tests/unit/models/workflow/execution/test_model_workflow_step_execution.py::TestTimestampTracking::test_set_completed_at_timestamp [32mPASSED[0m[33m [ 26%][0m
tests/unit/models/workflow/execution/test_model_workflow_step_execution.py::TestTimestampTracking::test_set_started_at_timestamp [32mPASSED[0m[33m [ 26%][0m
tests/unit/models/workflow/execution/test_model_workflow_step_execution.py::TestWorkflowStateTracking::test_state_transition_to_completed [32mPASSED[0m[33m [ 26%][0m
tests/unit/models/workflow/execution/test_model_workflow_step_execution.py::TestWorkflowStateTracking::test_state_transition_to_failed [32mPASSED[0m[33m [ 26%][0m
tests/unit/models/workflow/execution/test_model_workflow_step_execution.py::TestWorkflowStateTracking::test_state_transition_to_running [32mPASSED[0m[33m [ 27%][0m
tests/unit/models/workflow/execution/test_model_workflow_step_execution.py::TestEdgeCases::test_step_name_exactly_200_chars [32mPASSED[0m[33m [ 27%][0m
tests/unit/models/workflow/execution/test_model_workflow_step_execution.py::TestFieldValidation::test_step_name_max_length [32mPASSED[0m[33m [ 27%][0m
tests/unit/models/workflow/execution/test_model_workflow_step_execution.py::TestFieldValidation::test_step_name_min_length [32mPASSED[0m[33m [ 27%][0m
tests/unit/models/workflow/execution/test_model_workflow_step_execution.py::TestFieldValidation::test_step_name_required [32mPASSED[0m[33m [ 27%][0m
tests/unit/models/workflow/execution/test_model_workflow_step_execution.py::TestErrorTracking::test_store_exception_error [32mPASSED[0m[33m [ 27%][0m
tests/unit/models/workflow/execution/test_model_workflow_step_execution.py::TestMetadataStorage::test_store_mixed_type_metadata [32mPASSED[0m[33m [ 28%][0m
tests/unit/models/workflow/execution/test_model_workflow_step_execution.py::TestResultsCollection::test_store_multiple_results [32mPASSED[0m[33m [ 28%][0m
tests/unit/models/workflow/execution/test_model_workflow_step_execution.py::TestMetadataStorage::test_store_simple_metadata [32mPASSED[0m[33m [ 28%][0m
tests/unit/models/workflow/execution/test_model_workflow_step_execution.py::TestResultsCollection::test_store_single_result [32mPASSED[0m[33m [ 28%][0m
tests/unit/models/workflow/execution/test_model_workflow_step_execution.py::TestCompleteWorkflowLifecycle::test_successful_execution_lifecycle [32mPASSED[0m[33m [ 28%][0m
tests/unit/models/workflow/execution/test_model_workflow_step_execution.py::TestFieldValidation::test_timeout_ms_maximum [32mPASSED[0m[33m [ 28%][0m
tests/unit/models/workflow/execution/test_model_workflow_step_execution.py::TestFieldValidation::test_timeout_ms_minimum [32mPASSED[0m[33m [ 28%][0m
tests/unit/models/workflow/execution/test_model_workflow_step_execution.py::TestTimestampTracking::test_timestamps_independent [32mPASSED[0m[33m [ 29%][0m
tests/unit/models/workflow/execution/test_model_workflow_step_execution.py::TestModelConfiguration::test_validate_assignment [32mPASSED[0m[33m [ 29%][0m
tests/unit/models/workflow/execution/test_model_workflow_step_execution.py::TestEdgeCases::test_zero_timeout_invalid [32mPASSED[0m[33m [ 29%][0m
tests/unit/models/infrastructure/progress/test_model_progress_core.py::TestModelProgressCoreProperties::test_completion_ratio [32mPASSED[0m[33m [ 29%][0m
tests/unit/models/infrastructure/progress/test_model_progress_core.py::TestModelProgressCoreProtocols::test_configure_protocol [32mPASSED[0m[33m [ 29%][0m
tests/unit/models/infrastructure/progress/test_model_progress_core.py::TestModelProgressCoreFactoryMethods::test_create_phased [32mPASSED[0m[33m [ 29%][0m
tests/unit/models/infrastructure/progress/test_model_progress_core.py::TestModelProgressCoreFactoryMethods::test_create_phased_empty_phases [32mPASSED[0m[33m [ 30%][0m
tests/unit/models/infrastructure/progress/test_model_progress_core.py::TestModelProgressCoreFactoryMethods::test_create_simple [32mPASSED[0m[33m [ 30%][0m
tests/unit/models/infrastructure/progress/test_model_progress_core.py::TestModelProgressCoreFactoryMethods::test_create_simple_default [32mPASSED[0m[33m [ 30%][0m
tests/unit/models/infrastructure/progress/test_model_progress_core.py::TestModelProgressCoreInstantiation::test_create_with_initial_percentage [32mPASSED[0m[33m [ 30%][0m
tests/unit/models/infrastructure/progress/test_model_progress_core.py::TestModelProgressCoreInstantiation::test_create_with_phase [32mPASSED[0m[33m [ 30%][0m
tests/unit/models/infrastructure/progress/test_model_progress_core.py::TestModelProgressCoreInstantiation::test_create_with_total_steps [32mPASSED[0m[33m [ 30%][0m
tests/unit/models/infrastructure/progress/test_model_progress_core.py::TestModelProgressCoreValidation::test_current_step_exceeds_total [32mPASSED[0m[33m [ 30%][0m
tests/unit/models/infrastructure/progress/test_model_progress_core.py::TestModelProgressCoreValidation::test_current_step_negative_validation [32mPASSED[0m[33m [ 31%][0m
tests/unit/models/infrastructure/progress/test_model_progress_core.py::TestModelProgressCoreInstantiation::test_default_initialization [32mPASSED[0m[33m [ 31%][0m
tests/unit/models/infrastructure/progress/test_model_progress_core.py::TestModelProgressCoreEdgeCases::test_detailed_info_at_max_length [32mPASSED[0m[33m [ 31%][0m
tests/unit/models/infrastructure/progress/test_model_progress_core.py::TestModelProgressCoreEdgeCases::test_detailed_info_max_length [32mPASSED[0m[33m [ 31%][0m
tests/unit/models/infrastructure/progress/test_model_progress_core.py::TestModelProgressCoreProtocols::test_execute_protocol [32mPASSED[0m[33m [ 31%][0m
tests/unit/models/infrastructure/progress/test_model_progress_core.py::TestModelProgressCoreStepUpdates::test_increment_step [32mPASSED[0m[33m [ 31%][0m
tests/unit/models/infrastructure/progress/test_model_progress_core.py::TestModelProgressCoreStepUpdates::test_increment_step_with_amount [32mPASSED[0m[33m [ 32%][0m
tests/unit/models/infrastructure/progress/test_model_progress_core.py::TestModelProgressCoreProperties::test_is_completed_false [32mPASSED[0m[33m [ 32%][0m
tests/unit/models/infrastructure/progress/test_model_progress_core.py::TestModelProgressCoreProperties::test_is_completed_true [32mPASSED[0m[33m [ 32%][0m
tests/unit/models/infrastructure/progress/test_model_progress_core.py::TestModelProgressCoreProperties::test_is_started_false [32mPASSED[0m[33m [ 32%][0m
tests/unit/models/infrastructure/progress/test_model_progress_core.py::TestModelProgressCoreProperties::test_is_started_true [32mPASSED[0m[33m [ 32%][0m
tests/unit/models/infrastructure/progress/test_model_progress_core.py::TestModelProgressCoreEdgeCases::test_percentage_at_boundary_100 [32mPASSED[0m[33m [ 32%][0m
tests/unit/models/infrastructure/progress/test_model_progress_core.py::TestModelProgressCorePercentageUpdates::test_percentage_from_steps [32mPASSED[0m[33m [ 32%][0m
tests/unit/models/infrastructure/progress/test_model_progress_core.py::TestModelProgressCoreEdgeCases::test_percentage_just_below_100 [32mPASSED[0m[33m [ 33%][0m
tests/unit/models/infrastructure/progress/test_model_progress_core.py::TestModelProgressCoreValidation::test_percentage_max_validation [32mPASSED[0m[33m [ 33%][0m
tests/unit/models/infrastructure/progress/test_model_progress_core.py::TestModelProgressCoreValidation::test_percentage_min_validation [32mPASSED[0m[33m [ 33%][0m
tests/unit/models/infrastructure/progress/test_model_progress_core.py::TestModelProgressCoreReset::test_reset [32mPASSED[0m[33m [ 33%][0m
tests/unit/models/infrastructure/progress/test_model_progress_core.py::TestModelProgressCoreProtocols::test_serialize_protocol [32mPASSED[0m[33m [ 33%][0m
tests/unit/models/infrastructure/progress/test_model_progress_core.py::TestModelProgressCorePhaseManagement::test_set_phase [32mPASSED[0m[33m [ 33%][0m
tests/unit/models/infrastructure/progress/test_model_progress_core.py::TestModelProgressCorePhaseManagement::test_set_phase_without_percentage [32mPASSED[0m[33m [ 34%][0m
tests/unit/models/infrastructure/progress/test_model_progress_core.py::TestModelProgressCoreStatusManagement::test_set_status [32mPASSED[0m[33m [ 34%][0m
tests/unit/models/infrastructure/progress/test_model_progress_core.py::TestModelProgressCoreStatusManagement::test_set_status_preserves_existing_info [32mPASSED[0m[33m [ 34%][0m
tests/unit/models/infrastructure/progress/test_model_progress_core.py::TestModelProgressCoreStatusManagement::test_set_status_without_detailed_info [32mPASSED[0m[33m [ 34%][0m
tests/unit/models/infrastructure/progress/test_model_progress_core.py::TestModelProgressCoreEdgeCases::test_step_calculation_with_one_step [32mPASSED[0m[33m [ 34%][0m
tests/unit/models/infrastructure/progress/test_model_progress_core.py::TestModelProgressCoreValidation::test_total_steps_zero_validation [32mPASSED[0m[33m [ 34%][0m
tests/unit/models/infrastructure/progress/test_model_progress_core.py::TestModelProgressCorePercentageUpdates::test_update_percentage [32mPASSED[0m[33m [ 34%][0m
tests/unit/models/infrastructure/progress/test_model_progress_core.py::TestModelProgressCorePercentageUpdates::test_update_percentage_clamped_max [32mPASSED[0m[33m [ 35%][0m
tests/unit/models/infrastructure/progress/test_model_progress_core.py::TestModelProgressCorePercentageUpdates::test_update_percentage_clamped_min [32mPASSED[0m[33m [ 35%][0m
tests/unit/models/infrastructure/progress/test_model_progress_core.py::TestModelProgressCorePhaseManagement::test_update_phase_percentage [32mPASSED[0m[33m [ 35%][0m
tests/unit/models/infrastructure/progress/test_model_progress_core.py::TestModelProgressCorePhaseManagement::test_update_phase_percentage_clamped_max [32mPASSED[0m[33m [ 35%][0m
tests/unit/models/infrastructure/progress/test_model_progress_core.py::TestModelProgressCorePhaseManagement::test_update_phase_percentage_clamped_min [32mPASSED[0m[33m [ 35%][0m
tests/unit/models/infrastructure/progress/test_model_progress_core.py::TestModelProgressCoreStepUpdates::test_update_step [32mPASSED[0m[33m [ 35%][0m
tests/unit/models/infrastructure/progress/test_model_progress_core.py::TestModelProgressCoreStepUpdates::test_update_step_clamped_max [32mPASSED[0m[33m [ 36%][0m
tests/unit/models/infrastructure/progress/test_model_progress_core.py::TestModelProgressCoreStepUpdates::test_update_step_clamped_min [32mPASSED[0m[33m [ 36%][0m
tests/unit/models/infrastructure/progress/test_model_progress_metrics.py::TestModelProgressMetricsCustomMetrics::test_add_custom_metric [32mPASSED[0m[33m [ 36%][0m
tests/unit/models/infrastructure/progress/test_model_progress_metrics.py::TestModelProgressMetricsCustomMetrics::test_add_custom_metric_updates_timestamp [32mPASSED[0m[33m [ 36%][0m
tests/unit/models/infrastructure/progress/test_model_progress_metrics.py::TestModelProgressMetricsEdgeCases::test_add_same_tag_multiple_times [32mPASSED[0m[33m [ 36%][0m
tests/unit/models/infrastructure/progress/test_model_progress_metrics.py::TestModelProgressMetricsTags::test_add_tag [32mPASSED[0m[33m [ 36%][0m
tests/unit/models/infrastructure/progress/test_model_progress_metrics.py::TestModelProgressMetricsTags::test_add_tag_duplicate [32mPASSED[0m[33m [ 36%][0m
tests/unit/models/infrastructure/progress/test_model_progress_metrics.py::TestModelProgressMetricsTags::test_add_tag_updates_timestamp [32mPASSED[0m[33m [ 37%][0m
tests/unit/models/infrastructure/progress/test_model_progress_metrics.py::TestModelProgressMetricsTags::test_add_tags_multiple [32mPASSED[0m[33m [ 37%][0m
tests/unit/models/infrastructure/progress/test_model_progress_metrics.py::TestModelProgressMetricsTags::test_clear_tags [32mPASSED[0m[33m [ 37%][0m
tests/unit/models/infrastructure/progress/test_model_progress_metrics.py::TestModelProgressMetricsTags::test_clear_tags_empty [32mPASSED[0m[33m [ 37%][0m
tests/unit/models/infrastructure/progress/test_model_progress_metrics.py::TestModelProgressMetricsProtocols::test_configure_protocol [32mPASSED[0m[33m [ 37%][0m
tests/unit/models/infrastructure/progress/test_model_progress_metrics.py::TestModelProgressMetricsFactoryMethods::test_create_with_metrics_factory [32mPASSED[0m[33m [ 37%][0m
tests/unit/models/infrastructure/progress/test_model_progress_metrics.py::TestModelProgressMetricsInstantiation::test_create_with_tags [32mPASSED[0m[33m [ 38%][0m
tests/unit/models/infrastructure/progress/test_model_progress_metrics.py::TestModelProgressMetricsFactoryMethods::test_create_with_tags_factory [32mPASSED[0m[33m [ 38%][0m
tests/unit/models/infrastructure/progress/test_model_progress_metrics.py::TestModelProgressMetricsInstantiation::test_default_initialization [32mPASSED[0m[33m [ 38%][0m
tests/unit/models/infrastructure/progress/test_model_progress_metrics.py::TestModelProgressMetricsProtocols::test_execute_protocol [32mPASSED[0m[33m [ 38%][0m
tests/unit/models/infrastructure/progress/test_model_progress_metrics.py::TestModelProgressMetricsCustomMetrics::test_get_custom_metric_nonexistent [32mPASSED[0m[33m [ 38%][0m
tests/unit/models/infrastructure/progress/test_model_progress_metrics.py::TestModelProgressMetricsCounters::test_get_metrics_count [32mPASSED[0m[33m [ 38%][0m
tests/unit/models/infrastructure/progress/test_model_progress_metrics.py::TestModelProgressMetricsSummary::test_get_metrics_summary_empty [32mPASSED[0m[33m [ 38%][0m
tests/unit/models/infrastructure/progress/test_model_progress_metrics.py::TestModelProgressMetricsTags::test_get_tags_count [32mPASSED[0m[33m [ 39%][0m
tests/unit/models/infrastructure/progress/test_model_progress_metrics.py::TestModelProgressMetricsCounters::test_has_custom_metrics_false [32mPASSED[0m[33m [ 39%][0m
tests/unit/models/infrastructure/progress/test_model_progress_metrics.py::TestModelProgressMetricsTags::test_has_tag [32mPASSED[0m[33m [ 39%][0m
tests/unit/models/infrastructure/progress/test_model_progress_metrics.py::TestModelProgressMetricsCustomMetrics::test_remove_custom_metric [32mPASSED[0m[33m [ 39%][0m
tests/unit/models/infrastructure/progress/test_model_progress_metrics.py::TestModelProgressMetricsCustomMetrics::test_remove_custom_metric_nonexistent [32mPASSED[0m[33m [ 39%][0m
tests/unit/models/infrastructure/progress/test_model_progress_metrics.py::TestModelProgressMetricsTags::test_remove_tag [32mPASSED[0m[33m [ 39%][0m
tests/unit/models/infrastructure/progress/test_model_progress_metrics.py::TestModelProgressMetricsTags::test_remove_tag_nonexistent [32mPASSED[0m[33m [ 40%][0m
tests/unit/models/infrastructure/progress/test_model_progress_metrics.py::TestModelProgressMetricsTags::test_remove_tags_multiple [32mPASSED[0m[33m [ 40%][0m
tests/unit/models/infrastructure/progress/test_model_progress_metrics.py::TestModelProgressMetricsReset::test_reset [32mPASSED[0m[33m [ 40%][0m
tests/unit/models/infrastructure/progress/test_model_progress_metrics.py::TestModelProgressMetricsReset::test_reset_tags_only [32mPASSED[0m[33m [ 40%][0m
tests/unit/models/infrastructure/progress/test_model_progress_metrics.py::TestModelProgressMetricsProtocols::test_serialize_protocol [32mPASSED[0m[33m [ 40%][0m
tests/unit/models/infrastructure/progress/test_model_progress_metrics.py::TestModelProgressMetricsEdgeCases::test_timestamp_updates_on_changes [32mPASSED[0m[33m [ 40%][0m
tests/unit/models/infrastructure/progress/test_model_progress_metrics.py::TestModelProgressMetricsStandardMetrics::test_update_standard_metrics [32mPASSED[0m[33m [ 40%][0m
tests/unit/models/infrastructure/test_cache_coderabbit_fixes.py::TestIssue10EnumUsage::test_config_accepts_string_enum_values [32mPASSED[0m[33m [ 41%][0m
tests/unit/models/infrastructure/test_cache_coderabbit_fixes.py::TestIssue10EnumUsage::test_config_default_is_enum [32mPASSED[0m[33m [ 41%][0m
tests/unit/models/infrastructure/test_cache_coderabbit_fixes.py::TestIssue10EnumUsage::test_config_uses_enum_not_string_pattern [32mPASSED[0m[33m [ 41%][0m
tests/unit/models/infrastructure/test_cache_coderabbit_fixes.py::TestIssue13LRUvsLFU::test_fifo_evicts_oldest_insertion [32mPASSED[0m[33m [ 41%][0m
tests/unit/models/infrastructure/test_cache_coderabbit_fixes.py::TestCacheInternalStorage::test_fifo_internal_storage_uses_insertion_order [32mPASSED[0m[33m [ 41%][0m
tests/unit/models/infrastructure/test_cache_coderabbit_fixes.py::TestIssue11ValidationAtConstruction::test_invalid_string_raises_error [32mPASSED[0m[33m [ 41%][0m
tests/unit/models/infrastructure/test_cache_coderabbit_fixes.py::TestIssue13LRUvsLFU::test_lfu_evicts_by_frequency_not_recency [32mPASSED[0m[33m [ 42%][0m
tests/unit/models/infrastructure/test_cache_coderabbit_fixes.py::TestCacheInternalStorage::test_lfu_internal_storage_uses_int_count [32mPASSED[0m[33m [ 42%][0m
tests/unit/models/infrastructure/test_cache_coderabbit_fixes.py::TestIssue13LRUvsLFU::test_lfu_uses_access_count [32mPASSED[0m[33m [ 42%][0m
tests/unit/models/infrastructure/test_cache_coderabbit_fixes.py::TestIssue13LRUvsLFU::test_lru_evicts_by_recency_not_frequency [32mPASSED[0m[33m [ 42%][0m
tests/unit/models/infrastructure/test_cache_coderabbit_fixes.py::TestCacheInternalStorage::test_lru_internal_storage_uses_float_timestamp [32mPASSED[0m[33m [ 42%][0m
tests/unit/models/infrastructure/test_cache_coderabbit_fixes.py::TestIssue13LRUvsLFU::test_lru_uses_monotonic_timestamp [32mPASSED[0m[33m [ 42%][0m
tests/unit/models/infrastructure/test_cache_coderabbit_fixes.py::TestIssue12TTLPrecision::test_ttl_seconds_no_truncation_short_durations [32mPASSED[0m[33m [ 42%][0m
tests/unit/models/infrastructure/test_cache_coderabbit_fixes.py::TestIssue12TTLPrecision::test_ttl_timedelta_precision_in_put [32mPASSED[0m[33m [ 43%][0m
tests/unit/models/infrastructure/test_cache_coderabbit_fixes.py::TestIssue12TTLPrecision::test_ttl_uses_timedelta_not_integer_division [32mPASSED[0m[33m [ 43%][0m
tests/unit/models/infrastructure/test_cache_coderabbit_fixes.py::TestIssue11ValidationAtConstruction::test_valid_enum_passes [32mPASSED[0m[33m [ 43%][0m
tests/unit/models/infrastructure/test_cache_coderabbit_fixes.py::TestIssue11ValidationAtConstruction::test_valid_string_coerces_to_enum [32mPASSED[0m[33m [ 43%][0m
tests/validation/test_check_error_raising.py::TestErrorRaisingDetector::test_allows_assertion_error_in_pydantic_validator [32mPASSED[0m[33m [ 43%][0m
tests/validation/test_check_error_raising.py::TestErrorRaisingDetector::test_allows_bare_reraise [32mPASSED[0m[33m [ 43%][0m
tests/validation/test_check_error_raising.py::TestErrorRaisingDetector::test_allows_error_ok_comment [32mPASSED[0m[33m [ 44%][0m
tests/validation/test_check_error_raising.py::TestErrorRaisingDetector::test_allows_exception_catching [32mPASSED[0m[33m [ 44%][0m
tests/validation/test_check_error_raising.py::TestErrorRaisingDetector::test_allows_not_implemented_error_with_stub_ok [32mPASSED[0m[33m [ 44%][0m
tests/validation/test_check_error_raising.py::TestErrorRaisingDetector::test_allows_onex_error_raise [32mPASSED[0m[33m [ 44%][0m
tests/validation/test_check_error_raising.py::TestErrorRaisingDetector::test_allows_pydantic_v1_root_validator [32mPASSED[0m[33m [ 44%][0m
tests/validation/test_check_error_raising.py::TestErrorRaisingDetector::test_allows_pydantic_v1_validator_decorator [32mPASSED[0m[33m [ 44%][0m
tests/validation/test_check_error_raising.py::TestErrorRaisingDetector::test_allows_reraise_as_onex_error [32mPASSED[0m[33m [ 44%][0m
tests/validation/test_check_error_raising.py::TestErrorRaisingDetector::test_allows_value_error_in_field_validator [32mPASSED[0m[33m [ 45%][0m
tests/validation/test_check_error_raising.py::TestErrorRaisingDetector::test_allows_value_error_in_model_validator [32mPASSED[0m[33m [ 45%][0m
tests/validation/test_check_error_raising.py::TestCheckFile::test_check_file_with_violations [32mPASSED[0m[33m [ 45%][0m
tests/validation/test_check_error_raising.py::TestCheckFile::test_check_file_without_violations [32mPASSED[0m[33m [ 45%][0m
tests/validation/test_check_error_raising.py::TestErrorRaisingDetector::test_detects_generic_exception_raise [32mPASSED[0m[33m [ 45%][0m
tests/validation/test_check_error_raising.py::TestErrorRaisingDetector::test_detects_key_error_raise [32mPASSED[0m[33m [ 45%][0m
tests/validation/test_check_error_raising.py::TestErrorRaisingDetector::test_detects_multiple_violations [32mPASSED[0m[33m [ 46%][0m
tests/validation/test_check_error_raising.py::TestErrorRaisingDetector::test_detects_not_implemented_error_without_stub_ok [32mPASSED[0m[33m [ 46%][0m
tests/validation/test_check_error_raising.py::TestErrorRaisingDetector::test_detects_other_exceptions_in_pydantic_validators [32mPASSED[0m[33m [ 46%][0m
tests/validation/test_check_error_raising.py::TestErrorRaisingDetector::test_detects_runtime_error_raise [32mPASSED[0m[33m [ 46%][0m
tests/validation/test_check_error_raising.py::TestErrorRaisingDetector::test_detects_type_error_raise [32mPASSED[0m[33m [ 46%][0m
tests/validation/test_check_error_raising.py::TestErrorRaisingDetector::test_detects_value_error_raise [32mPASSED[0m[33m [ 46%][0m
tests/validation/test_check_error_raising.py::TestCheckFile::test_handles_syntax_error [32mPASSED[0m[33m [ 46%][0m
tests/validation/test_check_error_raising.py::TestErrorRaisingDetector::test_pydantic_validator_with_nested_functions [32mPASSED[0m[33m [ 47%][0m
tests/validation/test_check_error_raising.py::TestCheckFile::test_skips_test_files [32mPASSED[0m[33m [ 47%][0m
tests/validation/test_check_error_raising.py::TestErrorRaisingDetector::test_still_detects_value_error_in_regular_function [32mPASSED[0m[33m [ 47%][0m
tests/validation/test_check_no_fallbacks.py::TestFallbackDetector::test_allows_exception_with_logging [32mPASSED[0m[33m [ 47%][0m
tests/validation/test_check_no_fallbacks.py::TestFallbackDetector::test_allows_exception_with_reraise [32mPASSED[0m[33m [ 47%][0m
tests/validation/test_check_no_fallbacks.py::TestFallbackDetector::test_allows_fallback_ok_comment [32mPASSED[0m[33m [ 47%][0m
tests/validation/test_check_no_fallbacks.py::TestCheckFileForFallbacks::test_checks_python_file_with_fallbacks [32mPASSED[0m[33m [ 48%][0m
tests/validation/test_check_no_fallbacks.py::TestFallbackDetector::test_detects_enum_unknown_fallback [32mPASSED[0m[33m [ 48%][0m
tests/validation/test_check_no_fallbacks.py::TestFallbackDetector::test_detects_id_self_fallback [32mPASSED[0m[33m [ 48%][0m
tests/validation/test_check_no_fallbacks.py::TestFallbackDetector::test_detects_silent_exception_return [32mPASSED[0m[33m [ 48%][0m
tests/validation/test_check_no_fallbacks.py::TestFallbackDetector::test_detects_validator_field_fallback [32mPASSED[0m[33m [ 48%][0m
tests/validation/test_check_no_fallbacks.py::TestCheckFileForFallbacks::test_handles_syntax_errors_gracefully [32mPASSED[0m[33m [ 48%][0m
tests/validation/test_check_no_fallbacks.py::TestCheckFileForFallbacks::test_returns_empty_for_clean_file [32mPASSED[0m[33m [ 48%][0m
tests/validation/test_check_stub_implementations.py::TestCommandLineInterface::test_check_mode_flag [32mPASSED[0m[33m [ 49%][0m
tests/validation/test_check_stub_implementations.py::TestCommandLineInterface::test_config_path_flag [32mPASSED[0m[33m [ 49%][0m
tests/validation/test_check_stub_implementations.py::TestConfigurationOptions::test_default_exclusions [32mPASSED[0m[33m [ 49%][0m
tests/validation/test_check_stub_implementations.py::TestStubDetectionPatterns::test_detect_empty_body [32mPASSED[0m[33m [ 49%][0m
tests/validation/test_check_stub_implementations.py::TestStubDetectionPatterns::test_detect_not_implemented_error [32mPASSED[0m[33m [ 49%][0m
tests/validation/test_check_stub_implementations.py::TestStubDetectionPatterns::test_detect_only_ellipsis [32mPASSED[0m[33m [ 49%][0m
tests/validation/test_check_stub_implementations.py::TestStubDetectionPatterns::test_detect_only_pass [32mPASSED[0m[33m [ 50%][0m
tests/validation/test_check_stub_implementations.py::TestStubDetectionPatterns::test_detect_pass_return_pattern [32mPASSED[0m[33m [ 50%][0m
tests/validation/test_check_stub_implementations.py::TestStubDetectionPatterns::test_detect_todo_in_docstring [32mPASSED[0m[33m [ 50%][0m
tests/validation/test_check_stub_implementations.py::TestCommandLineInterface::test_directory_input [32mPASSED[0m[33m [ 50%][0m
tests/validation/test_check_stub_implementations.py::TestErrorHandling::test_encoding_error_handling [32mPASSED[0m[33m [ 50%][0m
tests/validation/test_check_stub_implementations.py::TestLegitimateExclusions::test_exclude_abstract_method [32mPASSED[0m[33m [ 50%][0m
tests/validation/test_check_stub_implementations.py::TestLegitimateExclusions::test_exclude_dunder_methods [32mPASSED[0m[33m [ 50%][0m
tests/validation/test_check_stub_implementations.py::TestLegitimateExclusions::test_exclude_protocol_class [32mPASSED[0m[33m [ 51%][0m
tests/validation/test_check_stub_implementations.py::TestLegitimateExclusions::test_exclude_pyi_file [32mPASSED[0m[33m [ 51%][0m
tests/validation/test_check_stub_implementations.py::TestLegitimateExclusions::test_exclude_stub_ok_comment [32mPASSED[0m[33m [ 51%][0m
tests/validation/test_check_stub_implementations.py::TestLegitimateExclusions::test_exclude_test_fixtures [32mPASSED[0m[33m [ 51%][0m
tests/validation/test_check_stub_implementations.py::TestOutputFormatting::test_failure_output_grouping [32mPASSED[0m[33m [ 51%][0m
tests/validation/test_check_stub_implementations.py::TestOutputFormatting::test_fix_suggestion_output [32mPASSED[0m[33m [ 51%][0m
tests/validation/test_check_stub_implementations.py::TestCommandLineInterface::test_fix_suggestions_flag [32mPASSED[0m[33m [ 52%][0m
tests/validation/test_check_stub_implementations.py::TestOutputFormatting::test_issue_type_categorization [32mPASSED[0m[33m [ 52%][0m
tests/validation/test_check_stub_implementations.py::TestConfigurationOptions::test_load_config_file [32mPASSED[0m[33m [ 52%][0m
tests/validation/test_check_stub_implementations.py::TestErrorHandling::test_missing_file_handling [32mPASSED[0m[33m [ 52%][0m
tests/validation/test_check_stub_implementations.py::TestCommandLineInterface::test_multiple_files_input [32mPASSED[0m[33m [ 52%][0m
tests/validation/test_check_stub_implementations.py::TestOutputFormatting::test_success_output [32mPASSED[0m[33m [ 52%][0m
tests/validation/test_check_stub_implementations.py::TestErrorHandling::test_syntax_error_handling [32mPASSED[0m[33m [ 52%][0m
tests/validation/test_check_stub_implementations.py::TestValidImplementations::test_valid_implementation [32mPASSED[0m[33m [ 53%][0m
tests/validation/test_check_stub_implementations.py::TestValidImplementations::test_valid_init_with_super [32mPASSED[0m[33m [ 53%][0m
tests/validation/test_check_stub_implementations.py::TestValidImplementations::test_valid_with_pass_in_block [32mPASSED[0m[33m [ 53%][0m
tests/unit/nodes/test_declarative_nodes.py::TestNodeReducerDeclarative::test_get_current_state [31mERROR[0m[31m [ 53%][0m
tests/unit/nodes/test_declarative_nodes.py::TestNodeOrchestratorDeclarative::test_get_execution_order_for_steps [32mPASSED[0m[31m [ 53%][0m
tests/unit/nodes/test_declarative_nodes.py::TestNodeReducerDeclarative::test_get_state_history [31mERROR[0m[31m [ 53%][0m
tests/unit/nodes/test_declarative_nodes.py::TestNodeReducerDeclarative::test_initialization [32mPASSED[0m[31m [ 54%][0m
tests/unit/nodes/test_declarative_nodes.py::TestNodeOrchestratorDeclarative::test_initialization [32mPASSED[0m[31m [ 54%][0m
tests/unit/nodes/test_declarative_nodes.py::TestNodeReducerDeclarative::test_initialization_with_fsm_contract [31mERROR[0m[31m [ 54%][0m
tests/unit/nodes/test_declarative_nodes.py::TestNodeOrchestratorDeclarative::test_initialization_with_workflow_definition [31mERROR[0m[31m [ 54%][0m
tests/unit/nodes/test_declarative_nodes.py::TestNodeReducerDeclarative::test_is_complete_false_when_not_terminal [31mERROR[0m[31m [ 54%][0m
tests/unit/nodes/test_declarative_nodes.py::TestNodeReducerDeclarative::test_is_complete_true_when_terminal [31mERROR[0m[31m [ 54%][0m
tests/unit/nodes/test_declarative_nodes.py::TestDeclarativeNodesIntegration::test_orchestrator_parallel_workflow [31mERROR[0m[31m [ 54%][0m
tests/unit/nodes/test_declarative_nodes.py::TestNodeReducerDeclarative::test_process_with_fsm [31mERROR[0m[31m [ 55%][0m
tests/unit/nodes/test_declarative_nodes.py::TestNodeOrchestratorDeclarative::test_process_with_workflow [31mERROR[0m[31m [ 55%][0m
tests/unit/nodes/test_declarative_nodes.py::TestNodeReducerDeclarative::test_process_without_fsm_raises_error [32mPASSED[0m[31m [ 55%][0m
tests/unit/nodes/test_declarative_nodes.py::TestNodeOrchestratorDeclarative::test_process_without_workflow_raises_error [32mPASSED[0m[31m [ 55%][0m
tests/unit/nodes/test_declarative_nodes.py::TestDeclarativeNodesIntegration::test_reducer_full_workflow [31mERROR[0m[31m [ 55%][0m
tests/unit/nodes/test_declarative_nodes.py::TestNodeReducerDeclarative::test_validate_contract [31mERROR[0m[31m [ 55%][0m
tests/unit/nodes/test_declarative_nodes.py::TestNodeOrchestratorDeclarative::test_validate_contract [31mERROR[0m[31m [ 56%][0m
tests/unit/nodes/test_declarative_nodes.py::TestNodeOrchestratorDeclarative::test_validate_contract_without_definition [32mPASSED[0m[31m [ 56%][0m
tests/unit/nodes/test_declarative_nodes.py::TestNodeReducerDeclarative::test_validate_contract_without_fsm [32mPASSED[0m[31m [ 56%][0m
tests/unit/nodes/test_declarative_nodes.py::TestNodeOrchestratorDeclarative::test_validate_workflow_steps [31mERROR[0m[31m [ 56%][0m
tests/unit/utils/test_decorators.py::TestDecorators::test_allow_any_type_decorator [32mPASSED[0m[31m [ 56%][0m
tests/unit/utils/test_decorators.py::TestDecorators::test_allow_any_type_multiple_reasons [32mPASSED[0m[31m [ 56%][0m
tests/unit/utils/test_decorators.py::TestDecorators::test_allow_dict_str_any_decorator [32mPASSED[0m[31m [ 56%][0m
tests/unit/utils/test_decorators.py::TestDecorators::test_allow_dict_str_any_multiple_reasons [32mPASSED[0m[31m [ 57%][0m
tests/unit/utils/test_decorators.py::TestDecorators::test_both_decorators_together [32mPASSED[0m[31m [ 57%][0m
tests/unit/utils/test_decorators.py::TestDecorators::test_decorator_metadata_persistence [32mPASSED[0m[31m [ 57%][0m
tests/unit/utils/test_decorators.py::TestDecorators::test_decorator_preserves_class_functionality [32mPASSED[0m[31m [ 57%][0m
tests/unit/utils/test_decorators.py::TestDecorators::test_decorator_reason_types [32mPASSED[0m[31m [ 57%][0m
tests/unit/utils/test_decorators.py::TestDecorators::test_decorator_with_inheritance [32mPASSED[0m[31m [ 57%][0m
tests/unit/utils/test_decorators.py::TestDecorators::test_decorator_without_reason [32mPASSED[0m[31m [ 58%][0m
tests/unit/models/discovery/test_discovery_events.py::test_all_events_have_correlation_id_support [32mPASSED[0m[31m [ 58%][0m
tests/unit/models/discovery/test_discovery_events.py::TestToolDiscoveryRequest::test_create_basic_discovery_request [32mPASSED[0m[31m [ 58%][0m
tests/unit/models/discovery/test_discovery_events.py::TestToolDiscoveryResponse::test_create_basic_discovery_response [32mPASSED[0m[31m [ 58%][0m
tests/unit/models/discovery/test_discovery_events.py::TestNodeHealthEvent::test_create_basic_health_event [32mPASSED[0m[31m [ 58%][0m
tests/unit/models/discovery/test_discovery_events.py::TestNodeIntrospectionEvent::test_create_basic_introspection_event [32mPASSED[0m[31m [ 58%][0m
tests/unit/models/discovery/test_discovery_events.py::TestNodeShutdownEvent::test_create_basic_shutdown_event [32mPASSED[0m[31m [ 58%][0m
tests/unit/models/discovery/test_discovery_events.py::TestNodeShutdownEvent::test_factory_method_create_error_shutdown [32mPASSED[0m[31m [ 59%][0m
tests/unit/models/discovery/test_discovery_events.py::TestNodeIntrospectionEvent::test_factory_method_create_from_node_info [32mPASSED[0m[31m [ 59%][0m
tests/unit/models/discovery/test_discovery_events.py::TestToolDiscoveryRequest::test_factory_method_create_mcp_request [32mPASSED[0m[31m [ 59%][0m
tests/unit/models/discovery/test_discovery_events.py::TestToolDiscoveryResponse::test_factory_method_create_success_response [32mPASSED[0m[31m [ 59%][0m
tests/unit/models/discovery/test_discovery_events.py::TestNodeHealthEvent::test_factory_method_create_warning_report [32mPASSED[0m[31m [ 59%][0m
tests/unit/models/discovery/test_discovery_events.py::TestModelNodeIntrospectionEventNodeTypeEdgeCases::test_node_role_empty_string [32mPASSED[0m[31m [ 59%][0m
tests/unit/models/discovery/test_discovery_events.py::TestModelNodeIntrospectionEventNodeTypeEdgeCases::test_node_role_null_allowed [32mPASSED[0m[31m [ 60%][0m
tests/unit/models/discovery/test_discovery_events.py::TestModelNodeIntrospectionEventNodeTypeEdgeCases::test_node_role_whitespace_only [32mPASSED[0m[31m [ 60%][0m
tests/unit/models/discovery/test_discovery_events.py::TestModelNodeIntrospectionEventNodeTypeEdgeCases::test_node_type_empty_string [32mPASSED[0m[31m [ 60%][0m
tests/unit/models/discovery/test_discovery_events.py::TestModelNodeIntrospectionEventNodeTypeEdgeCases::test_node_type_invalid_value [32mPASSED[0m[31m [ 60%][0m
tests/unit/models/discovery/test_discovery_events.py::TestModelNodeIntrospectionEventNodeTypeEdgeCases::test_node_type_partial_match [32mPASSED[0m[31m [ 60%][0m
tests/unit/models/discovery/test_discovery_events.py::TestModelNodeIntrospectionEventNodeTypeEdgeCases::test_node_type_uppercase [32mPASSED[0m[31m [ 60%][0m
tests/unit/models/discovery/test_discovery_events.py::TestModelNodeIntrospectionEventNodeTypeEdgeCases::test_node_type_with_whitespace [32mPASSED[0m[31m [ 60%][0m
tests/unit/utils/test_field_converter.py::TestFieldConverter::test_field_converter_basic_conversion [32mPASSED[0m[31m [ 61%][0m
tests/unit/utils/test_field_converter.py::TestFieldConverter::test_field_converter_boolean_conversion [32mPASSED[0m[31m [ 61%][0m
tests/unit/utils/test_field_converter.py::TestFieldConverter::test_field_converter_complex_validator [32mPASSED[0m[31m [ 61%][0m
tests/unit/utils/test_field_converter.py::TestFieldConverter::test_field_converter_conversion_error [32mPASSED[0m[31m [ 61%][0m
tests/unit/utils/test_field_converter.py::TestFieldConverter::test_field_converter_custom_converter [32mPASSED[0m[31m [ 61%][0m
tests/unit/utils/test_field_converter.py::TestFieldConverter::test_field_converter_error_context [32mPASSED[0m[31m [ 61%][0m
tests/unit/utils/test_field_converter.py::TestFieldConverter::test_field_converter_float_conversion [32mPASSED[0m[31m [ 62%][0m
tests/unit/utils/test_field_converter.py::TestFieldConverter::test_field_converter_frozen_dataclass [32mPASSED[0m[31m [ 62%][0m
tests/unit/utils/test_field_converter.py::TestFieldConverter::test_field_converter_no_default_on_error [32mPASSED[0m[31m [ 62%][0m
tests/unit/utils/test_field_converter.py::TestFieldConverter::test_field_converter_none_validator [32mPASSED[0m[31m [ 62%][0m
tests/unit/utils/test_field_converter.py::TestFieldConverter::test_field_converter_string_conversion [32mPASSED[0m[31m [ 62%][0m
tests/unit/utils/test_field_converter.py::TestFieldConverter::test_field_converter_validator_error_context [32mPASSED[0m[31m [ 62%][0m
tests/unit/utils/test_field_converter.py::TestFieldConverter::test_field_converter_validator_failure [32mPASSED[0m[31m [ 62%][0m
tests/unit/utils/test_field_converter.py::TestFieldConverter::test_field_converter_with_default_on_error [32mPASSED[0m[31m [ 63%][0m
tests/unit/utils/test_field_converter.py::TestFieldConverter::test_field_converter_with_default_value [32mPASSED[0m[31m [ 63%][0m
tests/unit/utils/test_field_converter.py::TestFieldConverter::test_field_converter_with_validator [32mPASSED[0m[31m [ 63%][0m
tests/unit/utils/test_fsm_executor.py::TestFSMConditions::test_condition_met [31mERROR[0m[31m [ 63%][0m
tests/unit/utils/test_fsm_executor.py::TestFSMConditions::test_condition_missing_field [31mERROR[0m[31m [ 63%][0m
tests/unit/utils/test_fsm_executor.py::TestFSMConditions::test_condition_not_met [31mERROR[0m[31m [ 63%][0m
tests/unit/utils/test_fsm_executor.py::TestFSMTransitionSuccess::test_entry_and_exit_actions [31mERROR[0m[31m [ 64%][0m
tests/unit/utils/test_fsm_executor.py::TestFSMState::test_fsm_state_creation [32mPASSED[0m[31m [ 64%][0m
tests/unit/utils/test_fsm_executor.py::TestFSMState::test_get_initial_state [31mERROR[0m[31m [ 64%][0m
tests/unit/utils/test_fsm_executor.py::TestFSMErrors::test_invalid_current_state [31mERROR[0m[31m [ 64%][0m
tests/unit/utils/test_fsm_executor.py::TestFSMValidation::test_invalid_initial_state [31mFAILED[0m[31m [ 64%][0m
tests/unit/utils/test_fsm_executor.py::TestFSMErrors::test_invalid_target_state [31mFAILED[0m[31m [ 64%][0m
tests/unit/utils/test_fsm_executor.py::TestFSMValidation::test_invalid_transition_states [31mFAILED[0m[31m [ 64%][0m
tests/unit/utils/test_fsm_executor.py::TestFSMErrors::test_invalid_trigger [31mERROR[0m[31m [ 65%][0m
tests/unit/utils/test_fsm_executor.py::TestMetricsIntents::test_metrics_intent_always_emitted [31mERROR[0m[31m [ 65%][0m
tests/unit/utils/test_fsm_executor.py::TestPersistenceIntents::test_no_persistence_intent_when_disabled [31mERROR[0m[31m [ 65%][0m
tests/unit/utils/test_fsm_executor.py::TestPersistenceIntents::test_persistence_intent_emitted_when_enabled [31mERROR[0m[31m [ 65%][0m
tests/unit/utils/test_fsm_executor.py::TestFSMTransitionSuccess::test_simple_transition_success [31mERROR[0m[31m [ 65%][0m
tests/unit/utils/test_fsm_executor.py::TestFSMValidation::test_terminal_state_explicit_transitions_blocked [31mFAILED[0m[31m [ 65%][0m
tests/unit/utils/test_fsm_executor.py::TestFSMTransitionSuccess::test_transition_actions_executed [31mERROR[0m[31m [ 66%][0m
tests/unit/utils/test_fsm_executor.py::TestFSMTransitionSuccess::test_transition_to_terminal_state [31mERROR[0m[31m [ 66%][0m
tests/unit/utils/test_fsm_executor.py::TestFSMValidation::test_unreachable_states [31mFAILED[0m[31m [ 66%][0m
tests/unit/utils/test_fsm_executor.py::TestFSMValidation::test_valid_fsm [31mERROR[0m[31m [ 66%][0m
tests/unit/utils/test_fsm_executor.py::TestWildcardTransitions::test_wildcard_transition [31mFAILED[0m[31m [ 66%][0m
tests/unit/utils/test_fsm_executor.py::TestFSMValidation::test_wildcard_transitions_allowed_from_terminal [31mFAILED[0m[31m [ 66%][0m
tests/unit/models/metadata/analytics/test_model_analytics_core.py::TestModelAnalyticsCoreProperties::test_active_node_ratio_all_active [32mPASSED[0m[31m [ 66%][0m
tests/unit/models/metadata/analytics/test_model_analytics_core.py::TestModelAnalyticsCoreProperties::test_active_node_ratio_normal [32mPASSED[0m[31m [ 67%][0m
tests/unit/models/metadata/analytics/test_model_analytics_core.py::TestModelAnalyticsCoreProperties::test_active_node_ratio_zero_total [32mPASSED[0m[31m [ 67%][0m
tests/unit/models/metadata/analytics/test_model_analytics_core.py::TestModelAnalyticsCoreUpdateMethods::test_add_nodes_all_types [32mPASSED[0m[31m [ 67%][0m
tests/unit/models/metadata/analytics/test_model_analytics_core.py::TestModelAnalyticsCoreUpdateMethods::test_add_nodes_basic [32mPASSED[0m[31m [ 67%][0m
tests/unit/models/metadata/analytics/test_model_analytics_core.py::TestModelAnalyticsCoreUpdateMethods::test_add_nodes_negative_values [32mPASSED[0m[31m [ 67%][0m
tests/unit/models/metadata/analytics/test_model_analytics_core.py::TestModelAnalyticsCoreUpdateMethods::test_add_nodes_zero_values [32mPASSED[0m[31m [ 67%][0m
tests/unit/models/metadata/analytics/test_model_analytics_core.py::TestModelAnalyticsCoreEdgeCases::test_all_nodes_deprecated [32mPASSED[0m[31m [ 68%][0m
tests/unit/models/metadata/analytics/test_model_analytics_core.py::TestModelAnalyticsCoreProperties::test_collection_name_property [32mPASSED[0m[31m [ 68%][0m
tests/unit/models/metadata/analytics/test_model_analytics_core.py::TestModelAnalyticsCoreProperties::test_collection_name_property_none [32mPASSED[0m[31m [ 68%][0m
tests/unit/models/metadata/analytics/test_model_analytics_core.py::TestModelAnalyticsCoreEdgeCases::test_counts_exceed_total [32mPASSED[0m[31m [ 68%][0m
tests/unit/models/metadata/analytics/test_model_analytics_core.py::TestModelAnalyticsCoreFactoryMethods::test_create_for_collection [32mPASSED[0m[31m [ 68%][0m
tests/unit/models/metadata/analytics/test_model_analytics_core.py::TestModelAnalyticsCoreInstantiation::test_create_with_all_fields [32mPASSED[0m[31m [ 68%][0m
tests/unit/models/metadata/analytics/test_model_analytics_core.py::TestModelAnalyticsCoreInstantiation::test_create_with_collection_info [32mPASSED[0m[31m [ 68%][0m
tests/unit/models/metadata/analytics/test_model_analytics_core.py::TestModelAnalyticsCoreFactoryMethods::test_create_with_counts [32mPASSED[0m[31m [ 69%][0m
tests/unit/models/metadata/analytics/test_model_analytics_core.py::TestModelAnalyticsCoreFactoryMethods::test_create_with_counts_deterministic_id [32mPASSED[0m[31m [ 69%][0m
tests/unit/models/metadata/analytics/test_model_analytics_core.py::TestModelAnalyticsCoreFactoryMethods::test_create_with_counts_minimal [32mPASSED[0m[31m [ 69%][0m
tests/unit/models/metadata/analytics/test_model_analytics_core.py::TestModelAnalyticsCoreInstantiation::test_create_with_defaults [32mPASSED[0m[31m [ 69%][0m
tests/unit/models/metadata/analytics/test_model_analytics_core.py::TestModelAnalyticsCoreInstantiation::test_create_with_node_counts [32mPASSED[0m[31m [ 69%][0m
tests/unit/models/metadata/analytics/test_model_analytics_core.py::TestModelAnalyticsCoreProperties::test_deprecated_node_ratio_normal [32mPASSED[0m[31m [ 69%][0m
tests/unit/models/metadata/analytics/test_model_analytics_core.py::TestModelAnalyticsCoreProperties::test_deprecated_node_ratio_zero_total [32mPASSED[0m[31m [ 70%][0m
tests/unit/models/metadata/analytics/test_model_analytics_core.py::TestModelAnalyticsCoreProperties::test_disabled_node_ratio_normal [32mPASSED[0m[31m [ 70%][0m
tests/unit/models/metadata/analytics/test_model_analytics_core.py::TestModelAnalyticsCoreProperties::test_disabled_node_ratio_zero_total [32mPASSED[0m[31m [ 70%][0m
tests/unit/models/metadata/analytics/test_model_analytics_core.py::TestModelAnalyticsCoreEdgeCases::test_empty_collection_name [32mPASSED[0m[31m [ 70%][0m
tests/unit/models/metadata/analytics/test_model_analytics_core.py::TestModelAnalyticsCoreProtocols::test_get_metadata [32mPASSED[0m[31m [ 70%][0m
tests/unit/models/metadata/analytics/test_model_analytics_core.py::TestModelAnalyticsCorePredicates::test_has_active_nodes_false [32mPASSED[0m[31m [ 70%][0m
tests/unit/models/metadata/analytics/test_model_analytics_core.py::TestModelAnalyticsCorePredicates::test_has_active_nodes_true [32mPASSED[0m[31m [ 70%][0m
tests/unit/models/metadata/analytics/test_model_analytics_core.py::TestModelAnalyticsCorePredicates::test_has_issues_false [32mPASSED[0m[31m [ 71%][0m
tests/unit/models/metadata/analytics/test_model_analytics_core.py::TestModelAnalyticsCorePredicates::test_has_issues_with_both [32mPASSED[0m[31m [ 71%][0m
tests/unit/models/metadata/analytics/test_model_analytics_core.py::TestModelAnalyticsCorePredicates::test_has_issues_with_deprecated [32mPASSED[0m[31m [ 71%][0m
tests/unit/models/metadata/analytics/test_model_analytics_core.py::TestModelAnalyticsCorePredicates::test_has_issues_with_disabled [32mPASSED[0m[31m [ 71%][0m
tests/unit/models/metadata/analytics/test_model_analytics_core.py::TestModelAnalyticsCorePredicates::test_has_nodes_false [32mPASSED[0m[31m [ 71%][0m
tests/unit/models/metadata/analytics/test_model_analytics_core.py::TestModelAnalyticsCorePredicates::test_has_nodes_true [32mPASSED[0m[31m [ 71%][0m
tests/unit/models/metadata/analytics/test_model_analytics_core.py::TestModelAnalyticsCoreSerialization::test_model_dump [32mPASSED[0m[31m [ 72%][0m
tests/unit/models/metadata/analytics/test_model_analytics_core.py::TestModelAnalyticsCoreSerialization::test_model_dump_exclude_none [32mPASSED[0m[31m [ 72%][0m
tests/unit/models/metadata/analytics/test_model_analytics_core.py::TestModelAnalyticsCoreEdgeCases::test_ratios_with_rounding [32mPASSED[0m[31m [ 72%][0m
tests/unit/models/metadata/analytics/test_model_analytics_core.py::TestModelAnalyticsCoreProtocols::test_serialize [32mPASSED[0m[31m [ 72%][0m
tests/unit/models/metadata/analytics/test_model_analytics_core.py::TestModelAnalyticsCoreProtocols::test_set_metadata [32mPASSED[0m[31m [ 72%][0m
tests/unit/models/metadata/analytics/test_model_analytics_core.py::TestModelAnalyticsCoreProtocols::test_set_metadata_with_exception [32mPASSED[0m[31m [ 72%][0m
tests/unit/models/metadata/analytics/test_model_analytics_core.py::TestModelAnalyticsCoreEdgeCases::test_simultaneous_updates [32mPASSED[0m[31m [ 72%][0m
tests/unit/models/metadata/analytics/test_model_analytics_core.py::TestModelAnalyticsCoreEdgeCases::test_unicode_collection_name [32mPASSED[0m[31m [ 73%][0m
tests/unit/models/metadata/analytics/test_model_analytics_core.py::TestModelAnalyticsCoreUpdateMethods::test_update_node_counts [32mPASSED[0m[31m [ 73%][0m
tests/unit/models/metadata/analytics/test_model_analytics_core.py::TestModelAnalyticsCoreUpdateMethods::test_update_node_counts_negative_values [32mPASSED[0m[31m [ 73%][0m
tests/unit/models/metadata/analytics/test_model_analytics_core.py::TestModelAnalyticsCoreUpdateMethods::test_update_node_counts_replaces_existing [32mPASSED[0m[31m [ 73%][0m
tests/unit/models/metadata/analytics/test_model_analytics_core.py::TestModelAnalyticsCoreProtocols::test_validate_instance [32mPASSED[0m[31m [ 73%][0m
tests/unit/models/metadata/analytics/test_model_analytics_core.py::TestModelAnalyticsCoreEdgeCases::test_very_large_node_counts [32mPASSED[0m[31m [ 73%][0m
tests/unit/core/test_model_base_collection.py::TestCollectionEdgeCases::test_add_duplicate_items [32mPASSED[0m[31m [ 74%][0m
tests/unit/core/test_model_base_collection.py::TestCollectionEdgeCases::test_add_empty_string [32mPASSED[0m[31m [ 74%][0m
tests/unit/core/test_model_base_collection.py::TestConcreteCollectionImplementation::test_add_multiple_items [32mPASSED[0m[31m [ 74%][0m
tests/unit/core/test_model_base_collection.py::TestConcreteCollectionImplementation::test_add_single_item [32mPASSED[0m[31m [ 74%][0m
tests/unit/core/test_model_base_collection.py::TestModelBaseCollectionAbstract::test_cannot_instantiate_abstract_class [32mPASSED[0m[31m [ 74%][0m
tests/unit/core/test_model_base_collection.py::TestCollectionEdgeCases::test_collection_copy_constructor [32mPASSED[0m[31m [ 74%][0m
tests/unit/core/test_model_base_collection.py::TestConcreteCollectionImplementation::test_create_empty_collection [32mPASSED[0m[31m [ 74%][0m
tests/unit/core/test_model_base_collection.py::TestCollectionModelSerialization::test_deserialize_collection [32mPASSED[0m[31m [ 75%][0m
tests/unit/core/test_model_base_collection.py::TestCollectionEdgeCases::test_empty_collection_operations [32mPASSED[0m[31m [ 75%][0m
tests/unit/core/test_model_base_collection.py::TestConcreteCollectionImplementation::test_get_items_returns_copy [32mPASSED[0m[31m [ 75%][0m
tests/unit/core/test_model_base_collection.py::TestIntegerCollectionImplementation::test_integer_collection_iteration [32mPASSED[0m[31m [ 75%][0m
tests/unit/core/test_model_base_collection.py::TestIntegerCollectionImplementation::test_integer_collection_operations [32mPASSED[0m[31m [ 75%][0m
tests/unit/core/test_model_base_collection.py::TestCollectionTypeParameter::test_integer_collection_type [32mPASSED[0m[31m [ 75%][0m
tests/unit/core/test_model_base_collection.py::TestConcreteCollectionImplementation::test_iter_items [32mPASSED[0m[31m [ 76%][0m
tests/unit/core/test_model_base_collection.py::TestCollectionModelSerialization::test_json_deserialization [32mPASSED[0m[31m [ 76%][0m
tests/unit/core/test_model_base_collection.py::TestCollectionModelSerialization::test_json_serialization [32mPASSED[0m[31m [ 76%][0m
tests/unit/core/test_model_base_collection.py::TestCollectionEdgeCases::test_large_collection [32mPASSED[0m[31m [ 76%][0m
tests/unit/core/test_model_base_collection.py::TestModelBaseCollectionAbstract::test_missing_add_item_method [32mPASSED[0m[31m [ 76%][0m
tests/unit/core/test_model_base_collection.py::TestModelBaseCollectionAbstract::test_missing_remove_item_method [32mPASSED[0m[31m [ 76%][0m
tests/unit/core/test_model_base_collection.py::TestConcreteCollectionImplementation::test_model_config_extra_ignore [32mPASSED[0m[31m [ 76%][0m
tests/unit/core/test_model_base_collection.py::TestConcreteCollectionImplementation::test_pydantic_validation [32mPASSED[0m[31m [ 77%][0m
tests/unit/core/test_model_base_collection.py::TestConcreteCollectionImplementation::test_remove_existing_item [32mPASSED[0m[31m [ 77%][0m
tests/unit/core/test_model_base_collection.py::TestIntegerCollectionImplementation::test_remove_first_occurrence [32mPASSED[0m[31m [ 77%][0m
tests/unit/core/test_model_base_collection.py::TestConcreteCollectionImplementation::test_remove_nonexistent_item [32mPASSED[0m[31m [ 77%][0m
tests/unit/core/test_model_base_collection.py::TestCollectionModelSerialization::test_serialize_collection [32mPASSED[0m[31m [ 77%][0m
tests/unit/core/test_model_base_collection.py::TestCollectionTypeParameter::test_string_collection [32mPASSED[0m[31m [ 77%][0m
tests/unit/core/test_model_base_collection.py::TestCollectionTypeParameter::test_type_hints_preserved [32mPASSED[0m[31m [ 78%][0m
tests/unit/models/container/test_model_base_container.py::TestBaseContainerHelpers::test_coordinator_with_factory_integration [32mPASSED[0m[31m [ 78%][0m
tests/unit/models/container/test_model_base_container.py::TestBaseContainerHelpers::test_create_action_registry [32mPASSED[0m[31m [ 78%][0m
tests/unit/models/container/test_model_base_container.py::TestBaseContainerHelpers::test_create_command_registry [32mPASSED[0m[31m [ 78%][0m
tests/unit/models/container/test_model_base_container.py::TestBaseContainerHelpers::test_create_enhanced_logger [32mPASSED[0m[31m [ 78%][0m
tests/unit/models/container/test_model_base_container.py::TestBaseContainerHelpers::test_create_enhanced_logger_various_levels [32mPASSED[0m[31m [ 78%][0m
tests/unit/models/container/test_model_base_container.py::TestBaseContainerHelpers::test_create_event_type_registry [32mPASSED[0m[31m [ 78%][0m
tests/unit/models/container/test_model_base_container.py::TestBaseContainerHelpers::test_create_secret_manager [32mPASSED[0m[31m [ 79%][0m
tests/unit/models/container/test_model_base_container.py::TestBaseContainerHelpers::test_create_workflow_coordinator [32mPASSED[0m[31m [ 79%][0m
tests/unit/models/container/test_model_base_container.py::TestBaseContainerHelpers::test_create_workflow_factory [32mPASSED[0m[31m [ 79%][0m
tests/unit/models/container/test_model_base_container.py::TestBaseContainerHelpers::test_logger_levels_hierarchy [32mPASSED[0m[31m [ 79%][0m
tests/unit/models/container/test_model_base_container.py::TestBaseContainerHelpers::test_registries_are_independent [32mPASSED[0m[31m [ 79%][0m
tests/unit/core/test_model_base_factory.py::TestFactoryEdgeCases::test_can_create_empty_string [32mPASSED[0m[31m [ 79%][0m
tests/unit/core/test_model_base_factory.py::TestFactoryEdgeCases::test_can_create_none_type [32mPASSED[0m[31m [ 80%][0m
tests/unit/core/test_model_base_factory.py::TestConcreteFactoryImplementation::test_can_create_supported_type [32mPASSED[0m[31m [ 80%][0m
tests/unit/core/test_model_base_factory.py::TestConcreteFactoryImplementation::test_can_create_unsupported_type [32mPASSED[0m[31m [ 80%][0m
tests/unit/core/test_model_base_factory.py::TestUserFactoryImplementation::test_can_create_user_types [32mPASSED[0m[31m [ 80%][0m
tests/unit/core/test_model_base_factory.py::TestModelBaseFactoryAbstract::test_cannot_instantiate_abstract_class [32mPASSED[0m[31m [ 80%][0m
tests/unit/core/test_model_base_factory.py::TestConcreteFactoryImplementation::test_create_basic_product [32mPASSED[0m[31m [ 80%][0m
tests/unit/core/test_model_base_factory.py::TestFactoryCreationPatterns::test_create_multiple_instances [32mPASSED[0m[31m [ 80%][0m
tests/unit/core/test_model_base_factory.py::TestConcreteFactoryImplementation::test_create_product_with_category [32mPASSED[0m[31m [ 81%][0m
tests/unit/core/test_model_base_factory.py::TestUserFactoryImplementation::test_create_user_auto_email [32mPASSED[0m[31m [ 81%][0m
tests/unit/core/test_model_base_factory.py::TestUserFactoryImplementation::test_create_user_custom_domain [32mPASSED[0m[31m [ 81%][0m
tests/unit/core/test_model_base_factory.py::TestUserFactoryImplementation::test_create_user_with_email [32mPASSED[0m[31m [ 81%][0m
tests/unit/core/test_model_base_factory.py::TestFactoryCreationPatterns::test_create_with_all_parameters [32mPASSED[0m[31m [ 81%][0m
tests/unit/core/test_model_base_factory.py::TestConcreteFactoryImplementation::test_create_with_custom_default_category [32mPASSED[0m[31m [ 81%][0m
tests/unit/core/test_model_base_factory.py::TestFactoryEdgeCases::test_create_with_many_kwargs [32mPASSED[0m[31m [ 82%][0m
tests/unit/core/test_model_base_factory.py::TestFactoryEdgeCases::test_create_with_no_kwargs [32mPASSED[0m[31m [ 82%][0m
tests/unit/core/test_model_base_factory.py::TestFactoryCreationPatterns::test_create_with_validation_error [32mPASSED[0m[31m [ 82%][0m
tests/unit/core/test_model_base_factory.py::TestFactoryInheritance::test_extend_factory [32mPASSED[0m[31m [ 82%][0m
tests/unit/core/test_model_base_factory.py::TestConcreteFactoryImplementation::test_factory_configuration [32mPASSED[0m[31m [ 82%][0m
tests/unit/core/test_model_base_factory.py::TestFactoryModelConfiguration::test_factory_model_config_extra_ignore [32mPASSED[0m[31m [ 82%][0m
tests/unit/core/test_model_base_factory.py::TestFactoryModelConfiguration::test_factory_model_config_validate_assignment [32mPASSED[0m[31m [ 82%][0m
tests/unit/core/test_model_base_factory.py::TestFactoryModelConfiguration::test_factory_pydantic_validation [32mPASSED[0m[31m [ 83%][0m
tests/unit/core/test_model_base_factory.py::TestFactoryEdgeCases::test_factory_reuse [32mPASSED[0m[31m [ 83%][0m
tests/unit/core/test_model_base_factory.py::TestFactoryModelConfiguration::test_factory_serialization [32mPASSED[0m[31m [ 83%][0m
tests/unit/core/test_model_base_factory.py::TestFactoryCreationPatterns::test_factory_state_independence [32mPASSED[0m[31m [ 83%][0m
tests/unit/core/test_model_base_factory.py::TestFactoryTypeParameter::test_factory_type_safety [32mPASSED[0m[31m [ 83%][0m
tests/unit/core/test_model_base_factory.py::TestModelBaseFactoryAbstract::test_missing_can_create_method [32mPASSED[0m[31m [ 83%][0m
tests/unit/core/test_model_base_factory.py::TestModelBaseFactoryAbstract::test_missing_create_method [32mPASSED[0m[31m [ 84%][0m
tests/unit/core/test_model_base_factory.py::TestFactoryWithComplexTypes::test_nested_model_creation [32mPASSED[0m[31m [ 84%][0m
tests/unit/core/test_model_base_factory.py::TestFactoryInheritance::test_override_can_create [32mPASSED[0m[31m [ 84%][0m
tests/unit/core/test_model_base_factory.py::TestFactoryTypeParameter::test_product_factory_type [32mPASSED[0m[31m [ 84%][0m
tests/unit/core/test_model_base_factory.py::TestFactoryTypeParameter::test_user_factory_type [32mPASSED[0m[31m [ 84%][0m
tests/unit/core/test_model_base_processor.py::TestModelServiceBaseProcessor::test_cannot_instantiate_abstract_class [32mPASSED[0m[31m [ 84%][0m
tests/unit/core/test_model_base_processor.py::TestModelServiceBaseProcessor::test_concrete_implementation_with_both_methods [32mPASSED[0m[31m [ 84%][0m
tests/unit/core/test_model_base_processor.py::TestModelServiceBaseProcessor::test_concrete_processor_can_process_method [32mPASSED[0m[31m [ 85%][0m
tests/unit/core/test_model_base_processor.py::TestModelServiceBaseProcessor::test_concrete_processor_process_method [32mPASSED[0m[31m [ 85%][0m
tests/unit/core/test_model_base_processor.py::TestModelServiceBaseProcessor::test_missing_can_process_method_fails [32mPASSED[0m[31m [ 85%][0m
tests/unit/core/test_model_base_processor.py::TestModelServiceBaseProcessor::test_missing_process_method_fails [32mPASSED[0m[31m [ 85%][0m
tests/unit/core/test_model_base_processor.py::TestModelServiceBaseProcessor::test_processor_error_handling [32mPASSED[0m[31m [ 85%][0m
tests/unit/core/test_model_base_processor.py::TestModelServiceBaseProcessor::test_processor_inheritance_chain [32mPASSED[0m[31m [ 85%][0m
tests/unit/core/test_model_base_processor.py::TestModelServiceBaseProcessor::test_processor_model_config_enum_values [32mPASSED[0m[31m [ 86%][0m
tests/unit/core/test_model_base_processor.py::TestModelServiceBaseProcessor::test_processor_model_config_extra_ignore [32mPASSED[0m[31m [ 86%][0m
tests/unit/core/test_model_base_processor.py::TestModelServiceBaseProcessor::test_processor_model_config_validate_assignment [32mPASSED[0m[31m [ 86%][0m
tests/unit/core/test_model_base_processor.py::TestModelServiceBaseProcessor::test_processor_serialization [32mPASSED[0m[31m [ 86%][0m
tests/unit/core/test_model_base_processor.py::TestModelServiceBaseProcessor::test_processor_with_complex_data_types [32mPASSED[0m[31m [ 86%][0m
tests/unit/core/test_model_base_processor.py::TestModelServiceBaseProcessor::test_processor_with_pydantic_validation [32mPASSED[0m[31m [ 86%][0m
tests/unit/core/test_model_base_processor.py::TestModelServiceBaseProcessor::test_processor_with_state [32mPASSED[0m[31m [ 86%][0m
tests/unit/models/cli/test_model_cli_advanced_params.py::TestModelCliAdvancedParams::test_cache_ttl_validation [32mPASSED[0m[31m [ 87%][0m
tests/unit/models/cli/test_model_cli_advanced_params.py::TestModelCliAdvancedParams::test_complex_configuration_scenario [32mPASSED[0m[31m [ 87%][0m
tests/unit/models/cli/test_model_cli_advanced_params.py::TestModelCliAdvancedParams::test_config_override_management [32mPASSED[0m[31m [ 87%][0m
tests/unit/models/cli/test_model_cli_advanced_params.py::TestModelCliAdvancedParams::test_convenience_methods_interaction [32mPASSED[0m[31m [ 87%][0m
tests/unit/models/cli/test_model_cli_advanced_params.py::TestModelCliAdvancedParams::test_cpu_limit_validation [32mPASSED[0m[31m [ 87%][0m
tests/unit/models/cli/test_model_cli_advanced_params.py::TestModelCliAdvancedParams::test_custom_parameters_management [32mPASSED[0m[31m [ 87%][0m
tests/unit/models/cli/test_model_cli_advanced_params.py::TestModelCliAdvancedParams::test_debug_level_validation [32mPASSED[0m[31m [ 88%][0m
tests/unit/models/cli/test_model_cli_advanced_params.py::TestModelCliAdvancedParams::test_edge_cases_empty_collections [32mPASSED[0m[31m [ 88%][0m
tests/unit/models/cli/test_model_cli_advanced_params.py::TestModelCliAdvancedParams::test_enable_debug_mode [32mPASSED[0m[31m [ 88%][0m
tests/unit/models/cli/test_model_cli_advanced_params.py::TestModelCliAdvancedParams::test_enable_performance_mode [32mPASSED[0m[31m [ 88%][0m
tests/unit/models/cli/test_model_cli_advanced_params.py::TestModelCliAdvancedParams::test_enable_security_mode [32mPASSED[0m[31m [ 88%][0m
tests/unit/models/cli/test_model_cli_advanced_params.py::TestModelCliAdvancedParams::test_environment_variables_management [32mPASSED[0m[31m [ 88%][0m
tests/unit/models/cli/test_model_cli_advanced_params.py::TestModelCliAdvancedParams::test_initialization_empty [32mPASSED[0m[31m [ 88%][0m
tests/unit/models/cli/test_model_cli_advanced_params.py::TestModelCliAdvancedParams::test_initialization_with_values [32mPASSED[0m[31m [ 89%][0m
tests/unit/models/cli/test_model_cli_advanced_params.py::TestModelCliAdvancedParams::test_json_serialization [32mPASSED[0m[31m [ 89%][0m
tests/unit/models/cli/test_model_cli_advanced_params.py::TestModelCliAdvancedParams::test_max_parallel_tasks_validation [32mPASSED[0m[31m [ 89%][0m
tests/unit/models/cli/test_model_cli_advanced_params.py::TestModelCliAdvancedParams::test_max_retries_validation [32mPASSED[0m[31m [ 89%][0m
tests/unit/models/cli/test_model_cli_advanced_params.py::TestModelCliAdvancedParams::test_memory_limit_validation [32mPASSED[0m[31m [ 89%][0m
tests/unit/models/cli/test_model_cli_advanced_params.py::TestModelCliAdvancedParams::test_mixed_type_config_overrides [32mPASSED[0m[31m [ 89%][0m
tests/unit/models/cli/test_model_cli_advanced_params.py::TestModelCliAdvancedParams::test_model_round_trip [32mPASSED[0m[31m [ 90%][0m
tests/unit/models/cli/test_model_cli_advanced_params.py::TestModelCliAdvancedParams::test_output_format_options [32mPASSED[0m[31m [ 90%][0m
tests/unit/models/cli/test_model_cli_advanced_params.py::TestModelCliAdvancedParams::test_pydantic_deserialization [32mPASSED[0m[31m [ 90%][0m
tests/unit/models/cli/test_model_cli_advanced_params.py::TestModelCliAdvancedParams::test_pydantic_serialization [32mPASSED[0m[31m [ 90%][0m
tests/unit/models/cli/test_model_cli_advanced_params.py::TestModelCliAdvancedParams::test_retry_delay_validation [32mPASSED[0m[31m [ 90%][0m
tests/unit/models/cli/test_model_cli_advanced_params.py::TestModelCliAdvancedParams::test_security_level_validation [32mPASSED[0m[31m [ 90%][0m
tests/unit/models/cli/test_model_cli_advanced_params.py::TestModelCliAdvancedParams::test_set_cpu_limit_method [32mPASSED[0m[31m [ 90%][0m
tests/unit/models/cli/test_model_cli_advanced_params.py::TestModelCliAdvancedParams::test_set_memory_limit_method [32mPASSED[0m[31m [ 91%][0m
tests/unit/models/cli/test_model_cli_advanced_params.py::TestModelCliAdvancedParams::test_set_timeout_method [32mPASSED[0m[31m [ 91%][0m
tests/unit/models/cli/test_model_cli_advanced_params.py::TestModelCliAdvancedParams::test_timeout_validation_invalid [32mPASSED[0m[31m [ 91%][0m
tests/unit/models/cli/test_model_cli_advanced_params.py::TestModelCliAdvancedParams::test_timeout_validation_positive [32mPASSED[0m[31m [ 91%][0m
tests/unit/models/cli/test_model_cli_command_option.py::TestModelCliCommandOptionEdgeCases::test_complex_metadata_combination [32mPASSED[0m[31m [ 91%][0m
tests/unit/models/cli/test_model_cli_command_option.py::TestModelCliCommandOptionBasic::test_create_boolean_option_direct [32mPASSED[0m[31m [ 91%][0m
tests/unit/models/cli/test_model_cli_command_option.py::TestModelCliCommandOptionBasic::test_create_float_option_direct [32mPASSED[0m[31m [ 92%][0m
tests/unit/models/cli/test_model_cli_command_option.py::TestModelCliCommandOptionBasic::test_create_integer_option_direct [32mPASSED[0m[31m [ 92%][0m
tests/unit/models/cli/test_model_cli_command_option.py::TestModelCliCommandOptionBasic::test_create_string_list_option_direct [32mPASSED[0m[31m [ 92%][0m
tests/unit/models/cli/test_model_cli_command_option.py::TestModelCliCommandOptionBasic::test_create_string_option_direct [32mPASSED[0m[31m [ 92%][0m
tests/unit/models/cli/test_model_cli_command_option.py::TestModelCliCommandOptionBasic::test_create_uuid_option_direct [32mPASSED[0m[31m [ 92%][0m
tests/unit/models/cli/test_model_cli_command_option.py::TestModelCliCommandOptionEdgeCases::test_empty_description_and_choices [32mPASSED[0m[31m [ 92%][0m
tests/unit/models/cli/test_model_cli_command_option.py::TestModelCliCommandOptionFactoryMethods::test_factory_with_all_metadata [32mPASSED[0m[31m [ 92%][0m
tests/unit/models/cli/test_model_cli_command_option.py::TestModelCliCommandOptionFactoryMethods::test_factory_with_invalid_kwarg_types [32mPASSED[0m[31m [ 93%][0m
tests/unit/models/cli/test_model_cli_command_option.py::TestModelCliCommandOptionFactoryMethods::test_from_boolean [32mPASSED[0m[31m [ 93%][0m
tests/unit/models/cli/test_model_cli_command_option.py::TestModelCliCommandOptionFactoryMethods::test_from_float [32mPASSED[0m[31m [ 93%][0m
tests/unit/models/cli/test_model_cli_command_option.py::TestModelCliCommandOptionFactoryMethods::test_from_integer [32mPASSED[0m[31m [ 93%][0m
tests/unit/models/cli/test_model_cli_command_option.py::TestModelCliCommandOptionFactoryMethods::test_from_string [32mPASSED[0m[31m [ 93%][0m
tests/unit/models/cli/test_model_cli_command_option.py::TestModelCliCommandOptionFactoryMethods::test_from_string_list [32mPASSED[0m[31m [ 93%][0m
tests/unit/models/cli/test_model_cli_command_option.py::TestModelCliCommandOptionFactoryMethods::test_from_uuid [32mPASSED[0m[31m [ 94%][0m
tests/unit/models/cli/test_model_cli_command_option.py::TestModelCliCommandOptionProtocols::test_get_name [32mPASSED[0m[31m [ 94%][0m
tests/unit/models/cli/test_model_cli_command_option.py::TestModelCliCommandOptionMethods::test_get_string_value_from_boolean [32mPASSED[0m[31m [ 94%][0m
tests/unit/models/cli/test_model_cli_command_option.py::TestModelCliCommandOptionMethods::test_get_string_value_from_float [32mPASSED[0m[31m [ 94%][0m
tests/unit/models/cli/test_model_cli_command_option.py::TestModelCliCommandOptionMethods::test_get_string_value_from_integer [32mPASSED[0m[31m [ 94%][0m
tests/unit/models/cli/test_model_cli_command_option.py::TestModelCliCommandOptionMethods::test_get_string_value_from_list [32mPASSED[0m[31m [ 94%][0m
tests/unit/models/cli/test_model_cli_command_option.py::TestModelCliCommandOptionMethods::test_get_string_value_from_string [32mPASSED[0m[31m [ 94%][0m
tests/unit/models/cli/test_model_cli_command_option.py::TestModelCliCommandOptionMethods::test_get_typed_value [32mPASSED[0m[31m [ 95%][0m
tests/unit/models/cli/test_model_cli_command_option.py::TestModelCliCommandOptionMethods::test_is_boolean_flag_false_not_boolean [32mPASSED[0m[31m [ 95%][0m
tests/unit/models/cli/test_model_cli_command_option.py::TestModelCliCommandOptionMethods::test_is_boolean_flag_false_not_flag [32mPASSED[0m[31m [ 95%][0m
tests/unit/models/cli/test_model_cli_command_option.py::TestModelCliCommandOptionMethods::test_is_boolean_flag_true [32mPASSED[0m[31m [ 95%][0m
tests/unit/models/cli/test_model_cli_command_option.py::TestModelCliCommandOptionEdgeCases::test_multiple_options_same_display_name [32mPASSED[0m[31m [ 95%][0m
tests/unit/models/cli/test_model_cli_command_option.py::TestModelCliCommandOptionMethods::test_option_name_with_display_name [32mPASSED[0m[31m [ 95%][0m
tests/unit/models/cli/test_model_cli_command_option.py::TestModelCliCommandOptionMethods::test_option_name_without_display_name [32mPASSED[0m[31m [ 96%][0m
tests/unit/models/cli/test_model_cli_command_option.py::TestModelCliCommandOptionEdgeCases::test_round_trip_serialization [32mPASSED[0m[31m [ 96%][0m
tests/unit/models/cli/test_model_cli_command_option.py::TestModelCliCommandOptionProtocols::test_serialize [32mPASSED[0m[31m [ 96%][0m
tests/unit/models/cli/test_model_cli_command_option.py::TestModelCliCommandOptionProtocols::test_set_name [32mPASSED[0m[31m [ 96%][0m
tests/unit/models/cli/test_model_cli_command_option.py::TestModelCliCommandOptionValueValidation::test_string_list_value_type [32mPASSED[0m[31m [ 96%][0m
tests/unit/models/cli/test_model_cli_command_option.py::TestModelCliCommandOptionValueValidation::test_uuid_value_type [32mPASSED[0m[31m [ 96%][0m
tests/unit/models/cli/test_model_cli_command_option.py::TestModelCliCommandOptionValueValidation::test_validate_float_type_accepts_int_and_float [32mPASSED[0m[31m [ 96%][0m
tests/unit/models/cli/test_model_cli_command_option.py::TestModelCliCommandOptionProtocols::test_validate_instance [32mPASSED[0m[31m [ 97%][0m
tests/unit/models/cli/test_model_cli_command_option.py::TestModelCliCommandOptionValueValidation::test_value_accepts_any_type_with_discriminator [32mPASSED[0m[31m [ 97%][0m
tests/unit/models/cli/test_model_cli_command_option.py::TestModelCliCommandOptionValueValidation::test_value_type_discriminator_pattern [32mPASSED[0m[31m [ 97%][0m
tests/unit/models/cli/test_model_cli_debug_info.py::TestModelCliDebugInfo::test_add_debug_message [32mPASSED[0m[31m [ 97%][0m
tests/unit/models/cli/test_model_cli_debug_info.py::TestModelCliDebugInfo::test_add_error_detail [32mPASSED[0m[31m [ 97%][0m
tests/unit/models/cli/test_model_cli_debug_info.py::TestModelCliDebugInfo::test_add_memory_info [32mPASSED[0m[31m [ 97%][0m
tests/unit/models/cli/test_model_cli_debug_info.py::TestModelCliDebugInfo::test_add_stack_trace [32mPASSED[0m[31m [ 98%][0m
tests/unit/models/cli/test_model_cli_debug_info.py::TestModelCliDebugInfo::test_add_system_info [32mPASSED[0m[31m [ 98%][0m
tests/unit/models/cli/test_model_cli_debug_info.py::TestModelCliDebugInfo::test_add_timing_info [32mPASSED[0m[31m [ 98%][0m
tests/unit/models/cli/test_model_cli_debug_info.py::TestModelCliDebugInfo::test_complex_debug_scenario [32mPASSED[0m[31m [ 98%][0m
tests/unit/models/cli/test_model_cli_debug_info.py::TestModelCliDebugInfo::test_custom_field_operations [32mPASSED[0m[31m [ 98%][0m
tests/unit/models/cli/test_model_cli_debug_info.py::TestModelCliDebugInfo::test_custom_field_type_validation [32mPASSED[0m[31m [ 98%][0m
tests/unit/models/cli/test_model_cli_debug_info.py::TestModelCliDebugInfo::test_debug_modes [32mPASSED[0m[31m [ 98%][0m
tests/unit/models/cli/test_model_cli_debug_info.py::TestModelCliDebugInfo::test_edge_cases_empty_collections [32mPASSED[0m[31m [ 99%][0m
tests/unit/models/cli/test_model_cli_debug_info.py::TestModelCliDebugInfo::test_initialization_empty [32mPASSED[0m[31m [ 99%][0m
tests/unit/models/cli/test_model_cli_debug_info.py::TestModelCliDebugInfo::test_initialization_with_values [32mPASSED[0m[31m [ 99%][0m
tests/unit/models/cli/test_model_cli_debug_info.py::TestModelCliDebugInfo::test_json_serialization [32mPASSED[0m[31m [ 99%][0m
tests/unit/models/cli/test_model_cli_debug_info.py::TestModelCliDebugInfo::test_method_side_effects [32mPASSED[0m[31m [ 99%][0m
tests/unit/models/cli/test_model_cli_debug_info.py::TestModelCliDebugInfo::test_model_round_trip [32mPASSED[0m[31m [ 99%][0m
tests/unit/models/cli/test_model_cli_debug_info.py::TestModelCliDebugInfo::test_pydantic_deserialization [32mPASSED[0m[31m [100%][0m

==================================== ERRORS ====================================
[31m[1m_____ ERROR at setup of TestNodeReducerDeclarative.test_get_current_state ______[0m
[1m[31mtests/unit/nodes/test_declarative_nodes.py[0m:64: in simple_fsm
    [0mModelFSMStateDefinition([90m[39;49;00m
[1m[31mE   pydantic_core._pydantic_core.ValidationError: 1 validation error for ModelFSMStateDefinition[0m
[1m[31mE   version[0m
[1m[31mE     Field required [type=missing, input_value={'state_name': 'idle', 's... [], 'exit_actions': []}, input_type=dict][0m
[1m[31mE       For further information visit https://errors.pydantic.dev/2.12/v/missing[0m
[31m[1m_____ ERROR at setup of TestNodeReducerDeclarative.test_get_state_history ______[0m
[1m[31mtests/unit/nodes/test_declarative_nodes.py[0m:64: in simple_fsm
    [0mModelFSMStateDefinition([90m[39;49;00m
[1m[31mE   pydantic_core._pydantic_core.ValidationError: 1 validation error for ModelFSMStateDefinition[0m
[1m[31mE   version[0m
[1m[31mE     Field required [type=missing, input_value={'state_name': 'idle', 's... [], 'exit_actions': []}, input_type=dict][0m
[1m[31mE       For further information visit https://errors.pydantic.dev/2.12/v/missing[0m
[31m[1m_ ERROR at setup of TestNodeReducerDeclarative.test_initialization_with_fsm_contract _[0m
[1m[31mtests/unit/nodes/test_declarative_nodes.py[0m:64: in simple_fsm
    [0mModelFSMStateDefinition([90m[39;49;00m
[1m[31mE   pydantic_core._pydantic_core.ValidationError: 1 validation error for ModelFSMStateDefinition[0m
[1m[31mE   version[0m
[1m[31mE     Field required [type=missing, input_value={'state_name': 'idle', 's... [], 'exit_actions': []}, input_type=dict][0m
[1m[31mE       For further information visit https://errors.pydantic.dev/2.12/v/missing[0m
[31m[1m_ ERROR at setup of TestNodeOrchestratorDeclarative.test_initialization_with_workflow_definition _[0m
[1m[31mtests/unit/nodes/test_declarative_nodes.py[0m:115: in simple_workflow_definition
    [0mworkflow_metadata=ModelWorkflowDefinitionMetadata([90m[39;49;00m
[1m[31mE   pydantic_core._pydantic_core.ValidationError: 1 validation error for ModelWorkflowDefinitionMetadata[0m
[1m[31mE   version[0m
[1m[31mE     Field required [type=missing, input_value={'workflow_name': 'test_w...ion_mode': 'sequential'}, input_type=dict][0m
[1m[31mE       For further information visit https://errors.pydantic.dev/2.12/v/missing[0m
[31m[1m_ ERROR at setup of TestNodeReducerDeclarative.test_is_complete_false_when_not_terminal _[0m
[1m[31mtests/unit/nodes/test_declarative_nodes.py[0m:64: in simple_fsm
    [0mModelFSMStateDefinition([90m[39;49;00m
[1m[31mE   pydantic_core._pydantic_core.ValidationError: 1 validation error for ModelFSMStateDefinition[0m
[1m[31mE   version[0m
[1m[31mE     Field required [type=missing, input_value={'state_name': 'idle', 's... [], 'exit_actions': []}, input_type=dict][0m
[1m[31mE       For further information visit https://errors.pydantic.dev/2.12/v/missing[0m
[31m[1m_ ERROR at setup of TestNodeReducerDeclarative.test_is_complete_true_when_terminal _[0m
[1m[31mtests/unit/nodes/test_declarative_nodes.py[0m:64: in simple_fsm
    [0mModelFSMStateDefinition([90m[39;49;00m
[1m[31mE   pydantic_core._pydantic_core.ValidationError: 1 validation error for ModelFSMStateDefinition[0m
[1m[31mE   version[0m
[1m[31mE     Field required [type=missing, input_value={'state_name': 'idle', 's... [], 'exit_actions': []}, input_type=dict][0m
[1m[31mE       For further information visit https://errors.pydantic.dev/2.12/v/missing[0m
[31m[1m_ ERROR at setup of TestDeclarativeNodesIntegration.test_orchestrator_parallel_workflow _[0m
[1m[31mtests/unit/nodes/test_declarative_nodes.py[0m:115: in simple_workflow_definition
    [0mworkflow_metadata=ModelWorkflowDefinitionMetadata([90m[39;49;00m
[1m[31mE   pydantic_core._pydantic_core.ValidationError: 1 validation error for ModelWorkflowDefinitionMetadata[0m
[1m[31mE   version[0m
[1m[31mE     Field required [type=missing, input_value={'workflow_name': 'test_w...ion_mode': 'sequential'}, input_type=dict][0m
[1m[31mE       For further information visit https://errors.pydantic.dev/2.12/v/missing[0m
[31m[1m______ ERROR at setup of TestNodeReducerDeclarative.test_process_with_fsm ______[0m
[1m[31mtests/unit/nodes/test_declarative_nodes.py[0m:64: in simple_fsm
    [0mModelFSMStateDefinition([90m[39;49;00m
[1m[31mE   pydantic_core._pydantic_core.ValidationError: 1 validation error for ModelFSMStateDefinition[0m
[1m[31mE   version[0m
[1m[31mE     Field required [type=missing, input_value={'state_name': 'idle', 's... [], 'exit_actions': []}, input_type=dict][0m
[1m[31mE       For further information visit https://errors.pydantic.dev/2.12/v/missing[0m
[31m[1m_ ERROR at setup of TestNodeOrchestratorDeclarative.test_process_with_workflow _[0m
[1m[31mtests/unit/nodes/test_declarative_nodes.py[0m:115: in simple_workflow_definition
    [0mworkflow_metadata=ModelWorkflowDefinitionMetadata([90m[39;49;00m
[1m[31mE   pydantic_core._pydantic_core.ValidationError: 1 validation error for ModelWorkflowDefinitionMetadata[0m
[1m[31mE   version[0m
[1m[31mE     Field required [type=missing, input_value={'workflow_name': 'test_w...ion_mode': 'sequential'}, input_type=dict][0m
[1m[31mE       For further information visit https://errors.pydantic.dev/2.12/v/missing[0m
[31m[1m_ ERROR at setup of TestDeclarativeNodesIntegration.test_reducer_full_workflow _[0m
[1m[31mtests/unit/nodes/test_declarative_nodes.py[0m:64: in simple_fsm
    [0mModelFSMStateDefinition([90m[39;49;00m
[1m[31mE   pydantic_core._pydantic_core.ValidationError: 1 validation error for ModelFSMStateDefinition[0m
[1m[31mE   version[0m
[1m[31mE     Field required [type=missing, input_value={'state_name': 'idle', 's... [], 'exit_actions': []}, input_type=dict][0m
[1m[31mE       For further information visit https://errors.pydantic.dev/2.12/v/missing[0m
[31m[1m_____ ERROR at setup of TestNodeReducerDeclarative.test_validate_contract ______[0m
[1m[31mtests/unit/nodes/test_declarative_nodes.py[0m:64: in simple_fsm
    [0mModelFSMStateDefinition([90m[39;49;00m
[1m[31mE   pydantic_core._pydantic_core.ValidationError: 1 validation error for ModelFSMStateDefinition[0m
[1m[31mE   version[0m
[1m[31mE     Field required [type=missing, input_value={'state_name': 'idle', 's... [], 'exit_actions': []}, input_type=dict][0m
[1m[31mE       For further information visit https://errors.pydantic.dev/2.12/v/missing[0m
[31m[1m___ ERROR at setup of TestNodeOrchestratorDeclarative.test_validate_contract ___[0m
[1m[31mtests/unit/nodes/test_declarative_nodes.py[0m:115: in simple_workflow_definition
    [0mworkflow_metadata=ModelWorkflowDefinitionMetadata([90m[39;49;00m
[1m[31mE   pydantic_core._pydantic_core.ValidationError: 1 validation error for ModelWorkflowDefinitionMetadata[0m
[1m[31mE   version[0m
[1m[31mE     Field required [type=missing, input_value={'workflow_name': 'test_w...ion_mode': 'sequential'}, input_type=dict][0m
[1m[31mE       For further information visit https://errors.pydantic.dev/2.12/v/missing[0m
[31m[1m_ ERROR at setup of TestNodeOrchestratorDeclarative.test_validate_workflow_steps _[0m
[1m[31mtests/unit/nodes/test_declarative_nodes.py[0m:115: in simple_workflow_definition
    [0mworkflow_metadata=ModelWorkflowDefinitionMetadata([90m[39;49;00m
[1m[31mE   pydantic_core._pydantic_core.ValidationError: 1 validation error for ModelWorkflowDefinitionMetadata[0m
[1m[31mE   version[0m
[1m[31mE     Field required [type=missing, input_value={'workflow_name': 'test_w...ion_mode': 'sequential'}, input_type=dict][0m
[1m[31mE       For further information visit https://errors.pydantic.dev/2.12/v/missing[0m
[31m[1m____________ ERROR at setup of TestFSMConditions.test_condition_met ____________[0m
[1m[31mtests/unit/utils/test_fsm_executor.py[0m:102: in fsm_with_conditions
    [0mModelFSMStateDefinition([90m[39;49;00m
[1m[31mE   pydantic_core._pydantic_core.ValidationError: 1 validation error for ModelFSMStateDefinition[0m
[1m[31mE   version[0m
[1m[31mE     Field required [type=missing, input_value={'state_name': 'idle', 's...', 'is_terminal': False}, input_type=dict][0m
[1m[31mE       For further information visit https://errors.pydantic.dev/2.12/v/missing[0m
[31m[1m_______ ERROR at setup of TestFSMConditions.test_condition_missing_field _______[0m
[1m[31mtests/unit/utils/test_fsm_executor.py[0m:102: in fsm_with_conditions
    [0mModelFSMStateDefinition([90m[39;49;00m
[1m[31mE   pydantic_core._pydantic_core.ValidationError: 1 validation error for ModelFSMStateDefinition[0m
[1m[31mE   version[0m
[1m[31mE     Field required [type=missing, input_value={'state_name': 'idle', 's...', 'is_terminal': False}, input_type=dict][0m
[1m[31mE       For further information visit https://errors.pydantic.dev/2.12/v/missing[0m
[31m[1m__________ ERROR at setup of TestFSMConditions.test_condition_not_met __________[0m
[1m[31mtests/unit/utils/test_fsm_executor.py[0m:102: in fsm_with_conditions
    [0mModelFSMStateDefinition([90m[39;49;00m
[1m[31mE   pydantic_core._pydantic_core.ValidationError: 1 validation error for ModelFSMStateDefinition[0m
[1m[31mE   version[0m
[1m[31mE     Field required [type=missing, input_value={'state_name': 'idle', 's...', 'is_terminal': False}, input_type=dict][0m
[1m[31mE       For further information visit https://errors.pydantic.dev/2.12/v/missing[0m
[31m[1m____ ERROR at setup of TestFSMTransitionSuccess.test_entry_and_exit_actions ____[0m
[1m[31mtests/unit/utils/test_fsm_executor.py[0m:44: in simple_fsm
    [0mModelFSMStateDefinition([90m[39;49;00m
[1m[31mE   pydantic_core._pydantic_core.ValidationError: 1 validation error for ModelFSMStateDefinition[0m
[1m[31mE   version[0m
[1m[31mE     Field required [type=missing, input_value={'state_name': 'idle', 's...ons': ['log_idle_exit']}, input_type=dict][0m
[1m[31mE       For further information visit https://errors.pydantic.dev/2.12/v/missing[0m
[31m[1m____________ ERROR at setup of TestFSMState.test_get_initial_state _____________[0m
[1m[31mtests/unit/utils/test_fsm_executor.py[0m:44: in simple_fsm
    [0mModelFSMStateDefinition([90m[39;49;00m
[1m[31mE   pydantic_core._pydantic_core.ValidationError: 1 validation error for ModelFSMStateDefinition[0m
[1m[31mE   version[0m
[1m[31mE     Field required [type=missing, input_value={'state_name': 'idle', 's...ons': ['log_idle_exit']}, input_type=dict][0m
[1m[31mE       For further information visit https://errors.pydantic.dev/2.12/v/missing[0m
[31m[1m__________ ERROR at setup of TestFSMErrors.test_invalid_current_state __________[0m
[1m[31mtests/unit/utils/test_fsm_executor.py[0m:44: in simple_fsm
    [0mModelFSMStateDefinition([90m[39;49;00m
[1m[31mE   pydantic_core._pydantic_core.ValidationError: 1 validation error for ModelFSMStateDefinition[0m
[1m[31mE   version[0m
[1m[31mE     Field required [type=missing, input_value={'state_name': 'idle', 's...ons': ['log_idle_exit']}, input_type=dict][0m
[1m[31mE       For further information visit https://errors.pydantic.dev/2.12/v/missing[0m
[31m[1m_____________ ERROR at setup of TestFSMErrors.test_invalid_trigger _____________[0m
[1m[31mtests/unit/utils/test_fsm_executor.py[0m:44: in simple_fsm
    [0mModelFSMStateDefinition([90m[39;49;00m
[1m[31mE   pydantic_core._pydantic_core.ValidationError: 1 validation error for ModelFSMStateDefinition[0m
[1m[31mE   version[0m
[1m[31mE     Field required [type=missing, input_value={'state_name': 'idle', 's...ons': ['log_idle_exit']}, input_type=dict][0m
[1m[31mE       For further information visit https://errors.pydantic.dev/2.12/v/missing[0m
[31m[1m___ ERROR at setup of TestMetricsIntents.test_metrics_intent_always_emitted ____[0m
[1m[31mtests/unit/utils/test_fsm_executor.py[0m:44: in simple_fsm
    [0mModelFSMStateDefinition([90m[39;49;00m
[1m[31mE   pydantic_core._pydantic_core.ValidationError: 1 validation error for ModelFSMStateDefinition[0m
[1m[31mE   version[0m
[1m[31mE     Field required [type=missing, input_value={'state_name': 'idle', 's...ons': ['log_idle_exit']}, input_type=dict][0m
[1m[31mE       For further information visit https://errors.pydantic.dev/2.12/v/missing[0m
[31m[1m_ ERROR at setup of TestPersistenceIntents.test_no_persistence_intent_when_disabled _[0m
[1m[31mtests/unit/utils/test_fsm_executor.py[0m:102: in fsm_with_conditions
    [0mModelFSMStateDefinition([90m[39;49;00m
[1m[31mE   pydantic_core._pydantic_core.ValidationError: 1 validation error for ModelFSMStateDefinition[0m
[1m[31mE   version[0m
[1m[31mE     Field required [type=missing, input_value={'state_name': 'idle', 's...', 'is_terminal': False}, input_type=dict][0m
[1m[31mE       For further information visit https://errors.pydantic.dev/2.12/v/missing[0m
[31m[1m_ ERROR at setup of TestPersistenceIntents.test_persistence_intent_emitted_when_enabled _[0m
[1m[31mtests/unit/utils/test_fsm_executor.py[0m:44: in simple_fsm
    [0mModelFSMStateDefinition([90m[39;49;00m
[1m[31mE   pydantic_core._pydantic_core.ValidationError: 1 validation error for ModelFSMStateDefinition[0m
[1m[31mE   version[0m
[1m[31mE     Field required [type=missing, input_value={'state_name': 'idle', 's...ons': ['log_idle_exit']}, input_type=dict][0m
[1m[31mE       For further information visit https://errors.pydantic.dev/2.12/v/missing[0m
[31m[1m__ ERROR at setup of TestFSMTransitionSuccess.test_simple_transition_success ___[0m
[1m[31mtests/unit/utils/test_fsm_executor.py[0m:44: in simple_fsm
    [0mModelFSMStateDefinition([90m[39;49;00m
[1m[31mE   pydantic_core._pydantic_core.ValidationError: 1 validation error for ModelFSMStateDefinition[0m
[1m[31mE   version[0m
[1m[31mE     Field required [type=missing, input_value={'state_name': 'idle', 's...ons': ['log_idle_exit']}, input_type=dict][0m
[1m[31mE       For further information visit https://errors.pydantic.dev/2.12/v/missing[0m
[31m[1m_ ERROR at setup of TestFSMTransitionSuccess.test_transition_actions_executed __[0m
[1m[31mtests/unit/utils/test_fsm_executor.py[0m:149: in fsm_with_actions
    [0mModelFSMStateDefinition([90m[39;49;00m
[1m[31mE   pydantic_core._pydantic_core.ValidationError: 1 validation error for ModelFSMStateDefinition[0m
[1m[31mE   version[0m
[1m[31mE     Field required [type=missing, input_value={'state_name': 'idle', 's...', 'is_terminal': False}, input_type=dict][0m
[1m[31mE       For further information visit https://errors.pydantic.dev/2.12/v/missing[0m
[31m[1m_ ERROR at setup of TestFSMTransitionSuccess.test_transition_to_terminal_state _[0m
[1m[31mtests/unit/utils/test_fsm_executor.py[0m:44: in simple_fsm
    [0mModelFSMStateDefinition([90m[39;49;00m
[1m[31mE   pydantic_core._pydantic_core.ValidationError: 1 validation error for ModelFSMStateDefinition[0m
[1m[31mE   version[0m
[1m[31mE     Field required [type=missing, input_value={'state_name': 'idle', 's...ons': ['log_idle_exit']}, input_type=dict][0m
[1m[31mE       For further information visit https://errors.pydantic.dev/2.12/v/missing[0m
[31m[1m______________ ERROR at setup of TestFSMValidation.test_valid_fsm ______________[0m
[1m[31mtests/unit/utils/test_fsm_executor.py[0m:44: in simple_fsm
    [0mModelFSMStateDefinition([90m[39;49;00m
[1m[31mE   pydantic_core._pydantic_core.ValidationError: 1 validation error for ModelFSMStateDefinition[0m
[1m[31mE   version[0m
[1m[31mE     Field required [type=missing, input_value={'state_name': 'idle', 's...ons': ['log_idle_exit']}, input_type=dict][0m
[1m[31mE       For further information visit https://errors.pydantic.dev/2.12/v/missing[0m
=================================== FAILURES ===================================
[31m[1m_________________ TestFSMValidation.test_invalid_initial_state _________________[0m
[1m[31mtests/unit/utils/test_fsm_executor.py[0m:316: in test_invalid_initial_state
    [0mModelFSMStateDefinition([90m[39;49;00m
[1m[31mE   pydantic_core._pydantic_core.ValidationError: 1 validation error for ModelFSMStateDefinition[0m
[1m[31mE   version[0m
[1m[31mE     Field required [type=missing, input_value={'state_name': 'running',...', 'is_terminal': False}, input_type=dict][0m
[1m[31mE       For further information visit https://errors.pydantic.dev/2.12/v/missing[0m
[31m[1m___________________ TestFSMErrors.test_invalid_target_state ____________________[0m
[1m[31mtests/unit/utils/test_fsm_executor.py[0m:592: in test_invalid_target_state
    [0mModelFSMStateDefinition([90m[39;49;00m
[1m[31mE   pydantic_core._pydantic_core.ValidationError: 1 validation error for ModelFSMStateDefinition[0m
[1m[31mE   version[0m
[1m[31mE     Field required [type=missing, input_value={'state_name': 'idle', 's...', 'is_terminal': False}, input_type=dict][0m
[1m[31mE       For further information visit https://errors.pydantic.dev/2.12/v/missing[0m
[31m[1m_______________ TestFSMValidation.test_invalid_transition_states _______________[0m
[1m[31mtests/unit/utils/test_fsm_executor.py[0m:358: in test_invalid_transition_states
    [0mModelFSMStateDefinition([90m[39;49;00m
[1m[31mE   pydantic_core._pydantic_core.ValidationError: 1 validation error for ModelFSMStateDefinition[0m
[1m[31mE   version[0m
[1m[31mE     Field required [type=missing, input_value={'state_name': 'idle', 's...', 'is_terminal': False}, input_type=dict][0m
[1m[31mE       For further information visit https://errors.pydantic.dev/2.12/v/missing[0m
[31m[1m______ TestFSMValidation.test_terminal_state_explicit_transitions_blocked ______[0m
[1m[31mtests/unit/utils/test_fsm_executor.py[0m:450: in test_terminal_state_explicit_transitions_blocked
    [0mModelFSMStateDefinition([90m[39;49;00m
[1m[31mE   pydantic_core._pydantic_core.ValidationError: 1 validation error for ModelFSMStateDefinition[0m
[1m[31mE   version[0m
[1m[31mE     Field required [type=missing, input_value={'state_name': 'idle', 's...', 'is_terminal': False}, input_type=dict][0m
[1m[31mE       For further information visit https://errors.pydantic.dev/2.12/v/missing[0m
[31m[1m__________________ TestFSMValidation.test_unreachable_states ___________________[0m
[1m[31mtests/unit/utils/test_fsm_executor.py[0m:394: in test_unreachable_states
    [0mModelFSMStateDefinition([90m[39;49;00m
[1m[31mE   pydantic_core._pydantic_core.ValidationError: 1 validation error for ModelFSMStateDefinition[0m
[1m[31mE   version[0m
[1m[31mE     Field required [type=missing, input_value={'state_name': 'idle', 's...', 'is_terminal': False}, input_type=dict][0m
[1m[31mE       For further information visit https://errors.pydantic.dev/2.12/v/missing[0m
[31m[1m_______________ TestWildcardTransitions.test_wildcard_transition _______________[0m
[1m[31mtests/unit/utils/test_fsm_executor.py[0m:657: in test_wildcard_transition
    [0mModelFSMStateDefinition([90m[39;49;00m
[1m[31mE   pydantic_core._pydantic_core.ValidationError: 1 validation error for ModelFSMStateDefinition[0m
[1m[31mE   version[0m
[1m[31mE     Field required [type=missing, input_value={'state_name': 'idle', 's...', 'is_terminal': False}, input_type=dict][0m
[1m[31mE       For further information visit https://errors.pydantic.dev/2.12/v/missing[0m
[31m[1m______ TestFSMValidation.test_wildcard_transitions_allowed_from_terminal _______[0m
[1m[31mtests/unit/utils/test_fsm_executor.py[0m:515: in test_wildcard_transitions_allowed_from_terminal
    [0mModelFSMStateDefinition([90m[39;49;00m
[1m[31mE   pydantic_core._pydantic_core.ValidationError: 1 validation error for ModelFSMStateDefinition[0m
[1m[31mE   version[0m
[1m[31mE     Field required [type=missing, input_value={'state_name': 'idle', 's...', 'is_terminal': False}, input_type=dict][0m
[1m[31mE       For further information visit https://errors.pydantic.dev/2.12/v/missing[0m
[36m[1m=========================== short test summary info ============================[0m
[31mFAILED[0m tests/unit/utils/test_fsm_executor.py::[1mTestFSMValidation::test_invalid_initial_state[0m - pydantic_core._pydantic_core.ValidationError: 1 validation error for ModelFSMStateDefinition
version
  Field required [type=missing, input_value={'state_name': 'running',...', 'is_terminal': False}, input_type=dict]
    For further information visit https://errors.pydantic.dev/2.12/v/missing
[31mFAILED[0m tests/unit/utils/test_fsm_executor.py::[1mTestFSMErrors::test_invalid_target_state[0m - pydantic_core._pydantic_core.ValidationError: 1 validation error for ModelFSMStateDefinition
version
  Field required [type=missing, input_value={'state_name': 'idle', 's...', 'is_terminal': False}, input_type=dict]
    For further information visit https://errors.pydantic.dev/2.12/v/missing
[31mFAILED[0m tests/unit/utils/test_fsm_executor.py::[1mTestFSMValidation::test_invalid_transition_states[0m - pydantic_core._pydantic_core.ValidationError: 1 validation error for ModelFSMStateDefinition
version
  Field required [type=missing, input_value={'state_name': 'idle', 's...', 'is_terminal': False}, input_type=dict]
    For further information visit https://errors.pydantic.dev/2.12/v/missing
[31mFAILED[0m tests/unit/utils/test_fsm_executor.py::[1mTestFSMValidation::test_terminal_state_explicit_transitions_blocked[0m - pydantic_core._pydantic_core.ValidationError: 1 validation error for ModelFSMStateDefinition
version
  Field required [type=missing, input_value={'state_name': 'idle', 's...', 'is_terminal': False}, input_type=dict]
    For further information visit https://errors.pydantic.dev/2.12/v/missing
[31mFAILED[0m tests/unit/utils/test_fsm_executor.py::[1mTestFSMValidation::test_unreachable_states[0m - pydantic_core._pydantic_core.ValidationError: 1 validation error for ModelFSMStateDefinition
version
  Field required [type=missing, input_value={'state_name': 'idle', 's...', 'is_terminal': False}, input_type=dict]
    For further information visit https://errors.pydantic.dev/2.12/v/missing
[31mFAILED[0m tests/unit/utils/test_fsm_executor.py::[1mTestWildcardTransitions::test_wildcard_transition[0m - pydantic_core._pydantic_core.ValidationError: 1 validation error for ModelFSMStateDefinition
version
  Field required [type=missing, input_value={'state_name': 'idle', 's...', 'is_terminal': False}, input_type=dict]
    For further information visit https://errors.pydantic.dev/2.12/v/missing
[31mFAILED[0m tests/unit/utils/test_fsm_executor.py::[1mTestFSMValidation::test_wildcard_transitions_allowed_from_terminal[0m - pydantic_core._pydantic_core.ValidationError: 1 validation error for ModelFSMStateDefinition
version
  Field required [type=missing, input_value={'state_name': 'idle', 's...', 'is_terminal': False}, input_type=dict]
    For further information visit https://errors.pydantic.dev/2.12/v/missing
[31mERROR[0m tests/unit/nodes/test_declarative_nodes.py::[1mTestNodeReducerDeclarative::test_get_current_state[0m - pydantic_core._pydantic_core.ValidationError: 1 validation error for ModelFSMStateDefinition
version
  Field required [type=missing, input_value={'state_name': 'idle', 's... [], 'exit_actions': []}, input_type=dict]
    For further information visit https://errors.pydantic.dev/2.12/v/missing
[31mERROR[0m tests/unit/nodes/test_declarative_nodes.py::[1mTestNodeReducerDeclarative::test_get_state_history[0m - pydantic_core._pydantic_core.ValidationError: 1 validation error for ModelFSMStateDefinition
version
  Field required [type=missing, input_value={'state_name': 'idle', 's... [], 'exit_actions': []}, input_type=dict]
    For further information visit https://errors.pydantic.dev/2.12/v/missing
[31mERROR[0m tests/unit/nodes/test_declarative_nodes.py::[1mTestNodeReducerDeclarative::test_initialization_with_fsm_contract[0m - pydantic_core._pydantic_core.ValidationError: 1 validation error for ModelFSMStateDefinition
version
  Field required [type=missing, input_value={'state_name': 'idle', 's... [], 'exit_actions': []}, input_type=dict]
    For further information visit https://errors.pydantic.dev/2.12/v/missing
[31mERROR[0m tests/unit/nodes/test_declarative_nodes.py::[1mTestNodeOrchestratorDeclarative::test_initialization_with_workflow_definition[0m - pydantic_core._pydantic_core.ValidationError: 1 validation error for ModelWorkflowDefinitionMetadata
version
  Field required [type=missing, input_value={'workflow_name': 'test_w...ion_mode': 'sequential'}, input_type=dict]
    For further information visit https://errors.pydantic.dev/2.12/v/missing
[31mERROR[0m tests/unit/nodes/test_declarative_nodes.py::[1mTestNodeReducerDeclarative::test_is_complete_false_when_not_terminal[0m - pydantic_core._pydantic_core.ValidationError: 1 validation error for ModelFSMStateDefinition
version
  Field required [type=missing, input_value={'state_name': 'idle', 's... [], 'exit_actions': []}, input_type=dict]
    For further information visit https://errors.pydantic.dev/2.12/v/missing
[31mERROR[0m tests/unit/nodes/test_declarative_nodes.py::[1mTestNodeReducerDeclarative::test_is_complete_true_when_terminal[0m - pydantic_core._pydantic_core.ValidationError: 1 validation error for ModelFSMStateDefinition
version
  Field required [type=missing, input_value={'state_name': 'idle', 's... [], 'exit_actions': []}, input_type=dict]
    For further information visit https://errors.pydantic.dev/2.12/v/missing
[31mERROR[0m tests/unit/nodes/test_declarative_nodes.py::[1mTestDeclarativeNodesIntegration::test_orchestrator_parallel_workflow[0m - pydantic_core._pydantic_core.ValidationError: 1 validation error for ModelWorkflowDefinitionMetadata
version
  Field required [type=missing, input_value={'workflow_name': 'test_w...ion_mode': 'sequential'}, input_type=dict]
    For further information visit https://errors.pydantic.dev/2.12/v/missing
[31mERROR[0m tests/unit/nodes/test_declarative_nodes.py::[1mTestNodeReducerDeclarative::test_process_with_fsm[0m - pydantic_core._pydantic_core.ValidationError: 1 validation error for ModelFSMStateDefinition
version
  Field required [type=missing, input_value={'state_name': 'idle', 's... [], 'exit_actions': []}, input_type=dict]
    For further information visit https://errors.pydantic.dev/2.12/v/missing
[31mERROR[0m tests/unit/nodes/test_declarative_nodes.py::[1mTestNodeOrchestratorDeclarative::test_process_with_workflow[0m - pydantic_core._pydantic_core.ValidationError: 1 validation error for ModelWorkflowDefinitionMetadata
version
  Field required [type=missing, input_value={'workflow_name': 'test_w...ion_mode': 'sequential'}, input_type=dict]
    For further information visit https://errors.pydantic.dev/2.12/v/missing
[31mERROR[0m tests/unit/nodes/test_declarative_nodes.py::[1mTestDeclarativeNodesIntegration::test_reducer_full_workflow[0m - pydantic_core._pydantic_core.ValidationError: 1 validation error for ModelFSMStateDefinition
version
  Field required [type=missing, input_value={'state_name': 'idle', 's... [], 'exit_actions': []}, input_type=dict]
    For further information visit https://errors.pydantic.dev/2.12/v/missing
[31mERROR[0m tests/unit/nodes/test_declarative_nodes.py::[1mTestNodeReducerDeclarative::test_validate_contract[0m - pydantic_core._pydantic_core.ValidationError: 1 validation error for ModelFSMStateDefinition
version
  Field required [type=missing, input_value={'state_name': 'idle', 's... [], 'exit_actions': []}, input_type=dict]
    For further information visit https://errors.pydantic.dev/2.12/v/missing
[31mERROR[0m tests/unit/nodes/test_declarative_nodes.py::[1mTestNodeOrchestratorDeclarative::test_validate_contract[0m - pydantic_core._pydantic_core.ValidationError: 1 validation error for ModelWorkflowDefinitionMetadata
version
  Field required [type=missing, input_value={'workflow_name': 'test_w...ion_mode': 'sequential'}, input_type=dict]
    For further information visit https://errors.pydantic.dev/2.12/v/missing
[31mERROR[0m tests/unit/nodes/test_declarative_nodes.py::[1mTestNodeOrchestratorDeclarative::test_validate_workflow_steps[0m - pydantic_core._pydantic_core.ValidationError: 1 validation error for ModelWorkflowDefinitionMetadata
version
  Field required [type=missing, input_value={'workflow_name': 'test_w...ion_mode': 'sequential'}, input_type=dict]
    For further information visit https://errors.pydantic.dev/2.12/v/missing
[31mERROR[0m tests/unit/utils/test_fsm_executor.py::[1mTestFSMConditions::test_condition_met[0m - pydantic_core._pydantic_core.ValidationError: 1 validation error for ModelFSMStateDefinition
version
  Field required [type=missing, input_value={'state_name': 'idle', 's...', 'is_terminal': False}, input_type=dict]
    For further information visit https://errors.pydantic.dev/2.12/v/missing
[31mERROR[0m tests/unit/utils/test_fsm_executor.py::[1mTestFSMConditions::test_condition_missing_field[0m - pydantic_core._pydantic_core.ValidationError: 1 validation error for ModelFSMStateDefinition
version
  Field required [type=missing, input_value={'state_name': 'idle', 's...', 'is_terminal': False}, input_type=dict]
    For further information visit https://errors.pydantic.dev/2.12/v/missing
[31mERROR[0m tests/unit/utils/test_fsm_executor.py::[1mTestFSMConditions::test_condition_not_met[0m - pydantic_core._pydantic_core.ValidationError: 1 validation error for ModelFSMStateDefinition
version
  Field required [type=missing, input_value={'state_name': 'idle', 's...', 'is_terminal': False}, input_type=dict]
    For further information visit https://errors.pydantic.dev/2.12/v/missing
[31mERROR[0m tests/unit/utils/test_fsm_executor.py::[1mTestFSMTransitionSuccess::test_entry_and_exit_actions[0m - pydantic_core._pydantic_core.ValidationError: 1 validation error for ModelFSMStateDefinition
version
  Field required [type=missing, input_value={'state_name': 'idle', 's...ons': ['log_idle_exit']}, input_type=dict]
    For further information visit https://errors.pydantic.dev/2.12/v/missing
[31mERROR[0m tests/unit/utils/test_fsm_executor.py::[1mTestFSMState::test_get_initial_state[0m - pydantic_core._pydantic_core.ValidationError: 1 validation error for ModelFSMStateDefinition
version
  Field required [type=missing, input_value={'state_name': 'idle', 's...ons': ['log_idle_exit']}, input_type=dict]
    For further information visit https://errors.pydantic.dev/2.12/v/missing
[31mERROR[0m tests/unit/utils/test_fsm_executor.py::[1mTestFSMErrors::test_invalid_current_state[0m - pydantic_core._pydantic_core.ValidationError: 1 validation error for ModelFSMStateDefinition
version
  Field required [type=missing, input_value={'state_name': 'idle', 's...ons': ['log_idle_exit']}, input_type=dict]
    For further information visit https://errors.pydantic.dev/2.12/v/missing
[31mERROR[0m tests/unit/utils/test_fsm_executor.py::[1mTestFSMErrors::test_invalid_trigger[0m - pydantic_core._pydantic_core.ValidationError: 1 validation error for ModelFSMStateDefinition
version
  Field required [type=missing, input_value={'state_name': 'idle', 's...ons': ['log_idle_exit']}, input_type=dict]
    For further information visit https://errors.pydantic.dev/2.12/v/missing
[31mERROR[0m tests/unit/utils/test_fsm_executor.py::[1mTestMetricsIntents::test_metrics_intent_always_emitted[0m - pydantic_core._pydantic_core.ValidationError: 1 validation error for ModelFSMStateDefinition
version
  Field required [type=missing, input_value={'state_name': 'idle', 's...ons': ['log_idle_exit']}, input_type=dict]
    For further information visit https://errors.pydantic.dev/2.12/v/missing
[31mERROR[0m tests/unit/utils/test_fsm_executor.py::[1mTestPersistenceIntents::test_no_persistence_intent_when_disabled[0m - pydantic_core._pydantic_core.ValidationError: 1 validation error for ModelFSMStateDefinition
version
  Field required [type=missing, input_value={'state_name': 'idle', 's...', 'is_terminal': False}, input_type=dict]
    For further information visit https://errors.pydantic.dev/2.12/v/missing
[31mERROR[0m tests/unit/utils/test_fsm_executor.py::[1mTestPersistenceIntents::test_persistence_intent_emitted_when_enabled[0m - pydantic_core._pydantic_core.ValidationError: 1 validation error for ModelFSMStateDefinition
version
  Field required [type=missing, input_value={'state_name': 'idle', 's...ons': ['log_idle_exit']}, input_type=dict]
    For further information visit https://errors.pydantic.dev/2.12/v/missing
[31mERROR[0m tests/unit/utils/test_fsm_executor.py::[1mTestFSMTransitionSuccess::test_simple_transition_success[0m - pydantic_core._pydantic_core.ValidationError: 1 validation error for ModelFSMStateDefinition
version
  Field required [type=missing, input_value={'state_name': 'idle', 's...ons': ['log_idle_exit']}, input_type=dict]
    For further information visit https://errors.pydantic.dev/2.12/v/missing
[31mERROR[0m tests/unit/utils/test_fsm_executor.py::[1mTestFSMTransitionSuccess::test_transition_actions_executed[0m - pydantic_core._pydantic_core.ValidationError: 1 validation error for ModelFSMStateDefinition
version
  Field required [type=missing, input_value={'state_name': 'idle', 's...', 'is_terminal': False}, input_type=dict]
    For further information visit https://errors.pydantic.dev/2.12/v/missing
[31mERROR[0m tests/unit/utils/test_fsm_executor.py::[1mTestFSMTransitionSuccess::test_transition_to_terminal_state[0m - pydantic_core._pydantic_core.ValidationError: 1 validation error for ModelFSMStateDefinition
version
  Field required [type=missing, input_value={'state_name': 'idle', 's...ons': ['log_idle_exit']}, input_type=dict]
    For further information visit https://errors.pydantic.dev/2.12/v/missing
[31mERROR[0m tests/unit/utils/test_fsm_executor.py::[1mTestFSMValidation::test_valid_fsm[0m - pydantic_core._pydantic_core.ValidationError: 1 validation error for ModelFSMStateDefinition
version
  Field required [type=missing, input_value={'state_name': 'idle', 's...ons': ['log_idle_exit']}, input_type=dict]
    For further information visit https://errors.pydantic.dev/2.12/v/missing
[31m= [31m[1m7 failed[0m, [32m615 passed[0m, [33m3 skipped[0m, [33m12348 deselected[0m, [33m26 warnings[0m, [31m[1m27 errors[0m[31m in 114.96s (0:01:54)[0m[31m =[0m
